23060 [2019-04-24 08:24:20.734] [main] [info] Identity created at 1551184549 - using ID Schema 1
23060 [2019-04-24 08:24:20.736] [main] [info] ------------- Starting Sync (djaghiles@gmail.com) ---------------
23060 [2019-04-24 08:24:20.746] [background] [info] Fetching XOAuth2 access token from Gmail for 999ce76d
23060 [2019-04-24 08:24:20.841] [background] [info] Marking all folders as `busy`
23060 [2019-04-24 08:24:20.841] [background] [info] Syncing folder list...
23060 [2019-04-24 08:24:21.213] [background] [info] Syncing folder list...
23060 [2019-04-24 08:24:21.367] [background] [info] syncFolderUIDRange for [Gmail]/Tous les messages, UIDs: 5086 - 5836, Heavy: true
23060 [2019-04-24 08:24:21.543] [foreground] [info] Idling on folder [Gmail]/Tous les messages
23060 [2019-04-24 08:24:21.574] [metadata] [info] Received metadata V1 for (message - FWtdi6P2xHNQbkqZGygr2Ez4dSngtLFbQ5XkNzZfx)
23060 [2019-04-24 08:24:21.574] [metadata] [info]  -- Local model is not present. Saving to waiting table.
23060 [2019-04-24 08:24:21.574] [metadata] [info] Received metadata V2 for (message - FWtdi6P2xHNQbkqZGygr2Ez4dSngtLFbQ5XkNzZfx)
23060 [2019-04-24 08:24:21.574] [metadata] [info]  -- Local model is not present. Saving to waiting table.
23060 [2019-04-24 08:24:21.575] [metadata] [info] Received metadata V1 for (message - FWtdi6P2xHNQbkqZGygr2Ez4dSngtLFbQ5XkNzZfx)
23060 [2019-04-24 08:24:21.575] [metadata] [info]  -- Local model is not present. Saving to waiting table.
23060 [2019-04-24 08:24:21.575] [metadata] [info] Received metadata V1 for (message - 3tZQkmVbykQyMnnrfNyfhLkw5czsVjN5K54CfTKQW)
23060 [2019-04-24 08:24:21.575] [metadata] [info]  -- Local model is not present. Saving to waiting table.
23060 [2019-04-24 08:24:21.575] [metadata] [info] Received metadata V1 for (message - M7uMftv5wnHVu6efRwb53GQsf6CKC244rdKKeMjS1)
23060 [2019-04-24 08:24:21.575] [metadata] [info]  -- Local model is not present. Saving to waiting table.
23060 [2019-04-24 08:24:21.575] [metadata] [info] Received metadata V1 for (message - E3kh5zvkJauVidjxLTh2c3vm5Fv9PCHn57diDoM3E)
23060 [2019-04-24 08:24:21.576] [metadata] [info]  -- Local model is not present. Saving to waiting table.
23060 [2019-04-24 08:24:21.576] [metadata] [info] Received metadata V1 for (message - JNFSCwjPTrnf3mMFcdSRdborAWcYjnv2aM4GGeCNU)
23060 [2019-04-24 08:24:21.576] [metadata] [info]  -- Local model is not present. Saving to waiting table.
23060 [2019-04-24 08:24:21.576] [metadata] [info] Metadata delta stream starting...
23060 [2019-04-24 08:24:22.845] [background] [info] - remote=219, local=0
23060 [2019-04-24 08:24:24.826] [background] [info] -- Attaching waiting metadata for send-later
23060 [2019-04-24 08:24:25.448] [background] [info] -- Attaching waiting metadata for send-later
23060 [2019-04-24 08:24:25.508] [background] [info] syncFolderUIDRange for [Gmail]/Tous les messages, UIDs: 5086 - 5836, Heavy: false
23060 [2019-04-24 08:24:25.782] [background] [info] - remote=219, local=219
23060 [2019-04-24 08:24:30.784] [background] [info] syncFolderUIDRange for [Gmail]/Corbeille, UIDs: 1 - 1442, Heavy: true
23060 [2019-04-24 08:24:30.897] [background] [info] - remote=0, local=0
23060 [2019-04-24 08:24:30.898] [background] [info] syncFolderUIDRange for [Gmail]/Corbeille, UIDs: 1 - 1442, Heavy: false
23060 [2019-04-24 08:24:30.962] [background] [info] - remote=0, local=0
23060 [2019-04-24 08:24:30.962] [background] [info] Cleaning local cache and updating stats
23060 [2019-04-24 08:24:31.026] [background] [info] -- 0 message bodies deleted from local cache.
23060 [2019-04-24 08:24:31.091] [background] [info] syncFolderUIDRange for [Gmail]/Spam, UIDs: 1 - 2005, Heavy: true
23060 [2019-04-24 08:24:31.194] [background] [info] - remote=0, local=0
23060 [2019-04-24 08:24:31.194] [background] [info] syncFolderUIDRange for [Gmail]/Spam, UIDs: 1 - 2005, Heavy: false
23060 [2019-04-24 08:24:31.242] [background] [info] - remote=0, local=0
23060 [2019-04-24 08:24:31.242] [background] [info] Cleaning local cache and updating stats
23060 [2019-04-24 08:24:31.302] [background] [info] -- 0 message bodies deleted from local cache.
23060 [2019-04-24 08:24:31.309] [background] [info] Sync loop deleting unlinked messages with phase 2.
23060 [2019-04-24 08:24:31.309] [background] [info] Sync loop complete.
23060 [2019-04-24 08:24:31.310] [background] [info] Syncing folder list...
23060 [2019-04-24 08:24:31.653] [background] [info] syncFolderUIDRange for [Gmail]/Tous les messages, UIDs: 1 - 5086, Heavy: true
23060 [2019-04-24 08:24:35.029] [background] [info] - remote=2106, local=0
23060 [2019-04-24 08:24:35.738] [metadataExpiration] [info] Scanning for expired metadata
23060 [2019-04-24 08:24:35.738] [metadataExpiration] [info] -- Will wake for next expiration in 7200sec
23060 [2019-04-24 08:24:47.864] [background] [info] syncFolderUIDRange for [Gmail]/Tous les messages, UIDs: 1 - 0, Heavy: false
23060 [2019-04-24 08:24:48.573] [background] [info] - remote=2325, local=2325
23060 [2019-04-24 08:24:53.420] [background] [info] Cleaning local cache and updating stats
23060 [2019-04-24 08:24:53.433] [background] [info] -- 0 message bodies deleted from local cache.
23060 [2019-04-24 08:24:53.493] [background] [info] syncFolderUIDRange for [Gmail]/Corbeille, UIDs: 1 - 0, Heavy: false
23060 [2019-04-24 08:24:53.589] [background] [info] - remote=0, local=0
23060 [2019-04-24 08:24:53.635] [background] [info] syncFolderUIDRange for [Gmail]/Spam, UIDs: 1 - 0, Heavy: false
23060 [2019-04-24 08:24:53.726] [background] [info] - remote=0, local=0
23060 [2019-04-24 08:24:53.729] [background] [info] Sync loop deleting unlinked messages with phase 1.
23060 [2019-04-24 08:24:53.735] [background] [info] Sync loop complete.
23060 [2019-04-24 08:24:53.735] [background] [info] Syncing folder list...
23060 [2019-04-24 08:24:58.640] [background] [info] Sync loop deleting unlinked messages with phase 2.
23060 [2019-04-24 08:24:58.641] [background] [info] Sync loop complete.
23060 [2019-04-24 08:24:58.641] [background] [info] Syncing folder list...
23060 [2019-04-24 08:25:03.908] [background] [info] Sync loop deleting unlinked messages with phase 1.
23060 [2019-04-24 08:25:03.914] [background] [info] Sync loop complete.
23060 [2019-04-24 08:25:03.915] [background] [info] Syncing folder list...
23060 [2019-04-24 08:25:07.185] [main] [info] [local-0fb43f33-c154] Running ChangeUnreadTask performLocal:
23060 [2019-04-24 08:25:07.194] [main] [info] [local-0fb43f33-c154] -- Succeeded. Changing status to `remote`
23060 [2019-04-24 08:25:07.540] [foreground] [info] Idle exited with code 0
23060 [2019-04-24 08:25:07.540] [foreground] [info] [local-0fb43f33-c154] Running ChangeUnreadTask performRemote:
23060 [2019-04-24 08:25:07.909] [foreground] [info] [local-0fb43f33-c154] -- Succeeded. Changing status to `complete`
23060 [2019-04-24 08:25:07.971] [foreground] [info] syncFolderChangesViaCondstore - [Gmail]/Tous les messages: modseq 497554 to 497589, uidnext 5836 to 5836
23060 [2019-04-24 08:25:08.033] [foreground] [info] syncFolderChangesViaCondstore - Changes since HMODSEQ 497554: 1 changed, 0 vanished
23060 [2019-04-24 08:25:08.746] [background] [info] Sync loop deleting unlinked messages with phase 2.
23060 [2019-04-24 08:25:08.748] [background] [info] Sync loop complete.
23060 [2019-04-24 08:25:08.749] [background] [info] Syncing folder list...
23060 [2019-04-24 08:25:12.732] [background] [warning] Unable to insert file ID rSgyikqymrkxS36VsbuhogQXEdBMV3DUF6oTy5rRN - it must already exist.
23060 [2019-04-24 08:25:12.732] [background] [warning] Unable to insert file ID WNXYhodXE58xMpkUfEz3xNsTEX1E9vvyAfDmyRvkJ - it must already exist.
23060 [2019-04-24 08:25:12.732] [background] [warning] Unable to insert file ID pjEF3PZ5igEKmu7SVeKGso31oT8Ku8K6Zz37o5qGs - it must already exist.
23060 [2019-04-24 08:25:12.732] [background] [warning] Unable to insert file ID WH7ntXPm34o97YLDaiZ7W5vrKNxAtUmpu5EJhcgg2 - it must already exist.
23060 [2019-04-24 08:25:12.732] [background] [warning] Unable to insert file ID Md43TsBJA4vS9TY8FzEKGL7dtuRbj38EaJ3x6rGWk - it must already exist.
23060 [2019-04-24 08:25:19.706] [foreground] [info] Idling on folder [Gmail]/Tous les messages
23060 [2019-04-24 08:25:22.739] [background] [warning] Unable to insert file ID MQnqynjiLrajdxGUFa8juyNhM4KoV2AEgTapdUVHE - it must already exist.
23060 [2019-04-24 08:25:23.889] [background] [info] Sync loop deleting unlinked messages with phase 1.
23060 [2019-04-24 08:25:23.897] [background] [info] Sync loop complete.
23060 [2019-04-24 08:25:23.897] [background] [info] Syncing folder list...
23060 [2019-04-24 08:25:28.661] [background] [info] Sync loop deleting unlinked messages with phase 2.
23060 [2019-04-24 08:25:28.666] [background] [info] Sync loop complete.
23060 [2019-04-24 08:25:28.666] [background] [info] Syncing folder list...
23060 [2019-04-24 08:25:33.520] [background] [info] Sync loop deleting unlinked messages with phase 1.
23060 [2019-04-24 08:25:33.526] [background] [info] Sync loop complete.
23060 [2019-04-24 08:25:33.526] [background] [info] Syncing folder list...
23060 [2019-04-24 08:25:38.436] [background] [info] Sync loop deleting unlinked messages with phase 2.
23060 [2019-04-24 08:25:38.442] [background] [info] Sync loop complete.
23060 [2019-04-24 08:25:38.442] [background] [info] Syncing folder list...
23060 [2019-04-24 08:25:46.134] [background] [info] Sync loop deleting unlinked messages with phase 1.
23060 [2019-04-24 08:25:46.141] [background] [info] Sync loop complete.
23060 [2019-04-24 08:25:46.141] [background] [info] Syncing folder list...
23060 [2019-04-24 08:25:49.279] [background] [info] Sync loop deleting unlinked messages with phase 2.
23060 [2019-04-24 08:25:49.281] [background] [info] Sync loop complete.
23060 [2019-04-24 08:25:49.281] [background] [info] Syncing folder list...
23060 [2019-04-24 08:25:49.564] [background] [info] Sync loop deleting unlinked messages with phase 1.
23060 [2019-04-24 08:25:49.565] [background] [info] Sync loop complete.
23571 [2019-04-24 08:25:56.027] [main] [info] Identity created at 1551184549 - using ID Schema 1
23571 [2019-04-24 08:25:56.030] [main] [info] ------------- Starting Sync (djaghiles@gmail.com) ---------------
23571 [2019-04-24 08:25:56.038] [metadata] [info] Metadata delta stream starting...
23571 [2019-04-24 08:25:56.042] [background] [info] Fetching XOAuth2 access token from Gmail for 999ce76d
23571 [2019-04-24 08:25:56.182] [background] [info] Marking all folders as `busy`
23571 [2019-04-24 08:25:56.183] [background] [info] Syncing folder list...
23571 [2019-04-24 08:25:56.735] [background] [info] Syncing folder list...
23571 [2019-04-24 08:25:56.964] [background] [info] Sync loop deleting unlinked messages with phase 2.
23571 [2019-04-24 08:25:56.979] [background] [info] Sync loop complete.
23571 [2019-04-24 08:25:57.278] [foreground] [info] syncFolderChangesViaCondstore - [Gmail]/Tous les messages: modseq 497589 to 497611, uidnext 5836 to 5836
23571 [2019-04-24 08:25:57.398] [foreground] [info] syncFolderChangesViaCondstore - Changes since HMODSEQ 497589: 0 changed, 0 vanished
23571 [2019-04-24 08:25:57.475] [foreground] [info] Idling on folder [Gmail]/Tous les messages
23571 [2019-04-24 08:26:11.034] [metadataExpiration] [info] Scanning for expired metadata
23571 [2019-04-24 08:26:11.035] [metadataExpiration] [info] -- Will wake for next expiration in 7200sec
23812 [2019-04-24 08:26:23.572] [main] [info] Identity created at 1551184549 - using ID Schema 1
23812 [2019-04-24 08:26:23.575] [main] [info] ------------- Starting Sync (djaghiles@gmail.com) ---------------
23812 [2019-04-24 08:26:23.590] [background] [info] Fetching XOAuth2 access token from Gmail for 999ce76d
23812 [2019-04-24 08:26:23.591] [metadata] [info] Metadata delta stream starting...
23812 [2019-04-24 08:26:23.714] [background] [info] Marking all folders as `busy`
23812 [2019-04-24 08:26:23.715] [background] [info] Syncing folder list...
23812 [2019-04-24 08:26:24.069] [background] [info] Syncing folder list...
23812 [2019-04-24 08:26:24.309] [background] [info] Sync loop deleting unlinked messages with phase 2.
23812 [2019-04-24 08:26:24.310] [background] [info] Sync loop complete.
23812 [2019-04-24 08:26:24.404] [foreground] [info] syncFolderChangesViaCondstore - [Gmail]/Tous les messages: modseq 497611 to 497611, uidnext 5836 to 5836
23812 [2019-04-24 08:26:24.436] [foreground] [info] Idling on folder [Gmail]/Tous les messages
23812 [2019-04-24 08:26:38.582] [metadataExpiration] [info] Scanning for expired metadata
23812 [2019-04-24 08:26:38.583] [metadataExpiration] [info] -- Will wake for next expiration in 7200sec
23812 [2019-04-24 08:28:24.310] [background] [info] Syncing folder list...
23812 [2019-04-24 08:28:24.446] [background] [info] syncFolderUIDRange for [Gmail]/Tous les messages, UIDs: 4551 - 5836, Heavy: false
23812 [2019-04-24 08:28:24.672] [background] [info] - remote=400, local=400
23812 [2019-04-24 08:28:24.736] [background] [info] syncFolderUIDRange for [Gmail]/Corbeille, UIDs: 1 - 1442, Heavy: false
23812 [2019-04-24 08:28:24.829] [background] [info] - remote=0, local=0
23812 [2019-04-24 08:28:24.873] [background] [info] syncFolderUIDRange for [Gmail]/Spam, UIDs: 1 - 2005, Heavy: false
23812 [2019-04-24 08:28:24.968] [background] [info] - remote=0, local=0
23812 [2019-04-24 08:28:24.969] [background] [info] Sync loop deleting unlinked messages with phase 1.
23812 [2019-04-24 08:28:24.971] [background] [info] Sync loop complete.
23812 [2019-04-24 08:30:24.971] [background] [info] Syncing folder list...
23812 [2019-04-24 08:30:25.082] [background] [info] syncFolderUIDRange for [Gmail]/Tous les messages, UIDs: 4551 - 5836, Heavy: false
23812 [2019-04-24 08:30:25.331] [background] [info] - remote=400, local=400
23812 [2019-04-24 08:30:25.467] [background] [info] syncFolderUIDRange for [Gmail]/Corbeille, UIDs: 1 - 1442, Heavy: false
23812 [2019-04-24 08:30:25.637] [background] [info] - remote=0, local=0
23812 [2019-04-24 08:30:25.771] [background] [info] syncFolderUIDRange for [Gmail]/Spam, UIDs: 1 - 2005, Heavy: false
23812 [2019-04-24 08:30:25.942] [background] [info] - remote=0, local=0
23812 [2019-04-24 08:30:25.944] [background] [info] Sync loop deleting unlinked messages with phase 2.
23812 [2019-04-24 08:30:25.949] [background] [info] Sync loop complete.
23812 [2019-04-24 08:32:25.949] [background] [info] Syncing folder list...
23812 [2019-04-24 08:32:26.301] [background] [info] syncFolderUIDRange for [Gmail]/Tous les messages, UIDs: 4551 - 5836, Heavy: false
23812 [2019-04-24 08:32:26.648] [background] [info] - remote=400, local=400
23812 [2019-04-24 08:32:26.817] [background] [info] syncFolderUIDRange for [Gmail]/Corbeille, UIDs: 1 - 1442, Heavy: false
23812 [2019-04-24 08:32:26.981] [background] [info] - remote=0, local=0
23812 [2019-04-24 08:32:27.124] [background] [info] syncFolderUIDRange for [Gmail]/Spam, UIDs: 1 - 2005, Heavy: false
23812 [2019-04-24 08:32:27.229] [background] [info] - remote=0, local=0
23812 [2019-04-24 08:32:27.231] [background] [info] Sync loop deleting unlinked messages with phase 1.
23812 [2019-04-24 08:32:27.235] [background] [info] Sync loop complete.
23812 [2019-04-24 08:34:27.235] [background] [info] Syncing folder list...
23812 [2019-04-24 08:34:27.426] [background] [info] syncFolderUIDRange for [Gmail]/Tous les messages, UIDs: 4551 - 5836, Heavy: false
23812 [2019-04-24 08:34:27.738] [background] [info] - remote=400, local=400
23812 [2019-04-24 08:34:27.898] [background] [info] syncFolderUIDRange for [Gmail]/Corbeille, UIDs: 1 - 1442, Heavy: false
23812 [2019-04-24 08:34:27.994] [background] [info] - remote=0, local=0
23812 [2019-04-24 08:34:28.042] [background] [info] syncFolderUIDRange for [Gmail]/Spam, UIDs: 1 - 2005, Heavy: false
23812 [2019-04-24 08:34:28.137] [background] [info] - remote=0, local=0
23812 [2019-04-24 08:34:28.139] [background] [info] Sync loop deleting unlinked messages with phase 2.
23812 [2019-04-24 08:34:28.144] [background] [info] Sync loop complete.
23812 [2019-04-24 08:36:28.144] [background] [info] Syncing folder list...
23812 [2019-04-24 08:36:28.295] [background] [info] syncFolderUIDRange for [Gmail]/Tous les messages, UIDs: 1 - 0, Heavy: false
23812 [2019-04-24 08:36:29.378] [background] [info] - remote=2325, local=2325
23812 [2019-04-24 08:36:29.447] [background] [info] syncFolderUIDRange for [Gmail]/Corbeille, UIDs: 1 - 0, Heavy: false
23812 [2019-04-24 08:36:29.548] [background] [info] - remote=0, local=0
23812 [2019-04-24 08:36:29.593] [background] [info] syncFolderUIDRange for [Gmail]/Spam, UIDs: 1 - 0, Heavy: false
23812 [2019-04-24 08:36:29.688] [background] [info] - remote=0, local=0
23812 [2019-04-24 08:36:29.688] [background] [info] Sync loop deleting unlinked messages with phase 1.
23812 [2019-04-24 08:36:29.690] [background] [info] Sync loop complete.
23812 [2019-04-24 08:38:29.690] [background] [info] Syncing folder list...
23812 [2019-04-24 08:38:29.963] [background] [info] Sync loop deleting unlinked messages with phase 2.
23812 [2019-04-24 08:38:29.966] [background] [info] Sync loop complete.
23812 [2019-04-24 08:40:29.966] [background] [info] Syncing folder list...
23812 [2019-04-24 08:40:30.073] [background] [info] syncFolderUIDRange for [Gmail]/Tous les messages, UIDs: 4551 - 5836, Heavy: false
23812 [2019-04-24 08:40:30.303] [background] [info] - remote=400, local=400
23812 [2019-04-24 08:40:30.363] [background] [info] syncFolderUIDRange for [Gmail]/Corbeille, UIDs: 1 - 1442, Heavy: false
23812 [2019-04-24 08:40:30.460] [background] [info] - remote=0, local=0
23812 [2019-04-24 08:40:30.504] [background] [info] syncFolderUIDRange for [Gmail]/Spam, UIDs: 1 - 2005, Heavy: false
23812 [2019-04-24 08:40:30.613] [background] [info] - remote=0, local=0
23812 [2019-04-24 08:40:30.613] [background] [info] Sync loop deleting unlinked messages with phase 1.
23812 [2019-04-24 08:40:30.615] [background] [info] Sync loop complete.
23812 [2019-04-24 08:41:57.493] [metadata] [info] Metadata delta stream closed.
23812 [2019-04-24 08:41:57.498] [metadata] [info] Metadata delta stream starting...
23812 [2019-04-24 08:42:30.615] [background] [info] Syncing folder list...
23812 [2019-04-24 08:42:30.892] [background] [info] Sync loop deleting unlinked messages with phase 2.
23812 [2019-04-24 08:42:30.895] [background] [info] Sync loop complete.
23812 [2019-04-24 08:44:30.896] [background] [info] Syncing folder list...
23812 [2019-04-24 08:44:31.023] [background] [info] syncFolderUIDRange for [Gmail]/Tous les messages, UIDs: 4551 - 5836, Heavy: false
23812 [2019-04-24 08:44:31.268] [background] [info] - remote=400, local=400
23812 [2019-04-24 08:44:31.337] [background] [info] syncFolderUIDRange for [Gmail]/Corbeille, UIDs: 1 - 1442, Heavy: false
23812 [2019-04-24 08:44:31.437] [background] [info] - remote=0, local=0
23812 [2019-04-24 08:44:31.484] [background] [info] syncFolderUIDRange for [Gmail]/Spam, UIDs: 1 - 2005, Heavy: false
23812 [2019-04-24 08:44:31.577] [background] [info] - remote=0, local=0
23812 [2019-04-24 08:44:31.578] [background] [info] Sync loop deleting unlinked messages with phase 1.
23812 [2019-04-24 08:44:31.580] [background] [info] Sync loop complete.
23812 [2019-04-24 08:46:31.580] [background] [info] Syncing folder list...
23812 [2019-04-24 08:46:31.709] [background] [info] syncFolderUIDRange for [Gmail]/Tous les messages, UIDs: 1 - 0, Heavy: false
23812 [2019-04-24 08:46:32.424] [background] [info] - remote=2325, local=2325
23812 [2019-04-24 08:46:32.493] [background] [info] syncFolderUIDRange for [Gmail]/Corbeille, UIDs: 1 - 0, Heavy: false
23812 [2019-04-24 08:46:32.609] [background] [info] - remote=0, local=0
23812 [2019-04-24 08:46:32.655] [background] [info] syncFolderUIDRange for [Gmail]/Spam, UIDs: 1 - 0, Heavy: false
23812 [2019-04-24 08:46:32.748] [background] [info] - remote=0, local=0
23812 [2019-04-24 08:46:32.749] [background] [info] Sync loop deleting unlinked messages with phase 2.
23812 [2019-04-24 08:46:32.751] [background] [info] Sync loop complete.
