23051 [2019-04-24 08:24:20.728] [main] [info] Identity created at 1551184549 - using ID Schema 1
23051 [2019-04-24 08:24:20.731] [main] [info] ------------- Starting Sync (adjoudi@inseec-edu.com) ---------------
23051 [2019-04-24 08:24:20.745] [background] [info] Marking all folders as `busy`
23051 [2019-04-24 08:24:20.745] [background] [info] Syncing folder list...
23051 [2019-04-24 08:24:21.390] [background] [info] Syncing folder list...
23051 [2019-04-24 08:24:21.456] [background] [info] syncFolderUIDRange for INBOX, UIDs: 1 - 272, Heavy: true
23051 [2019-04-24 08:24:21.599] [metadata] [info] Received metadata V1 for (message - ew8mHJ7z3CDzYwJjtGbxM87GcKerzPNw6JsxPqJJX)
23051 [2019-04-24 08:24:21.599] [metadata] [info]  -- Local model is not present. Saving to waiting table.
23051 [2019-04-24 08:24:21.600] [metadata] [info] Received metadata V1 for (message - kd2pUeY879snw8Uyz2bNNeWQqRgnUzDhM7SjhPvno)
23051 [2019-04-24 08:24:21.600] [metadata] [info]  -- Local model is not present. Saving to waiting table.
23051 [2019-04-24 08:24:21.600] [metadata] [info] Received metadata V1 for (message - kd2pUeY879snw8Uyz2bNNeWQqRgnUzDhM7SjhPvno)
23051 [2019-04-24 08:24:21.600] [metadata] [info]  -- Local model is not present. Saving to waiting table.
23051 [2019-04-24 08:24:21.601] [metadata] [info] Received metadata V1 for (message - kd2pUeY879snw8Uyz2bNNeWQqRgnUzDhM7SjhPvno)
23051 [2019-04-24 08:24:21.601] [metadata] [info]  -- Local model is not present. Saving to waiting table.
23051 [2019-04-24 08:24:21.601] [metadata] [info] Received metadata V1 for (message - dkEeo364UCCWtmhxXjyGVe6MY4BXPqigYn7eFWgJB)
23051 [2019-04-24 08:24:21.601] [metadata] [info]  -- Local model is not present. Saving to waiting table.
23051 [2019-04-24 08:24:21.601] [metadata] [info] Received metadata V1 for (message - 99Z3fYJ4sgCpg6JZupWMZKwkA1stDZ1S2HHT2rSYa)
23051 [2019-04-24 08:24:21.601] [metadata] [info]  -- Local model is not present. Saving to waiting table.
23051 [2019-04-24 08:24:21.601] [metadata] [info] Received metadata V1 for (message - SbRb5jFkmhzB2peKe1DLYd16934k8Aeag9LLqU8gU)
23051 [2019-04-24 08:24:21.601] [metadata] [info]  -- Local model is not present. Saving to waiting table.
23051 [2019-04-24 08:24:21.602] [metadata] [info] Received metadata V1 for (message - 4zANzKkHW5N6B7tNjGuqZpzqaXR242a1PCKLrtufG)
23051 [2019-04-24 08:24:21.602] [metadata] [info]  -- Local model is not present. Saving to waiting table.
23051 [2019-04-24 08:24:21.602] [metadata] [info] Received metadata V1 for (message - 49RthNHKE9p1DCGCgDEnYpFBpkjjEmvL7aH1YmLwV)
23051 [2019-04-24 08:24:21.602] [metadata] [info]  -- Local model is not present. Saving to waiting table.
23051 [2019-04-24 08:24:21.602] [metadata] [info] Received metadata V1 for (message - 49RthNHKE9p1DCGCgDEnYpFBpkjjEmvL7aH1YmLwV)
23051 [2019-04-24 08:24:21.602] [metadata] [info]  -- Local model is not present. Saving to waiting table.
23051 [2019-04-24 08:24:21.602] [metadata] [info] Received metadata V1 for (message - 49RthNHKE9p1DCGCgDEnYpFBpkjjEmvL7aH1YmLwV)
23051 [2019-04-24 08:24:21.602] [metadata] [info]  -- Local model is not present. Saving to waiting table.
23051 [2019-04-24 08:24:21.603] [metadata] [info] Received metadata V1 for (message - cRqGEXSbgxVQGvP4XK1aGApbWqVxPeETDjecRV3fV)
23051 [2019-04-24 08:24:21.603] [metadata] [info]  -- Local model is not present. Saving to waiting table.
23051 [2019-04-24 08:24:21.603] [metadata] [info] Received metadata V1 for (message - cRqGEXSbgxVQGvP4XK1aGApbWqVxPeETDjecRV3fV)
23051 [2019-04-24 08:24:21.603] [metadata] [info]  -- Local model is not present. Saving to waiting table.
23051 [2019-04-24 08:24:21.603] [metadata] [info] Received metadata V1 for (message - cRqGEXSbgxVQGvP4XK1aGApbWqVxPeETDjecRV3fV)
23051 [2019-04-24 08:24:21.603] [metadata] [info]  -- Local model is not present. Saving to waiting table.
23051 [2019-04-24 08:24:21.603] [metadata] [info] Received metadata V1 for (message - HHgquwCB9JcaXnmUxaeQdWEa15nZHD42YXVdtvYYW)
23051 [2019-04-24 08:24:21.603] [metadata] [info]  -- Local model is not present. Saving to waiting table.
23051 [2019-04-24 08:24:21.604] [metadata] [info] Received metadata V1 for (message - hgxQKbSGpEvoY1HCbPNmgfjNwvFoEwWmyJwRKmLnw)
23051 [2019-04-24 08:24:21.604] [metadata] [info]  -- Local model is not present. Saving to waiting table.
23051 [2019-04-24 08:24:21.604] [metadata] [info] Received metadata V1 for (message - LKX39n4nNByxw8DMDnvjBzf27WNtKHd12Yo4BLJb)
23051 [2019-04-24 08:24:21.604] [metadata] [info]  -- Local model is not present. Saving to waiting table.
23051 [2019-04-24 08:24:21.604] [metadata] [info] Received metadata V1 for (message - rKr7kRsfQKSMwc76Yebs5oCmuVmGgNXiATHt1RA69)
23051 [2019-04-24 08:24:21.604] [metadata] [info]  -- Local model is not present. Saving to waiting table.
23051 [2019-04-24 08:24:21.605] [metadata] [info] Metadata delta stream starting...
23051 [2019-04-24 08:24:21.773] [foreground] [info] Idling on folder INBOX
23051 [2019-04-24 08:24:22.455] [background] [info] - remote=23, local=0
23051 [2019-04-24 08:24:22.712] [background] [info] syncFolderUIDRange for INBOX, UIDs: 1 - 272, Heavy: false
23051 [2019-04-24 08:24:22.792] [background] [info] - remote=23, local=23
23051 [2019-04-24 08:24:32.209] [background] [info] Cleaning local cache and updating stats
23051 [2019-04-24 08:24:32.226] [background] [info] -- 0 message bodies deleted from local cache.
23051 [2019-04-24 08:24:32.266] [background] [info] syncFolderUIDRange for Sent Items, UIDs: 1 - 66, Heavy: true
23051 [2019-04-24 08:24:32.483] [background] [info] - remote=24, local=0
23051 [2019-04-24 08:24:32.508] [background] [info] -- Attaching waiting metadata for send-later
23051 [2019-04-24 08:24:32.519] [background] [info] -- Attaching waiting metadata for send-later
23051 [2019-04-24 08:24:32.529] [background] [info] - Updating message LKX39n4nNByxw8DMDnvjBzf27WNtKHd12Yo4BLJb
23051 [2019-04-24 08:24:32.529] [background] [info] -- UID (62 to 59)
23051 [2019-04-24 08:24:32.544] [background] [info] -- Attaching waiting metadata for send-later
23051 [2019-04-24 08:24:32.551] [background] [info] - Updating message hgxQKbSGpEvoY1HCbPNmgfjNwvFoEwWmyJwRKmLnw
23051 [2019-04-24 08:24:32.551] [background] [info] -- UID (58 to 55)
23051 [2019-04-24 08:24:32.557] [background] [info] -- Attaching waiting metadata for send-later
23051 [2019-04-24 08:24:32.564] [background] [info] - Updating message HHgquwCB9JcaXnmUxaeQdWEa15nZHD42YXVdtvYYW
23051 [2019-04-24 08:24:32.564] [background] [info] -- UID (54 to 51)
23051 [2019-04-24 08:24:32.570] [background] [info] -- Attaching waiting metadata for link-tracking
23051 [2019-04-24 08:24:32.570] [background] [info] -- Attaching waiting metadata for open-tracking
23051 [2019-04-24 08:24:32.570] [background] [info] -- Attaching waiting metadata for send-later
23051 [2019-04-24 08:24:32.578] [background] [info] - Updating message cRqGEXSbgxVQGvP4XK1aGApbWqVxPeETDjecRV3fV
23051 [2019-04-24 08:24:32.578] [background] [info] -- UID (50 to 47)
23051 [2019-04-24 08:24:32.584] [background] [info] -- Attaching waiting metadata for link-tracking
23051 [2019-04-24 08:24:32.584] [background] [info] -- Attaching waiting metadata for open-tracking
23051 [2019-04-24 08:24:32.584] [background] [info] -- Attaching waiting metadata for send-later
23051 [2019-04-24 08:24:32.592] [background] [info] - Updating message 49RthNHKE9p1DCGCgDEnYpFBpkjjEmvL7aH1YmLwV
23051 [2019-04-24 08:24:32.592] [background] [info] -- UID (45 to 44)
23051 [2019-04-24 08:24:32.598] [background] [info] -- Attaching waiting metadata for send-later
23051 [2019-04-24 08:24:32.607] [background] [info] - Updating message SbRb5jFkmhzB2peKe1DLYd16934k8Aeag9LLqU8gU
23051 [2019-04-24 08:24:32.607] [background] [info] -- UID (39 to 35)
23051 [2019-04-24 08:24:32.613] [background] [info] -- Attaching waiting metadata for send-later
23051 [2019-04-24 08:24:32.621] [background] [info] - Updating message 99Z3fYJ4sgCpg6JZupWMZKwkA1stDZ1S2HHT2rSYa
23051 [2019-04-24 08:24:32.621] [background] [info] -- UID (31 to 29)
23051 [2019-04-24 08:24:32.625] [background] [info] -- Attaching waiting metadata for send-later
23051 [2019-04-24 08:24:32.631] [background] [info] - Updating message dkEeo364UCCWtmhxXjyGVe6MY4BXPqigYn7eFWgJB
23051 [2019-04-24 08:24:32.631] [background] [info] -- UID (28 to 24)
23051 [2019-04-24 08:24:32.636] [background] [info] -- Attaching waiting metadata for link-tracking
23051 [2019-04-24 08:24:32.636] [background] [info] -- Attaching waiting metadata for open-tracking
23051 [2019-04-24 08:24:32.636] [background] [info] -- Attaching waiting metadata for send-later
23051 [2019-04-24 08:24:32.642] [background] [info] - Updating message kd2pUeY879snw8Uyz2bNNeWQqRgnUzDhM7SjhPvno
23051 [2019-04-24 08:24:32.642] [background] [info] -- UID (23 to 19)
23051 [2019-04-24 08:24:32.647] [background] [info] -- Attaching waiting metadata for send-later
23051 [2019-04-24 08:24:32.654] [background] [info] - Updating message ew8mHJ7z3CDzYwJjtGbxM87GcKerzPNw6JsxPqJJX
23051 [2019-04-24 08:24:32.654] [background] [info] -- UID (18 to 14)
23051 [2019-04-24 08:24:32.702] [background] [info] syncFolderUIDRange for Sent Items, UIDs: 1 - 66, Heavy: false
23051 [2019-04-24 08:24:32.781] [background] [info] - remote=24, local=14
23051 [2019-04-24 08:24:32.781] [background] [info] - Fetching full headers for 10 (of 10 needed)
23051 [2019-04-24 08:24:32.973] [background] [info] - Updating message LKX39n4nNByxw8DMDnvjBzf27WNtKHd12Yo4BLJb
23051 [2019-04-24 08:24:32.973] [background] [info] -- UID (59 to 62)
23051 [2019-04-24 08:24:33.014] [background] [info] - Updating message hgxQKbSGpEvoY1HCbPNmgfjNwvFoEwWmyJwRKmLnw
23051 [2019-04-24 08:24:33.014] [background] [info] -- UID (55 to 58)
23051 [2019-04-24 08:24:33.028] [background] [info] - Updating message HHgquwCB9JcaXnmUxaeQdWEa15nZHD42YXVdtvYYW
23051 [2019-04-24 08:24:33.028] [background] [info] -- UID (51 to 54)
23051 [2019-04-24 08:24:33.034] [background] [info] - Updating message cRqGEXSbgxVQGvP4XK1aGApbWqVxPeETDjecRV3fV
23051 [2019-04-24 08:24:33.034] [background] [info] -- UID (47 to 50)
23051 [2019-04-24 08:24:33.039] [background] [info] - Updating message 49RthNHKE9p1DCGCgDEnYpFBpkjjEmvL7aH1YmLwV
23051 [2019-04-24 08:24:33.039] [background] [info] -- UID (44 to 45)
23051 [2019-04-24 08:24:33.045] [background] [info] - Updating message SbRb5jFkmhzB2peKe1DLYd16934k8Aeag9LLqU8gU
23051 [2019-04-24 08:24:33.045] [background] [info] -- UID (35 to 39)
23051 [2019-04-24 08:24:33.085] [background] [info] - Updating message 99Z3fYJ4sgCpg6JZupWMZKwkA1stDZ1S2HHT2rSYa
23051 [2019-04-24 08:24:33.085] [background] [info] -- UID (29 to 31)
23051 [2019-04-24 08:24:33.090] [background] [info] - Updating message dkEeo364UCCWtmhxXjyGVe6MY4BXPqigYn7eFWgJB
23051 [2019-04-24 08:24:33.090] [background] [info] -- UID (24 to 28)
23051 [2019-04-24 08:24:33.094] [background] [info] - Updating message kd2pUeY879snw8Uyz2bNNeWQqRgnUzDhM7SjhPvno
23051 [2019-04-24 08:24:33.094] [background] [info] -- UID (19 to 23)
23051 [2019-04-24 08:24:33.099] [background] [info] - Updating message ew8mHJ7z3CDzYwJjtGbxM87GcKerzPNw6JsxPqJJX
23051 [2019-04-24 08:24:33.100] [background] [info] -- UID (14 to 18)
23051 [2019-04-24 08:24:34.760] [background] [info] Cleaning local cache and updating stats
23051 [2019-04-24 08:24:34.783] [background] [info] -- 0 message bodies deleted from local cache.
23051 [2019-04-24 08:24:34.827] [background] [info] syncFolderUIDRange for Drafts, UIDs: 1 - 3, Heavy: true
23051 [2019-04-24 08:24:34.888] [background] [info] - remote=0, local=0
23051 [2019-04-24 08:24:34.888] [background] [info] syncFolderUIDRange for Drafts, UIDs: 1 - 3, Heavy: false
23051 [2019-04-24 08:24:34.914] [background] [info] - remote=0, local=0
23051 [2019-04-24 08:24:34.986] [background] [info] Cleaning local cache and updating stats
23051 [2019-04-24 08:24:35.004] [background] [info] -- 0 message bodies deleted from local cache.
23051 [2019-04-24 08:24:35.118] [background] [info] syncFolderUIDRange for Archive, UIDs: 1 - 1, Heavy: false
23051 [2019-04-24 08:24:35.175] [background] [info] - remote=0, local=0
23051 [2019-04-24 08:24:35.189] [background] [info] Cleaning local cache and updating stats
23051 [2019-04-24 08:24:35.205] [background] [info] -- 0 message bodies deleted from local cache.
23051 [2019-04-24 08:24:35.257] [background] [info] syncFolderUIDRange for Deleted Items, UIDs: 1 - 3, Heavy: true
23051 [2019-04-24 08:24:35.315] [background] [info] - remote=0, local=0
23051 [2019-04-24 08:24:35.315] [background] [info] syncFolderUIDRange for Deleted Items, UIDs: 1 - 3, Heavy: false
23051 [2019-04-24 08:24:35.341] [background] [info] - remote=0, local=0
23051 [2019-04-24 08:24:35.341] [background] [info] Cleaning local cache and updating stats
23051 [2019-04-24 08:24:35.355] [background] [info] -- 0 message bodies deleted from local cache.
23051 [2019-04-24 08:24:35.393] [background] [info] syncFolderUIDRange for Junk Email, UIDs: 1 - 1, Heavy: false
23051 [2019-04-24 08:24:35.482] [background] [info] - remote=0, local=0
23051 [2019-04-24 08:24:35.482] [background] [info] Cleaning local cache and updating stats
23051 [2019-04-24 08:24:35.533] [background] [info] -- 0 message bodies deleted from local cache.
23051 [2019-04-24 08:24:35.573] [background] [info] syncFolderUIDRange for Journal, UIDs: 1 - 1, Heavy: false
23051 [2019-04-24 08:24:35.630] [background] [info] - remote=0, local=0
23051 [2019-04-24 08:24:35.673] [background] [info] Cleaning local cache and updating stats
23051 [2019-04-24 08:24:35.691] [background] [info] -- 0 message bodies deleted from local cache.
23051 [2019-04-24 08:24:35.738] [background] [info] syncFolderUIDRange for Trash, UIDs: 1 - 1, Heavy: false
23051 [2019-04-24 08:24:35.739] [metadataExpiration] [info] Scanning for expired metadata
23051 [2019-04-24 08:24:35.739] [metadataExpiration] [info] -- Will wake for next expiration in 7200sec
23051 [2019-04-24 08:24:35.796] [background] [info] - remote=0, local=0
23051 [2019-04-24 08:24:35.809] [background] [info] Cleaning local cache and updating stats
23051 [2019-04-24 08:24:35.825] [background] [info] -- 0 message bodies deleted from local cache.
23051 [2019-04-24 08:24:35.874] [background] [info] syncFolderUIDRange for Tasks, UIDs: 1 - 1, Heavy: false
23051 [2019-04-24 08:24:35.933] [background] [info] - remote=0, local=0
23051 [2019-04-24 08:24:35.947] [background] [info] Cleaning local cache and updating stats
23051 [2019-04-24 08:24:35.972] [background] [info] -- 0 message bodies deleted from local cache.
23051 [2019-04-24 08:24:36.033] [background] [info] syncFolderUIDRange for Sent, UIDs: 1 - 4, Heavy: true
23051 [2019-04-24 08:24:36.192] [background] [info] - remote=3, local=0
23051 [2019-04-24 08:24:36.201] [background] [info] - Updating message puKfxiwopgbknNgDFC4RujWLZKTV3Q3eeq4oNE8Vw
23051 [2019-04-24 08:24:36.201] [background] [info] -- UID (10 to 3)
23051 [2019-04-24 08:24:36.201] [background] [info] -- FolderID (MiHP2DCLiqFVZ9WCmj2LgE9qvwW2P7HCBZDYHnGo3 to 2Qm14TjgUka6ZyWw6Jbaeb1ZRMyiC5BaYA34r1WUP)
23051 [2019-04-24 08:24:36.210] [background] [info] - Updating message WS52P2Y1QJh25WXNFkJ9M6xdoGi5RtJgyzGaQNqG5
23051 [2019-04-24 08:24:36.210] [background] [info] -- UID (5 to 2)
23051 [2019-04-24 08:24:36.210] [background] [info] -- FolderID (MiHP2DCLiqFVZ9WCmj2LgE9qvwW2P7HCBZDYHnGo3 to 2Qm14TjgUka6ZyWw6Jbaeb1ZRMyiC5BaYA34r1WUP)
23051 [2019-04-24 08:24:36.218] [background] [info] - Updating message g9MUxuwu3Bc7nxYYvNT1pAuft5xcsdDHbxvGNA7QX
23051 [2019-04-24 08:24:36.218] [background] [info] -- FolderID (MiHP2DCLiqFVZ9WCmj2LgE9qvwW2P7HCBZDYHnGo3 to 2Qm14TjgUka6ZyWw6Jbaeb1ZRMyiC5BaYA34r1WUP)
23051 [2019-04-24 08:24:36.222] [background] [info] syncFolderUIDRange for Sent, UIDs: 1 - 4, Heavy: false
23051 [2019-04-24 08:24:36.302] [background] [info] - remote=3, local=3
23051 [2019-04-24 08:24:36.317] [background] [info] Cleaning local cache and updating stats
23051 [2019-04-24 08:24:36.365] [background] [info] -- 0 message bodies deleted from local cache.
23051 [2019-04-24 08:24:36.425] [background] [info] syncFolderUIDRange for Outbox, UIDs: 1 - 31, Heavy: true
23051 [2019-04-24 08:24:36.482] [background] [info] - remote=0, local=0
23051 [2019-04-24 08:24:36.482] [background] [info] syncFolderUIDRange for Outbox, UIDs: 1 - 31, Heavy: false
23051 [2019-04-24 08:24:36.507] [background] [info] - remote=0, local=0
23051 [2019-04-24 08:24:36.527] [background] [info] Cleaning local cache and updating stats
23051 [2019-04-24 08:24:36.545] [background] [info] -- 0 message bodies deleted from local cache.
23051 [2019-04-24 08:24:36.587] [background] [info] syncFolderUIDRange for Notes, UIDs: 1 - 1, Heavy: false
23051 [2019-04-24 08:24:36.646] [background] [info] - remote=0, local=0
23051 [2019-04-24 08:24:36.663] [background] [info] Cleaning local cache and updating stats
23051 [2019-04-24 08:24:36.689] [background] [info] -- 0 message bodies deleted from local cache.
23051 [2019-04-24 08:24:36.738] [background] [info] syncFolderUIDRange for Mailspring/Snoozed, UIDs: 1 - 1, Heavy: false
23051 [2019-04-24 08:24:36.808] [background] [info] - remote=0, local=0
23051 [2019-04-24 08:24:36.840] [background] [info] Cleaning local cache and updating stats
23051 [2019-04-24 08:24:36.859] [background] [info] -- 0 message bodies deleted from local cache.
23051 [2019-04-24 08:24:36.918] [background] [info] syncFolderUIDRange for Mailspring, UIDs: 1 - 1, Heavy: false
23051 [2019-04-24 08:24:36.974] [background] [info] - remote=0, local=0
23051 [2019-04-24 08:24:36.990] [background] [info] Cleaning local cache and updating stats
23051 [2019-04-24 08:24:37.013] [background] [info] -- 0 message bodies deleted from local cache.
23051 [2019-04-24 08:24:37.055] [background] [info] syncFolderUIDRange for Conversation History, UIDs: 1 - 1, Heavy: false
23051 [2019-04-24 08:24:37.111] [background] [info] - remote=0, local=0
23051 [2019-04-24 08:24:37.126] [background] [info] Cleaning local cache and updating stats
23051 [2019-04-24 08:24:37.141] [background] [info] -- 0 message bodies deleted from local cache.
23051 [2019-04-24 08:24:37.219] [background] [info] syncFolderUIDRange for Contacts, UIDs: 1 - 1, Heavy: false
23051 [2019-04-24 08:24:37.279] [background] [info] - remote=0, local=0
23051 [2019-04-24 08:24:37.296] [background] [info] Cleaning local cache and updating stats
23051 [2019-04-24 08:24:37.367] [background] [info] -- 0 message bodies deleted from local cache.
23051 [2019-04-24 08:24:37.653] [background] [info] syncFolderUIDRange for Calendar/United States holidays, UIDs: 1 - 194, Heavy: true
23051 [2019-04-24 08:24:39.384] [background] [info] - remote=192, local=0
23051 [2019-04-24 08:24:41.095] [background] [info] syncFolderUIDRange for Calendar/United States holidays, UIDs: 1 - 194, Heavy: false
23051 [2019-04-24 08:24:41.147] [background] [info] - remote=192, local=192
23051 [2019-04-24 08:24:41.175] [background] [info] Cleaning local cache and updating stats
23051 [2019-04-24 08:24:41.215] [background] [info] -- 0 message bodies deleted from local cache.
23051 [2019-04-24 08:24:41.266] [background] [info] syncFolderUIDRange for Calendar/Birthdays, UIDs: 1 - 1, Heavy: false
23051 [2019-04-24 08:24:41.323] [background] [info] - remote=0, local=0
23051 [2019-04-24 08:24:41.342] [background] [info] Cleaning local cache and updating stats
23051 [2019-04-24 08:24:41.359] [background] [info] -- 0 message bodies deleted from local cache.
23051 [2019-04-24 08:24:41.423] [background] [info] syncFolderUIDRange for Calendar, UIDs: 1 - 52, Heavy: true
23051 [2019-04-24 08:24:41.541] [background] [info] - remote=1, local=0
23051 [2019-04-24 08:24:41.543] [background] [info] syncFolderUIDRange for Calendar, UIDs: 1 - 52, Heavy: false
23051 [2019-04-24 08:24:41.626] [background] [info] - remote=1, local=1
23051 [2019-04-24 08:24:41.785] [background] [info] Cleaning local cache and updating stats
23051 [2019-04-24 08:24:41.800] [background] [info] -- 0 message bodies deleted from local cache.
23051 [2019-04-24 08:24:41.816] [background] [info] Sync loop deleting unlinked messages with phase 2.
23051 [2019-04-24 08:24:41.817] [background] [info] Sync loop complete.
23051 [2019-04-24 08:24:41.817] [background] [info] Syncing folder list...
23051 [2019-04-24 08:24:41.882] [background] [info] syncFolderUIDRange for INBOX, UIDs: 1 - 0, Heavy: false
23051 [2019-04-24 08:24:41.998] [background] [info] - remote=23, local=23
23051 [2019-04-24 08:24:42.051] [background] [info] syncFolderUIDRange for Sent Items, UIDs: 1 - 0, Heavy: false
23051 [2019-04-24 08:24:42.170] [background] [info] - remote=24, local=11
23051 [2019-04-24 08:24:42.170] [background] [info] - Fetching full headers for 13 (of 13 needed)
23051 [2019-04-24 08:24:42.278] [background] [info] - Updating message LKX39n4nNByxw8DMDnvjBzf27WNtKHd12Yo4BLJb
23051 [2019-04-24 08:24:42.278] [background] [info] -- UID (62 to 59)
23051 [2019-04-24 08:24:42.290] [background] [info] - Updating message hgxQKbSGpEvoY1HCbPNmgfjNwvFoEwWmyJwRKmLnw
23051 [2019-04-24 08:24:42.290] [background] [info] -- UID (58 to 55)
23051 [2019-04-24 08:24:42.376] [background] [info] - Updating message HHgquwCB9JcaXnmUxaeQdWEa15nZHD42YXVdtvYYW
23051 [2019-04-24 08:24:42.376] [background] [info] -- UID (54 to 51)
23051 [2019-04-24 08:24:42.383] [background] [info] - Updating message cRqGEXSbgxVQGvP4XK1aGApbWqVxPeETDjecRV3fV
23051 [2019-04-24 08:24:42.383] [background] [info] -- UID (50 to 47)
23051 [2019-04-24 08:24:42.389] [background] [info] - Updating message 49RthNHKE9p1DCGCgDEnYpFBpkjjEmvL7aH1YmLwV
23051 [2019-04-24 08:24:42.390] [background] [info] -- UID (45 to 44)
23051 [2019-04-24 08:24:42.407] [background] [info] - Updating message SbRb5jFkmhzB2peKe1DLYd16934k8Aeag9LLqU8gU
23051 [2019-04-24 08:24:42.407] [background] [info] -- UID (39 to 35)
23051 [2019-04-24 08:24:42.416] [background] [info] - Updating message 99Z3fYJ4sgCpg6JZupWMZKwkA1stDZ1S2HHT2rSYa
23051 [2019-04-24 08:24:42.416] [background] [info] -- UID (31 to 29)
23051 [2019-04-24 08:24:42.423] [background] [info] - Updating message dkEeo364UCCWtmhxXjyGVe6MY4BXPqigYn7eFWgJB
23051 [2019-04-24 08:24:42.423] [background] [info] -- UID (28 to 24)
23051 [2019-04-24 08:24:42.428] [background] [info] - Updating message kd2pUeY879snw8Uyz2bNNeWQqRgnUzDhM7SjhPvno
23051 [2019-04-24 08:24:42.428] [background] [info] -- UID (23 to 19)
23051 [2019-04-24 08:24:42.435] [background] [info] - Updating message ew8mHJ7z3CDzYwJjtGbxM87GcKerzPNw6JsxPqJJX
23051 [2019-04-24 08:24:42.435] [background] [info] -- UID (18 to 14)
23051 [2019-04-24 08:24:42.440] [background] [info] - Updating message puKfxiwopgbknNgDFC4RujWLZKTV3Q3eeq4oNE8Vw
23051 [2019-04-24 08:24:42.440] [background] [info] -- UID (3 to 10)
23051 [2019-04-24 08:24:42.440] [background] [info] -- FolderID (2Qm14TjgUka6ZyWw6Jbaeb1ZRMyiC5BaYA34r1WUP to MiHP2DCLiqFVZ9WCmj2LgE9qvwW2P7HCBZDYHnGo3)
23051 [2019-04-24 08:24:42.446] [background] [info] - Updating message WS52P2Y1QJh25WXNFkJ9M6xdoGi5RtJgyzGaQNqG5
23051 [2019-04-24 08:24:42.446] [background] [info] -- UID (2 to 5)
23051 [2019-04-24 08:24:42.446] [background] [info] -- FolderID (2Qm14TjgUka6ZyWw6Jbaeb1ZRMyiC5BaYA34r1WUP to MiHP2DCLiqFVZ9WCmj2LgE9qvwW2P7HCBZDYHnGo3)
23051 [2019-04-24 08:24:42.452] [background] [info] - Updating message g9MUxuwu3Bc7nxYYvNT1pAuft5xcsdDHbxvGNA7QX
23051 [2019-04-24 08:24:42.453] [background] [info] -- FolderID (2Qm14TjgUka6ZyWw6Jbaeb1ZRMyiC5BaYA34r1WUP to MiHP2DCLiqFVZ9WCmj2LgE9qvwW2P7HCBZDYHnGo3)
23051 [2019-04-24 08:24:42.513] [background] [info] syncFolderUIDRange for Drafts, UIDs: 1 - 0, Heavy: false
23051 [2019-04-24 08:24:42.570] [background] [info] - remote=0, local=0
23051 [2019-04-24 08:24:42.639] [background] [info] syncFolderUIDRange for Archive, UIDs: 1 - 0, Heavy: false
23051 [2019-04-24 08:24:42.729] [background] [info] - remote=0, local=0
23051 [2019-04-24 08:24:42.794] [background] [info] syncFolderUIDRange for Deleted Items, UIDs: 1 - 0, Heavy: false
23051 [2019-04-24 08:24:42.866] [background] [info] - remote=0, local=0
23051 [2019-04-24 08:24:42.906] [background] [info] syncFolderUIDRange for Junk Email, UIDs: 1 - 0, Heavy: false
23051 [2019-04-24 08:24:42.962] [background] [info] - remote=0, local=0
23051 [2019-04-24 08:24:43.027] [background] [info] syncFolderUIDRange for Journal, UIDs: 1 - 0, Heavy: false
23051 [2019-04-24 08:24:43.083] [background] [info] - remote=0, local=0
23051 [2019-04-24 08:24:43.129] [background] [info] syncFolderUIDRange for Trash, UIDs: 1 - 0, Heavy: false
23051 [2019-04-24 08:24:43.187] [background] [info] - remote=0, local=0
23051 [2019-04-24 08:24:43.234] [background] [info] syncFolderUIDRange for Tasks, UIDs: 1 - 0, Heavy: false
23051 [2019-04-24 08:24:43.290] [background] [info] - remote=0, local=0
23051 [2019-04-24 08:24:43.342] [background] [info] syncFolderUIDRange for Sent, UIDs: 1 - 0, Heavy: false
23051 [2019-04-24 08:24:43.457] [background] [info] - remote=3, local=0
23051 [2019-04-24 08:24:43.457] [background] [info] - Fetching full headers for 3 (of 3 needed)
23051 [2019-04-24 08:24:43.555] [background] [info] - Updating message puKfxiwopgbknNgDFC4RujWLZKTV3Q3eeq4oNE8Vw
23051 [2019-04-24 08:24:43.555] [background] [info] -- UID (10 to 3)
23051 [2019-04-24 08:24:43.555] [background] [info] -- FolderID (MiHP2DCLiqFVZ9WCmj2LgE9qvwW2P7HCBZDYHnGo3 to 2Qm14TjgUka6ZyWw6Jbaeb1ZRMyiC5BaYA34r1WUP)
23051 [2019-04-24 08:24:43.563] [background] [info] - Updating message WS52P2Y1QJh25WXNFkJ9M6xdoGi5RtJgyzGaQNqG5
23051 [2019-04-24 08:24:43.563] [background] [info] -- UID (5 to 2)
23051 [2019-04-24 08:24:43.563] [background] [info] -- FolderID (MiHP2DCLiqFVZ9WCmj2LgE9qvwW2P7HCBZDYHnGo3 to 2Qm14TjgUka6ZyWw6Jbaeb1ZRMyiC5BaYA34r1WUP)
23051 [2019-04-24 08:24:43.579] [background] [info] - Updating message g9MUxuwu3Bc7nxYYvNT1pAuft5xcsdDHbxvGNA7QX
23051 [2019-04-24 08:24:43.579] [background] [info] -- FolderID (MiHP2DCLiqFVZ9WCmj2LgE9qvwW2P7HCBZDYHnGo3 to 2Qm14TjgUka6ZyWw6Jbaeb1ZRMyiC5BaYA34r1WUP)
23051 [2019-04-24 08:24:43.635] [background] [info] syncFolderUIDRange for Outbox, UIDs: 1 - 0, Heavy: false
23051 [2019-04-24 08:24:43.704] [background] [info] - remote=0, local=0
23051 [2019-04-24 08:24:43.796] [background] [info] syncFolderUIDRange for Notes, UIDs: 1 - 0, Heavy: false
23051 [2019-04-24 08:24:43.919] [background] [info] - remote=0, local=0
23051 [2019-04-24 08:24:43.982] [background] [info] syncFolderUIDRange for Mailspring/Snoozed, UIDs: 1 - 0, Heavy: false
23051 [2019-04-24 08:24:44.081] [background] [info] - remote=0, local=0
23051 [2019-04-24 08:24:44.160] [background] [info] syncFolderUIDRange for Mailspring, UIDs: 1 - 0, Heavy: false
23051 [2019-04-24 08:24:44.225] [background] [info] - remote=0, local=0
23051 [2019-04-24 08:24:44.357] [background] [info] syncFolderUIDRange for Conversation History, UIDs: 1 - 0, Heavy: false
23051 [2019-04-24 08:24:44.416] [background] [info] - remote=0, local=0
23051 [2019-04-24 08:24:44.507] [background] [info] syncFolderUIDRange for Contacts, UIDs: 1 - 0, Heavy: false
23051 [2019-04-24 08:24:44.562] [background] [info] - remote=0, local=0
23051 [2019-04-24 08:24:44.620] [background] [info] syncFolderUIDRange for Calendar/United States holidays, UIDs: 1 - 0, Heavy: false
23051 [2019-04-24 08:24:44.698] [background] [info] - remote=192, local=192
23051 [2019-04-24 08:24:44.744] [background] [info] syncFolderUIDRange for Calendar/Birthdays, UIDs: 1 - 0, Heavy: false
23051 [2019-04-24 08:24:44.801] [background] [info] - remote=0, local=0
23051 [2019-04-24 08:24:44.854] [background] [info] syncFolderUIDRange for Calendar, UIDs: 1 - 0, Heavy: false
23051 [2019-04-24 08:24:44.969] [background] [info] - remote=1, local=1
23051 [2019-04-24 08:24:45.045] [background] [info] Sync loop deleting unlinked messages with phase 1.
23051 [2019-04-24 08:24:45.045] [background] [info] Sync loop complete.
23580 [2019-04-24 08:25:56.027] [main] [info] Identity created at 1551184549 - using ID Schema 1
23580 [2019-04-24 08:25:56.030] [main] [info] ------------- Starting Sync (adjoudi@inseec-edu.com) ---------------
23580 [2019-04-24 08:25:56.035] [metadata] [info] Metadata delta stream starting...
23580 [2019-04-24 08:25:56.049] [background] [info] Marking all folders as `busy`
23580 [2019-04-24 08:25:56.054] [background] [info] Syncing folder list...
23580 [2019-04-24 08:25:56.551] [background] [info] Syncing folder list...
23580 [2019-04-24 08:25:57.048] [foreground] [info] syncFolderUIDRange for INBOX, UIDs: 1 - 272, Heavy: false
23580 [2019-04-24 08:25:57.168] [foreground] [info] - remote=23, local=23
23580 [2019-04-24 08:25:57.255] [foreground] [info] Idling on folder INBOX
23580 [2019-04-24 08:25:57.657] [background] [info] Sync loop deleting unlinked messages with phase 2.
23580 [2019-04-24 08:25:57.658] [background] [info] Sync loop complete.
23580 [2019-04-24 08:26:11.034] [metadataExpiration] [info] Scanning for expired metadata
23580 [2019-04-24 08:26:11.035] [metadataExpiration] [info] -- Will wake for next expiration in 7200sec
23809 [2019-04-24 08:26:23.571] [main] [info] Identity created at 1551184549 - using ID Schema 1
23809 [2019-04-24 08:26:23.574] [main] [info] ------------- Starting Sync (adjoudi@inseec-edu.com) ---------------
23809 [2019-04-24 08:26:23.577] [background] [info] Marking all folders as `busy`
23809 [2019-04-24 08:26:23.582] [background] [info] Syncing folder list...
23809 [2019-04-24 08:26:23.584] [metadata] [info] Metadata delta stream starting...
23809 [2019-04-24 08:26:24.028] [background] [info] Syncing folder list...
23809 [2019-04-24 08:26:24.491] [foreground] [info] syncFolderUIDRange for INBOX, UIDs: 1 - 272, Heavy: false
23809 [2019-04-24 08:26:24.607] [foreground] [info] - remote=23, local=23
23809 [2019-04-24 08:26:24.649] [foreground] [info] Idling on folder INBOX
23809 [2019-04-24 08:26:24.889] [background] [info] Sync loop deleting unlinked messages with phase 2.
23809 [2019-04-24 08:26:24.889] [background] [info] Sync loop complete.
23809 [2019-04-24 08:26:38.584] [metadataExpiration] [info] Scanning for expired metadata
23809 [2019-04-24 08:26:38.584] [metadataExpiration] [info] -- Will wake for next expiration in 7200sec
23809 [2019-04-24 08:28:24.890] [background] [info] Syncing folder list...
23809 [2019-04-24 08:28:25.007] [background] [info] syncFolderUIDRange for Sent Items, UIDs: 1 - 66, Heavy: false
23809 [2019-04-24 08:28:25.106] [background] [info] - remote=24, local=11
23809 [2019-04-24 08:28:25.106] [background] [info] - Fetching full headers for 13 (of 13 needed)
23809 [2019-04-24 08:28:25.202] [background] [info] - Updating message LKX39n4nNByxw8DMDnvjBzf27WNtKHd12Yo4BLJb
23809 [2019-04-24 08:28:25.202] [background] [info] -- UID (59 to 62)
23809 [2019-04-24 08:28:25.209] [background] [info] - Updating message hgxQKbSGpEvoY1HCbPNmgfjNwvFoEwWmyJwRKmLnw
23809 [2019-04-24 08:28:25.209] [background] [info] -- UID (55 to 58)
23809 [2019-04-24 08:28:25.214] [background] [info] - Updating message HHgquwCB9JcaXnmUxaeQdWEa15nZHD42YXVdtvYYW
23809 [2019-04-24 08:28:25.214] [background] [info] -- UID (51 to 54)
23809 [2019-04-24 08:28:25.219] [background] [info] - Updating message cRqGEXSbgxVQGvP4XK1aGApbWqVxPeETDjecRV3fV
23809 [2019-04-24 08:28:25.219] [background] [info] -- UID (47 to 50)
23809 [2019-04-24 08:28:25.224] [background] [info] - Updating message 49RthNHKE9p1DCGCgDEnYpFBpkjjEmvL7aH1YmLwV
23809 [2019-04-24 08:28:25.224] [background] [info] -- UID (44 to 45)
23809 [2019-04-24 08:28:25.229] [background] [info] - Updating message SbRb5jFkmhzB2peKe1DLYd16934k8Aeag9LLqU8gU
23809 [2019-04-24 08:28:25.229] [background] [info] -- UID (35 to 39)
23809 [2019-04-24 08:28:25.233] [background] [info] - Updating message 99Z3fYJ4sgCpg6JZupWMZKwkA1stDZ1S2HHT2rSYa
23809 [2019-04-24 08:28:25.233] [background] [info] -- UID (29 to 31)
23809 [2019-04-24 08:28:25.238] [background] [info] - Updating message dkEeo364UCCWtmhxXjyGVe6MY4BXPqigYn7eFWgJB
23809 [2019-04-24 08:28:25.238] [background] [info] -- UID (24 to 28)
23809 [2019-04-24 08:28:25.243] [background] [info] - Updating message kd2pUeY879snw8Uyz2bNNeWQqRgnUzDhM7SjhPvno
23809 [2019-04-24 08:28:25.243] [background] [info] -- UID (19 to 23)
23809 [2019-04-24 08:28:25.247] [background] [info] - Updating message ew8mHJ7z3CDzYwJjtGbxM87GcKerzPNw6JsxPqJJX
23809 [2019-04-24 08:28:25.247] [background] [info] -- UID (14 to 18)
23809 [2019-04-24 08:28:25.252] [background] [info] - Updating message puKfxiwopgbknNgDFC4RujWLZKTV3Q3eeq4oNE8Vw
23809 [2019-04-24 08:28:25.252] [background] [info] -- UID (3 to 10)
23809 [2019-04-24 08:28:25.252] [background] [info] -- FolderID (2Qm14TjgUka6ZyWw6Jbaeb1ZRMyiC5BaYA34r1WUP to MiHP2DCLiqFVZ9WCmj2LgE9qvwW2P7HCBZDYHnGo3)
23809 [2019-04-24 08:28:25.257] [background] [info] - Updating message WS52P2Y1QJh25WXNFkJ9M6xdoGi5RtJgyzGaQNqG5
23809 [2019-04-24 08:28:25.257] [background] [info] -- UID (2 to 5)
23809 [2019-04-24 08:28:25.257] [background] [info] -- FolderID (2Qm14TjgUka6ZyWw6Jbaeb1ZRMyiC5BaYA34r1WUP to MiHP2DCLiqFVZ9WCmj2LgE9qvwW2P7HCBZDYHnGo3)
23809 [2019-04-24 08:28:25.267] [background] [info] - Updating message g9MUxuwu3Bc7nxYYvNT1pAuft5xcsdDHbxvGNA7QX
23809 [2019-04-24 08:28:25.267] [background] [info] -- FolderID (2Qm14TjgUka6ZyWw6Jbaeb1ZRMyiC5BaYA34r1WUP to MiHP2DCLiqFVZ9WCmj2LgE9qvwW2P7HCBZDYHnGo3)
23809 [2019-04-24 08:28:25.307] [background] [info] syncFolderUIDRange for Drafts, UIDs: 1 - 3, Heavy: false
23809 [2019-04-24 08:28:25.351] [background] [info] - remote=0, local=0
23809 [2019-04-24 08:28:25.498] [background] [info] syncFolderUIDRange for Archive, UIDs: 1 - 1, Heavy: false
23809 [2019-04-24 08:28:25.663] [background] [info] - remote=0, local=0
23809 [2019-04-24 08:28:25.818] [background] [info] syncFolderUIDRange for Deleted Items, UIDs: 1 - 3, Heavy: false
23809 [2019-04-24 08:28:25.949] [background] [info] - remote=0, local=0
23809 [2019-04-24 08:28:26.066] [background] [info] syncFolderUIDRange for Junk Email, UIDs: 1 - 1, Heavy: false
23809 [2019-04-24 08:28:26.209] [background] [info] - remote=0, local=0
23809 [2019-04-24 08:28:26.233] [background] [info] syncFolderUIDRange for Journal, UIDs: 1 - 1, Heavy: false
23809 [2019-04-24 08:28:26.441] [background] [info] - remote=0, local=0
23809 [2019-04-24 08:28:26.570] [background] [info] syncFolderUIDRange for Trash, UIDs: 1 - 1, Heavy: false
23809 [2019-04-24 08:28:26.722] [background] [info] - remote=0, local=0
23809 [2019-04-24 08:28:26.889] [background] [info] syncFolderUIDRange for Tasks, UIDs: 1 - 1, Heavy: false
23809 [2019-04-24 08:28:27.052] [background] [info] - remote=0, local=0
23809 [2019-04-24 08:28:27.196] [background] [info] syncFolderUIDRange for Sent, UIDs: 1 - 4, Heavy: false
23809 [2019-04-24 08:28:27.509] [background] [info] - remote=3, local=0
23809 [2019-04-24 08:28:27.509] [background] [info] - Fetching full headers for 3 (of 3 needed)
23809 [2019-04-24 08:28:27.615] [background] [info] - Updating message puKfxiwopgbknNgDFC4RujWLZKTV3Q3eeq4oNE8Vw
23809 [2019-04-24 08:28:27.615] [background] [info] -- UID (10 to 3)
23809 [2019-04-24 08:28:27.615] [background] [info] -- FolderID (MiHP2DCLiqFVZ9WCmj2LgE9qvwW2P7HCBZDYHnGo3 to 2Qm14TjgUka6ZyWw6Jbaeb1ZRMyiC5BaYA34r1WUP)
23809 [2019-04-24 08:28:27.621] [background] [info] - Updating message WS52P2Y1QJh25WXNFkJ9M6xdoGi5RtJgyzGaQNqG5
23809 [2019-04-24 08:28:27.621] [background] [info] -- UID (5 to 2)
23809 [2019-04-24 08:28:27.621] [background] [info] -- FolderID (MiHP2DCLiqFVZ9WCmj2LgE9qvwW2P7HCBZDYHnGo3 to 2Qm14TjgUka6ZyWw6Jbaeb1ZRMyiC5BaYA34r1WUP)
23809 [2019-04-24 08:28:27.626] [background] [info] - Updating message g9MUxuwu3Bc7nxYYvNT1pAuft5xcsdDHbxvGNA7QX
23809 [2019-04-24 08:28:27.626] [background] [info] -- FolderID (MiHP2DCLiqFVZ9WCmj2LgE9qvwW2P7HCBZDYHnGo3 to 2Qm14TjgUka6ZyWw6Jbaeb1ZRMyiC5BaYA34r1WUP)
23809 [2019-04-24 08:28:27.666] [background] [info] syncFolderUIDRange for Outbox, UIDs: 1 - 31, Heavy: false
23809 [2019-04-24 08:28:27.811] [background] [info] - remote=0, local=0
23809 [2019-04-24 08:28:27.946] [background] [info] syncFolderUIDRange for Notes, UIDs: 1 - 1, Heavy: false
23809 [2019-04-24 08:28:27.991] [background] [info] - remote=0, local=0
23809 [2019-04-24 08:28:28.151] [background] [info] syncFolderUIDRange for Mailspring/Snoozed, UIDs: 1 - 1, Heavy: false
23809 [2019-04-24 08:28:28.267] [background] [info] - remote=0, local=0
23809 [2019-04-24 08:28:28.425] [background] [info] syncFolderUIDRange for Mailspring, UIDs: 1 - 1, Heavy: false
23809 [2019-04-24 08:28:28.468] [background] [info] - remote=0, local=0
23809 [2019-04-24 08:28:28.496] [background] [info] syncFolderUIDRange for Conversation History, UIDs: 1 - 1, Heavy: false
23809 [2019-04-24 08:28:28.540] [background] [info] - remote=0, local=0
23809 [2019-04-24 08:28:28.576] [background] [info] syncFolderUIDRange for Contacts, UIDs: 1 - 1, Heavy: false
23809 [2019-04-24 08:28:28.621] [background] [info] - remote=0, local=0
23809 [2019-04-24 08:28:28.680] [background] [info] syncFolderUIDRange for Calendar/United States holidays, UIDs: 1 - 194, Heavy: false
23809 [2019-04-24 08:28:28.755] [background] [info] - remote=192, local=192
23809 [2019-04-24 08:28:28.797] [background] [info] syncFolderUIDRange for Calendar/Birthdays, UIDs: 1 - 1, Heavy: false
23809 [2019-04-24 08:28:28.845] [background] [info] - remote=0, local=0
23809 [2019-04-24 08:28:28.886] [background] [info] syncFolderUIDRange for Calendar, UIDs: 1 - 52, Heavy: false
23809 [2019-04-24 08:28:28.984] [background] [info] - remote=1, local=1
23809 [2019-04-24 08:28:29.004] [background] [info] Sync loop deleting unlinked messages with phase 1.
23809 [2019-04-24 08:28:29.005] [background] [info] Sync loop complete.
23809 [2019-04-24 08:30:29.005] [background] [info] Syncing folder list...
23809 [2019-04-24 08:30:29.179] [background] [info] syncFolderUIDRange for INBOX, UIDs: 1 - 272, Heavy: false
23809 [2019-04-24 08:30:29.467] [background] [info] - remote=23, local=23
23809 [2019-04-24 08:30:29.630] [background] [info] syncFolderUIDRange for Sent Items, UIDs: 1 - 66, Heavy: false
23809 [2019-04-24 08:30:29.845] [background] [info] - remote=24, local=11
23809 [2019-04-24 08:30:29.845] [background] [info] - Fetching full headers for 13 (of 13 needed)
23809 [2019-04-24 08:30:30.003] [background] [info] - Updating message LKX39n4nNByxw8DMDnvjBzf27WNtKHd12Yo4BLJb
23809 [2019-04-24 08:30:30.003] [background] [info] -- UID (62 to 59)
23809 [2019-04-24 08:30:30.019] [background] [info] - Updating message hgxQKbSGpEvoY1HCbPNmgfjNwvFoEwWmyJwRKmLnw
23809 [2019-04-24 08:30:30.019] [background] [info] -- UID (58 to 55)
23809 [2019-04-24 08:30:30.026] [background] [info] - Updating message HHgquwCB9JcaXnmUxaeQdWEa15nZHD42YXVdtvYYW
23809 [2019-04-24 08:30:30.026] [background] [info] -- UID (54 to 51)
23809 [2019-04-24 08:30:30.032] [background] [info] - Updating message cRqGEXSbgxVQGvP4XK1aGApbWqVxPeETDjecRV3fV
23809 [2019-04-24 08:30:30.032] [background] [info] -- UID (50 to 47)
23809 [2019-04-24 08:30:30.037] [background] [info] - Updating message 49RthNHKE9p1DCGCgDEnYpFBpkjjEmvL7aH1YmLwV
23809 [2019-04-24 08:30:30.037] [background] [info] -- UID (45 to 44)
23809 [2019-04-24 08:30:30.042] [background] [info] - Updating message SbRb5jFkmhzB2peKe1DLYd16934k8Aeag9LLqU8gU
23809 [2019-04-24 08:30:30.042] [background] [info] -- UID (39 to 35)
23809 [2019-04-24 08:30:30.046] [background] [info] - Updating message 99Z3fYJ4sgCpg6JZupWMZKwkA1stDZ1S2HHT2rSYa
23809 [2019-04-24 08:30:30.046] [background] [info] -- UID (31 to 29)
23809 [2019-04-24 08:30:30.050] [background] [info] - Updating message dkEeo364UCCWtmhxXjyGVe6MY4BXPqigYn7eFWgJB
23809 [2019-04-24 08:30:30.050] [background] [info] -- UID (28 to 24)
23809 [2019-04-24 08:30:30.054] [background] [info] - Updating message kd2pUeY879snw8Uyz2bNNeWQqRgnUzDhM7SjhPvno
23809 [2019-04-24 08:30:30.054] [background] [info] -- UID (23 to 19)
23809 [2019-04-24 08:30:30.073] [background] [info] - Updating message ew8mHJ7z3CDzYwJjtGbxM87GcKerzPNw6JsxPqJJX
23809 [2019-04-24 08:30:30.073] [background] [info] -- UID (18 to 14)
23809 [2019-04-24 08:30:30.089] [background] [info] - Updating message puKfxiwopgbknNgDFC4RujWLZKTV3Q3eeq4oNE8Vw
23809 [2019-04-24 08:30:30.089] [background] [info] -- UID (3 to 10)
23809 [2019-04-24 08:30:30.089] [background] [info] -- FolderID (2Qm14TjgUka6ZyWw6Jbaeb1ZRMyiC5BaYA34r1WUP to MiHP2DCLiqFVZ9WCmj2LgE9qvwW2P7HCBZDYHnGo3)
23809 [2019-04-24 08:30:30.104] [background] [info] - Updating message WS52P2Y1QJh25WXNFkJ9M6xdoGi5RtJgyzGaQNqG5
23809 [2019-04-24 08:30:30.104] [background] [info] -- UID (2 to 5)
23809 [2019-04-24 08:30:30.104] [background] [info] -- FolderID (2Qm14TjgUka6ZyWw6Jbaeb1ZRMyiC5BaYA34r1WUP to MiHP2DCLiqFVZ9WCmj2LgE9qvwW2P7HCBZDYHnGo3)
23809 [2019-04-24 08:30:30.112] [background] [info] - Updating message g9MUxuwu3Bc7nxYYvNT1pAuft5xcsdDHbxvGNA7QX
23809 [2019-04-24 08:30:30.112] [background] [info] -- FolderID (2Qm14TjgUka6ZyWw6Jbaeb1ZRMyiC5BaYA34r1WUP to MiHP2DCLiqFVZ9WCmj2LgE9qvwW2P7HCBZDYHnGo3)
23809 [2019-04-24 08:30:30.149] [background] [info] syncFolderUIDRange for Drafts, UIDs: 1 - 3, Heavy: false
23809 [2019-04-24 08:30:30.193] [background] [info] - remote=0, local=0
23809 [2019-04-24 08:30:30.243] [background] [info] syncFolderUIDRange for Archive, UIDs: 1 - 1, Heavy: false
23809 [2019-04-24 08:30:30.288] [background] [info] - remote=0, local=0
23809 [2019-04-24 08:30:30.338] [background] [info] syncFolderUIDRange for Deleted Items, UIDs: 1 - 3, Heavy: false
23809 [2019-04-24 08:30:30.383] [background] [info] - remote=0, local=0
23809 [2019-04-24 08:30:30.409] [background] [info] syncFolderUIDRange for Junk Email, UIDs: 1 - 1, Heavy: false
23809 [2019-04-24 08:30:30.454] [background] [info] - remote=0, local=0
23809 [2019-04-24 08:30:30.483] [background] [info] syncFolderUIDRange for Journal, UIDs: 1 - 1, Heavy: false
23809 [2019-04-24 08:30:30.529] [background] [info] - remote=0, local=0
23809 [2019-04-24 08:30:30.579] [background] [info] syncFolderUIDRange for Trash, UIDs: 1 - 1, Heavy: false
23809 [2019-04-24 08:30:30.623] [background] [info] - remote=0, local=0
23809 [2019-04-24 08:30:30.657] [background] [info] syncFolderUIDRange for Tasks, UIDs: 1 - 1, Heavy: false
23809 [2019-04-24 08:30:30.703] [background] [info] - remote=0, local=0
23809 [2019-04-24 08:30:30.755] [background] [info] syncFolderUIDRange for Sent, UIDs: 1 - 4, Heavy: false
23809 [2019-04-24 08:30:30.858] [background] [info] - remote=3, local=0
23809 [2019-04-24 08:30:30.858] [background] [info] - Fetching full headers for 3 (of 3 needed)
23809 [2019-04-24 08:30:30.958] [background] [info] - Updating message puKfxiwopgbknNgDFC4RujWLZKTV3Q3eeq4oNE8Vw
23809 [2019-04-24 08:30:30.959] [background] [info] -- UID (10 to 3)
23809 [2019-04-24 08:30:30.959] [background] [info] -- FolderID (MiHP2DCLiqFVZ9WCmj2LgE9qvwW2P7HCBZDYHnGo3 to 2Qm14TjgUka6ZyWw6Jbaeb1ZRMyiC5BaYA34r1WUP)
23809 [2019-04-24 08:30:30.976] [background] [info] - Updating message WS52P2Y1QJh25WXNFkJ9M6xdoGi5RtJgyzGaQNqG5
23809 [2019-04-24 08:30:30.976] [background] [info] -- UID (5 to 2)
23809 [2019-04-24 08:30:30.976] [background] [info] -- FolderID (MiHP2DCLiqFVZ9WCmj2LgE9qvwW2P7HCBZDYHnGo3 to 2Qm14TjgUka6ZyWw6Jbaeb1ZRMyiC5BaYA34r1WUP)
23809 [2019-04-24 08:30:30.984] [background] [info] - Updating message g9MUxuwu3Bc7nxYYvNT1pAuft5xcsdDHbxvGNA7QX
23809 [2019-04-24 08:30:30.984] [background] [info] -- FolderID (MiHP2DCLiqFVZ9WCmj2LgE9qvwW2P7HCBZDYHnGo3 to 2Qm14TjgUka6ZyWw6Jbaeb1ZRMyiC5BaYA34r1WUP)
23809 [2019-04-24 08:30:31.015] [background] [info] syncFolderUIDRange for Outbox, UIDs: 1 - 31, Heavy: false
23809 [2019-04-24 08:30:31.059] [background] [info] - remote=0, local=0
23809 [2019-04-24 08:30:31.110] [background] [info] syncFolderUIDRange for Notes, UIDs: 1 - 1, Heavy: false
23809 [2019-04-24 08:30:31.154] [background] [info] - remote=0, local=0
23809 [2019-04-24 08:30:31.182] [background] [info] syncFolderUIDRange for Mailspring/Snoozed, UIDs: 1 - 1, Heavy: false
23809 [2019-04-24 08:30:31.227] [background] [info] - remote=0, local=0
23809 [2019-04-24 08:30:31.277] [background] [info] syncFolderUIDRange for Mailspring, UIDs: 1 - 1, Heavy: false
23809 [2019-04-24 08:30:31.323] [background] [info] - remote=0, local=0
23809 [2019-04-24 08:30:31.373] [background] [info] syncFolderUIDRange for Conversation History, UIDs: 1 - 1, Heavy: false
23809 [2019-04-24 08:30:31.417] [background] [info] - remote=0, local=0
23809 [2019-04-24 08:30:31.468] [background] [info] syncFolderUIDRange for Contacts, UIDs: 1 - 1, Heavy: false
23809 [2019-04-24 08:30:31.512] [background] [info] - remote=0, local=0
23809 [2019-04-24 08:30:31.563] [background] [info] syncFolderUIDRange for Calendar/United States holidays, UIDs: 1 - 194, Heavy: false
23809 [2019-04-24 08:30:31.627] [background] [info] - remote=192, local=192
23809 [2019-04-24 08:30:31.656] [background] [info] syncFolderUIDRange for Calendar/Birthdays, UIDs: 1 - 1, Heavy: false
23809 [2019-04-24 08:30:31.709] [background] [info] - remote=0, local=0
23809 [2019-04-24 08:30:31.760] [background] [info] syncFolderUIDRange for Calendar, UIDs: 1 - 52, Heavy: false
23809 [2019-04-24 08:30:31.889] [background] [info] - remote=1, local=1
23809 [2019-04-24 08:30:31.916] [background] [info] Sync loop deleting unlinked messages with phase 2.
23809 [2019-04-24 08:30:31.917] [background] [info] Sync loop complete.
23809 [2019-04-24 08:32:31.918] [background] [info] Syncing folder list...
23809 [2019-04-24 08:32:31.994] [background] [info] syncFolderUIDRange for INBOX, UIDs: 1 - 272, Heavy: false
23809 [2019-04-24 08:32:32.095] [background] [info] - remote=23, local=23
23809 [2019-04-24 08:32:32.165] [background] [info] syncFolderUIDRange for Sent Items, UIDs: 1 - 66, Heavy: false
23809 [2019-04-24 08:32:32.266] [background] [info] - remote=24, local=11
23809 [2019-04-24 08:32:32.266] [background] [info] - Fetching full headers for 13 (of 13 needed)
23809 [2019-04-24 08:32:32.375] [background] [info] - Updating message LKX39n4nNByxw8DMDnvjBzf27WNtKHd12Yo4BLJb
23809 [2019-04-24 08:32:32.375] [background] [info] -- UID (59 to 62)
23809 [2019-04-24 08:32:32.389] [background] [info] - Updating message hgxQKbSGpEvoY1HCbPNmgfjNwvFoEwWmyJwRKmLnw
23809 [2019-04-24 08:32:32.389] [background] [info] -- UID (55 to 58)
23809 [2019-04-24 08:32:32.396] [background] [info] - Updating message HHgquwCB9JcaXnmUxaeQdWEa15nZHD42YXVdtvYYW
23809 [2019-04-24 08:32:32.396] [background] [info] -- UID (51 to 54)
23809 [2019-04-24 08:32:32.402] [background] [info] - Updating message cRqGEXSbgxVQGvP4XK1aGApbWqVxPeETDjecRV3fV
23809 [2019-04-24 08:32:32.402] [background] [info] -- UID (47 to 50)
23809 [2019-04-24 08:32:32.407] [background] [info] - Updating message 49RthNHKE9p1DCGCgDEnYpFBpkjjEmvL7aH1YmLwV
23809 [2019-04-24 08:32:32.407] [background] [info] -- UID (44 to 45)
23809 [2019-04-24 08:32:32.411] [background] [info] - Updating message SbRb5jFkmhzB2peKe1DLYd16934k8Aeag9LLqU8gU
23809 [2019-04-24 08:32:32.411] [background] [info] -- UID (35 to 39)
23809 [2019-04-24 08:32:32.415] [background] [info] - Updating message 99Z3fYJ4sgCpg6JZupWMZKwkA1stDZ1S2HHT2rSYa
23809 [2019-04-24 08:32:32.415] [background] [info] -- UID (29 to 31)
23809 [2019-04-24 08:32:32.419] [background] [info] - Updating message dkEeo364UCCWtmhxXjyGVe6MY4BXPqigYn7eFWgJB
23809 [2019-04-24 08:32:32.419] [background] [info] -- UID (24 to 28)
23809 [2019-04-24 08:32:32.423] [background] [info] - Updating message kd2pUeY879snw8Uyz2bNNeWQqRgnUzDhM7SjhPvno
23809 [2019-04-24 08:32:32.423] [background] [info] -- UID (19 to 23)
23809 [2019-04-24 08:32:32.427] [background] [info] - Updating message ew8mHJ7z3CDzYwJjtGbxM87GcKerzPNw6JsxPqJJX
23809 [2019-04-24 08:32:32.427] [background] [info] -- UID (14 to 18)
23809 [2019-04-24 08:32:32.431] [background] [info] - Updating message puKfxiwopgbknNgDFC4RujWLZKTV3Q3eeq4oNE8Vw
23809 [2019-04-24 08:32:32.431] [background] [info] -- UID (3 to 10)
23809 [2019-04-24 08:32:32.431] [background] [info] -- FolderID (2Qm14TjgUka6ZyWw6Jbaeb1ZRMyiC5BaYA34r1WUP to MiHP2DCLiqFVZ9WCmj2LgE9qvwW2P7HCBZDYHnGo3)
23809 [2019-04-24 08:32:32.435] [background] [info] - Updating message WS52P2Y1QJh25WXNFkJ9M6xdoGi5RtJgyzGaQNqG5
23809 [2019-04-24 08:32:32.435] [background] [info] -- UID (2 to 5)
23809 [2019-04-24 08:32:32.435] [background] [info] -- FolderID (2Qm14TjgUka6ZyWw6Jbaeb1ZRMyiC5BaYA34r1WUP to MiHP2DCLiqFVZ9WCmj2LgE9qvwW2P7HCBZDYHnGo3)
23809 [2019-04-24 08:32:32.439] [background] [info] - Updating message g9MUxuwu3Bc7nxYYvNT1pAuft5xcsdDHbxvGNA7QX
23809 [2019-04-24 08:32:32.439] [background] [info] -- FolderID (2Qm14TjgUka6ZyWw6Jbaeb1ZRMyiC5BaYA34r1WUP to MiHP2DCLiqFVZ9WCmj2LgE9qvwW2P7HCBZDYHnGo3)
23809 [2019-04-24 08:32:32.468] [background] [info] syncFolderUIDRange for Drafts, UIDs: 1 - 3, Heavy: false
23809 [2019-04-24 08:32:32.511] [background] [info] - remote=0, local=0
23809 [2019-04-24 08:32:32.555] [background] [info] syncFolderUIDRange for Archive, UIDs: 1 - 1, Heavy: false
23809 [2019-04-24 08:32:32.599] [background] [info] - remote=0, local=0
23809 [2019-04-24 08:32:32.646] [background] [info] syncFolderUIDRange for Deleted Items, UIDs: 1 - 3, Heavy: false
23809 [2019-04-24 08:32:32.692] [background] [info] - remote=0, local=0
23809 [2019-04-24 08:32:32.714] [background] [info] syncFolderUIDRange for Junk Email, UIDs: 1 - 1, Heavy: false
23809 [2019-04-24 08:32:32.758] [background] [info] - remote=0, local=0
23809 [2019-04-24 08:32:32.782] [background] [info] syncFolderUIDRange for Journal, UIDs: 1 - 1, Heavy: false
23809 [2019-04-24 08:32:32.826] [background] [info] - remote=0, local=0
23809 [2019-04-24 08:32:32.877] [background] [info] syncFolderUIDRange for Trash, UIDs: 1 - 1, Heavy: false
23809 [2019-04-24 08:32:32.921] [background] [info] - remote=0, local=0
23809 [2019-04-24 08:32:32.966] [background] [info] syncFolderUIDRange for Tasks, UIDs: 1 - 1, Heavy: false
23809 [2019-04-24 08:32:33.009] [background] [info] - remote=0, local=0
23809 [2019-04-24 08:32:33.057] [background] [info] syncFolderUIDRange for Sent, UIDs: 1 - 4, Heavy: false
23809 [2019-04-24 08:32:33.156] [background] [info] - remote=3, local=0
23809 [2019-04-24 08:32:33.156] [background] [info] - Fetching full headers for 3 (of 3 needed)
23809 [2019-04-24 08:32:33.244] [background] [info] - Updating message puKfxiwopgbknNgDFC4RujWLZKTV3Q3eeq4oNE8Vw
23809 [2019-04-24 08:32:33.245] [background] [info] -- UID (10 to 3)
23809 [2019-04-24 08:32:33.245] [background] [info] -- FolderID (MiHP2DCLiqFVZ9WCmj2LgE9qvwW2P7HCBZDYHnGo3 to 2Qm14TjgUka6ZyWw6Jbaeb1ZRMyiC5BaYA34r1WUP)
23809 [2019-04-24 08:32:33.251] [background] [info] - Updating message WS52P2Y1QJh25WXNFkJ9M6xdoGi5RtJgyzGaQNqG5
23809 [2019-04-24 08:32:33.251] [background] [info] -- UID (5 to 2)
23809 [2019-04-24 08:32:33.251] [background] [info] -- FolderID (MiHP2DCLiqFVZ9WCmj2LgE9qvwW2P7HCBZDYHnGo3 to 2Qm14TjgUka6ZyWw6Jbaeb1ZRMyiC5BaYA34r1WUP)
23809 [2019-04-24 08:32:33.256] [background] [info] - Updating message g9MUxuwu3Bc7nxYYvNT1pAuft5xcsdDHbxvGNA7QX
23809 [2019-04-24 08:32:33.256] [background] [info] -- FolderID (MiHP2DCLiqFVZ9WCmj2LgE9qvwW2P7HCBZDYHnGo3 to 2Qm14TjgUka6ZyWw6Jbaeb1ZRMyiC5BaYA34r1WUP)
23809 [2019-04-24 08:32:33.286] [background] [info] syncFolderUIDRange for Outbox, UIDs: 1 - 31, Heavy: false
23809 [2019-04-24 08:32:33.329] [background] [info] - remote=0, local=0
23809 [2019-04-24 08:32:33.375] [background] [info] syncFolderUIDRange for Notes, UIDs: 1 - 1, Heavy: false
23809 [2019-04-24 08:32:33.419] [background] [info] - remote=0, local=0
23809 [2019-04-24 08:32:33.470] [background] [info] syncFolderUIDRange for Mailspring/Snoozed, UIDs: 1 - 1, Heavy: false
23809 [2019-04-24 08:32:33.515] [background] [info] - remote=0, local=0
23809 [2019-04-24 08:32:33.566] [background] [info] syncFolderUIDRange for Mailspring, UIDs: 1 - 1, Heavy: false
23809 [2019-04-24 08:32:33.610] [background] [info] - remote=0, local=0
23809 [2019-04-24 08:32:33.655] [background] [info] syncFolderUIDRange for Conversation History, UIDs: 1 - 1, Heavy: false
23809 [2019-04-24 08:32:33.698] [background] [info] - remote=0, local=0
23809 [2019-04-24 08:32:33.737] [background] [info] syncFolderUIDRange for Contacts, UIDs: 1 - 1, Heavy: false
23809 [2019-04-24 08:32:33.781] [background] [info] - remote=0, local=0
23809 [2019-04-24 08:32:33.814] [background] [info] syncFolderUIDRange for Calendar/United States holidays, UIDs: 1 - 194, Heavy: false
23809 [2019-04-24 08:32:33.875] [background] [info] - remote=192, local=192
23809 [2019-04-24 08:32:33.915] [background] [info] syncFolderUIDRange for Calendar/Birthdays, UIDs: 1 - 1, Heavy: false
23809 [2019-04-24 08:32:33.960] [background] [info] - remote=0, local=0
23809 [2019-04-24 08:32:34.011] [background] [info] syncFolderUIDRange for Calendar, UIDs: 1 - 52, Heavy: false
23809 [2019-04-24 08:32:34.110] [background] [info] - remote=1, local=1
23809 [2019-04-24 08:32:34.138] [background] [info] Sync loop deleting unlinked messages with phase 1.
23809 [2019-04-24 08:32:34.139] [background] [info] Sync loop complete.
23809 [2019-04-24 08:32:57.222] [foreground] [info] Idle exited with code 1
23809 [2019-04-24 08:32:57.801] [foreground] [info] syncFolderUIDRange for INBOX, UIDs: 1 - 272, Heavy: false
23809 [2019-04-24 08:32:57.920] [foreground] [info] - remote=23, local=23
23809 [2019-04-24 08:32:57.965] [foreground] [info] Idling on folder INBOX
