19487 [2019-04-23 18:14:15.353] [main] [info] Identity created at 1551184549 - using ID Schema 1
19487 [2019-04-23 18:14:15.355] [main] [info] ------------- Starting Sync (djoudi@lip6.fr) ---------------
19487 [2019-04-23 18:14:15.358] [background] [info] Marking all folders as `busy`
19487 [2019-04-23 18:14:15.358] [background] [info] Syncing folder list...
19487 [2019-04-23 18:14:16.088] [background] [info] Syncing folder list...
19487 [2019-04-23 18:14:16.200] [background] [info] syncFolderUIDRange for INBOX, UIDs: 120 - 870, Heavy: true
19487 [2019-04-23 18:14:16.205] [metadata] [info] Received metadata V1 for (message - GjJ6m5NrikKw98FyvLJAqGCq8Ge8tJPS1YxqB9pZR)
19487 [2019-04-23 18:14:16.205] [metadata] [info]  -- Local model is not present. Saving to waiting table.
19487 [2019-04-23 18:14:16.206] [metadata] [info] Received metadata V1 for (message - GjJ6m5NrikKw98FyvLJAqGCq8Ge8tJPS1YxqB9pZR)
19487 [2019-04-23 18:14:16.206] [metadata] [info]  -- Local model is not present. Saving to waiting table.
19487 [2019-04-23 18:14:16.206] [metadata] [info] Received metadata V1 for (message - GjJ6m5NrikKw98FyvLJAqGCq8Ge8tJPS1YxqB9pZR)
19487 [2019-04-23 18:14:16.206] [metadata] [info]  -- Local model is not present. Saving to waiting table.
19487 [2019-04-23 18:14:16.207] [metadata] [info] Received metadata V1 for (message - 5uDRAK34KYSJ3xngEf1nmXP2oBaxRTgX2JqdhgTKV)
19487 [2019-04-23 18:14:16.207] [metadata] [info]  -- Local model is not present. Saving to waiting table.
19487 [2019-04-23 18:14:16.208] [metadata] [info] Received metadata V1 for (message - 5uDRAK34KYSJ3xngEf1nmXP2oBaxRTgX2JqdhgTKV)
19487 [2019-04-23 18:14:16.208] [metadata] [info]  -- Local model is not present. Saving to waiting table.
19487 [2019-04-23 18:14:16.208] [metadata] [info] Received metadata V1 for (message - 5uDRAK34KYSJ3xngEf1nmXP2oBaxRTgX2JqdhgTKV)
19487 [2019-04-23 18:14:16.208] [metadata] [info]  -- Local model is not present. Saving to waiting table.
19487 [2019-04-23 18:14:16.209] [metadata] [info] Metadata delta stream starting...
19487 [2019-04-23 18:14:16.817] [foreground] [info] Idling on folder INBOX
19487 [2019-04-23 18:14:17.124] [background] [info] - remote=688, local=0
19487 [2019-04-23 18:14:23.370] [background] [info] syncFolderChangesViaCondstore - INBOX: modseq 1127 to 1127, uidnext 870 to 870
19487 [2019-04-23 18:14:24.928] [foreground] [info] Idle exited with code 0
19487 [2019-04-23 18:14:24.929] [foreground] [info] Fetching body for message ID dijwg4tsuFmGC3jVU9Tre4wkVmN88a3jP9fAaXvgy
19487 [2019-04-23 18:14:25.038] [foreground] [info] Idling on folder INBOX
19487 [2019-04-23 18:14:25.448] [main] [info] [local-9e1ba953-af6c] Running ChangeUnreadTask performLocal:
19487 [2019-04-23 18:14:25.456] [main] [info] [local-9e1ba953-af6c] -- Succeeded. Changing status to `remote`
19487 [2019-04-23 18:14:25.767] [foreground] [info] Idle exited with code 0
19487 [2019-04-23 18:14:25.767] [foreground] [info] [local-9e1ba953-af6c] Running ChangeUnreadTask performRemote:
19487 [2019-04-23 18:14:26.023] [foreground] [info] [local-9e1ba953-af6c] -- Succeeded. Changing status to `complete`
19487 [2019-04-23 18:14:26.024] [foreground] [info] Idling on folder INBOX
19487 [2019-04-23 18:14:26.776] [background] [warning] Unable to insert file ID BirT7ShswXkCfM2kuL3xd49iaLTdXbfYoV6XYo7i8 - it must already exist.
19487 [2019-04-23 18:14:26.909] [background] [warning] Unable to insert file ID UZEZKzJFaZeh17SbWmsRyX4nffhpT8UWBQDPtku5q - it must already exist.
19487 [2019-04-23 18:14:27.612] [background] [info] syncFolderUIDRange for Sent, UIDs: 1 - 50, Heavy: true
19487 [2019-04-23 18:14:27.707] [background] [info] - remote=44, local=0
19487 [2019-04-23 18:14:27.720] [background] [info] -- Attaching waiting metadata for link-tracking
19487 [2019-04-23 18:14:27.720] [background] [info] -- Attaching waiting metadata for open-tracking
19487 [2019-04-23 18:14:27.720] [background] [info] -- Attaching waiting metadata for send-later
19487 [2019-04-23 18:14:27.742] [background] [info] -- Attaching waiting metadata for link-tracking
19487 [2019-04-23 18:14:27.742] [background] [info] -- Attaching waiting metadata for open-tracking
19487 [2019-04-23 18:14:27.742] [background] [info] -- Attaching waiting metadata for send-later
19487 [2019-04-23 18:14:28.204] [background] [info] syncFolderChangesViaCondstore - Sent: modseq 56 to 56, uidnext 50 to 50
19487 [2019-04-23 18:14:28.683] [background] [info] Cleaning local cache and updating stats
19487 [2019-04-23 18:14:28.735] [background] [info] -- 0 message bodies deleted from local cache.
19487 [2019-04-23 18:14:28.813] [background] [info] syncFolderUIDRange for Drafts, UIDs: 1 - 46, Heavy: true
19487 [2019-04-23 18:14:28.822] [background] [info] - remote=0, local=0
19487 [2019-04-23 18:14:28.822] [background] [info] syncFolderChangesViaCondstore - Drafts: modseq 117 to 117, uidnext 46 to 46
19487 [2019-04-23 18:14:28.822] [background] [info] Cleaning local cache and updating stats
19487 [2019-04-23 18:14:28.831] [background] [info] -- 0 message bodies deleted from local cache.
19487 [2019-04-23 18:14:28.878] [background] [info] syncFolderUIDRange for Trash, UIDs: 1 - 49, Heavy: true
19487 [2019-04-23 18:14:28.890] [background] [info] - remote=0, local=0
19487 [2019-04-23 18:14:28.890] [background] [info] syncFolderChangesViaCondstore - Trash: modseq 14 to 14, uidnext 49 to 49
19487 [2019-04-23 18:14:28.890] [background] [info] Cleaning local cache and updating stats
19487 [2019-04-23 18:14:28.899] [background] [info] -- 0 message bodies deleted from local cache.
19487 [2019-04-23 18:14:28.920] [background] [info] syncFolderUIDRange for To: Guy, UIDs: 1 - 20, Heavy: true
19487 [2019-04-23 18:14:28.963] [background] [info] - remote=19, local=0
19487 [2019-04-23 18:14:29.140] [background] [info] syncFolderChangesViaCondstore - To: Guy: modseq 4 to 4, uidnext 20 to 20
19487 [2019-04-23 18:14:29.140] [background] [info] Cleaning local cache and updating stats
19487 [2019-04-23 18:14:29.147] [background] [info] -- 0 message bodies deleted from local cache.
19487 [2019-04-23 18:14:29.180] [background] [info] syncFolderUIDRange for Fr: Aziza, UIDs: 1 - 12, Heavy: true
19487 [2019-04-23 18:14:29.249] [background] [info] - remote=11, local=0
19487 [2019-04-23 18:14:29.381] [background] [info] syncFolderChangesViaCondstore - Fr: Aziza: modseq 4 to 4, uidnext 12 to 12
19487 [2019-04-23 18:14:29.382] [background] [info] Cleaning local cache and updating stats
19487 [2019-04-23 18:14:29.390] [background] [info] -- 0 message bodies deleted from local cache.
19487 [2019-04-23 18:14:29.433] [background] [info] syncFolderChangesViaCondstore - Mailspring.Snoozed: modseq 1 to 1, uidnext 1 to 1
19487 [2019-04-23 18:14:29.434] [background] [info] Cleaning local cache and updating stats
19487 [2019-04-23 18:14:29.442] [background] [info] -- 0 message bodies deleted from local cache.
19487 [2019-04-23 18:14:29.459] [background] [info] Sync loop deleting unlinked messages with phase 2.
19487 [2019-04-23 18:14:29.459] [background] [info] Sync loop complete.
19487 [2019-04-23 18:14:29.459] [background] [info] Syncing folder list...
19487 [2019-04-23 18:14:29.475] [background] [info] syncFolderUIDRange for INBOX, UIDs: 1 - 120, Heavy: true
19487 [2019-04-23 18:14:29.519] [background] [info] - remote=111, local=1
19487 [2019-04-23 18:14:30.357] [metadataExpiration] [info] Scanning for expired metadata
19487 [2019-04-23 18:14:30.357] [metadataExpiration] [info] -- Will wake for next expiration in 7200sec
19487 [2019-04-23 18:14:30.448] [background] [info] syncFolderChangesViaCondstore - INBOX: modseq 1127 to 1128, uidnext 870 to 870
19487 [2019-04-23 18:14:30.455] [background] [info] syncFolderChangesViaCondstore - Changes since HMODSEQ 1127: 1 changed, 0 vanished
19487 [2019-04-23 18:14:30.456] [background] [info] - Updating message dijwg4tsuFmGC3jVU9Tre4wkVmN88a3jP9fAaXvgy
19487 [2019-04-23 18:14:30.456] [background] [info] -- Unread (true to false)
19487 [2019-04-23 18:14:33.292] [background] [info] Cleaning local cache and updating stats
19487 [2019-04-23 18:14:33.307] [background] [info] -- 0 message bodies deleted from local cache.
19487 [2019-04-23 18:14:33.338] [background] [info] syncFolderChangesViaCondstore - Sent: modseq 56 to 56, uidnext 50 to 50
19487 [2019-04-23 18:14:33.344] [background] [info] syncFolderChangesViaCondstore - Drafts: modseq 117 to 117, uidnext 46 to 46
19487 [2019-04-23 18:14:33.349] [background] [info] syncFolderChangesViaCondstore - Trash: modseq 14 to 14, uidnext 49 to 49
19487 [2019-04-23 18:14:33.355] [background] [info] syncFolderChangesViaCondstore - To: Guy: modseq 4 to 4, uidnext 20 to 20
19487 [2019-04-23 18:14:33.359] [background] [info] syncFolderChangesViaCondstore - Fr: Aziza: modseq 4 to 4, uidnext 12 to 12
19487 [2019-04-23 18:14:33.364] [background] [info] syncFolderChangesViaCondstore - Mailspring.Snoozed: modseq 1 to 1, uidnext 1 to 1
19487 [2019-04-23 18:14:33.365] [background] [info] Sync loop deleting unlinked messages with phase 1.
19487 [2019-04-23 18:14:33.365] [background] [info] Sync loop complete.
19487 [2019-04-23 18:14:33.366] [background] [info] Syncing folder list...
19487 [2019-04-23 18:14:33.377] [background] [info] syncFolderChangesViaCondstore - INBOX: modseq 1128 to 1128, uidnext 870 to 870
19487 [2019-04-23 18:14:36.865] [background] [info] syncFolderChangesViaCondstore - Sent: modseq 56 to 56, uidnext 50 to 50
19487 [2019-04-23 18:14:36.872] [background] [info] syncFolderChangesViaCondstore - Drafts: modseq 117 to 117, uidnext 46 to 46
19487 [2019-04-23 18:14:36.876] [background] [info] syncFolderChangesViaCondstore - Trash: modseq 14 to 14, uidnext 49 to 49
19487 [2019-04-23 18:14:36.881] [background] [info] syncFolderChangesViaCondstore - To: Guy: modseq 4 to 4, uidnext 20 to 20
19487 [2019-04-23 18:14:36.885] [background] [info] syncFolderChangesViaCondstore - Fr: Aziza: modseq 4 to 4, uidnext 12 to 12
19487 [2019-04-23 18:14:36.891] [background] [info] syncFolderChangesViaCondstore - Mailspring.Snoozed: modseq 1 to 1, uidnext 1 to 1
19487 [2019-04-23 18:14:36.891] [background] [info] Sync loop deleting unlinked messages with phase 2.
19487 [2019-04-23 18:14:36.892] [background] [info] Sync loop complete.
19487 [2019-04-23 18:14:36.892] [background] [info] Syncing folder list...
19487 [2019-04-23 18:14:36.901] [background] [info] syncFolderChangesViaCondstore - INBOX: modseq 1128 to 1128, uidnext 870 to 870
19487 [2019-04-23 18:14:39.205] [background] [info] syncFolderChangesViaCondstore - Sent: modseq 56 to 56, uidnext 50 to 50
19487 [2019-04-23 18:14:39.211] [background] [info] syncFolderChangesViaCondstore - Drafts: modseq 117 to 117, uidnext 46 to 46
19487 [2019-04-23 18:14:39.218] [background] [info] syncFolderChangesViaCondstore - Trash: modseq 14 to 14, uidnext 49 to 49
19487 [2019-04-23 18:14:39.255] [background] [info] syncFolderChangesViaCondstore - To: Guy: modseq 4 to 4, uidnext 20 to 20
19487 [2019-04-23 18:14:39.262] [background] [info] syncFolderChangesViaCondstore - Fr: Aziza: modseq 4 to 4, uidnext 12 to 12
19487 [2019-04-23 18:14:39.268] [background] [info] syncFolderChangesViaCondstore - Mailspring.Snoozed: modseq 1 to 1, uidnext 1 to 1
19487 [2019-04-23 18:14:39.269] [background] [info] Sync loop deleting unlinked messages with phase 1.
19487 [2019-04-23 18:14:39.271] [background] [info] Sync loop complete.
19487 [2019-04-23 18:14:39.271] [background] [info] Syncing folder list...
19487 [2019-04-23 18:14:39.288] [background] [info] syncFolderChangesViaCondstore - INBOX: modseq 1128 to 1128, uidnext 870 to 870
19487 [2019-04-23 18:14:42.389] [background] [info] syncFolderChangesViaCondstore - Sent: modseq 56 to 56, uidnext 50 to 50
19487 [2019-04-23 18:14:42.395] [background] [info] syncFolderChangesViaCondstore - Drafts: modseq 117 to 117, uidnext 46 to 46
19487 [2019-04-23 18:14:42.406] [background] [info] syncFolderChangesViaCondstore - Trash: modseq 14 to 14, uidnext 49 to 49
19487 [2019-04-23 18:14:42.411] [background] [info] syncFolderChangesViaCondstore - To: Guy: modseq 4 to 4, uidnext 20 to 20
19487 [2019-04-23 18:14:42.415] [background] [info] syncFolderChangesViaCondstore - Fr: Aziza: modseq 4 to 4, uidnext 12 to 12
19487 [2019-04-23 18:14:42.421] [background] [info] syncFolderChangesViaCondstore - Mailspring.Snoozed: modseq 1 to 1, uidnext 1 to 1
19487 [2019-04-23 18:14:42.422] [background] [info] Sync loop deleting unlinked messages with phase 2.
19487 [2019-04-23 18:14:42.422] [background] [info] Sync loop complete.
19487 [2019-04-23 18:14:42.422] [background] [info] Syncing folder list...
19487 [2019-04-23 18:14:42.434] [background] [info] syncFolderChangesViaCondstore - INBOX: modseq 1128 to 1128, uidnext 870 to 870
19487 [2019-04-23 18:14:42.580] [background] [info] syncFolderChangesViaCondstore - Sent: modseq 56 to 56, uidnext 50 to 50
19487 [2019-04-23 18:14:42.585] [background] [info] syncFolderChangesViaCondstore - Drafts: modseq 117 to 117, uidnext 46 to 46
19487 [2019-04-23 18:14:42.589] [background] [info] syncFolderChangesViaCondstore - Trash: modseq 14 to 14, uidnext 49 to 49
19487 [2019-04-23 18:14:42.602] [background] [info] syncFolderChangesViaCondstore - To: Guy: modseq 4 to 4, uidnext 20 to 20
19487 [2019-04-23 18:14:42.606] [background] [info] syncFolderChangesViaCondstore - Fr: Aziza: modseq 4 to 4, uidnext 12 to 12
19487 [2019-04-23 18:14:42.611] [background] [info] syncFolderChangesViaCondstore - Mailspring.Snoozed: modseq 1 to 1, uidnext 1 to 1
19487 [2019-04-23 18:14:42.612] [background] [info] Sync loop deleting unlinked messages with phase 1.
19487 [2019-04-23 18:14:42.612] [background] [info] Sync loop complete.
19487 [2019-04-23 18:14:42.612] [background] [info] Syncing folder list...
19487 [2019-04-23 18:14:42.622] [background] [info] syncFolderChangesViaCondstore - INBOX: modseq 1128 to 1128, uidnext 870 to 870
19487 [2019-04-23 18:14:42.629] [background] [info] syncFolderChangesViaCondstore - Sent: modseq 56 to 56, uidnext 50 to 50
19487 [2019-04-23 18:14:42.635] [background] [info] syncFolderChangesViaCondstore - Drafts: modseq 117 to 117, uidnext 46 to 46
19487 [2019-04-23 18:14:42.640] [background] [info] syncFolderChangesViaCondstore - Trash: modseq 14 to 14, uidnext 49 to 49
19487 [2019-04-23 18:14:42.645] [background] [info] syncFolderChangesViaCondstore - To: Guy: modseq 4 to 4, uidnext 20 to 20
19487 [2019-04-23 18:14:42.649] [background] [info] syncFolderChangesViaCondstore - Fr: Aziza: modseq 4 to 4, uidnext 12 to 12
19487 [2019-04-23 18:14:42.655] [background] [info] syncFolderChangesViaCondstore - Mailspring.Snoozed: modseq 1 to 1, uidnext 1 to 1
19487 [2019-04-23 18:14:42.656] [background] [info] Sync loop deleting unlinked messages with phase 2.
19487 [2019-04-23 18:14:42.658] [background] [info] Sync loop complete.
19487 [2019-04-23 18:14:45.101] [foreground] [info] Idle exited with code 0
19487 [2019-04-23 18:14:45.107] [foreground] [info] syncFolderChangesViaCondstore - INBOX: modseq 1128 to 1128, uidnext 870 to 870
19487 [2019-04-23 18:14:45.121] [foreground] [info] Idling on folder INBOX
19487 [2019-04-23 18:16:42.658] [background] [info] Syncing folder list...
19487 [2019-04-23 18:16:42.675] [background] [info] syncFolderChangesViaCondstore - INBOX: modseq 1128 to 1128, uidnext 870 to 870
19487 [2019-04-23 18:16:42.691] [background] [info] syncFolderChangesViaCondstore - Sent: modseq 56 to 56, uidnext 50 to 50
19487 [2019-04-23 18:16:42.697] [background] [info] syncFolderChangesViaCondstore - Drafts: modseq 117 to 117, uidnext 46 to 46
19487 [2019-04-23 18:16:42.703] [background] [info] syncFolderChangesViaCondstore - Trash: modseq 14 to 14, uidnext 49 to 49
19487 [2019-04-23 18:16:42.708] [background] [info] syncFolderChangesViaCondstore - To: Guy: modseq 4 to 4, uidnext 20 to 20
19487 [2019-04-23 18:16:42.715] [background] [info] syncFolderChangesViaCondstore - Fr: Aziza: modseq 4 to 4, uidnext 12 to 12
19487 [2019-04-23 18:16:42.724] [background] [info] syncFolderChangesViaCondstore - Mailspring.Snoozed: modseq 1 to 1, uidnext 1 to 1
19487 [2019-04-23 18:16:42.725] [background] [info] Sync loop deleting unlinked messages with phase 1.
19487 [2019-04-23 18:16:42.726] [background] [info] Sync loop complete.
19487 [2019-04-23 18:16:45.391] [foreground] [info] Idle exited with code 0
19487 [2019-04-23 18:16:45.395] [foreground] [info] syncFolderChangesViaCondstore - INBOX: modseq 1128 to 1128, uidnext 870 to 870
19487 [2019-04-23 18:16:45.399] [foreground] [info] Idling on folder INBOX
19487 [2019-04-23 18:18:42.727] [background] [info] Syncing folder list...
19487 [2019-04-23 18:18:42.745] [background] [info] syncFolderChangesViaCondstore - INBOX: modseq 1128 to 1128, uidnext 870 to 870
19487 [2019-04-23 18:18:42.762] [background] [info] syncFolderChangesViaCondstore - Sent: modseq 56 to 56, uidnext 50 to 50
19487 [2019-04-23 18:18:42.769] [background] [info] syncFolderChangesViaCondstore - Drafts: modseq 117 to 117, uidnext 46 to 46
19487 [2019-04-23 18:18:42.775] [background] [info] syncFolderChangesViaCondstore - Trash: modseq 14 to 14, uidnext 49 to 49
19487 [2019-04-23 18:18:42.780] [background] [info] syncFolderChangesViaCondstore - To: Guy: modseq 4 to 4, uidnext 20 to 20
19487 [2019-04-23 18:18:42.787] [background] [info] syncFolderChangesViaCondstore - Fr: Aziza: modseq 4 to 4, uidnext 12 to 12
19487 [2019-04-23 18:18:42.793] [background] [info] syncFolderChangesViaCondstore - Mailspring.Snoozed: modseq 1 to 1, uidnext 1 to 1
19487 [2019-04-23 18:18:42.795] [background] [info] Sync loop deleting unlinked messages with phase 2.
19487 [2019-04-23 18:18:42.797] [background] [info] Sync loop complete.
19487 [2019-04-23 18:18:45.510] [foreground] [info] Idle exited with code 0
19487 [2019-04-23 18:18:45.517] [foreground] [info] syncFolderChangesViaCondstore - INBOX: modseq 1128 to 1128, uidnext 870 to 870
19487 [2019-04-23 18:18:45.530] [foreground] [info] Idling on folder INBOX
19487 [2019-04-23 18:20:42.798] [background] [info] Syncing folder list...
19487 [2019-04-23 18:20:42.816] [background] [info] syncFolderChangesViaCondstore - INBOX: modseq 1128 to 1128, uidnext 870 to 870
19487 [2019-04-23 18:20:42.830] [background] [info] syncFolderChangesViaCondstore - Sent: modseq 56 to 56, uidnext 50 to 50
19487 [2019-04-23 18:20:42.840] [background] [info] syncFolderChangesViaCondstore - Drafts: modseq 117 to 117, uidnext 46 to 46
19487 [2019-04-23 18:20:42.848] [background] [info] syncFolderChangesViaCondstore - Trash: modseq 14 to 14, uidnext 49 to 49
19487 [2019-04-23 18:20:42.856] [background] [info] syncFolderChangesViaCondstore - To: Guy: modseq 4 to 4, uidnext 20 to 20
19487 [2019-04-23 18:20:42.863] [background] [info] syncFolderChangesViaCondstore - Fr: Aziza: modseq 4 to 4, uidnext 12 to 12
19487 [2019-04-23 18:20:42.870] [background] [info] syncFolderChangesViaCondstore - Mailspring.Snoozed: modseq 1 to 1, uidnext 1 to 1
19487 [2019-04-23 18:20:42.871] [background] [info] Sync loop deleting unlinked messages with phase 1.
19487 [2019-04-23 18:20:42.873] [background] [info] Sync loop complete.
19487 [2019-04-23 18:20:45.626] [foreground] [info] Idle exited with code 0
19487 [2019-04-23 18:20:45.639] [foreground] [info] syncFolderChangesViaCondstore - INBOX: modseq 1128 to 1128, uidnext 870 to 870
19487 [2019-04-23 18:20:45.647] [foreground] [info] Idling on folder INBOX
19487 [2019-04-23 18:22:42.874] [background] [info] Syncing folder list...
19487 [2019-04-23 18:22:42.885] [background] [info] syncFolderChangesViaCondstore - INBOX: modseq 1128 to 1128, uidnext 870 to 870
19487 [2019-04-23 18:22:42.894] [background] [info] syncFolderChangesViaCondstore - Sent: modseq 56 to 56, uidnext 50 to 50
19487 [2019-04-23 18:22:42.899] [background] [info] syncFolderChangesViaCondstore - Drafts: modseq 117 to 117, uidnext 46 to 46
19487 [2019-04-23 18:22:42.903] [background] [info] syncFolderChangesViaCondstore - Trash: modseq 14 to 14, uidnext 49 to 49
19487 [2019-04-23 18:22:42.908] [background] [info] syncFolderChangesViaCondstore - To: Guy: modseq 4 to 4, uidnext 20 to 20
19487 [2019-04-23 18:22:42.913] [background] [info] syncFolderChangesViaCondstore - Fr: Aziza: modseq 4 to 4, uidnext 12 to 12
19487 [2019-04-23 18:22:42.918] [background] [info] syncFolderChangesViaCondstore - Mailspring.Snoozed: modseq 1 to 1, uidnext 1 to 1
19487 [2019-04-23 18:22:42.918] [background] [info] Sync loop deleting unlinked messages with phase 2.
19487 [2019-04-23 18:22:42.919] [background] [info] Sync loop complete.
19487 [2019-04-23 18:22:45.678] [foreground] [info] Idle exited with code 0
19487 [2019-04-23 18:22:45.684] [foreground] [info] syncFolderChangesViaCondstore - INBOX: modseq 1128 to 1128, uidnext 870 to 870
19487 [2019-04-23 18:22:45.695] [foreground] [info] Idling on folder INBOX
19487 [2019-04-23 18:23:41.413] [main] [info] [local-9c9bfe28-5df1] Running ChangeFolderTask performLocal:
19487 [2019-04-23 18:23:41.419] [main] [info] [local-9c9bfe28-5df1] -- Succeeded. Changing status to `remote`
19487 [2019-04-23 18:23:41.725] [foreground] [info] Idle exited with code 0
19487 [2019-04-23 18:23:41.726] [foreground] [info] [local-9c9bfe28-5df1] Running ChangeFolderTask performRemote:
19487 [2019-04-23 18:23:42.377] [foreground] [info] [local-9c9bfe28-5df1] -- Succeeded. Changing status to `complete`
19487 [2019-04-23 18:23:42.384] [foreground] [info] syncFolderChangesViaCondstore - INBOX: modseq 1128 to 1129, uidnext 870 to 870
19487 [2019-04-23 18:23:42.389] [foreground] [info] syncFolderChangesViaCondstore - Changes since HMODSEQ 1128: 0 changed, 2 vanished
19487 [2019-04-23 18:23:42.389] [foreground] [info] - Building queries for range 867-867
19487 [2019-04-23 18:23:42.389] [foreground] [info] - Building queries for range 869-869
19487 [2019-04-23 18:23:42.389] [foreground] [info] Unlinking messages  WHERE remoteFolderId = ? AND remoteUID IN (?,?) no longer present in remote range.
19487 [2019-04-23 18:23:42.465] [foreground] [info] -- 0 matches.
19487 [2019-04-23 18:23:42.468] [foreground] [info] Idling on folder INBOX
19487 [2019-04-23 18:24:29.179] [main] [info] [local-0eca897f-8015] Running ChangeFolderTask performLocal:
19487 [2019-04-23 18:24:29.185] [main] [info] [local-0eca897f-8015] -- Succeeded. Changing status to `remote`
19487 [2019-04-23 18:24:29.491] [foreground] [info] Idle exited with code 0
19487 [2019-04-23 18:24:29.494] [foreground] [info] [local-0eca897f-8015] Running ChangeFolderTask performRemote:
19487 [2019-04-23 18:24:29.516] [foreground] [info] [local-0eca897f-8015] -- Succeeded. Changing status to `complete`
19487 [2019-04-23 18:24:29.521] [foreground] [info] syncFolderChangesViaCondstore - INBOX: modseq 1129 to 1130, uidnext 870 to 870
19487 [2019-04-23 18:24:29.525] [foreground] [info] syncFolderChangesViaCondstore - Changes since HMODSEQ 1129: 0 changed, 1 vanished
19487 [2019-04-23 18:24:29.525] [foreground] [info] - Building queries for range 868-868
19487 [2019-04-23 18:24:29.526] [foreground] [info] Unlinking messages  WHERE remoteFolderId = ? AND remoteUID IN (?) no longer present in remote range.
19487 [2019-04-23 18:24:29.562] [foreground] [info] -- 0 matches.
19487 [2019-04-23 18:24:29.570] [foreground] [info] Idling on folder INBOX
19487 [2019-04-23 18:24:42.919] [background] [info] Syncing folder list...
19487 [2019-04-23 18:24:42.939] [background] [info] syncFolderChangesViaCondstore - INBOX: modseq 1130 to 1128, uidnext 870 to 870
19487 [2019-04-23 18:24:42.944] [background] [info] syncFolderChangesViaCondstore - Changes since HMODSEQ 1130: 0 changed, 3 vanished
19487 [2019-04-23 18:24:42.944] [background] [info] - Building queries for range 867-869
19487 [2019-04-23 18:24:42.945] [background] [info] Unlinking messages  WHERE remoteFolderId = ? AND remoteUID IN (?,?,?) no longer present in remote range.
19487 [2019-04-23 18:24:42.986] [background] [info] -- 0 matches.
19487 [2019-04-23 18:24:42.994] [background] [info] syncFolderChangesViaCondstore - Sent: modseq 56 to 56, uidnext 50 to 50
19487 [2019-04-23 18:24:43.000] [background] [info] syncFolderChangesViaCondstore - Drafts: modseq 117 to 117, uidnext 46 to 46
19487 [2019-04-23 18:24:43.024] [background] [info] syncFolderChangesViaCondstore - Trash: modseq 14 to 16, uidnext 49 to 52
19487 [2019-04-23 18:24:43.135] [background] [info] syncFolderChangesViaCondstore - Changes since HMODSEQ 14: 3 changed, 0 vanished
19487 [2019-04-23 18:24:43.180] [background] [info] syncFolderChangesViaCondstore - To: Guy: modseq 4 to 4, uidnext 20 to 20
19487 [2019-04-23 18:24:43.186] [background] [info] syncFolderChangesViaCondstore - Fr: Aziza: modseq 4 to 4, uidnext 12 to 12
19487 [2019-04-23 18:24:43.193] [background] [info] syncFolderChangesViaCondstore - Mailspring.Snoozed: modseq 1 to 1, uidnext 1 to 1
19487 [2019-04-23 18:24:43.194] [background] [info] Sync loop deleting unlinked messages with phase 1.
19487 [2019-04-23 18:24:43.196] [background] [info] Sync loop complete.
19487 [2019-04-23 18:24:45.660] [foreground] [info] Idle exited with code 0
19487 [2019-04-23 18:24:45.672] [foreground] [info] syncFolderChangesViaCondstore - INBOX: modseq 1128 to 1130, uidnext 870 to 870
19487 [2019-04-23 18:24:45.682] [foreground] [info] syncFolderChangesViaCondstore - Changes since HMODSEQ 1128: 0 changed, 3 vanished
19487 [2019-04-23 18:24:45.682] [foreground] [info] - Building queries for range 867-869
19487 [2019-04-23 18:24:45.683] [foreground] [info] Unlinking messages  WHERE remoteFolderId = ? AND remoteUID IN (?,?,?) no longer present in remote range.
19487 [2019-04-23 18:24:45.724] [foreground] [info] -- 0 matches.
19487 [2019-04-23 18:24:45.726] [foreground] [info] Idling on folder INBOX
19487 [2019-04-23 18:24:57.189] [main] [info] [local-bb902656-ea7e] Running ChangeFolderTask performLocal:
19487 [2019-04-23 18:24:57.196] [main] [info] [local-bb902656-ea7e] -- Succeeded. Changing status to `remote`
19487 [2019-04-23 18:24:57.503] [foreground] [info] Idle exited with code 0
19487 [2019-04-23 18:24:57.505] [foreground] [info] [local-bb902656-ea7e] Running ChangeFolderTask performRemote:
19487 [2019-04-23 18:24:57.518] [foreground] [info] [local-bb902656-ea7e] -- Succeeded. Changing status to `complete`
19487 [2019-04-23 18:24:57.523] [foreground] [info] syncFolderChangesViaCondstore - INBOX: modseq 1130 to 1131, uidnext 870 to 870
19487 [2019-04-23 18:24:57.530] [foreground] [info] syncFolderChangesViaCondstore - Changes since HMODSEQ 1130: 0 changed, 1 vanished
19487 [2019-04-23 18:24:57.531] [foreground] [info] - Building queries for range 866-866
19487 [2019-04-23 18:24:57.531] [foreground] [info] Unlinking messages  WHERE remoteFolderId = ? AND remoteUID IN (?) no longer present in remote range.
19487 [2019-04-23 18:24:57.570] [foreground] [info] -- 0 matches.
19487 [2019-04-23 18:24:57.572] [foreground] [info] Idling on folder INBOX
19487 [2019-04-23 18:25:30.462] [main] [info] [local-655818d7-b4d1] Running ChangeFolderTask performLocal:
19487 [2019-04-23 18:25:30.472] [main] [info] [local-655818d7-b4d1] -- Succeeded. Changing status to `remote`
19487 [2019-04-23 18:25:30.778] [foreground] [info] Idle exited with code 0
19487 [2019-04-23 18:25:30.783] [foreground] [info] [local-655818d7-b4d1] Running ChangeFolderTask performRemote:
19487 [2019-04-23 18:25:30.796] [foreground] [info] [local-655818d7-b4d1] -- Succeeded. Changing status to `complete`
19487 [2019-04-23 18:25:30.801] [foreground] [info] syncFolderChangesViaCondstore - INBOX: modseq 1131 to 1132, uidnext 870 to 870
19487 [2019-04-23 18:25:30.806] [foreground] [info] syncFolderChangesViaCondstore - Changes since HMODSEQ 1131: 0 changed, 1 vanished
19487 [2019-04-23 18:25:30.806] [foreground] [info] - Building queries for range 865-865
19487 [2019-04-23 18:25:30.806] [foreground] [info] Unlinking messages  WHERE remoteFolderId = ? AND remoteUID IN (?) no longer present in remote range.
19487 [2019-04-23 18:25:30.839] [foreground] [info] -- 0 matches.
19487 [2019-04-23 18:25:30.844] [foreground] [info] Idling on folder INBOX
19487 [2019-04-23 18:25:52.259] [main] [info] [local-676bb78e-5a38] Running ChangeFolderTask performLocal:
19487 [2019-04-23 18:25:52.277] [main] [info] [local-676bb78e-5a38] -- Succeeded. Changing status to `remote`
19487 [2019-04-23 18:25:52.585] [foreground] [info] Idle exited with code 0
19487 [2019-04-23 18:25:52.590] [foreground] [info] [local-676bb78e-5a38] Running ChangeFolderTask performRemote:
19487 [2019-04-23 18:25:53.350] [foreground] [info] [local-676bb78e-5a38] -- Succeeded. Changing status to `complete`
19487 [2019-04-23 18:25:53.360] [foreground] [info] syncFolderChangesViaCondstore - INBOX: modseq 1132 to 1133, uidnext 870 to 870
19487 [2019-04-23 18:25:53.364] [foreground] [info] syncFolderChangesViaCondstore - Changes since HMODSEQ 1132: 0 changed, 1 vanished
19487 [2019-04-23 18:25:53.365] [foreground] [info] - Building queries for range 864-864
19487 [2019-04-23 18:25:53.365] [foreground] [info] Unlinking messages  WHERE remoteFolderId = ? AND remoteUID IN (?) no longer present in remote range.
19487 [2019-04-23 18:25:53.426] [foreground] [info] -- 0 matches.
19487 [2019-04-23 18:25:53.430] [foreground] [info] Idling on folder INBOX
19487 [2019-04-23 18:26:05.577] [main] [info] [local-6d0c2415-43a9] Running ChangeFolderTask performLocal:
19487 [2019-04-23 18:26:05.584] [main] [info] [local-6d0c2415-43a9] -- Succeeded. Changing status to `remote`
19487 [2019-04-23 18:26:05.893] [foreground] [info] Idle exited with code 0
19487 [2019-04-23 18:26:05.896] [foreground] [info] [local-6d0c2415-43a9] Running ChangeFolderTask performRemote:
19487 [2019-04-23 18:26:05.910] [foreground] [info] [local-6d0c2415-43a9] -- Succeeded. Changing status to `complete`
19487 [2019-04-23 18:26:05.918] [foreground] [info] syncFolderChangesViaCondstore - INBOX: modseq 1133 to 1134, uidnext 870 to 870
19487 [2019-04-23 18:26:05.922] [foreground] [info] syncFolderChangesViaCondstore - Changes since HMODSEQ 1133: 0 changed, 1 vanished
19487 [2019-04-23 18:26:05.922] [foreground] [info] - Building queries for range 862-862
19487 [2019-04-23 18:26:05.922] [foreground] [info] Unlinking messages  WHERE remoteFolderId = ? AND remoteUID IN (?) no longer present in remote range.
19487 [2019-04-23 18:26:05.981] [foreground] [info] -- 0 matches.
19487 [2019-04-23 18:26:05.983] [foreground] [info] Idling on folder INBOX
19487 [2019-04-23 18:26:09.419] [main] [info] [local-232ae08c-e575] Running ChangeFolderTask performLocal:
19487 [2019-04-23 18:26:09.435] [main] [info] [local-232ae08c-e575] -- Succeeded. Changing status to `remote`
19487 [2019-04-23 18:26:09.753] [foreground] [info] Idle exited with code 0
19487 [2019-04-23 18:26:09.757] [foreground] [info] [local-232ae08c-e575] Running ChangeFolderTask performRemote:
19487 [2019-04-23 18:26:09.984] [foreground] [info] [local-232ae08c-e575] -- Succeeded. Changing status to `complete`
19487 [2019-04-23 18:26:09.988] [foreground] [info] syncFolderChangesViaCondstore - INBOX: modseq 1134 to 1135, uidnext 870 to 870
19487 [2019-04-23 18:26:09.993] [foreground] [info] syncFolderChangesViaCondstore - Changes since HMODSEQ 1134: 0 changed, 1 vanished
19487 [2019-04-23 18:26:09.993] [foreground] [info] - Building queries for range 861-861
19487 [2019-04-23 18:26:09.993] [foreground] [info] Unlinking messages  WHERE remoteFolderId = ? AND remoteUID IN (?) no longer present in remote range.
19487 [2019-04-23 18:26:10.030] [foreground] [info] -- 0 matches.
19487 [2019-04-23 18:26:10.033] [foreground] [info] Idling on folder INBOX
19487 [2019-04-23 18:26:16.430] [main] [info] [local-e6a05491-8300] Running ChangeFolderTask performLocal:
19487 [2019-04-23 18:26:16.436] [main] [info] [local-e6a05491-8300] -- Succeeded. Changing status to `remote`
19487 [2019-04-23 18:26:16.741] [foreground] [info] Idle exited with code 0
19487 [2019-04-23 18:26:16.744] [foreground] [info] [local-e6a05491-8300] Running ChangeFolderTask performRemote:
19487 [2019-04-23 18:26:16.772] [foreground] [info] [local-e6a05491-8300] -- Succeeded. Changing status to `complete`
19487 [2019-04-23 18:26:16.777] [foreground] [info] syncFolderChangesViaCondstore - INBOX: modseq 1135 to 1136, uidnext 870 to 870
19487 [2019-04-23 18:26:16.783] [foreground] [info] syncFolderChangesViaCondstore - Changes since HMODSEQ 1135: 0 changed, 1 vanished
19487 [2019-04-23 18:26:16.784] [foreground] [info] - Building queries for range 860-860
19487 [2019-04-23 18:26:16.784] [foreground] [info] Unlinking messages  WHERE remoteFolderId = ? AND remoteUID IN (?) no longer present in remote range.
19487 [2019-04-23 18:26:16.823] [foreground] [info] -- 0 matches.
19487 [2019-04-23 18:26:16.827] [foreground] [info] Idling on folder INBOX
19487 [2019-04-23 18:26:28.612] [main] [info] [local-99844c86-19fc] Running ChangeFolderTask performLocal:
19487 [2019-04-23 18:26:28.618] [main] [info] [local-99844c86-19fc] -- Succeeded. Changing status to `remote`
19487 [2019-04-23 18:26:28.925] [foreground] [info] Idle exited with code 0
19487 [2019-04-23 18:26:28.927] [foreground] [info] [local-99844c86-19fc] Running ChangeFolderTask performRemote:
19487 [2019-04-23 18:26:28.947] [foreground] [info] [local-99844c86-19fc] -- Succeeded. Changing status to `complete`
19487 [2019-04-23 18:26:28.954] [foreground] [info] syncFolderChangesViaCondstore - INBOX: modseq 1136 to 1137, uidnext 870 to 870
19487 [2019-04-23 18:26:28.959] [foreground] [info] syncFolderChangesViaCondstore - Changes since HMODSEQ 1136: 0 changed, 3 vanished
19487 [2019-04-23 18:26:28.959] [foreground] [info] - Building queries for range 839-839
19487 [2019-04-23 18:26:28.959] [foreground] [info] - Building queries for range 856-856
19487 [2019-04-23 18:26:28.959] [foreground] [info] - Building queries for range 859-859
19487 [2019-04-23 18:26:28.959] [foreground] [info] Unlinking messages  WHERE remoteFolderId = ? AND remoteUID IN (?,?,?) no longer present in remote range.
19487 [2019-04-23 18:26:28.992] [foreground] [info] -- 0 matches.
19487 [2019-04-23 18:26:28.996] [foreground] [info] Idling on folder INBOX
19487 [2019-04-23 18:26:43.197] [background] [info] Syncing folder list...
19487 [2019-04-23 18:26:43.225] [background] [info] syncFolderChangesViaCondstore - INBOX: modseq 1137 to 1137, uidnext 870 to 870
19487 [2019-04-23 18:26:43.253] [background] [info] syncFolderChangesViaCondstore - Sent: modseq 56 to 56, uidnext 50 to 50
19487 [2019-04-23 18:26:43.259] [background] [info] syncFolderChangesViaCondstore - Drafts: modseq 117 to 117, uidnext 46 to 46
19487 [2019-04-23 18:26:43.262] [background] [info] syncFolderChangesViaCondstore - Trash: modseq 16 to 16, uidnext 52 to 52
19487 [2019-04-23 18:26:43.267] [background] [info] syncFolderChangesViaCondstore - To: Guy: modseq 4 to 4, uidnext 20 to 20
19487 [2019-04-23 18:26:43.272] [background] [info] syncFolderChangesViaCondstore - Fr: Aziza: modseq 4 to 4, uidnext 12 to 12
19487 [2019-04-23 18:26:43.279] [background] [info] syncFolderChangesViaCondstore - Mailspring.Snoozed: modseq 1 to 1, uidnext 1 to 1
19487 [2019-04-23 18:26:43.279] [background] [info] Sync loop deleting unlinked messages with phase 2.
19487 [2019-04-23 18:26:43.279] [background] [info] Sync loop complete.
19487 [2019-04-23 18:26:46.083] [foreground] [info] Idle exited with code 0
19487 [2019-04-23 18:26:46.092] [foreground] [info] syncFolderChangesViaCondstore - INBOX: modseq 1137 to 1137, uidnext 870 to 870
19487 [2019-04-23 18:26:46.101] [foreground] [info] Idling on folder INBOX
19487 [2019-04-23 18:27:33.556] [main] [info] [local-3a7c8d49-ccf5] Running ChangeFolderTask performLocal:
19487 [2019-04-23 18:27:33.572] [main] [info] [local-3a7c8d49-ccf5] -- Succeeded. Changing status to `remote`
19487 [2019-04-23 18:27:33.878] [foreground] [info] Idle exited with code 0
19487 [2019-04-23 18:27:33.880] [foreground] [info] [local-3a7c8d49-ccf5] Running ChangeFolderTask performRemote:
19487 [2019-04-23 18:27:33.891] [foreground] [info] [local-3a7c8d49-ccf5] -- Succeeded. Changing status to `complete`
19487 [2019-04-23 18:27:33.898] [foreground] [info] syncFolderChangesViaCondstore - INBOX: modseq 1137 to 1138, uidnext 870 to 870
19487 [2019-04-23 18:27:33.903] [foreground] [info] syncFolderChangesViaCondstore - Changes since HMODSEQ 1137: 0 changed, 1 vanished
19487 [2019-04-23 18:27:33.903] [foreground] [info] - Building queries for range 857-857
19487 [2019-04-23 18:27:33.903] [foreground] [info] Unlinking messages  WHERE remoteFolderId = ? AND remoteUID IN (?) no longer present in remote range.
19487 [2019-04-23 18:27:33.939] [foreground] [info] -- 0 matches.
19487 [2019-04-23 18:27:33.945] [foreground] [info] Idling on folder INBOX
19487 [2019-04-23 18:27:42.219] [main] [info] [local-804a696c-15e0] Running ChangeFolderTask performLocal:
19487 [2019-04-23 18:27:42.229] [main] [info] [local-804a696c-15e0] -- Succeeded. Changing status to `remote`
19487 [2019-04-23 18:27:42.537] [foreground] [info] Idle exited with code 0
19487 [2019-04-23 18:27:42.539] [foreground] [info] [local-804a696c-15e0] Running ChangeFolderTask performRemote:
19487 [2019-04-23 18:27:42.553] [foreground] [info] [local-804a696c-15e0] -- Succeeded. Changing status to `complete`
19487 [2019-04-23 18:27:42.559] [foreground] [info] syncFolderChangesViaCondstore - INBOX: modseq 1138 to 1139, uidnext 870 to 870
19487 [2019-04-23 18:27:42.564] [foreground] [info] syncFolderChangesViaCondstore - Changes since HMODSEQ 1138: 0 changed, 1 vanished
19487 [2019-04-23 18:27:42.564] [foreground] [info] - Building queries for range 855-855
19487 [2019-04-23 18:27:42.564] [foreground] [info] Unlinking messages  WHERE remoteFolderId = ? AND remoteUID IN (?) no longer present in remote range.
19487 [2019-04-23 18:27:42.588] [foreground] [info] -- 0 matches.
19487 [2019-04-23 18:27:42.591] [foreground] [info] Idling on folder INBOX
19487 [2019-04-23 18:28:23.287] [main] [info] [local-eccb3548-69ef] Running ChangeFolderTask performLocal:
19487 [2019-04-23 18:28:23.294] [main] [info] [local-eccb3548-69ef] -- Succeeded. Changing status to `remote`
19487 [2019-04-23 18:28:23.601] [foreground] [info] Idle exited with code 0
19487 [2019-04-23 18:28:23.603] [foreground] [info] [local-eccb3548-69ef] Running ChangeFolderTask performRemote:
19487 [2019-04-23 18:28:24.387] [foreground] [info] [local-eccb3548-69ef] -- Succeeded. Changing status to `complete`
19487 [2019-04-23 18:28:24.393] [foreground] [info] syncFolderChangesViaCondstore - INBOX: modseq 1139 to 1140, uidnext 870 to 870
19487 [2019-04-23 18:28:24.398] [foreground] [info] syncFolderChangesViaCondstore - Changes since HMODSEQ 1139: 0 changed, 1 vanished
19487 [2019-04-23 18:28:24.398] [foreground] [info] - Building queries for range 854-854
19487 [2019-04-23 18:28:24.398] [foreground] [info] Unlinking messages  WHERE remoteFolderId = ? AND remoteUID IN (?) no longer present in remote range.
19487 [2019-04-23 18:28:24.432] [foreground] [info] -- 0 matches.
19487 [2019-04-23 18:28:24.434] [foreground] [info] Idling on folder INBOX
19487 [2019-04-23 18:28:43.280] [background] [info] Syncing folder list...
19487 [2019-04-23 18:28:43.298] [background] [info] syncFolderChangesViaCondstore - INBOX: modseq 1140 to 1140, uidnext 870 to 870
19487 [2019-04-23 18:28:43.309] [background] [info] syncFolderChangesViaCondstore - Sent: modseq 56 to 56, uidnext 50 to 50
19487 [2019-04-23 18:28:43.316] [background] [info] syncFolderChangesViaCondstore - Drafts: modseq 117 to 117, uidnext 46 to 46
19487 [2019-04-23 18:28:43.324] [background] [info] syncFolderChangesViaCondstore - Trash: modseq 16 to 16, uidnext 52 to 52
19487 [2019-04-23 18:28:43.329] [background] [info] syncFolderChangesViaCondstore - To: Guy: modseq 4 to 4, uidnext 20 to 20
19487 [2019-04-23 18:28:43.336] [background] [info] syncFolderChangesViaCondstore - Fr: Aziza: modseq 4 to 4, uidnext 12 to 12
19487 [2019-04-23 18:28:43.346] [background] [info] syncFolderChangesViaCondstore - Mailspring.Snoozed: modseq 1 to 1, uidnext 1 to 1
19487 [2019-04-23 18:28:43.348] [background] [info] Sync loop deleting unlinked messages with phase 1.
19487 [2019-04-23 18:28:43.350] [background] [info] Sync loop complete.
19487 [2019-04-23 18:28:45.480] [foreground] [info] Idle exited with code 0
19487 [2019-04-23 18:28:45.486] [foreground] [info] syncFolderChangesViaCondstore - INBOX: modseq 1140 to 1140, uidnext 870 to 870
19487 [2019-04-23 18:28:45.495] [foreground] [info] Idling on folder INBOX
19487 [2019-04-23 18:28:58.407] [main] [info] [local-6356fe2d-f2fd] Running ChangeFolderTask performLocal:
19487 [2019-04-23 18:28:58.410] [main] [info] [local-6356fe2d-f2fd] -- Succeeded. Changing status to `remote`
19487 [2019-04-23 18:28:58.803] [foreground] [info] Idle exited with code 0
19487 [2019-04-23 18:28:58.809] [foreground] [info] [local-6356fe2d-f2fd] Running ChangeFolderTask performRemote:
19487 [2019-04-23 18:28:58.821] [foreground] [info] [local-6356fe2d-f2fd] -- Succeeded. Changing status to `complete`
19487 [2019-04-23 18:28:58.950] [foreground] [info] syncFolderChangesViaCondstore - INBOX: modseq 1140 to 1141, uidnext 870 to 870
19487 [2019-04-23 18:28:58.955] [foreground] [info] syncFolderChangesViaCondstore - Changes since HMODSEQ 1140: 0 changed, 1 vanished
19487 [2019-04-23 18:28:58.956] [foreground] [info] - Building queries for range 853-853
19487 [2019-04-23 18:28:58.956] [foreground] [info] Unlinking messages  WHERE remoteFolderId = ? AND remoteUID IN (?) no longer present in remote range.
19487 [2019-04-23 18:28:58.985] [foreground] [info] -- 0 matches.
19487 [2019-04-23 18:28:58.992] [foreground] [info] Idling on folder INBOX
19487 [2019-04-23 18:29:05.542] [main] [info] [local-c0493b0e-3e79] Running ChangeFolderTask performLocal:
19487 [2019-04-23 18:29:05.552] [main] [info] [local-c0493b0e-3e79] -- Succeeded. Changing status to `remote`
19487 [2019-04-23 18:29:05.859] [foreground] [info] Idle exited with code 0
19487 [2019-04-23 18:29:05.861] [foreground] [info] [local-c0493b0e-3e79] Running ChangeFolderTask performRemote:
19487 [2019-04-23 18:29:05.876] [foreground] [info] [local-c0493b0e-3e79] -- Succeeded. Changing status to `complete`
19487 [2019-04-23 18:29:05.910] [foreground] [info] syncFolderChangesViaCondstore - INBOX: modseq 1141 to 1142, uidnext 870 to 870
19487 [2019-04-23 18:29:05.914] [foreground] [info] syncFolderChangesViaCondstore - Changes since HMODSEQ 1141: 0 changed, 1 vanished
19487 [2019-04-23 18:29:05.914] [foreground] [info] - Building queries for range 852-852
19487 [2019-04-23 18:29:05.915] [foreground] [info] Unlinking messages  WHERE remoteFolderId = ? AND remoteUID IN (?) no longer present in remote range.
19487 [2019-04-23 18:29:05.943] [foreground] [info] -- 0 matches.
19487 [2019-04-23 18:29:05.946] [foreground] [info] Idling on folder INBOX
19487 [2019-04-23 18:29:33.147] [main] [info] [local-6fd30667-abc2] Running ChangeFolderTask performLocal:
19487 [2019-04-23 18:29:33.161] [main] [info] [local-6fd30667-abc2] -- Succeeded. Changing status to `remote`
19487 [2019-04-23 18:29:33.466] [foreground] [info] Idle exited with code 0
19487 [2019-04-23 18:29:33.471] [foreground] [info] [local-6fd30667-abc2] Running ChangeFolderTask performRemote:
19487 [2019-04-23 18:29:33.488] [foreground] [info] [local-6fd30667-abc2] -- Succeeded. Changing status to `complete`
19487 [2019-04-23 18:29:33.492] [foreground] [info] syncFolderChangesViaCondstore - INBOX: modseq 1142 to 1143, uidnext 870 to 870
19487 [2019-04-23 18:29:33.497] [foreground] [info] syncFolderChangesViaCondstore - Changes since HMODSEQ 1142: 0 changed, 2 vanished
19487 [2019-04-23 18:29:33.497] [foreground] [info] - Building queries for range 847-847
19487 [2019-04-23 18:29:33.497] [foreground] [info] - Building queries for range 851-851
19487 [2019-04-23 18:29:33.497] [foreground] [info] Unlinking messages  WHERE remoteFolderId = ? AND remoteUID IN (?,?) no longer present in remote range.
19487 [2019-04-23 18:29:33.530] [foreground] [info] -- 0 matches.
19487 [2019-04-23 18:29:33.535] [foreground] [info] Idling on folder INBOX
19487 [2019-04-23 18:29:43.614] [main] [info] [local-2ae3525b-e484] Running ChangeFolderTask performLocal:
19487 [2019-04-23 18:29:43.633] [main] [info] [local-2ae3525b-e484] -- Succeeded. Changing status to `remote`
19487 [2019-04-23 18:29:43.950] [foreground] [info] Idle exited with code 0
19487 [2019-04-23 18:29:43.954] [foreground] [info] [local-2ae3525b-e484] Running ChangeFolderTask performRemote:
19487 [2019-04-23 18:29:43.971] [foreground] [info] [local-2ae3525b-e484] -- Succeeded. Changing status to `complete`
19487 [2019-04-23 18:29:43.975] [foreground] [info] syncFolderChangesViaCondstore - INBOX: modseq 1143 to 1144, uidnext 870 to 870
19487 [2019-04-23 18:29:43.979] [foreground] [info] syncFolderChangesViaCondstore - Changes since HMODSEQ 1143: 0 changed, 1 vanished
19487 [2019-04-23 18:29:43.979] [foreground] [info] - Building queries for range 849-849
19487 [2019-04-23 18:29:43.979] [foreground] [info] Unlinking messages  WHERE remoteFolderId = ? AND remoteUID IN (?) no longer present in remote range.
19487 [2019-04-23 18:29:44.004] [foreground] [info] -- 0 matches.
19487 [2019-04-23 18:29:44.007] [foreground] [info] Idling on folder INBOX
19487 [2019-04-23 18:29:46.499] [metadata] [info] Metadata delta stream closed.
19487 [2019-04-23 18:29:46.504] [metadata] [info] Metadata delta stream starting...
19487 [2019-04-23 18:30:04.353] [main] [info] [local-3cbcdc2e-262b] Running ChangeFolderTask performLocal:
19487 [2019-04-23 18:30:04.369] [main] [info] [local-3cbcdc2e-262b] -- Succeeded. Changing status to `remote`
19487 [2019-04-23 18:30:04.674] [foreground] [info] Idle exited with code 0
19487 [2019-04-23 18:30:04.679] [foreground] [info] [local-3cbcdc2e-262b] Running ChangeFolderTask performRemote:
19487 [2019-04-23 18:30:04.694] [foreground] [info] [local-3cbcdc2e-262b] -- Succeeded. Changing status to `complete`
19487 [2019-04-23 18:30:04.699] [foreground] [info] syncFolderChangesViaCondstore - INBOX: modseq 1144 to 1145, uidnext 870 to 870
19487 [2019-04-23 18:30:04.702] [foreground] [info] syncFolderChangesViaCondstore - Changes since HMODSEQ 1144: 0 changed, 1 vanished
19487 [2019-04-23 18:30:04.703] [foreground] [info] - Building queries for range 850-850
19487 [2019-04-23 18:30:04.703] [foreground] [info] Unlinking messages  WHERE remoteFolderId = ? AND remoteUID IN (?) no longer present in remote range.
19487 [2019-04-23 18:30:04.727] [foreground] [info] -- 0 matches.
19487 [2019-04-23 18:30:04.730] [foreground] [info] Idling on folder INBOX
19487 [2019-04-23 18:30:12.764] [main] [info] [local-d1d335d6-dfe2] Running ChangeFolderTask performLocal:
19487 [2019-04-23 18:30:12.779] [main] [info] [local-d1d335d6-dfe2] -- Succeeded. Changing status to `remote`
19487 [2019-04-23 18:30:13.086] [foreground] [info] Idle exited with code 0
19487 [2019-04-23 18:30:13.090] [foreground] [info] [local-d1d335d6-dfe2] Running ChangeFolderTask performRemote:
19487 [2019-04-23 18:30:13.752] [foreground] [info] [local-d1d335d6-dfe2] -- Succeeded. Changing status to `complete`
19487 [2019-04-23 18:30:13.757] [foreground] [info] syncFolderChangesViaCondstore - INBOX: modseq 1145 to 1146, uidnext 870 to 870
19487 [2019-04-23 18:30:13.761] [foreground] [info] syncFolderChangesViaCondstore - Changes since HMODSEQ 1145: 0 changed, 1 vanished
19487 [2019-04-23 18:30:13.761] [foreground] [info] - Building queries for range 848-848
19487 [2019-04-23 18:30:13.762] [foreground] [info] Unlinking messages  WHERE remoteFolderId = ? AND remoteUID IN (?) no longer present in remote range.
19487 [2019-04-23 18:30:13.795] [foreground] [info] -- 0 matches.
19487 [2019-04-23 18:30:13.797] [foreground] [info] Idling on folder INBOX
19487 [2019-04-23 18:30:25.759] [main] [info] [local-b7bc59dd-3203] Running ChangeFolderTask performLocal:
19487 [2019-04-23 18:30:25.775] [main] [info] [local-b7bc59dd-3203] -- Succeeded. Changing status to `remote`
19487 [2019-04-23 18:30:26.080] [foreground] [info] Idle exited with code 0
19487 [2019-04-23 18:30:26.083] [foreground] [info] [local-b7bc59dd-3203] Running ChangeFolderTask performRemote:
19487 [2019-04-23 18:30:26.097] [foreground] [info] [local-b7bc59dd-3203] -- Succeeded. Changing status to `complete`
19487 [2019-04-23 18:30:26.104] [foreground] [info] syncFolderChangesViaCondstore - INBOX: modseq 1146 to 1147, uidnext 870 to 870
19487 [2019-04-23 18:30:26.109] [foreground] [info] syncFolderChangesViaCondstore - Changes since HMODSEQ 1146: 0 changed, 1 vanished
19487 [2019-04-23 18:30:26.109] [foreground] [info] - Building queries for range 846-846
19487 [2019-04-23 18:30:26.109] [foreground] [info] Unlinking messages  WHERE remoteFolderId = ? AND remoteUID IN (?) no longer present in remote range.
19487 [2019-04-23 18:30:26.146] [foreground] [info] -- 0 matches.
19487 [2019-04-23 18:30:26.149] [foreground] [info] Idling on folder INBOX
19487 [2019-04-23 18:30:43.350] [background] [info] Syncing folder list...
19487 [2019-04-23 18:30:43.374] [background] [info] syncFolderChangesViaCondstore - INBOX: modseq 1147 to 1147, uidnext 870 to 870
19487 [2019-04-23 18:30:43.390] [background] [info] syncFolderChangesViaCondstore - Sent: modseq 56 to 56, uidnext 50 to 50
19487 [2019-04-23 18:30:43.399] [background] [info] syncFolderChangesViaCondstore - Drafts: modseq 117 to 117, uidnext 46 to 46
19487 [2019-04-23 18:30:43.405] [background] [info] syncFolderChangesViaCondstore - Trash: modseq 16 to 16, uidnext 52 to 52
19487 [2019-04-23 18:30:43.411] [background] [info] syncFolderChangesViaCondstore - To: Guy: modseq 4 to 4, uidnext 20 to 20
19487 [2019-04-23 18:30:43.418] [background] [info] syncFolderChangesViaCondstore - Fr: Aziza: modseq 4 to 4, uidnext 12 to 12
19487 [2019-04-23 18:30:43.425] [background] [info] syncFolderChangesViaCondstore - Mailspring.Snoozed: modseq 1 to 1, uidnext 1 to 1
19487 [2019-04-23 18:30:43.427] [background] [info] Sync loop deleting unlinked messages with phase 2.
19487 [2019-04-23 18:30:43.429] [background] [info] Sync loop complete.
19487 [2019-04-23 18:30:45.290] [foreground] [info] Idle exited with code 0
19487 [2019-04-23 18:30:45.322] [foreground] [info] syncFolderChangesViaCondstore - INBOX: modseq 1147 to 1147, uidnext 870 to 870
19487 [2019-04-23 18:30:45.333] [foreground] [info] Idling on folder INBOX
19487 [2019-04-23 18:31:15.329] [main] [info] [local-aa4b9afa-a05c] Running ChangeFolderTask performLocal:
19487 [2019-04-23 18:31:15.339] [main] [info] [local-aa4b9afa-a05c] -- Succeeded. Changing status to `remote`
19487 [2019-04-23 18:31:15.645] [foreground] [info] Idle exited with code 0
19487 [2019-04-23 18:31:15.648] [foreground] [info] [local-aa4b9afa-a05c] Running ChangeFolderTask performRemote:
19487 [2019-04-23 18:31:15.659] [foreground] [info] [local-aa4b9afa-a05c] -- Succeeded. Changing status to `complete`
19487 [2019-04-23 18:31:15.664] [foreground] [info] syncFolderChangesViaCondstore - INBOX: modseq 1147 to 1148, uidnext 870 to 870
19487 [2019-04-23 18:31:15.668] [foreground] [info] syncFolderChangesViaCondstore - Changes since HMODSEQ 1147: 0 changed, 1 vanished
19487 [2019-04-23 18:31:15.668] [foreground] [info] - Building queries for range 844-844
19487 [2019-04-23 18:31:15.668] [foreground] [info] Unlinking messages  WHERE remoteFolderId = ? AND remoteUID IN (?) no longer present in remote range.
19487 [2019-04-23 18:31:15.692] [foreground] [info] -- 0 matches.
19487 [2019-04-23 18:31:15.694] [foreground] [info] Idling on folder INBOX
19487 [2019-04-23 18:31:44.566] [main] [info] [local-10385bfb-0787] Running ChangeFolderTask performLocal:
19487 [2019-04-23 18:31:44.582] [main] [info] [local-10385bfb-0787] -- Succeeded. Changing status to `remote`
19487 [2019-04-23 18:31:44.888] [foreground] [info] Idle exited with code 0
19487 [2019-04-23 18:31:44.890] [foreground] [info] [local-10385bfb-0787] Running ChangeFolderTask performRemote:
19487 [2019-04-23 18:31:45.091] [foreground] [info] [local-10385bfb-0787] -- Succeeded. Changing status to `complete`
19487 [2019-04-23 18:31:45.096] [foreground] [info] syncFolderChangesViaCondstore - INBOX: modseq 1148 to 1149, uidnext 870 to 870
19487 [2019-04-23 18:31:45.100] [foreground] [info] syncFolderChangesViaCondstore - Changes since HMODSEQ 1148: 0 changed, 1 vanished
19487 [2019-04-23 18:31:45.100] [foreground] [info] - Building queries for range 843-843
19487 [2019-04-23 18:31:45.101] [foreground] [info] Unlinking messages  WHERE remoteFolderId = ? AND remoteUID IN (?) no longer present in remote range.
19487 [2019-04-23 18:31:45.135] [foreground] [info] -- 0 matches.
19487 [2019-04-23 18:31:45.142] [foreground] [info] Idling on folder INBOX
19487 [2019-04-23 18:32:27.592] [foreground] [info] Idle exited with code 0
19487 [2019-04-23 18:32:27.595] [foreground] [info] Fetching body for message ID YYsaDpxzh5axxdeyjoFSecJxrUPxKmx7VyLUHCjY4
19487 [2019-04-23 18:32:27.981] [foreground] [info] syncFolderChangesViaCondstore - INBOX: modseq 1149 to 1149, uidnext 870 to 870
19487 [2019-04-23 18:32:27.987] [foreground] [info] Idling on folder INBOX
19487 [2019-04-23 18:32:30.438] [foreground] [info] Idle exited with code 0
19487 [2019-04-23 18:32:30.438] [foreground] [info] Fetching body for message ID i3izyNpaqqnazoaS1njkJ5uyFbieoHiGPeMm8D8Bx
19487 [2019-04-23 18:32:30.501] [foreground] [info] syncFolderChangesViaCondstore - INBOX: modseq 1149 to 1149, uidnext 870 to 870
19487 [2019-04-23 18:32:30.503] [foreground] [info] Idling on folder INBOX
19487 [2019-04-23 18:32:34.958] [foreground] [info] Idle exited with code 0
19487 [2019-04-23 18:32:34.959] [foreground] [info] Fetching body for message ID hPAnBtpqohosAdRoQTXfYhd5ucXnW49JUSdCKjFpe
19487 [2019-04-23 18:32:35.060] [foreground] [info] syncFolderChangesViaCondstore - INBOX: modseq 1149 to 1149, uidnext 870 to 870
19487 [2019-04-23 18:32:35.063] [foreground] [info] Idling on folder INBOX
19487 [2019-04-23 18:32:39.103] [foreground] [info] Idle exited with code 0
19487 [2019-04-23 18:32:39.104] [foreground] [info] Fetching body for message ID F6HgdG9AKfoYnMEuX5GbrYWU7FU8ZzWGDxaxPyqUr
19487 [2019-04-23 18:32:39.158] [foreground] [info] syncFolderChangesViaCondstore - INBOX: modseq 1149 to 1149, uidnext 870 to 870
19487 [2019-04-23 18:32:39.163] [foreground] [info] Idling on folder INBOX
19487 [2019-04-23 18:32:43.148] [foreground] [info] Idle exited with code 0
19487 [2019-04-23 18:32:43.149] [foreground] [info] Fetching body for message ID kbssBMmrYMQ6cewqRVw5vep21kvGsCY98pt4138dQ
19487 [2019-04-23 18:32:43.186] [foreground] [info] syncFolderChangesViaCondstore - INBOX: modseq 1149 to 1149, uidnext 870 to 870
19487 [2019-04-23 18:32:43.190] [foreground] [info] Idling on folder INBOX
19487 [2019-04-23 18:32:43.429] [background] [info] Syncing folder list...
19487 [2019-04-23 18:32:43.449] [background] [info] syncFolderChangesViaCondstore - INBOX: modseq 1149 to 1149, uidnext 870 to 870
19487 [2019-04-23 18:32:43.480] [background] [info] syncFolderChangesViaCondstore - Sent: modseq 56 to 56, uidnext 50 to 50
19487 [2019-04-23 18:32:43.488] [background] [info] syncFolderChangesViaCondstore - Drafts: modseq 117 to 117, uidnext 46 to 46
19487 [2019-04-23 18:32:43.501] [background] [info] syncFolderChangesViaCondstore - Trash: modseq 16 to 16, uidnext 52 to 52
19487 [2019-04-23 18:32:43.507] [background] [info] syncFolderChangesViaCondstore - To: Guy: modseq 4 to 4, uidnext 20 to 20
19487 [2019-04-23 18:32:43.512] [background] [info] syncFolderChangesViaCondstore - Fr: Aziza: modseq 4 to 4, uidnext 12 to 12
19487 [2019-04-23 18:32:43.517] [background] [info] syncFolderChangesViaCondstore - Mailspring.Snoozed: modseq 1 to 1, uidnext 1 to 1
19487 [2019-04-23 18:32:43.518] [background] [info] Sync loop deleting unlinked messages with phase 1.
19487 [2019-04-23 18:32:43.519] [background] [info] Sync loop complete.
19487 [2019-04-23 18:32:44.401] [foreground] [info] Idle exited with code 0
19487 [2019-04-23 18:32:44.402] [foreground] [info] Fetching body for message ID VE42ka27cuYXoybaUvumv6XvgnDP5xSht5A4HpCY7
19487 [2019-04-23 18:32:44.437] [foreground] [info] syncFolderChangesViaCondstore - INBOX: modseq 1149 to 1149, uidnext 870 to 870
19487 [2019-04-23 18:32:44.441] [foreground] [info] Idling on folder INBOX
19487 [2019-04-23 18:32:45.509] [foreground] [info] Idle exited with code 0
19487 [2019-04-23 18:32:45.517] [foreground] [info] syncFolderChangesViaCondstore - INBOX: modseq 1149 to 1149, uidnext 870 to 870
19487 [2019-04-23 18:32:45.530] [foreground] [info] Idling on folder INBOX
19487 [2019-04-23 18:34:43.519] [background] [info] Syncing folder list...
19487 [2019-04-23 18:34:43.536] [background] [info] syncFolderChangesViaCondstore - INBOX: modseq 1149 to 1149, uidnext 870 to 870
19487 [2019-04-23 18:34:43.550] [background] [info] syncFolderChangesViaCondstore - Sent: modseq 56 to 56, uidnext 50 to 50
19487 [2019-04-23 18:34:43.557] [background] [info] syncFolderChangesViaCondstore - Drafts: modseq 117 to 117, uidnext 46 to 46
19487 [2019-04-23 18:34:43.562] [background] [info] syncFolderChangesViaCondstore - Trash: modseq 16 to 16, uidnext 52 to 52
19487 [2019-04-23 18:34:43.567] [background] [info] syncFolderChangesViaCondstore - To: Guy: modseq 4 to 4, uidnext 20 to 20
19487 [2019-04-23 18:34:43.576] [background] [info] syncFolderChangesViaCondstore - Fr: Aziza: modseq 4 to 4, uidnext 12 to 12
19487 [2019-04-23 18:34:43.581] [background] [info] syncFolderChangesViaCondstore - Mailspring.Snoozed: modseq 1 to 1, uidnext 1 to 1
19487 [2019-04-23 18:34:43.582] [background] [info] Sync loop deleting unlinked messages with phase 2.
19487 [2019-04-23 18:34:43.584] [background] [info] Sync loop complete.
19487 [2019-04-23 18:34:52.590] [foreground] [info] Idle exited with code 0
19487 [2019-04-23 18:34:52.596] [foreground] [info] syncFolderChangesViaCondstore - INBOX: modseq 1149 to 1149, uidnext 870 to 870
19487 [2019-04-23 18:34:52.602] [foreground] [info] Idling on folder INBOX
19487 [2019-04-23 18:36:43.584] [background] [info] Syncing folder list...
19487 [2019-04-23 18:36:43.604] [background] [info] syncFolderChangesViaCondstore - INBOX: modseq 1149 to 1149, uidnext 870 to 870
19487 [2019-04-23 18:36:43.626] [background] [info] syncFolderChangesViaCondstore - Sent: modseq 56 to 56, uidnext 50 to 50
19487 [2019-04-23 18:36:43.633] [background] [info] syncFolderChangesViaCondstore - Drafts: modseq 117 to 117, uidnext 46 to 46
19487 [2019-04-23 18:36:43.638] [background] [info] syncFolderChangesViaCondstore - Trash: modseq 16 to 16, uidnext 52 to 52
19487 [2019-04-23 18:36:43.644] [background] [info] syncFolderChangesViaCondstore - To: Guy: modseq 4 to 4, uidnext 20 to 20
19487 [2019-04-23 18:36:43.651] [background] [info] syncFolderChangesViaCondstore - Fr: Aziza: modseq 4 to 4, uidnext 12 to 12
19487 [2019-04-23 18:36:43.659] [background] [info] syncFolderChangesViaCondstore - Mailspring.Snoozed: modseq 1 to 1, uidnext 1 to 1
19487 [2019-04-23 18:36:43.660] [background] [info] Sync loop deleting unlinked messages with phase 1.
19487 [2019-04-23 18:36:43.662] [background] [info] Sync loop complete.
19487 [2019-04-23 18:36:45.743] [foreground] [info] Idle exited with code 0
19487 [2019-04-23 18:36:45.749] [foreground] [info] syncFolderChangesViaCondstore - INBOX: modseq 1149 to 1149, uidnext 870 to 870
19487 [2019-04-23 18:36:45.758] [foreground] [info] Idling on folder INBOX
19487 [2019-04-24 10:19:47.647] [background] [info] Syncing folder list...
19487 [2019-04-24 10:19:48.648] [metadataExpiration] [info] Scanning for expired metadata
19487 [2019-04-24 10:19:48.648] [metadataExpiration] [info] -- Will wake for next expiration in 7200sec
19487 [2019-04-24 10:20:14.054] [main] [info] Waking all workers...
19487 [2019-04-24 10:20:14.681] [metadata] [info] Metadata delta stream timed out.
19487 [2019-04-24 10:20:14.714] [metadata] [info] Encountered error: {"debuginfo":"https://62475ada-59a4-476d-a355-12fe294b3c1a:@id.getmailspring.com/deltas/a89d5b29/streaming?p=linux&ih=tibre.lip6.fr&cursor=27109581","key":"Timeout was reached","retryable":true,"what":"std::exception"}. Will retry in 3 sec.
19487 [2019-04-24 10:20:15.058] [metadataExpiration] [info] Scanning for expired metadata
19487 [2019-04-24 10:20:15.059] [metadataExpiration] [info] -- Will wake for next expiration in 7200sec
19487 [2019-04-24 10:20:17.715] [metadata] [info] Metadata delta stream starting...
19487 [2019-04-24 10:20:17.728] [background] [info] Sleeping after exception: {"debuginfo":"syncFoldersAndLabels - fetchAllFolders","key":"ErrorConnection","retryable":true,"what":"std::exception"}
19487 [2019-04-24 10:20:44.672] [foreground] [info] Idle exited with code 1
19487 [2019-04-24 10:20:45.871] [foreground] [info] syncFolderChangesViaCondstore - INBOX: modseq 1149 to 1149, uidnext 870 to 870
19487 [2019-04-24 10:20:45.892] [foreground] [info] Idling on folder INBOX
24893 [2019-04-24 10:22:35.535] [main] [info] Identity created at 1551184549 - using ID Schema 1
24893 [2019-04-24 10:22:35.538] [main] [info] ------------- Starting Sync (djoudi@lip6.fr) ---------------
24893 [2019-04-24 10:22:35.556] [metadata] [info] Metadata delta stream starting...
24893 [2019-04-24 10:22:35.557] [background] [info] Marking all folders as `busy`
24893 [2019-04-24 10:22:35.562] [background] [info] Syncing folder list...
24893 [2019-04-24 10:22:36.229] [background] [info] Syncing folder list...
24893 [2019-04-24 10:22:36.344] [background] [info] syncFolderChangesViaCondstore - INBOX: modseq 1149 to 1149, uidnext 870 to 870
24893 [2019-04-24 10:22:36.383] [background] [info] Cleaning local cache and updating stats
24893 [2019-04-24 10:22:36.440] [background] [info] -- 0 message bodies deleted from local cache.
24893 [2019-04-24 10:22:36.470] [background] [info] syncFolderChangesViaCondstore - Sent: modseq 56 to 56, uidnext 50 to 50
24893 [2019-04-24 10:22:36.490] [background] [info] Cleaning local cache and updating stats
24893 [2019-04-24 10:22:36.498] [background] [info] -- 0 message bodies deleted from local cache.
24893 [2019-04-24 10:22:36.521] [background] [info] syncFolderChangesViaCondstore - Drafts: modseq 117 to 117, uidnext 46 to 46
24893 [2019-04-24 10:22:36.558] [background] [info] Cleaning local cache and updating stats
24893 [2019-04-24 10:22:36.635] [background] [info] -- 0 message bodies deleted from local cache.
24893 [2019-04-24 10:22:36.656] [background] [info] syncFolderChangesViaCondstore - Trash: modseq 16 to 35, uidnext 52 to 74
24893 [2019-04-24 10:22:36.691] [background] [info] syncFolderChangesViaCondstore - Changes since HMODSEQ 16: 22 changed, 0 vanished
24893 [2019-04-24 10:22:36.761] [background] [info] Cleaning local cache and updating stats
24893 [2019-04-24 10:22:36.792] [background] [info] -- 0 message bodies deleted from local cache.
24893 [2019-04-24 10:22:36.808] [background] [info] syncFolderChangesViaCondstore - To: Guy: modseq 4 to 4, uidnext 20 to 20
24893 [2019-04-24 10:22:36.809] [background] [info] Cleaning local cache and updating stats
24893 [2019-04-24 10:22:36.817] [background] [info] -- 0 message bodies deleted from local cache.
24893 [2019-04-24 10:22:36.840] [background] [info] syncFolderChangesViaCondstore - Fr: Aziza: modseq 4 to 4, uidnext 12 to 12
24893 [2019-04-24 10:22:36.840] [background] [info] Cleaning local cache and updating stats
24893 [2019-04-24 10:22:36.864] [background] [info] -- 0 message bodies deleted from local cache.
24893 [2019-04-24 10:22:36.959] [foreground] [info] syncFolderChangesViaCondstore - INBOX: modseq 1149 to 1149, uidnext 870 to 870
24893 [2019-04-24 10:22:36.966] [background] [info] syncFolderChangesViaCondstore - Mailspring.Snoozed: modseq 1 to 1, uidnext 1 to 1
24893 [2019-04-24 10:22:36.973] [background] [info] Cleaning local cache and updating stats
24893 [2019-04-24 10:22:37.018] [background] [info] -- 0 message bodies deleted from local cache.
24893 [2019-04-24 10:22:37.039] [foreground] [info] Idling on folder INBOX
24893 [2019-04-24 10:22:37.139] [background] [info] Sync loop deleting unlinked messages with phase 2.
24893 [2019-04-24 10:22:37.140] [background] [info] Sync loop complete.
24893 [2019-04-24 10:22:45.067] [foreground] [info] Idle exited with code 0
24893 [2019-04-24 10:22:45.072] [foreground] [info] syncFolderChangesViaCondstore - INBOX: modseq 1149 to 1149, uidnext 870 to 870
24893 [2019-04-24 10:22:45.079] [foreground] [info] Idling on folder INBOX
24893 [2019-04-24 10:22:50.549] [metadataExpiration] [info] Scanning for expired metadata
24893 [2019-04-24 10:22:50.550] [metadataExpiration] [info] -- Will wake for next expiration in 7200sec
24893 [2019-04-24 10:24:37.140] [background] [info] Syncing folder list...
24893 [2019-04-24 10:24:37.162] [background] [info] syncFolderChangesViaCondstore - INBOX: modseq 1149 to 1149, uidnext 870 to 870
24893 [2019-04-24 10:24:37.186] [background] [info] syncFolderChangesViaCondstore - Sent: modseq 56 to 56, uidnext 50 to 50
24893 [2019-04-24 10:24:37.199] [background] [info] syncFolderChangesViaCondstore - Drafts: modseq 117 to 117, uidnext 46 to 46
24893 [2019-04-24 10:24:37.205] [background] [info] syncFolderChangesViaCondstore - Trash: modseq 35 to 35, uidnext 74 to 74
24893 [2019-04-24 10:24:37.213] [background] [info] syncFolderChangesViaCondstore - To: Guy: modseq 4 to 4, uidnext 20 to 20
24893 [2019-04-24 10:24:38.719] [background] [info] syncFolderChangesViaCondstore - Fr: Aziza: modseq 4 to 4, uidnext 12 to 12
24893 [2019-04-24 10:24:38.727] [background] [info] syncFolderChangesViaCondstore - Mailspring.Snoozed: modseq 1 to 1, uidnext 1 to 1
24893 [2019-04-24 10:24:38.729] [background] [info] Sync loop deleting unlinked messages with phase 1.
24893 [2019-04-24 10:24:38.731] [background] [info] Sync loop complete.
24893 [2019-04-24 10:24:45.206] [foreground] [info] Idle exited with code 0
24893 [2019-04-24 10:24:45.214] [foreground] [info] syncFolderChangesViaCondstore - INBOX: modseq 1149 to 1149, uidnext 870 to 870
24893 [2019-04-24 10:24:45.227] [foreground] [info] Idling on folder INBOX
24893 [2019-04-24 10:26:38.731] [background] [info] Syncing folder list...
24893 [2019-04-24 10:26:38.816] [background] [info] syncFolderChangesViaCondstore - INBOX: modseq 1149 to 1149, uidnext 870 to 870
24893 [2019-04-24 10:26:38.825] [background] [info] syncFolderChangesViaCondstore - Sent: modseq 56 to 56, uidnext 50 to 50
24893 [2019-04-24 10:26:38.833] [background] [info] syncFolderChangesViaCondstore - Drafts: modseq 117 to 117, uidnext 46 to 46
24893 [2019-04-24 10:26:38.842] [background] [info] syncFolderChangesViaCondstore - Trash: modseq 35 to 35, uidnext 74 to 74
24893 [2019-04-24 10:26:38.853] [background] [info] syncFolderChangesViaCondstore - To: Guy: modseq 4 to 4, uidnext 20 to 20
24893 [2019-04-24 10:26:38.865] [background] [info] syncFolderChangesViaCondstore - Fr: Aziza: modseq 4 to 4, uidnext 12 to 12
24893 [2019-04-24 10:26:38.873] [background] [info] syncFolderChangesViaCondstore - Mailspring.Snoozed: modseq 1 to 1, uidnext 1 to 1
24893 [2019-04-24 10:26:38.881] [background] [info] Sync loop deleting unlinked messages with phase 2.
24893 [2019-04-24 10:26:38.882] [background] [info] Sync loop complete.
24893 [2019-04-24 10:26:45.295] [foreground] [info] Idle exited with code 0
24893 [2019-04-24 10:26:45.299] [foreground] [info] syncFolderChangesViaCondstore - INBOX: modseq 1149 to 1149, uidnext 870 to 870
24893 [2019-04-24 10:26:45.303] [foreground] [info] Idling on folder INBOX
