<<<<<<< HEAD
24373 [2019-07-09 18:35:45.654] [main] [info] Identity created at 1551184549 - using ID Schema 1
24373 [2019-07-09 18:35:45.657] [main] [info] ------------- Starting Sync (aghiles.djoudi@esiee.fr) ---------------
24373 [2019-07-09 18:35:45.669] [background] [info] Fetching XOAuth2 access token from Gmail for 256fd50d
24373 [2019-07-09 18:35:45.768] [background] [info] Marking all folders as `busy`
24373 [2019-07-09 18:35:45.768] [background] [info] Syncing folder list...
24373 [2019-07-09 18:35:46.106] [background] [info] Syncing folder list...
24373 [2019-07-09 18:35:46.247] [background] [info] syncFolderUIDRange for [Gmail]/Tous les messages, UIDs: 1 - 15, Heavy: true
24373 [2019-07-09 18:35:46.372] [foreground] [info] Idling on folder [Gmail]/Tous les messages
24373 [2019-07-09 18:35:46.390] [background] [info] - remote=14, local=0
24373 [2019-07-09 18:35:46.572] [background] [info] syncFolderUIDRange for [Gmail]/Tous les messages, UIDs: 1 - 15, Heavy: false
24373 [2019-07-09 18:35:46.621] [background] [info] - remote=14, local=14
24373 [2019-07-09 18:35:47.133] [metadata] [info] Received metadata V1 for (message - DZ1wWkmypV8GfXPKtcTVZvbmTcpYvJ5amnRo6E4J1)
24373 [2019-07-09 18:35:47.133] [metadata] [info]  -- Saved on to local model.
24373 [2019-07-09 18:35:47.135] [metadata] [info] Metadata delta stream starting...
24373 [2019-07-09 18:35:52.240] [background] [info] Cleaning local cache and updating stats
24373 [2019-07-09 18:35:52.272] [background] [info] -- 0 message bodies deleted from local cache.
24373 [2019-07-09 18:35:52.328] [background] [info] syncFolderUIDRange for [Gmail]/Corbeille, UIDs: 1 - 1, Heavy: false
24373 [2019-07-09 18:35:52.417] [background] [info] - remote=0, local=0
24373 [2019-07-09 18:35:52.417] [background] [info] Cleaning local cache and updating stats
24373 [2019-07-09 18:35:52.448] [background] [info] -- 0 message bodies deleted from local cache.
24373 [2019-07-09 18:35:52.501] [background] [info] syncFolderUIDRange for [Gmail]/Spam, UIDs: 1 - 1, Heavy: false
24373 [2019-07-09 18:35:52.588] [background] [info] - remote=0, local=0
24373 [2019-07-09 18:35:52.588] [background] [info] Cleaning local cache and updating stats
24373 [2019-07-09 18:35:52.610] [background] [info] -- 0 message bodies deleted from local cache.
24373 [2019-07-09 18:35:52.620] [background] [info] Sync loop deleting unlinked messages with phase 2.
24373 [2019-07-09 18:35:52.621] [background] [info] Sync loop complete.
24373 [2019-07-09 18:35:52.621] [background] [info] Syncing folder list...
24373 [2019-07-09 18:35:52.704] [background] [info] syncFolderUIDRange for [Gmail]/Tous les messages, UIDs: 1 - 0, Heavy: false
24373 [2019-07-09 18:35:52.817] [background] [info] - remote=14, local=14
24373 [2019-07-09 18:35:52.860] [background] [info] syncFolderUIDRange for [Gmail]/Corbeille, UIDs: 1 - 0, Heavy: false
24373 [2019-07-09 18:35:52.947] [background] [info] - remote=0, local=0
24373 [2019-07-09 18:35:52.988] [background] [info] syncFolderUIDRange for [Gmail]/Spam, UIDs: 1 - 0, Heavy: false
24373 [2019-07-09 18:35:53.077] [background] [info] - remote=0, local=0
24373 [2019-07-09 18:35:53.079] [background] [info] Sync loop deleting unlinked messages with phase 1.
24373 [2019-07-09 18:35:53.079] [background] [info] Sync loop complete.
24373 [2019-07-09 18:36:00.673] [metadataExpiration] [info] Scanning for expired metadata
24373 [2019-07-09 18:36:00.674] [metadataExpiration] [info] -- Will wake for next expiration in 7200sec
24373 [2019-07-09 18:37:53.080] [background] [info] Syncing folder list...
24373 [2019-07-09 18:37:53.166] [background] [info] syncFolderUIDRange for [Gmail]/Tous les messages, UIDs: 1 - 15, Heavy: false
24373 [2019-07-09 18:37:53.328] [background] [info] - remote=14, local=14
24373 [2019-07-09 18:37:53.371] [background] [info] syncFolderUIDRange for [Gmail]/Corbeille, UIDs: 1 - 1, Heavy: false
24373 [2019-07-09 18:37:53.461] [background] [info] - remote=0, local=0
24373 [2019-07-09 18:37:53.506] [background] [info] Sync loop deleting unlinked messages with phase 2.
24373 [2019-07-09 18:37:53.507] [background] [info] Sync loop complete.
24373 [2019-07-09 18:39:53.507] [background] [info] Syncing folder list...
24373 [2019-07-09 18:39:53.684] [background] [info] syncFolderUIDRange for [Gmail]/Spam, UIDs: 1 - 1, Heavy: false
24373 [2019-07-09 18:39:53.773] [background] [info] - remote=0, local=0
24373 [2019-07-09 18:39:53.775] [background] [info] Sync loop deleting unlinked messages with phase 1.
24373 [2019-07-09 18:39:53.776] [background] [info] Sync loop complete.
24373 [2019-07-09 18:41:53.776] [background] [info] Syncing folder list...
24373 [2019-07-09 18:41:53.864] [background] [info] syncFolderUIDRange for [Gmail]/Tous les messages, UIDs: 1 - 15, Heavy: false
24373 [2019-07-09 18:41:53.965] [background] [info] - remote=14, local=14
24373 [2019-07-09 18:41:54.007] [background] [info] syncFolderUIDRange for [Gmail]/Corbeille, UIDs: 1 - 1, Heavy: false
24373 [2019-07-09 18:41:54.094] [background] [info] - remote=0, local=0
24373 [2019-07-09 18:41:54.136] [background] [info] syncFolderUIDRange for [Gmail]/Spam, UIDs: 1 - 1, Heavy: false
24373 [2019-07-09 18:41:54.223] [background] [info] - remote=0, local=0
24373 [2019-07-09 18:41:54.224] [background] [info] Sync loop deleting unlinked messages with phase 2.
24373 [2019-07-09 18:41:54.224] [background] [info] Sync loop complete.
3257 [2019-07-09 18:43:24.117] [main] [info] Identity created at 1551184549 - using ID Schema 1
3257 [2019-07-09 18:43:24.257] [main] [info] ------------- Starting Sync (aghiles.djoudi@esiee.fr) ---------------
3257 [2019-07-09 18:43:24.260] [background] [info] Fetching XOAuth2 access token from Gmail for 256fd50d
3257 [2019-07-09 18:43:24.266] [metadata] [info] Metadata delta stream starting...
3257 [2019-07-09 18:43:24.360] [background] [info] Marking all folders as `busy`
3257 [2019-07-09 18:43:24.361] [background] [info] Syncing folder list...
3257 [2019-07-09 18:43:24.938] [background] [info] Syncing folder list...
3257 [2019-07-09 18:43:25.104] [background] [info] Sync loop deleting unlinked messages with phase 2.
3257 [2019-07-09 18:43:25.104] [background] [info] Sync loop complete.
3257 [2019-07-09 18:43:25.265] [foreground] [info] syncFolderChangesViaCondstore - [Gmail]/Tous les messages: modseq 2922 to 2922, uidnext 15 to 15
3257 [2019-07-09 18:43:25.265] [foreground] [info] Idling on folder [Gmail]/Tous les messages
3257 [2019-07-09 18:43:39.264] [metadataExpiration] [info] Scanning for expired metadata
3257 [2019-07-09 18:43:39.265] [metadataExpiration] [info] -- Will wake for next expiration in 7200sec
3257 [2019-07-09 18:45:25.105] [background] [info] Syncing folder list...
3257 [2019-07-09 18:45:25.195] [background] [info] syncFolderUIDRange for [Gmail]/Tous les messages, UIDs: 1 - 15, Heavy: false
3257 [2019-07-09 18:45:25.307] [background] [info] - remote=14, local=14
3257 [2019-07-09 18:45:25.352] [background] [info] syncFolderUIDRange for [Gmail]/Corbeille, UIDs: 1 - 1, Heavy: false
3257 [2019-07-09 18:45:25.438] [background] [info] - remote=0, local=0
3257 [2019-07-09 18:45:25.480] [background] [info] syncFolderUIDRange for [Gmail]/Spam, UIDs: 1 - 1, Heavy: false
3257 [2019-07-09 18:45:25.567] [background] [info] - remote=0, local=0
3257 [2019-07-09 18:45:25.568] [background] [info] Sync loop deleting unlinked messages with phase 1.
3257 [2019-07-09 18:45:25.568] [background] [info] Sync loop complete.
5692 [2019-07-09 18:46:57.671] [main] [info] Identity created at 1551184549 - using ID Schema 1
5692 [2019-07-09 18:46:57.673] [main] [info] ------------- Starting Sync (aghiles.djoudi@esiee.fr) ---------------
5692 [2019-07-09 18:46:57.679] [background] [info] Fetching XOAuth2 access token from Gmail for 256fd50d
5692 [2019-07-09 18:46:57.680] [metadata] [info] Metadata delta stream starting...
5692 [2019-07-09 18:46:57.798] [background] [info] Marking all folders as `busy`
5692 [2019-07-09 18:46:57.800] [background] [info] Syncing folder list...
5692 [2019-07-09 18:47:03.334] [background] [info] Syncing folder list...
5692 [2019-07-09 18:47:03.512] [background] [info] Sync loop deleting unlinked messages with phase 2.
5692 [2019-07-09 18:47:03.513] [background] [info] Sync loop complete.
5692 [2019-07-09 18:47:03.713] [foreground] [info] syncFolderChangesViaCondstore - [Gmail]/Tous les messages: modseq 2922 to 2922, uidnext 15 to 15
5692 [2019-07-09 18:47:03.715] [foreground] [info] Idling on folder [Gmail]/Tous les messages
5692 [2019-07-09 18:47:12.682] [metadataExpiration] [info] Scanning for expired metadata
5692 [2019-07-09 18:47:12.683] [metadataExpiration] [info] -- Will wake for next expiration in 7200sec
5692 [2019-07-09 18:49:03.513] [background] [info] Syncing folder list...
5692 [2019-07-09 18:49:03.603] [background] [info] syncFolderUIDRange for [Gmail]/Tous les messages, UIDs: 1 - 0, Heavy: false
5692 [2019-07-09 18:49:03.718] [background] [info] - remote=14, local=14
5692 [2019-07-09 18:49:03.763] [background] [info] syncFolderUIDRange for [Gmail]/Corbeille, UIDs: 1 - 0, Heavy: false
5692 [2019-07-09 18:49:03.850] [background] [info] - remote=0, local=0
5692 [2019-07-09 18:49:03.891] [background] [info] syncFolderUIDRange for [Gmail]/Spam, UIDs: 1 - 0, Heavy: false
5692 [2019-07-09 18:49:03.980] [background] [info] - remote=0, local=0
5692 [2019-07-09 18:49:03.981] [background] [info] Sync loop deleting unlinked messages with phase 1.
5692 [2019-07-09 18:49:03.981] [background] [info] Sync loop complete.
6998 [2019-07-09 18:49:42.392] [main] [info] Identity created at 1551184549 - using ID Schema 1
6998 [2019-07-09 18:49:42.395] [main] [info] ------------- Starting Sync (aghiles.djoudi@esiee.fr) ---------------
6998 [2019-07-09 18:49:42.408] [background] [info] Fetching XOAuth2 access token from Gmail for 256fd50d
6998 [2019-07-09 18:49:42.411] [metadata] [info] Metadata delta stream starting...
6998 [2019-07-09 18:49:42.482] [background] [info] Marking all folders as `busy`
6998 [2019-07-09 18:49:42.483] [background] [info] Syncing folder list...
6998 [2019-07-09 18:49:42.856] [background] [info] Syncing folder list...
6998 [2019-07-09 18:49:43.022] [background] [info] Sync loop deleting unlinked messages with phase 2.
6998 [2019-07-09 18:49:43.023] [background] [info] Sync loop complete.
6998 [2019-07-09 18:49:43.403] [foreground] [info] syncFolderChangesViaCondstore - [Gmail]/Tous les messages: modseq 2922 to 2922, uidnext 15 to 15
6998 [2019-07-09 18:49:43.405] [foreground] [info] Idling on folder [Gmail]/Tous les messages
6998 [2019-07-09 18:49:57.407] [metadataExpiration] [info] Scanning for expired metadata
6998 [2019-07-09 18:49:57.408] [metadataExpiration] [info] -- Will wake for next expiration in 7200sec
7954 [2019-07-09 18:50:55.723] [main] [info] Identity created at 1551184549 - using ID Schema 1
7954 [2019-07-09 18:50:55.726] [main] [info] ------------- Starting Sync (aghiles.djoudi@esiee.fr) ---------------
7954 [2019-07-09 18:50:55.745] [background] [info] Fetching XOAuth2 access token from Gmail for 256fd50d
7954 [2019-07-09 18:50:55.747] [metadata] [info] Metadata delta stream starting...
7954 [2019-07-09 18:50:55.859] [background] [info] Marking all folders as `busy`
7954 [2019-07-09 18:50:55.870] [background] [info] Syncing folder list...
7954 [2019-07-09 18:50:56.393] [background] [info] Syncing folder list...
7954 [2019-07-09 18:50:56.567] [background] [info] Sync loop deleting unlinked messages with phase 2.
7954 [2019-07-09 18:50:56.567] [background] [info] Sync loop complete.
7954 [2019-07-09 18:50:56.693] [foreground] [info] syncFolderChangesViaCondstore - [Gmail]/Tous les messages: modseq 2922 to 2922, uidnext 15 to 15
7954 [2019-07-09 18:50:56.694] [foreground] [info] Idling on folder [Gmail]/Tous les messages
7954 [2019-07-09 18:51:10.746] [metadataExpiration] [info] Scanning for expired metadata
7954 [2019-07-09 18:51:10.746] [metadataExpiration] [info] -- Will wake for next expiration in 7200sec
8868 [2019-07-09 18:52:42.295] [main] [info] Identity created at 1551184549 - using ID Schema 1
8868 [2019-07-09 18:52:42.298] [main] [info] ------------- Starting Sync (aghiles.djoudi@esiee.fr) ---------------
8868 [2019-07-09 18:52:42.305] [background] [info] Fetching XOAuth2 access token from Gmail for 256fd50d
8868 [2019-07-09 18:52:42.306] [metadata] [info] Metadata delta stream starting...
8868 [2019-07-09 18:52:42.402] [background] [info] Marking all folders as `busy`
8868 [2019-07-09 18:52:42.403] [background] [info] Syncing folder list...
8868 [2019-07-09 18:52:42.737] [background] [info] Syncing folder list...
8868 [2019-07-09 18:52:42.821] [background] [info] syncFolderUIDRange for [Gmail]/Tous les messages, UIDs: 1 - 15, Heavy: false
8868 [2019-07-09 18:52:42.921] [background] [info] - remote=14, local=14
8868 [2019-07-09 18:52:42.988] [background] [info] syncFolderUIDRange for [Gmail]/Corbeille, UIDs: 1 - 1, Heavy: false
8868 [2019-07-09 18:52:43.075] [background] [info] - remote=0, local=0
8868 [2019-07-09 18:52:43.118] [background] [info] syncFolderUIDRange for [Gmail]/Spam, UIDs: 1 - 1, Heavy: false
8868 [2019-07-09 18:52:43.205] [background] [info] - remote=0, local=0
8868 [2019-07-09 18:52:43.205] [background] [info] Sync loop deleting unlinked messages with phase 2.
8868 [2019-07-09 18:52:43.205] [background] [info] Sync loop complete.
8868 [2019-07-09 18:52:43.242] [foreground] [info] syncFolderChangesViaCondstore - [Gmail]/Tous les messages: modseq 2922 to 2922, uidnext 15 to 15
8868 [2019-07-09 18:52:43.243] [foreground] [info] Idling on folder [Gmail]/Tous les messages
7954 [2019-07-09 18:52:56.567] [background] [info] Syncing folder list...
7954 [2019-07-09 18:52:56.747] [background] [info] Sync loop deleting unlinked messages with phase 1.
7954 [2019-07-09 18:52:56.748] [background] [info] Sync loop complete.
8868 [2019-07-09 18:52:57.308] [metadataExpiration] [info] Scanning for expired metadata
8868 [2019-07-09 18:52:57.309] [metadataExpiration] [info] -- Will wake for next expiration in 7200sec
=======
7872 [2019-07-09 21:18:56.021] [main] [info] Identity created at 1551184549 - using ID Schema 1
7872 [2019-07-09 21:18:56.023] [main] [info] ------------- Starting Sync (aghiles.djoudi@esiee.fr) ---------------
7872 [2019-07-09 21:18:56.031] [background] [info] Fetching XOAuth2 access token from Gmail for 256fd50d
7872 [2019-07-09 21:18:56.151] [background] [info] Marking all folders as `busy`
7872 [2019-07-09 21:18:56.154] [background] [info] Syncing folder list...
7872 [2019-07-09 21:18:56.710] [background] [info] Syncing folder list...
7872 [2019-07-09 21:18:56.834] [background] [info] syncFolderUIDRange for [Gmail]/Tous les messages, UIDs: 1 - 15, Heavy: true
7872 [2019-07-09 21:18:56.892] [metadata] [info] Received metadata V1 for (message - DZ1wWkmypV8GfXPKtcTVZvbmTcpYvJ5amnRo6E4J1)
7872 [2019-07-09 21:18:56.892] [metadata] [info]  -- Local model is not present. Saving to waiting table.
7872 [2019-07-09 21:18:56.892] [metadata] [info] Metadata delta stream starting...
7872 [2019-07-09 21:18:57.209] [foreground] [info] Idling on folder [Gmail]/Tous les messages
7872 [2019-07-09 21:18:57.347] [background] [info] - remote=14, local=0
7872 [2019-07-09 21:18:57.356] [background] [info] -- Attaching waiting metadata for send-later
7872 [2019-07-09 21:18:57.471] [background] [info] syncFolderUIDRange for [Gmail]/Tous les messages, UIDs: 1 - 15, Heavy: false
7872 [2019-07-09 21:18:57.571] [background] [info] - remote=14, local=14
7872 [2019-07-09 21:19:08.844] [background] [info] Cleaning local cache and updating stats
7872 [2019-07-09 21:19:08.871] [background] [info] -- 0 message bodies deleted from local cache.
7872 [2019-07-09 21:19:08.935] [background] [info] syncFolderUIDRange for [Gmail]/Corbeille, UIDs: 1 - 1, Heavy: false
7872 [2019-07-09 21:19:09.037] [background] [info] - remote=0, local=0
7872 [2019-07-09 21:19:09.037] [background] [info] Cleaning local cache and updating stats
7872 [2019-07-09 21:19:09.057] [background] [info] -- 0 message bodies deleted from local cache.
7872 [2019-07-09 21:19:09.122] [background] [info] syncFolderUIDRange for [Gmail]/Spam, UIDs: 1 - 1, Heavy: false
7872 [2019-07-09 21:19:09.226] [background] [info] - remote=0, local=0
7872 [2019-07-09 21:19:09.226] [background] [info] Cleaning local cache and updating stats
7872 [2019-07-09 21:19:09.286] [background] [info] -- 0 message bodies deleted from local cache.
7872 [2019-07-09 21:19:09.298] [background] [info] Sync loop deleting unlinked messages with phase 2.
7872 [2019-07-09 21:19:09.298] [background] [info] Sync loop complete.
7872 [2019-07-09 21:19:09.298] [background] [info] Syncing folder list...
7872 [2019-07-09 21:19:09.388] [background] [info] syncFolderUIDRange for [Gmail]/Tous les messages, UIDs: 1 - 0, Heavy: false
7872 [2019-07-09 21:19:09.509] [background] [info] - remote=14, local=14
7872 [2019-07-09 21:19:09.557] [background] [info] syncFolderUIDRange for [Gmail]/Corbeille, UIDs: 1 - 0, Heavy: false
7872 [2019-07-09 21:19:09.653] [background] [info] - remote=0, local=0
7872 [2019-07-09 21:19:09.701] [background] [info] syncFolderUIDRange for [Gmail]/Spam, UIDs: 1 - 0, Heavy: false
7872 [2019-07-09 21:19:09.803] [background] [info] - remote=0, local=0
7872 [2019-07-09 21:19:09.804] [background] [info] Sync loop deleting unlinked messages with phase 1.
7872 [2019-07-09 21:19:09.804] [background] [info] Sync loop complete.
7872 [2019-07-09 21:19:11.027] [metadataExpiration] [info] Scanning for expired metadata
7872 [2019-07-09 21:19:11.027] [metadataExpiration] [info] -- Will wake for next expiration in 7200sec
7872 [2019-07-09 21:21:09.804] [background] [info] Syncing folder list...
7872 [2019-07-09 21:21:09.984] [background] [info] Sync loop deleting unlinked messages with phase 2.
7872 [2019-07-09 21:21:09.985] [background] [info] Sync loop complete.
7872 [2019-07-09 21:23:09.985] [background] [info] Syncing folder list...
7872 [2019-07-09 21:23:10.083] [background] [info] syncFolderUIDRange for [Gmail]/Tous les messages, UIDs: 1 - 15, Heavy: false
7872 [2019-07-09 21:23:10.273] [background] [info] - remote=14, local=14
7872 [2019-07-09 21:23:10.321] [background] [info] syncFolderUIDRange for [Gmail]/Corbeille, UIDs: 1 - 1, Heavy: false
7872 [2019-07-09 21:23:10.440] [background] [info] - remote=0, local=0
7872 [2019-07-09 21:23:10.487] [background] [info] syncFolderUIDRange for [Gmail]/Spam, UIDs: 1 - 1, Heavy: false
7872 [2019-07-09 21:23:10.612] [background] [info] - remote=0, local=0
7872 [2019-07-09 21:23:10.614] [background] [info] Sync loop deleting unlinked messages with phase 1.
7872 [2019-07-09 21:23:10.615] [background] [info] Sync loop complete.
7872 [2019-07-09 21:25:10.615] [background] [info] Syncing folder list...
7872 [2019-07-09 21:25:10.856] [background] [info] Sync loop deleting unlinked messages with phase 2.
7872 [2019-07-09 21:25:10.856] [background] [info] Sync loop complete.
7872 [2019-07-09 21:27:10.857] [background] [info] Syncing folder list...
7872 [2019-07-09 21:27:10.953] [background] [info] syncFolderUIDRange for [Gmail]/Tous les messages, UIDs: 1 - 15, Heavy: false
7872 [2019-07-09 21:27:11.089] [background] [info] - remote=14, local=14
7872 [2019-07-09 21:27:11.136] [background] [info] syncFolderUIDRange for [Gmail]/Corbeille, UIDs: 1 - 1, Heavy: false
7872 [2019-07-09 21:27:11.230] [background] [info] - remote=0, local=0
7872 [2019-07-09 21:27:11.276] [background] [info] syncFolderUIDRange for [Gmail]/Spam, UIDs: 1 - 1, Heavy: false
7872 [2019-07-09 21:27:11.370] [background] [info] - remote=0, local=0
7872 [2019-07-09 21:27:11.371] [background] [info] Sync loop deleting unlinked messages with phase 1.
7872 [2019-07-09 21:27:11.372] [background] [info] Sync loop complete.
21357 [2019-07-09 22:13:34.892] [main] [info] Identity created at 1551184549 - using ID Schema 1
21357 [2019-07-09 22:13:34.895] [main] [info] ------------- Starting Sync (aghiles.djoudi@esiee.fr) ---------------
21357 [2019-07-09 22:13:34.899] [background] [info] Fetching XOAuth2 access token from Gmail for 256fd50d
21357 [2019-07-09 22:13:34.901] [metadata] [info] Metadata delta stream starting...
21357 [2019-07-09 22:13:35.020] [background] [info] Marking all folders as `busy`
21357 [2019-07-09 22:13:35.021] [background] [info] Syncing folder list...
21357 [2019-07-09 22:13:36.039] [background] [info] Syncing folder list...
21357 [2019-07-09 22:13:36.135] [background] [info] syncFolderUIDRange for [Gmail]/Tous les messages, UIDs: 1 - 15, Heavy: false
21357 [2019-07-09 22:13:36.239] [background] [info] - remote=14, local=14
21357 [2019-07-09 22:13:36.285] [background] [info] syncFolderUIDRange for [Gmail]/Corbeille, UIDs: 1 - 1, Heavy: false
21357 [2019-07-09 22:13:36.396] [background] [info] - remote=0, local=0
21357 [2019-07-09 22:13:36.441] [background] [info] syncFolderUIDRange for [Gmail]/Spam, UIDs: 1 - 1, Heavy: false
21357 [2019-07-09 22:13:36.538] [background] [info] - remote=0, local=0
21357 [2019-07-09 22:13:36.540] [background] [info] Sync loop deleting unlinked messages with phase 2.
21357 [2019-07-09 22:13:36.540] [background] [info] Sync loop complete.
21357 [2019-07-09 22:13:36.581] [foreground] [info] syncFolderChangesViaCondstore - [Gmail]/Tous les messages: modseq 2922 to 2922, uidnext 15 to 15
21357 [2019-07-09 22:13:36.582] [foreground] [info] Idling on folder [Gmail]/Tous les messages
21357 [2019-07-09 22:13:49.902] [metadataExpiration] [info] Scanning for expired metadata
21357 [2019-07-09 22:13:49.902] [metadataExpiration] [info] -- Will wake for next expiration in 7200sec
21357 [2019-07-09 22:15:36.540] [background] [info] Syncing folder list...
21357 [2019-07-09 22:15:36.638] [background] [info] syncFolderUIDRange for [Gmail]/Tous les messages, UIDs: 1 - 0, Heavy: false
21357 [2019-07-09 22:15:36.750] [background] [info] - remote=14, local=14
21357 [2019-07-09 22:15:36.804] [background] [info] syncFolderUIDRange for [Gmail]/Corbeille, UIDs: 1 - 0, Heavy: false
21357 [2019-07-09 22:15:36.901] [background] [info] - remote=0, local=0
21357 [2019-07-09 22:15:36.948] [background] [info] syncFolderUIDRange for [Gmail]/Spam, UIDs: 1 - 0, Heavy: false
21357 [2019-07-09 22:15:37.051] [background] [info] - remote=0, local=0
21357 [2019-07-09 22:15:37.053] [background] [info] Sync loop deleting unlinked messages with phase 1.
21357 [2019-07-09 22:15:37.054] [background] [info] Sync loop complete.
21357 [2019-07-09 22:17:37.054] [background] [info] Syncing folder list...
21357 [2019-07-09 22:17:37.152] [background] [info] syncFolderUIDRange for [Gmail]/Tous les messages, UIDs: 1 - 15, Heavy: false
21357 [2019-07-09 22:17:37.281] [background] [info] - remote=14, local=14
21357 [2019-07-09 22:17:37.332] [background] [info] syncFolderUIDRange for [Gmail]/Corbeille, UIDs: 1 - 1, Heavy: false
21357 [2019-07-09 22:17:37.468] [background] [info] - remote=0, local=0
21357 [2019-07-09 22:17:37.516] [background] [info] Sync loop deleting unlinked messages with phase 2.
21357 [2019-07-09 22:17:37.517] [background] [info] Sync loop complete.
21357 [2019-07-09 22:19:37.517] [background] [info] Syncing folder list...
21357 [2019-07-09 22:19:37.618] [background] [info] Cleaning local cache and updating stats
21357 [2019-07-09 22:19:37.660] [background] [info] -- 0 message bodies deleted from local cache.
21357 [2019-07-09 22:19:37.721] [background] [info] Cleaning local cache and updating stats
21357 [2019-07-09 22:19:37.728] [background] [info] -- 0 message bodies deleted from local cache.
21357 [2019-07-09 22:19:37.779] [background] [info] syncFolderUIDRange for [Gmail]/Spam, UIDs: 1 - 1, Heavy: false
21357 [2019-07-09 22:19:37.878] [background] [info] - remote=0, local=0
21357 [2019-07-09 22:19:37.878] [background] [info] Cleaning local cache and updating stats
21357 [2019-07-09 22:19:37.884] [background] [info] -- 0 message bodies deleted from local cache.
21357 [2019-07-09 22:19:37.891] [background] [info] Sync loop deleting unlinked messages with phase 1.
21357 [2019-07-09 22:19:37.891] [background] [info] Sync loop complete.
21357 [2019-07-09 22:21:37.891] [background] [info] Syncing folder list...
21357 [2019-07-09 22:21:37.994] [background] [info] syncFolderUIDRange for [Gmail]/Tous les messages, UIDs: 1 - 15, Heavy: false
21357 [2019-07-09 22:21:38.106] [background] [info] - remote=14, local=14
21357 [2019-07-09 22:21:38.155] [background] [info] syncFolderUIDRange for [Gmail]/Corbeille, UIDs: 1 - 1, Heavy: false
21357 [2019-07-09 22:21:38.292] [background] [info] - remote=0, local=0
21357 [2019-07-09 22:21:38.338] [background] [info] syncFolderUIDRange for [Gmail]/Spam, UIDs: 1 - 1, Heavy: false
21357 [2019-07-09 22:21:38.431] [background] [info] - remote=0, local=0
21357 [2019-07-09 22:21:38.433] [background] [info] Sync loop deleting unlinked messages with phase 2.
21357 [2019-07-09 22:21:38.433] [background] [info] Sync loop complete.
21357 [2019-07-09 22:23:38.433] [background] [info] Syncing folder list...
21357 [2019-07-09 22:23:38.664] [background] [info] Sync loop deleting unlinked messages with phase 1.
21357 [2019-07-09 22:23:38.664] [background] [info] Sync loop complete.
21357 [2019-07-09 22:25:38.665] [background] [info] Syncing folder list...
21357 [2019-07-09 22:25:38.778] [background] [info] syncFolderUIDRange for [Gmail]/Tous les messages, UIDs: 1 - 0, Heavy: false
21357 [2019-07-09 22:25:38.900] [background] [info] - remote=14, local=14
21357 [2019-07-09 22:25:38.948] [background] [info] syncFolderUIDRange for [Gmail]/Corbeille, UIDs: 1 - 0, Heavy: false
21357 [2019-07-09 22:25:39.042] [background] [info] - remote=0, local=0
21357 [2019-07-09 22:25:39.087] [background] [info] syncFolderUIDRange for [Gmail]/Spam, UIDs: 1 - 0, Heavy: false
21357 [2019-07-09 22:25:39.182] [background] [info] - remote=0, local=0
21357 [2019-07-09 22:25:39.184] [background] [info] Sync loop deleting unlinked messages with phase 2.
21357 [2019-07-09 22:25:39.184] [background] [info] Sync loop complete.
21357 [2019-07-09 22:27:39.185] [background] [info] Syncing folder list...
21357 [2019-07-09 22:27:39.285] [background] [info] syncFolderUIDRange for [Gmail]/Tous les messages, UIDs: 1 - 15, Heavy: false
21357 [2019-07-09 22:27:39.453] [background] [info] - remote=14, local=14
21357 [2019-07-09 22:27:39.549] [background] [info] Sync loop deleting unlinked messages with phase 1.
21357 [2019-07-09 22:27:39.550] [background] [info] Sync loop complete.
21357 [2019-07-09 22:29:35.817] [metadata] [info] Metadata delta stream closed.
21357 [2019-07-09 22:29:35.825] [metadata] [info] Metadata delta stream starting...
21357 [2019-07-09 22:29:39.550] [background] [info] Syncing folder list...
21357 [2019-07-09 22:29:39.690] [background] [info] syncFolderUIDRange for [Gmail]/Corbeille, UIDs: 1 - 1, Heavy: false
21357 [2019-07-09 22:29:39.785] [background] [info] - remote=0, local=0
21357 [2019-07-09 22:29:39.829] [background] [info] syncFolderUIDRange for [Gmail]/Spam, UIDs: 1 - 1, Heavy: false
21357 [2019-07-09 22:29:39.920] [background] [info] - remote=0, local=0
21357 [2019-07-09 22:29:39.921] [background] [info] Sync loop deleting unlinked messages with phase 2.
21357 [2019-07-09 22:29:39.921] [background] [info] Sync loop complete.
21357 [2019-07-09 22:31:39.921] [background] [info] Syncing folder list...
21357 [2019-07-09 22:31:40.056] [background] [info] syncFolderUIDRange for [Gmail]/Tous les messages, UIDs: 1 - 15, Heavy: false
21357 [2019-07-09 22:31:40.165] [background] [info] - remote=14, local=14
21357 [2019-07-09 22:31:40.212] [background] [info] syncFolderUIDRange for [Gmail]/Corbeille, UIDs: 1 - 1, Heavy: false
21357 [2019-07-09 22:31:40.317] [background] [info] - remote=0, local=0
21357 [2019-07-09 22:31:40.362] [background] [info] syncFolderUIDRange for [Gmail]/Spam, UIDs: 1 - 1, Heavy: false
21357 [2019-07-09 22:31:40.457] [background] [info] - remote=0, local=0
21357 [2019-07-09 22:31:40.458] [background] [info] Sync loop deleting unlinked messages with phase 1.
21357 [2019-07-09 22:31:40.458] [background] [info] Sync loop complete.
21357 [2019-07-09 22:33:40.459] [background] [info] Syncing folder list...
21357 [2019-07-09 22:33:40.646] [background] [info] Sync loop deleting unlinked messages with phase 2.
21357 [2019-07-09 22:33:40.646] [background] [info] Sync loop complete.
21357 [2019-07-09 22:35:40.647] [background] [info] Syncing folder list...
21357 [2019-07-09 22:35:40.789] [background] [info] syncFolderUIDRange for [Gmail]/Tous les messages, UIDs: 1 - 0, Heavy: false
21357 [2019-07-09 22:35:40.901] [background] [info] - remote=14, local=14
21357 [2019-07-09 22:35:40.949] [background] [info] syncFolderUIDRange for [Gmail]/Corbeille, UIDs: 1 - 0, Heavy: false
21357 [2019-07-09 22:35:41.048] [background] [info] - remote=0, local=0
21357 [2019-07-09 22:35:41.106] [background] [info] syncFolderUIDRange for [Gmail]/Spam, UIDs: 1 - 0, Heavy: false
21357 [2019-07-09 22:35:41.235] [background] [info] - remote=0, local=0
21357 [2019-07-09 22:35:41.237] [background] [info] Sync loop deleting unlinked messages with phase 1.
21357 [2019-07-09 22:35:41.238] [background] [info] Sync loop complete.
21357 [2019-07-09 22:37:41.238] [background] [info] Syncing folder list...
21357 [2019-07-09 22:37:41.335] [background] [info] syncFolderUIDRange for [Gmail]/Tous les messages, UIDs: 1 - 15, Heavy: false
21357 [2019-07-09 22:37:41.445] [background] [info] - remote=14, local=14
21357 [2019-07-09 22:37:41.540] [background] [info] Sync loop deleting unlinked messages with phase 2.
21357 [2019-07-09 22:37:41.541] [background] [info] Sync loop complete.
21357 [2019-07-09 22:39:41.541] [background] [info] Syncing folder list...
21357 [2019-07-09 22:39:41.686] [background] [info] syncFolderUIDRange for [Gmail]/Corbeille, UIDs: 1 - 1, Heavy: false
21357 [2019-07-09 22:39:41.778] [background] [info] - remote=0, local=0
21357 [2019-07-09 22:39:41.825] [background] [info] syncFolderUIDRange for [Gmail]/Spam, UIDs: 1 - 1, Heavy: false
21357 [2019-07-09 22:39:41.918] [background] [info] - remote=0, local=0
21357 [2019-07-09 22:39:41.920] [background] [info] Sync loop deleting unlinked messages with phase 1.
21357 [2019-07-09 22:39:41.920] [background] [info] Sync loop complete.
21357 [2019-07-09 22:41:36.777] [foreground] [info] Idle exited with code 0
21357 [2019-07-09 22:41:36.825] [foreground] [info] syncFolderChangesViaCondstore - [Gmail]/Tous les messages: modseq 2922 to 2943, uidnext 15 to 15
21357 [2019-07-09 22:41:36.925] [foreground] [info] syncFolderChangesViaCondstore - Changes since HMODSEQ 2922: 0 changed, 0 vanished
21357 [2019-07-09 22:41:36.929] [foreground] [info] Idling on folder [Gmail]/Tous les messages
21357 [2019-07-09 22:41:41.921] [background] [info] Syncing folder list...
21357 [2019-07-09 22:41:42.022] [background] [info] syncFolderUIDRange for [Gmail]/Tous les messages, UIDs: 1 - 15, Heavy: false
21357 [2019-07-09 22:41:42.132] [background] [info] - remote=14, local=14
21357 [2019-07-09 22:41:42.182] [background] [info] syncFolderUIDRange for [Gmail]/Corbeille, UIDs: 1 - 1, Heavy: false
21357 [2019-07-09 22:41:42.276] [background] [info] - remote=0, local=0
21357 [2019-07-09 22:41:42.322] [background] [info] syncFolderUIDRange for [Gmail]/Spam, UIDs: 1 - 1, Heavy: false
21357 [2019-07-09 22:41:42.413] [background] [info] - remote=0, local=0
21357 [2019-07-09 22:41:42.416] [background] [info] Sync loop deleting unlinked messages with phase 2.
21357 [2019-07-09 22:41:42.417] [background] [info] Sync loop complete.
21357 [2019-07-09 22:43:42.417] [background] [info] Syncing folder list...
21357 [2019-07-09 22:43:42.604] [background] [info] Sync loop deleting unlinked messages with phase 1.
21357 [2019-07-09 22:43:42.605] [background] [info] Sync loop complete.
21357 [2019-07-09 22:43:56.270] [metadata] [info] Metadata delta stream closed.
21357 [2019-07-09 22:43:56.276] [metadata] [info] Metadata delta stream starting...
21357 [2019-07-09 22:45:42.605] [background] [info] Syncing folder list...
21357 [2019-07-09 22:45:42.702] [background] [info] syncFolderUIDRange for [Gmail]/Tous les messages, UIDs: 1 - 0, Heavy: false
21357 [2019-07-09 22:45:42.811] [background] [info] - remote=14, local=14
21357 [2019-07-09 22:45:42.860] [background] [info] syncFolderUIDRange for [Gmail]/Corbeille, UIDs: 1 - 0, Heavy: false
21357 [2019-07-09 22:45:42.953] [background] [info] - remote=0, local=0
21357 [2019-07-09 22:45:42.998] [background] [info] syncFolderUIDRange for [Gmail]/Spam, UIDs: 1 - 0, Heavy: false
21357 [2019-07-09 22:45:43.092] [background] [info] - remote=0, local=0
21357 [2019-07-09 22:45:43.094] [background] [info] Sync loop deleting unlinked messages with phase 2.
21357 [2019-07-09 22:45:43.094] [background] [info] Sync loop complete.
21357 [2019-07-09 22:47:43.094] [background] [info] Syncing folder list...
21357 [2019-07-09 22:47:43.191] [background] [info] syncFolderUIDRange for [Gmail]/Tous les messages, UIDs: 1 - 15, Heavy: false
21357 [2019-07-09 22:47:43.298] [background] [info] - remote=14, local=14
21357 [2019-07-09 22:47:43.347] [background] [info] syncFolderUIDRange for [Gmail]/Corbeille, UIDs: 1 - 1, Heavy: false
21357 [2019-07-09 22:47:43.453] [background] [info] - remote=0, local=0
21357 [2019-07-09 22:47:43.499] [background] [info] Sync loop deleting unlinked messages with phase 1.
21357 [2019-07-09 22:47:43.500] [background] [info] Sync loop complete.
21357 [2019-07-09 22:49:43.500] [background] [info] Syncing folder list...
21357 [2019-07-09 22:49:43.696] [background] [info] syncFolderUIDRange for [Gmail]/Spam, UIDs: 1 - 1, Heavy: false
21357 [2019-07-09 22:49:43.790] [background] [info] - remote=0, local=0
21357 [2019-07-09 22:49:43.793] [background] [info] Sync loop deleting unlinked messages with phase 2.
21357 [2019-07-09 22:49:43.794] [background] [info] Sync loop complete.
21357 [2019-07-09 22:51:43.794] [background] [info] Syncing folder list...
21357 [2019-07-09 22:51:43.891] [background] [info] syncFolderUIDRange for [Gmail]/Tous les messages, UIDs: 1 - 15, Heavy: false
21357 [2019-07-09 22:51:44.003] [background] [info] - remote=14, local=14
21357 [2019-07-09 22:51:44.056] [background] [info] syncFolderUIDRange for [Gmail]/Corbeille, UIDs: 1 - 1, Heavy: false
21357 [2019-07-09 22:51:44.150] [background] [info] - remote=0, local=0
21357 [2019-07-09 22:51:44.197] [background] [info] syncFolderUIDRange for [Gmail]/Spam, UIDs: 1 - 1, Heavy: false
21357 [2019-07-09 22:51:44.293] [background] [info] - remote=0, local=0
21357 [2019-07-09 22:51:44.295] [background] [info] Sync loop deleting unlinked messages with phase 1.
21357 [2019-07-09 22:51:44.296] [background] [info] Sync loop complete.
21357 [2019-07-09 22:53:44.296] [background] [info] Syncing folder list...
21357 [2019-07-09 22:53:44.485] [background] [info] Sync loop deleting unlinked messages with phase 2.
21357 [2019-07-09 22:53:44.485] [background] [info] Sync loop complete.
21357 [2019-07-09 22:55:44.485] [background] [info] Syncing folder list...
21357 [2019-07-09 22:55:44.581] [background] [info] syncFolderUIDRange for [Gmail]/Tous les messages, UIDs: 1 - 0, Heavy: false
21357 [2019-07-09 22:55:44.715] [background] [info] - remote=14, local=14
21357 [2019-07-09 22:55:44.760] [background] [info] syncFolderUIDRange for [Gmail]/Corbeille, UIDs: 1 - 0, Heavy: false
21357 [2019-07-09 22:55:44.852] [background] [info] - remote=0, local=0
21357 [2019-07-09 22:55:44.897] [background] [info] syncFolderUIDRange for [Gmail]/Spam, UIDs: 1 - 0, Heavy: false
21357 [2019-07-09 22:55:44.992] [background] [info] - remote=0, local=0
21357 [2019-07-09 22:55:44.992] [background] [info] Sync loop deleting unlinked messages with phase 1.
21357 [2019-07-09 22:55:44.992] [background] [info] Sync loop complete.
21357 [2019-07-09 22:57:44.993] [background] [info] Syncing folder list...
21357 [2019-07-09 22:57:45.091] [background] [info] syncFolderUIDRange for [Gmail]/Tous les messages, UIDs: 1 - 15, Heavy: false
21357 [2019-07-09 22:57:45.213] [background] [info] - remote=14, local=14
21357 [2019-07-09 22:57:45.261] [background] [info] syncFolderUIDRange for [Gmail]/Corbeille, UIDs: 1 - 1, Heavy: false
21357 [2019-07-09 22:57:45.357] [background] [info] - remote=0, local=0
21357 [2019-07-09 22:57:45.403] [background] [info] syncFolderUIDRange for [Gmail]/Spam, UIDs: 1 - 1, Heavy: false
21357 [2019-07-09 22:57:45.502] [background] [info] - remote=0, local=0
21357 [2019-07-09 22:57:45.504] [background] [info] Sync loop deleting unlinked messages with phase 2.
21357 [2019-07-09 22:57:45.505] [background] [info] Sync loop complete.
21357 [2019-07-09 22:59:45.505] [background] [info] Syncing folder list...
21357 [2019-07-09 22:59:45.693] [background] [info] Sync loop deleting unlinked messages with phase 1.
21357 [2019-07-09 22:59:45.694] [background] [info] Sync loop complete.
21357 [2019-07-09 23:00:39.598] [metadata] [info] Metadata delta stream closed.
21357 [2019-07-09 23:00:39.600] [metadata] [info] Metadata delta stream starting...
21357 [2019-07-09 23:01:45.694] [background] [info] Syncing folder list...
21357 [2019-07-09 23:01:45.792] [background] [info] syncFolderUIDRange for [Gmail]/Tous les messages, UIDs: 1 - 15, Heavy: false
21357 [2019-07-09 23:01:45.913] [background] [info] - remote=14, local=14
21357 [2019-07-09 23:01:45.964] [background] [info] syncFolderUIDRange for [Gmail]/Corbeille, UIDs: 1 - 1, Heavy: false
21357 [2019-07-09 23:01:46.077] [background] [info] - remote=0, local=0
21357 [2019-07-09 23:01:46.122] [background] [info] syncFolderUIDRange for [Gmail]/Spam, UIDs: 1 - 1, Heavy: false
21357 [2019-07-09 23:01:46.217] [background] [info] - remote=0, local=0
21357 [2019-07-09 23:01:46.219] [background] [info] Sync loop deleting unlinked messages with phase 2.
21357 [2019-07-09 23:01:46.219] [background] [info] Sync loop complete.
21357 [2019-07-09 23:03:46.219] [background] [info] Syncing folder list...
21357 [2019-07-09 23:03:46.312] [background] [info] syncFolderUIDRange for [Gmail]/Tous les messages, UIDs: 1 - 15, Heavy: false
21357 [2019-07-09 23:03:46.644] [background] [info] - remote=14, local=14
21357 [2019-07-09 23:03:46.739] [background] [info] Sync loop deleting unlinked messages with phase 1.
21357 [2019-07-09 23:03:46.740] [background] [info] Sync loop complete.
10660 [2019-07-10 07:41:38.804] [main] [info] Identity created at 1551184549 - using ID Schema 1
10660 [2019-07-10 07:41:38.920] [main] [info] ------------- Starting Sync (aghiles.djoudi@esiee.fr) ---------------
10660 [2019-07-10 07:41:38.928] [background] [info] Fetching XOAuth2 access token from Gmail for 256fd50d
10660 [2019-07-10 07:41:38.928] [metadata] [info] Metadata delta stream starting...
10660 [2019-07-10 07:41:39.086] [background] [info] Marking all folders as `busy`
10660 [2019-07-10 07:41:39.086] [background] [info] Syncing folder list...
10660 [2019-07-10 07:41:40.040] [background] [info] Syncing folder list...
10660 [2019-07-10 07:41:40.135] [background] [info] syncFolderUIDRange for [Gmail]/Tous les messages, UIDs: 1 - 15, Heavy: false
10660 [2019-07-10 07:41:40.281] [background] [info] - remote=14, local=14
10660 [2019-07-10 07:41:40.294] [background] [info] Cleaning local cache and updating stats
10660 [2019-07-10 07:41:40.574] [foreground] [info] syncFolderChangesViaCondstore - [Gmail]/Tous les messages: modseq 2943 to 2948, uidnext 15 to 15
10660 [2019-07-10 07:41:40.683] [background] [info] -- 0 message bodies deleted from local cache.
10660 [2019-07-10 07:41:40.685] [foreground] [info] syncFolderChangesViaCondstore - Changes since HMODSEQ 2943: 0 changed, 0 vanished
10660 [2019-07-10 07:41:40.687] [foreground] [info] Idling on folder [Gmail]/Tous les messages
10660 [2019-07-10 07:41:40.831] [background] [info] syncFolderUIDRange for [Gmail]/Corbeille, UIDs: 1 - 1, Heavy: false
10660 [2019-07-10 07:41:40.923] [background] [info] - remote=0, local=0
10660 [2019-07-10 07:41:40.923] [background] [info] Cleaning local cache and updating stats
10660 [2019-07-10 07:41:40.952] [background] [info] -- 0 message bodies deleted from local cache.
10660 [2019-07-10 07:41:41.010] [background] [info] syncFolderUIDRange for [Gmail]/Spam, UIDs: 1 - 1, Heavy: false
10660 [2019-07-10 07:41:41.101] [background] [info] - remote=0, local=0
10660 [2019-07-10 07:41:41.101] [background] [info] Cleaning local cache and updating stats
10660 [2019-07-10 07:41:41.136] [background] [info] -- 0 message bodies deleted from local cache.
10660 [2019-07-10 07:41:41.144] [background] [info] Sync loop deleting unlinked messages with phase 2.
10660 [2019-07-10 07:41:41.144] [background] [info] Sync loop complete.
10660 [2019-07-10 07:41:53.933] [metadataExpiration] [info] Scanning for expired metadata
10660 [2019-07-10 07:41:53.934] [metadataExpiration] [info] -- Will wake for next expiration in 7200sec
>>>>>>> 85af4cde207d4f82ffd48dba49b9d15adf3e7abc
