21614 [2019-07-09 18:32:39.750] [main] [info] Identity created at 1551184549 - using ID Schema 1
21614 [2019-07-09 18:32:39.753] [main] [info] ------------- Starting Sync (djaghiles@gmail.com) ---------------
21614 [2019-07-09 18:32:39.760] [background] [info] Fetching XOAuth2 access token from Gmail for 999ce76d
21614 [2019-07-09 18:32:39.855] [background] [info] Marking all folders as `busy`
21614 [2019-07-09 18:32:39.855] [background] [info] Syncing folder list...
21614 [2019-07-09 18:32:40.060] [background] [info] Syncing folder list...
21614 [2019-07-09 18:32:40.099] [background] [info] syncFolderUIDRange for [Gmail]/Tous les messages, UIDs: 5418 - 6168, Heavy: true
21614 [2019-07-09 18:32:40.207] [foreground] [info] Idling on folder [Gmail]/Tous les messages
21614 [2019-07-09 18:32:40.929] [metadata] [info] Received metadata V1 for (message - FWtdi6P2xHNQbkqZGygr2Ez4dSngtLFbQ5XkNzZfx)
21614 [2019-07-09 18:32:40.929] [metadata] [info]  -- Local model is not present. Saving to waiting table.
21614 [2019-07-09 18:32:40.929] [metadata] [info] Received metadata V2 for (message - FWtdi6P2xHNQbkqZGygr2Ez4dSngtLFbQ5XkNzZfx)
21614 [2019-07-09 18:32:40.929] [metadata] [info]  -- Local model is not present. Saving to waiting table.
21614 [2019-07-09 18:32:40.929] [metadata] [info] Received metadata V1 for (message - FWtdi6P2xHNQbkqZGygr2Ez4dSngtLFbQ5XkNzZfx)
21614 [2019-07-09 18:32:40.929] [metadata] [info]  -- Local model is not present. Saving to waiting table.
21614 [2019-07-09 18:32:40.929] [metadata] [info] Received metadata V1 for (message - 3tZQkmVbykQyMnnrfNyfhLkw5czsVjN5K54CfTKQW)
21614 [2019-07-09 18:32:40.929] [metadata] [info]  -- Local model is not present. Saving to waiting table.
21614 [2019-07-09 18:32:40.930] [metadata] [info] Received metadata V1 for (message - M7uMftv5wnHVu6efRwb53GQsf6CKC244rdKKeMjS1)
21614 [2019-07-09 18:32:40.930] [metadata] [info]  -- Local model is not present. Saving to waiting table.
21614 [2019-07-09 18:32:40.930] [metadata] [info] Received metadata V1 for (message - E3kh5zvkJauVidjxLTh2c3vm5Fv9PCHn57diDoM3E)
21614 [2019-07-09 18:32:40.930] [metadata] [info]  -- Local model is not present. Saving to waiting table.
21614 [2019-07-09 18:32:40.930] [metadata] [info] Received metadata V1 for (message - JNFSCwjPTrnf3mMFcdSRdborAWcYjnv2aM4GGeCNU)
21614 [2019-07-09 18:32:40.930] [metadata] [info]  -- Local model is not present. Saving to waiting table.
21614 [2019-07-09 18:32:40.930] [metadata] [info] Received metadata V1 for (message - SsdYdXKX1QoFiEz4ZHsWSiR3udRFTrPBefb4qcFcS)
21614 [2019-07-09 18:32:40.930] [metadata] [info]  -- Local model is not present. Saving to waiting table.
21614 [2019-07-09 18:32:40.931] [metadata] [info] Received metadata V10 for (message - SsdYdXKX1QoFiEz4ZHsWSiR3udRFTrPBefb4qcFcS)
21614 [2019-07-09 18:32:40.931] [metadata] [info]  -- Local model is not present. Saving to waiting table.
21614 [2019-07-09 18:32:40.931] [metadata] [info] Received metadata V1 for (message - SsdYdXKX1QoFiEz4ZHsWSiR3udRFTrPBefb4qcFcS)
21614 [2019-07-09 18:32:40.931] [metadata] [info]  -- Local model is not present. Saving to waiting table.
21614 [2019-07-09 18:32:40.931] [metadata] [info] Received metadata V1 for (message - SF7wgt9bUWui2EszAoZzDY32DUjG795Y7twwrXmnJ)
21614 [2019-07-09 18:32:40.931] [metadata] [info]  -- Local model is not present. Saving to waiting table.
21614 [2019-07-09 18:32:40.931] [metadata] [info] Received metadata V1 for (message - SF7wgt9bUWui2EszAoZzDY32DUjG795Y7twwrXmnJ)
21614 [2019-07-09 18:32:40.931] [metadata] [info]  -- Local model is not present. Saving to waiting table.
21614 [2019-07-09 18:32:40.932] [metadata] [info] Received metadata V1 for (message - SF7wgt9bUWui2EszAoZzDY32DUjG795Y7twwrXmnJ)
21614 [2019-07-09 18:32:40.932] [metadata] [info]  -- Local model is not present. Saving to waiting table.
21614 [2019-07-09 18:32:40.932] [metadata] [info] Received metadata V1 for (message - WEUUz36ruo9etR8Xm7DKZAAi48vg8Yj1ojawJ2Bie)
21614 [2019-07-09 18:32:40.932] [metadata] [info]  -- Local model is not present. Saving to waiting table.
21614 [2019-07-09 18:32:40.932] [metadata] [info] Received metadata V1 for (message - 9McLdC6wrEz9D9xkAWgaEEGBbgWm1ompCRQ7EgeBa)
21614 [2019-07-09 18:32:40.932] [metadata] [info]  -- Local model is not present. Saving to waiting table.
21614 [2019-07-09 18:32:40.932] [metadata] [info] Received metadata V1 for (message - nyrqVQ91XzBTvtZtSSP8LQ98jEHJ7SJ3Ka5iijV4E)
21614 [2019-07-09 18:32:40.932] [metadata] [info]  -- Local model is not present. Saving to waiting table.
21614 [2019-07-09 18:32:40.932] [metadata] [info] Received metadata V1 for (message - A1cF6HSCbxjqmpLiUQgUfnu34Neo6LWmDReBqb8px)
21614 [2019-07-09 18:32:40.933] [metadata] [info]  -- Local model is not present. Saving to waiting table.
21614 [2019-07-09 18:32:40.933] [metadata] [info] Received metadata V1 for (message - PpLy9RMRc1BLFhnwSMM7o4iZ5dJNbLfeQx8GjapAg)
21614 [2019-07-09 18:32:40.933] [metadata] [info]  -- Local model is not present. Saving to waiting table.
21614 [2019-07-09 18:32:40.933] [metadata] [info] Metadata delta stream starting...
21614 [2019-07-09 18:32:42.090] [background] [info] - remote=371, local=0
21614 [2019-07-09 18:32:43.141] [background] [info] -- Attaching waiting metadata for send-later
21614 [2019-07-09 18:32:45.330] [background] [info] -- Attaching waiting metadata for send-later
21614 [2019-07-09 18:32:45.975] [background] [info] -- Attaching waiting metadata for link-tracking
21614 [2019-07-09 18:32:45.975] [background] [info] -- Attaching waiting metadata for open-tracking
21614 [2019-07-09 18:32:45.975] [background] [info] -- Attaching waiting metadata for send-later
21614 [2019-07-09 18:32:47.651] [background] [info] syncFolderUIDRange for [Gmail]/Tous les messages, UIDs: 5418 - 6168, Heavy: false
21614 [2019-07-09 18:32:47.979] [background] [info] - remote=371, local=371
21614 [2019-07-09 18:32:54.757] [metadataExpiration] [info] Scanning for expired metadata
21614 [2019-07-09 18:32:54.757] [metadataExpiration] [info] -- Will wake for next expiration in 7200sec
21614 [2019-07-09 18:32:58.016] [main] [info] [local-4d45bd50-6e61] Running ChangeLabelsTask performLocal:
21614 [2019-07-09 18:32:58.022] [main] [info] [local-4d45bd50-6e61] -- Succeeded. Changing status to `remote`
21614 [2019-07-09 18:32:58.022] [main] [info] [local-ac38ee3a-56bf] Running ChangeLabelsTask performLocal:
21614 [2019-07-09 18:32:58.024] [main] [info] [local-ac38ee3a-56bf] -- Succeeded. Changing status to `remote`
21614 [2019-07-09 18:32:58.353] [foreground] [info] Idle exited with code 0
21614 [2019-07-09 18:32:58.355] [foreground] [info] [local-4d45bd50-6e61] Running ChangeLabelsTask performRemote:
21614 [2019-07-09 18:32:58.504] [foreground] [info] [local-4d45bd50-6e61] -- Succeeded. Changing status to `complete`
21614 [2019-07-09 18:32:58.505] [foreground] [info] [local-ac38ee3a-56bf] Running ChangeLabelsTask performRemote:
21614 [2019-07-09 18:32:58.685] [main] [info] [local-50d6f903-6ee9] Running ChangeLabelsTask performLocal:
21614 [2019-07-09 18:32:58.688] [main] [info] [local-50d6f903-6ee9] -- Succeeded. Changing status to `remote`
21614 [2019-07-09 18:32:58.689] [main] [info] [local-3bb1f227-348a] Running ChangeLabelsTask performLocal:
21614 [2019-07-09 18:32:58.692] [main] [info] [local-3bb1f227-348a] -- Succeeded. Changing status to `remote`
21614 [2019-07-09 18:32:58.724] [foreground] [info] [local-ac38ee3a-56bf] -- Succeeded. Changing status to `complete`
21614 [2019-07-09 18:32:58.725] [foreground] [info] [local-50d6f903-6ee9] Running ChangeLabelsTask performRemote:
21614 [2019-07-09 18:32:58.775] [foreground] [info] [local-50d6f903-6ee9] -- Succeeded. Changing status to `complete`
21614 [2019-07-09 18:32:58.775] [foreground] [info] [local-3bb1f227-348a] Running ChangeLabelsTask performRemote:
21614 [2019-07-09 18:32:58.809] [foreground] [info] [local-3bb1f227-348a] -- Succeeded. Changing status to `complete`
21614 [2019-07-09 18:32:58.810] [foreground] [info] Idling on folder [Gmail]/Tous les messages
21614 [2019-07-09 18:32:59.002] [foreground] [info] Idle exited with code 0
21614 [2019-07-09 18:32:59.002] [foreground] [info] Idling on folder [Gmail]/Tous les messages
21614 [2019-07-09 18:32:59.244] [main] [info] [local-f366a808-25ff] Running ChangeLabelsTask performLocal:
21614 [2019-07-09 18:32:59.247] [main] [info] [local-f366a808-25ff] -- Succeeded. Changing status to `remote`
21614 [2019-07-09 18:32:59.247] [main] [info] [local-f9861b79-921c] Running ChangeLabelsTask performLocal:
21614 [2019-07-09 18:32:59.249] [main] [info] [local-f9861b79-921c] -- Succeeded. Changing status to `remote`
21614 [2019-07-09 18:32:59.249] [main] [info] [local-0ef1e6fa-5088] Running ChangeLabelsTask performLocal:
21614 [2019-07-09 18:32:59.251] [main] [info] [local-0ef1e6fa-5088] -- Succeeded. Changing status to `remote`
21614 [2019-07-09 18:32:59.252] [main] [info] [local-60d19e9b-3366] Running ChangeLabelsTask performLocal:
21614 [2019-07-09 18:32:59.253] [main] [info] [local-60d19e9b-3366] -- Succeeded. Changing status to `remote`
21614 [2019-07-09 18:32:59.254] [main] [info] [local-14f03d33-0ec6] Running ChangeLabelsTask performLocal:
21614 [2019-07-09 18:32:59.258] [main] [info] [local-14f03d33-0ec6] -- Succeeded. Changing status to `remote`
21614 [2019-07-09 18:32:59.556] [foreground] [info] Idle exited with code 0
21614 [2019-07-09 18:32:59.557] [foreground] [info] [local-f366a808-25ff] Running ChangeLabelsTask performRemote:
21614 [2019-07-09 18:32:59.582] [foreground] [info] [local-f366a808-25ff] -- Succeeded. Changing status to `complete`
21614 [2019-07-09 18:32:59.582] [foreground] [info] [local-f9861b79-921c] Running ChangeLabelsTask performRemote:
21614 [2019-07-09 18:32:59.638] [foreground] [info] [local-f9861b79-921c] -- Succeeded. Changing status to `complete`
21614 [2019-07-09 18:32:59.639] [foreground] [info] [local-0ef1e6fa-5088] Running ChangeLabelsTask performRemote:
21614 [2019-07-09 18:32:59.689] [foreground] [info] [local-0ef1e6fa-5088] -- Succeeded. Changing status to `complete`
21614 [2019-07-09 18:32:59.689] [foreground] [info] [local-60d19e9b-3366] Running ChangeLabelsTask performRemote:
21614 [2019-07-09 18:32:59.785] [main] [info] [local-0b8203f4-4d51] Running ChangeLabelsTask performLocal:
21614 [2019-07-09 18:32:59.788] [main] [info] [local-0b8203f4-4d51] -- Succeeded. Changing status to `remote`
21614 [2019-07-09 18:32:59.788] [main] [info] [local-2f446bee-6caa] Running ChangeLabelsTask performLocal:
21614 [2019-07-09 18:32:59.790] [main] [info] [local-2f446bee-6caa] -- Succeeded. Changing status to `remote`
21614 [2019-07-09 18:32:59.791] [main] [info] [local-f7169255-d636] Running ChangeLabelsTask performLocal:
21614 [2019-07-09 18:32:59.793] [main] [info] [local-f7169255-d636] -- Succeeded. Changing status to `remote`
21614 [2019-07-09 18:32:59.797] [main] [info] [local-ffc24762-f85d] Running ChangeLabelsTask performLocal:
21614 [2019-07-09 18:32:59.800] [main] [info] [local-ffc24762-f85d] -- Succeeded. Changing status to `remote`
21614 [2019-07-09 18:32:59.800] [main] [info] [local-69666356-41d4] Running ChangeLabelsTask performLocal:
21614 [2019-07-09 18:32:59.804] [main] [info] [local-69666356-41d4] -- Succeeded. Changing status to `remote`
21614 [2019-07-09 18:32:59.816] [main] [info] [local-f35d9715-4336] Running ChangeLabelsTask performLocal:
21614 [2019-07-09 18:32:59.837] [main] [info] [local-f35d9715-4336] -- Succeeded. Changing status to `remote`
21614 [2019-07-09 18:32:59.886] [foreground] [info] [local-60d19e9b-3366] -- Succeeded. Changing status to `complete`
21614 [2019-07-09 18:32:59.887] [foreground] [info] [local-14f03d33-0ec6] Running ChangeLabelsTask performRemote:
21614 [2019-07-09 18:33:01.031] [foreground] [info] [local-14f03d33-0ec6] -- Succeeded. Changing status to `complete`
21614 [2019-07-09 18:33:01.033] [foreground] [info] [local-0b8203f4-4d51] Running ChangeLabelsTask performRemote:
21614 [2019-07-09 18:33:01.062] [foreground] [info] [local-0b8203f4-4d51] -- Succeeded. Changing status to `complete`
21614 [2019-07-09 18:33:01.062] [foreground] [info] [local-2f446bee-6caa] Running ChangeLabelsTask performRemote:
21614 [2019-07-09 18:33:01.065] [main] [info] [local-0113a090-f038] Running ChangeLabelsTask performLocal:
21614 [2019-07-09 18:33:01.068] [main] [info] [local-0113a090-f038] -- Succeeded. Changing status to `remote`
21614 [2019-07-09 18:33:01.069] [main] [info] [local-2c4b94f0-ccc3] Running ChangeLabelsTask performLocal:
21614 [2019-07-09 18:33:01.075] [main] [info] [local-2c4b94f0-ccc3] -- Succeeded. Changing status to `remote`
21614 [2019-07-09 18:33:01.157] [foreground] [info] [local-2f446bee-6caa] -- Succeeded. Changing status to `complete`
21614 [2019-07-09 18:33:01.158] [foreground] [info] [local-f7169255-d636] Running ChangeLabelsTask performRemote:
21614 [2019-07-09 18:33:01.262] [foreground] [info] [local-f7169255-d636] -- Succeeded. Changing status to `complete`
21614 [2019-07-09 18:33:01.262] [foreground] [info] [local-ffc24762-f85d] Running ChangeLabelsTask performRemote:
21614 [2019-07-09 18:33:01.605] [foreground] [info] [local-ffc24762-f85d] -- Succeeded. Changing status to `complete`
21614 [2019-07-09 18:33:01.608] [foreground] [info] [local-69666356-41d4] Running ChangeLabelsTask performRemote:
21614 [2019-07-09 18:33:01.674] [foreground] [info] [local-69666356-41d4] -- Succeeded. Changing status to `complete`
21614 [2019-07-09 18:33:01.675] [foreground] [info] [local-f35d9715-4336] Running ChangeLabelsTask performRemote:
21614 [2019-07-09 18:33:01.692] [main] [info] [local-7b949241-a358] Running ChangeLabelsTask performLocal:
21614 [2019-07-09 18:33:01.697] [main] [info] [local-7b949241-a358] -- Succeeded. Changing status to `remote`
21614 [2019-07-09 18:33:01.699] [main] [info] [local-4e84704f-8b96] Running ChangeLabelsTask performLocal:
21614 [2019-07-09 18:33:01.702] [main] [info] [local-4e84704f-8b96] -- Succeeded. Changing status to `remote`
21614 [2019-07-09 18:33:01.709] [foreground] [info] [local-f35d9715-4336] -- Succeeded. Changing status to `complete`
21614 [2019-07-09 18:33:01.710] [foreground] [info] [local-0113a090-f038] Running ChangeLabelsTask performRemote:
21614 [2019-07-09 18:33:01.795] [foreground] [info] [local-0113a090-f038] -- Succeeded. Changing status to `complete`
21614 [2019-07-09 18:33:01.795] [foreground] [info] [local-2c4b94f0-ccc3] Running ChangeLabelsTask performRemote:
21614 [2019-07-09 18:33:01.852] [foreground] [info] [local-2c4b94f0-ccc3] -- Succeeded. Changing status to `complete`
21614 [2019-07-09 18:33:01.852] [foreground] [info] [local-7b949241-a358] Running ChangeLabelsTask performRemote:
21614 [2019-07-09 18:33:01.893] [foreground] [info] [local-7b949241-a358] -- Succeeded. Changing status to `complete`
21614 [2019-07-09 18:33:01.893] [foreground] [info] [local-4e84704f-8b96] Running ChangeLabelsTask performRemote:
21614 [2019-07-09 18:33:01.931] [foreground] [info] [local-4e84704f-8b96] -- Succeeded. Changing status to `complete`
21614 [2019-07-09 18:33:01.973] [background] [info] syncFolderUIDRange for [Gmail]/Corbeille, UIDs: 1 - 1483, Heavy: true
21614 [2019-07-09 18:33:01.974] [foreground] [info] syncFolderChangesViaCondstore - [Gmail]/Tous les messages: modseq 566986 to 567059, uidnext 6168 to 6168
21614 [2019-07-09 18:33:02.093] [foreground] [info] syncFolderChangesViaCondstore - Changes since HMODSEQ 566986: 1 changed, 0 vanished
21614 [2019-07-09 18:33:02.096] [foreground] [warning] Ignoring changes to Alerte de sécurité concernant votre compte Google associé, local data is newer 1562689981 < 1562776381
21614 [2019-07-09 18:33:02.223] [background] [info] - remote=9, local=0
21614 [2019-07-09 18:33:02.320] [main] [info] [local-feed5ed1-9b41] Running ChangeLabelsTask performLocal:
21614 [2019-07-09 18:33:02.324] [main] [info] [local-feed5ed1-9b41] -- Succeeded. Changing status to `remote`
21614 [2019-07-09 18:33:02.324] [main] [info] [local-56f8177e-0caa] Running ChangeLabelsTask performLocal:
21614 [2019-07-09 18:33:02.328] [main] [info] [local-56f8177e-0caa] -- Succeeded. Changing status to `remote`
21614 [2019-07-09 18:33:02.378] [background] [info] syncFolderUIDRange for [Gmail]/Corbeille, UIDs: 1 - 1483, Heavy: false
21614 [2019-07-09 18:33:02.420] [background] [info] - remote=9, local=9
21614 [2019-07-09 18:33:02.420] [background] [info] Cleaning local cache and updating stats
21614 [2019-07-09 18:33:02.433] [background] [info] -- 0 message bodies deleted from local cache.
21614 [2019-07-09 18:33:02.446] [background] [info] syncFolderUIDRange for [Gmail]/Spam, UIDs: 1 - 2036, Heavy: true
21614 [2019-07-09 18:33:02.473] [background] [info] - remote=0, local=0
21614 [2019-07-09 18:33:02.474] [background] [info] syncFolderUIDRange for [Gmail]/Spam, UIDs: 1 - 2036, Heavy: false
21614 [2019-07-09 18:33:02.483] [background] [info] - remote=0, local=0
21614 [2019-07-09 18:33:02.483] [background] [info] Cleaning local cache and updating stats
21614 [2019-07-09 18:33:02.533] [background] [info] -- 0 message bodies deleted from local cache.
21614 [2019-07-09 18:33:02.562] [background] [info] Sync loop deleting unlinked messages with phase 2.
21614 [2019-07-09 18:33:02.564] [background] [info] Sync loop complete.
21614 [2019-07-09 18:33:02.564] [background] [info] Syncing folder list...
21614 [2019-07-09 18:33:02.614] [background] [info] syncFolderUIDRange for [Gmail]/Tous les messages, UIDs: 1 - 5418, Heavy: true
21614 [2019-07-09 18:33:02.881] [main] [info] [local-693c4a5d-1f41] Running ChangeLabelsTask performLocal:
21614 [2019-07-09 18:33:02.884] [main] [info] [local-693c4a5d-1f41] -- Succeeded. Changing status to `remote`
21614 [2019-07-09 18:33:02.890] [main] [info] [local-5c2aa89f-e440] Running ChangeLabelsTask performLocal:
21614 [2019-07-09 18:33:02.891] [main] [info] [local-5c2aa89f-e440] -- Succeeded. Changing status to `remote`
21614 [2019-07-09 18:33:04.226] [main] [info] [local-160dcb46-00fc] Running ChangeLabelsTask performLocal:
21614 [2019-07-09 18:33:04.229] [main] [info] [local-160dcb46-00fc] -- Succeeded. Changing status to `remote`
21614 [2019-07-09 18:33:04.230] [main] [info] [local-f69b574c-eebd] Running ChangeLabelsTask performLocal:
21614 [2019-07-09 18:33:04.233] [main] [info] [local-f69b574c-eebd] -- Succeeded. Changing status to `remote`
21614 [2019-07-09 18:33:04.234] [main] [info] [local-106c9191-1f26] Running ChangeLabelsTask performLocal:
21614 [2019-07-09 18:33:04.237] [main] [info] [local-106c9191-1f26] -- Succeeded. Changing status to `remote`
21614 [2019-07-09 18:33:05.346] [main] [info] [local-5b2eac06-48af] Running ChangeLabelsTask performLocal:
21614 [2019-07-09 18:33:05.350] [main] [info] [local-5b2eac06-48af] -- Succeeded. Changing status to `remote`
21614 [2019-07-09 18:33:05.350] [main] [info] [local-213da6d4-f9ab] Running ChangeLabelsTask performLocal:
21614 [2019-07-09 18:33:05.354] [main] [info] [local-213da6d4-f9ab] -- Succeeded. Changing status to `remote`
21614 [2019-07-09 18:33:05.354] [main] [info] [local-31479b38-287c] Running ChangeLabelsTask performLocal:
21614 [2019-07-09 18:33:05.360] [main] [info] [local-31479b38-287c] -- Succeeded. Changing status to `remote`
21614 [2019-07-09 18:33:05.995] [main] [info] [local-a5f9cabf-916a] Running ChangeLabelsTask performLocal:
21614 [2019-07-09 18:33:05.997] [main] [info] [local-a5f9cabf-916a] -- Succeeded. Changing status to `remote`
21614 [2019-07-09 18:33:05.998] [main] [info] [local-3078019d-451a] Running ChangeLabelsTask performLocal:
21614 [2019-07-09 18:33:06.003] [main] [info] [local-3078019d-451a] -- Succeeded. Changing status to `remote`
21614 [2019-07-09 18:33:06.518] [main] [info] [local-59c243ac-d128] Running ChangeLabelsTask performLocal:
21614 [2019-07-09 18:33:06.522] [main] [info] [local-59c243ac-d128] -- Succeeded. Changing status to `remote`
21614 [2019-07-09 18:33:06.522] [main] [info] [local-4c11ba85-ec6a] Running ChangeLabelsTask performLocal:
21614 [2019-07-09 18:33:06.525] [main] [info] [local-4c11ba85-ec6a] -- Succeeded. Changing status to `remote`
21614 [2019-07-09 18:33:07.286] [main] [info] [local-67a467bc-0c57] Running ChangeLabelsTask performLocal:
21614 [2019-07-09 18:33:07.287] [main] [info] [local-67a467bc-0c57] -- Succeeded. Changing status to `remote`
21614 [2019-07-09 18:33:07.995] [main] [info] [local-64cb7af4-6088] Running ChangeLabelsTask performLocal:
21614 [2019-07-09 18:33:08.005] [main] [info] [local-64cb7af4-6088] -- Succeeded. Changing status to `remote`
21614 [2019-07-09 18:33:08.005] [main] [info] [local-7856c340-c8f2] Running ChangeLabelsTask performLocal:
21614 [2019-07-09 18:33:08.007] [main] [info] [local-7856c340-c8f2] -- Succeeded. Changing status to `remote`
21614 [2019-07-09 18:33:08.727] [main] [info] [local-606db2d1-a779] Running ChangeLabelsTask performLocal:
21614 [2019-07-09 18:33:08.764] [main] [info] [local-606db2d1-a779] -- Succeeded. Changing status to `remote`
21614 [2019-07-09 18:33:08.765] [main] [info] [local-b01da0fc-20c0] Running ChangeLabelsTask performLocal:
21614 [2019-07-09 18:33:08.767] [main] [info] [local-b01da0fc-20c0] -- Succeeded. Changing status to `remote`
21614 [2019-07-09 18:33:08.792] [background] [info] - remote=2219, local=0
21614 [2019-07-09 18:33:09.324] [background] [info] -- Attaching waiting metadata for send-later
21614 [2019-07-09 18:33:09.394] [main] [info] [local-fb1e396b-584f] Running ChangeLabelsTask performLocal:
21614 [2019-07-09 18:33:09.430] [main] [info] [local-fb1e396b-584f] -- Succeeded. Changing status to `remote`
21614 [2019-07-09 18:33:09.761] [main] [info] [local-477e2ba9-c007] Running ChangeLabelsTask performLocal:
21614 [2019-07-09 18:33:09.778] [main] [info] [local-477e2ba9-c007] -- Succeeded. Changing status to `remote`
21614 [2019-07-09 18:33:09.789] [main] [info] [local-7f02d7ae-2361] Running ChangeLabelsTask performLocal:
21614 [2019-07-09 18:33:09.793] [main] [info] [local-7f02d7ae-2361] -- Succeeded. Changing status to `remote`
21614 [2019-07-09 18:33:09.795] [background] [info] -- Attaching waiting metadata for send-later
21614 [2019-07-09 18:33:09.915] [foreground] [info] [local-feed5ed1-9b41] Running ChangeLabelsTask performRemote:
21614 [2019-07-09 18:33:09.923] [main] [info] [local-5f9dc47e-6371] Running ChangeLabelsTask performLocal:
21614 [2019-07-09 18:33:09.935] [main] [info] [local-5f9dc47e-6371] -- Succeeded. Changing status to `remote`
21614 [2019-07-09 18:33:09.969] [main] [info] [local-d487a450-dec7] Running ChangeLabelsTask performLocal:
21614 [2019-07-09 18:33:09.972] [foreground] [info] [local-feed5ed1-9b41] -- Succeeded. Changing status to `complete`
21614 [2019-07-09 18:33:09.972] [foreground] [info] [local-56f8177e-0caa] Running ChangeLabelsTask performRemote:
21614 [2019-07-09 18:33:09.980] [main] [info] [local-d487a450-dec7] -- Succeeded. Changing status to `remote`
21614 [2019-07-09 18:33:09.981] [main] [info] [local-5196f110-7e5d] Running ChangeLabelsTask performLocal:
21614 [2019-07-09 18:33:09.989] [main] [info] [local-5196f110-7e5d] -- Succeeded. Changing status to `remote`
21614 [2019-07-09 18:33:10.003] [foreground] [info] [local-56f8177e-0caa] -- Succeeded. Changing status to `complete`
21614 [2019-07-09 18:33:10.004] [foreground] [info] [local-693c4a5d-1f41] Running ChangeLabelsTask performRemote:
21614 [2019-07-09 18:33:10.122] [foreground] [info] [local-693c4a5d-1f41] -- Succeeded. Changing status to `complete`
21614 [2019-07-09 18:33:10.354] [foreground] [info] [local-5c2aa89f-e440] Running ChangeLabelsTask performRemote:
21614 [2019-07-09 18:33:10.393] [foreground] [info] [local-5c2aa89f-e440] -- Succeeded. Changing status to `complete`
21614 [2019-07-09 18:33:10.397] [foreground] [info] [local-160dcb46-00fc] Running ChangeLabelsTask performRemote:
21614 [2019-07-09 18:33:10.439] [foreground] [info] [local-160dcb46-00fc] -- Succeeded. Changing status to `complete`
21614 [2019-07-09 18:33:10.439] [foreground] [info] [local-f69b574c-eebd] Running ChangeLabelsTask performRemote:
21614 [2019-07-09 18:33:10.482] [foreground] [info] [local-f69b574c-eebd] -- Succeeded. Changing status to `complete`
21614 [2019-07-09 18:33:10.483] [foreground] [info] [local-106c9191-1f26] Running ChangeLabelsTask performRemote:
21614 [2019-07-09 18:33:10.522] [foreground] [info] [local-106c9191-1f26] -- Succeeded. Changing status to `complete`
21614 [2019-07-09 18:33:10.522] [foreground] [info] [local-5b2eac06-48af] Running ChangeLabelsTask performRemote:
21614 [2019-07-09 18:33:10.648] [foreground] [info] [local-5b2eac06-48af] -- Succeeded. Changing status to `complete`
21614 [2019-07-09 18:33:10.648] [foreground] [info] [local-213da6d4-f9ab] Running ChangeLabelsTask performRemote:
21614 [2019-07-09 18:33:10.684] [foreground] [info] [local-213da6d4-f9ab] -- Succeeded. Changing status to `complete`
21614 [2019-07-09 18:33:10.684] [foreground] [info] [local-31479b38-287c] Running ChangeLabelsTask performRemote:
21614 [2019-07-09 18:33:10.744] [foreground] [info] [local-31479b38-287c] -- Succeeded. Changing status to `complete`
21614 [2019-07-09 18:33:10.745] [foreground] [info] [local-a5f9cabf-916a] Running ChangeLabelsTask performRemote:
21614 [2019-07-09 18:33:10.780] [foreground] [info] [local-a5f9cabf-916a] -- Succeeded. Changing status to `complete`
21614 [2019-07-09 18:33:10.780] [foreground] [info] [local-3078019d-451a] Running ChangeLabelsTask performRemote:
21614 [2019-07-09 18:33:10.835] [foreground] [info] [local-3078019d-451a] -- Succeeded. Changing status to `complete`
21614 [2019-07-09 18:33:10.835] [foreground] [info] [local-59c243ac-d128] Running ChangeLabelsTask performRemote:
21614 [2019-07-09 18:33:10.868] [foreground] [info] [local-59c243ac-d128] -- Succeeded. Changing status to `complete`
21614 [2019-07-09 18:33:10.868] [foreground] [info] [local-4c11ba85-ec6a] Running ChangeLabelsTask performRemote:
21614 [2019-07-09 18:33:10.905] [foreground] [info] [local-4c11ba85-ec6a] -- Succeeded. Changing status to `complete`
21614 [2019-07-09 18:33:10.905] [foreground] [info] [local-67a467bc-0c57] Running ChangeLabelsTask performRemote:
21614 [2019-07-09 18:33:10.953] [foreground] [info] [local-67a467bc-0c57] -- Succeeded. Changing status to `complete`
21614 [2019-07-09 18:33:10.953] [foreground] [info] [local-64cb7af4-6088] Running ChangeLabelsTask performRemote:
21614 [2019-07-09 18:33:11.011] [foreground] [info] [local-64cb7af4-6088] -- Succeeded. Changing status to `complete`
21614 [2019-07-09 18:33:11.020] [foreground] [info] [local-7856c340-c8f2] Running ChangeLabelsTask performRemote:
21614 [2019-07-09 18:33:11.098] [foreground] [info] [local-7856c340-c8f2] -- Succeeded. Changing status to `complete`
21614 [2019-07-09 18:33:11.098] [foreground] [info] [local-606db2d1-a779] Running ChangeLabelsTask performRemote:
21614 [2019-07-09 18:33:11.218] [foreground] [info] [local-606db2d1-a779] -- Succeeded. Changing status to `complete`
21614 [2019-07-09 18:33:11.218] [foreground] [info] [local-b01da0fc-20c0] Running ChangeLabelsTask performRemote:
21614 [2019-07-09 18:33:11.270] [foreground] [info] [local-b01da0fc-20c0] -- Succeeded. Changing status to `complete`
21614 [2019-07-09 18:33:11.270] [foreground] [info] [local-fb1e396b-584f] Running ChangeLabelsTask performRemote:
21614 [2019-07-09 18:33:11.303] [foreground] [info] [local-fb1e396b-584f] -- Succeeded. Changing status to `complete`
21614 [2019-07-09 18:33:11.304] [foreground] [info] [local-477e2ba9-c007] Running ChangeLabelsTask performRemote:
21614 [2019-07-09 18:33:11.342] [foreground] [info] [local-477e2ba9-c007] -- Succeeded. Changing status to `complete`
21614 [2019-07-09 18:33:11.342] [foreground] [info] [local-7f02d7ae-2361] Running ChangeLabelsTask performRemote:
21614 [2019-07-09 18:33:11.383] [foreground] [info] [local-7f02d7ae-2361] -- Succeeded. Changing status to `complete`
21614 [2019-07-09 18:33:11.384] [foreground] [info] [local-5f9dc47e-6371] Running ChangeLabelsTask performRemote:
21614 [2019-07-09 18:33:11.420] [foreground] [info] [local-5f9dc47e-6371] -- Succeeded. Changing status to `complete`
21614 [2019-07-09 18:33:11.422] [foreground] [info] [local-d487a450-dec7] Running ChangeLabelsTask performRemote:
21614 [2019-07-09 18:33:11.467] [foreground] [info] [local-d487a450-dec7] -- Succeeded. Changing status to `complete`
21614 [2019-07-09 18:33:11.467] [foreground] [info] [local-5196f110-7e5d] Running ChangeLabelsTask performRemote:
21614 [2019-07-09 18:33:11.499] [foreground] [info] [local-5196f110-7e5d] -- Succeeded. Changing status to `complete`
21614 [2019-07-09 18:33:11.510] [foreground] [info] syncFolderChangesViaCondstore - [Gmail]/Tous les messages: modseq 567059 to 567059, uidnext 6168 to 6168
21614 [2019-07-09 18:33:13.641] [main] [info] [local-183828e6-f33b] Running ChangeLabelsTask performLocal:
21614 [2019-07-09 18:33:13.753] [main] [info] [local-183828e6-f33b] -- Succeeded. Changing status to `remote`
21614 [2019-07-09 18:33:13.757] [main] [info] [local-eaf598dc-ffe3] Running ChangeLabelsTask performLocal:
21614 [2019-07-09 18:33:13.760] [main] [info] [local-eaf598dc-ffe3] -- Succeeded. Changing status to `remote`
21614 [2019-07-09 18:33:14.289] [main] [info] [local-e8f8300a-5605] Running ChangeLabelsTask performLocal:
21614 [2019-07-09 18:33:14.291] [main] [info] [local-e8f8300a-5605] -- Succeeded. Changing status to `remote`
21614 [2019-07-09 18:33:14.894] [main] [info] [local-51879a7f-93c1] Running ChangeLabelsTask performLocal:
21614 [2019-07-09 18:33:14.899] [main] [info] [local-51879a7f-93c1] -- Succeeded. Changing status to `remote`
21614 [2019-07-09 18:33:14.899] [main] [info] [local-ceed79dc-2b1d] Running ChangeLabelsTask performLocal:
21614 [2019-07-09 18:33:14.901] [main] [info] [local-ceed79dc-2b1d] -- Succeeded. Changing status to `remote`
21614 [2019-07-09 18:33:14.901] [main] [info] [local-bca5e448-0187] Running ChangeLabelsTask performLocal:
21614 [2019-07-09 18:33:14.903] [main] [info] [local-bca5e448-0187] -- Succeeded. Changing status to `remote`
21614 [2019-07-09 18:33:14.911] [main] [info] [local-0bd1fa41-93e7] Running ChangeLabelsTask performLocal:
21614 [2019-07-09 18:33:14.922] [main] [info] [local-0bd1fa41-93e7] -- Succeeded. Changing status to `remote`
21614 [2019-07-09 18:33:15.557] [main] [info] [local-73855f6b-2dd3] Running ChangeLabelsTask performLocal:
21614 [2019-07-09 18:33:15.568] [main] [info] [local-73855f6b-2dd3] -- Succeeded. Changing status to `remote`
21614 [2019-07-09 18:33:15.569] [main] [info] [local-411d59cc-c273] Running ChangeLabelsTask performLocal:
21614 [2019-07-09 18:33:15.574] [main] [info] [local-411d59cc-c273] -- Succeeded. Changing status to `remote`
21614 [2019-07-09 18:33:15.594] [main] [info] [local-44e539ae-6153] Running ChangeLabelsTask performLocal:
21614 [2019-07-09 18:33:15.597] [main] [info] [local-44e539ae-6153] -- Succeeded. Changing status to `remote`
21614 [2019-07-09 18:33:15.603] [main] [info] [local-94eb0362-8ba1] Running ChangeLabelsTask performLocal:
21614 [2019-07-09 18:33:15.606] [main] [info] [local-94eb0362-8ba1] -- Succeeded. Changing status to `remote`
21614 [2019-07-09 18:33:16.183] [main] [info] [local-d03d68c9-a6ea] Running ChangeLabelsTask performLocal:
21614 [2019-07-09 18:33:16.196] [main] [info] [local-d03d68c9-a6ea] -- Succeeded. Changing status to `remote`
21614 [2019-07-09 18:33:16.196] [main] [info] [local-caf495b8-0541] Running ChangeLabelsTask performLocal:
21614 [2019-07-09 18:33:16.198] [main] [info] [local-caf495b8-0541] -- Succeeded. Changing status to `remote`
21614 [2019-07-09 18:33:16.198] [main] [info] [local-288d0d52-3ffb] Running ChangeLabelsTask performLocal:
21614 [2019-07-09 18:33:16.200] [main] [info] [local-288d0d52-3ffb] -- Succeeded. Changing status to `remote`
21614 [2019-07-09 18:33:16.204] [main] [info] [local-d72c5631-9400] Running ChangeLabelsTask performLocal:
21614 [2019-07-09 18:33:16.205] [main] [info] [local-d72c5631-9400] -- Succeeded. Changing status to `remote`
21614 [2019-07-09 18:33:16.818] [main] [info] [local-da4f4769-26bf] Running ChangeLabelsTask performLocal:
21614 [2019-07-09 18:33:16.828] [main] [info] [local-da4f4769-26bf] -- Succeeded. Changing status to `remote`
21614 [2019-07-09 18:33:16.828] [main] [info] [local-eb1c503e-b4c1] Running ChangeLabelsTask performLocal:
21614 [2019-07-09 18:33:16.830] [main] [info] [local-eb1c503e-b4c1] -- Succeeded. Changing status to `remote`
21614 [2019-07-09 18:33:16.830] [main] [info] [local-ade140f2-d952] Running ChangeLabelsTask performLocal:
21614 [2019-07-09 18:33:16.840] [main] [info] [local-ade140f2-d952] -- Succeeded. Changing status to `remote`
21614 [2019-07-09 18:33:16.841] [main] [info] [local-d39b2fa9-3bdd] Running ChangeLabelsTask performLocal:
21614 [2019-07-09 18:33:16.848] [main] [info] [local-d39b2fa9-3bdd] -- Succeeded. Changing status to `remote`
21614 [2019-07-09 18:33:17.247] [foreground] [info] [local-183828e6-f33b] Running ChangeLabelsTask performRemote:
21614 [2019-07-09 18:33:17.360] [foreground] [info] [local-183828e6-f33b] -- Succeeded. Changing status to `complete`
21614 [2019-07-09 18:33:17.360] [foreground] [info] [local-eaf598dc-ffe3] Running ChangeLabelsTask performRemote:
21614 [2019-07-09 18:33:17.424] [foreground] [info] [local-eaf598dc-ffe3] -- Succeeded. Changing status to `complete`
21614 [2019-07-09 18:33:17.428] [foreground] [info] [local-e8f8300a-5605] Running ChangeLabelsTask performRemote:
21614 [2019-07-09 18:33:17.438] [main] [info] [local-24ae0f40-abf5] Running ChangeLabelsTask performLocal:
21614 [2019-07-09 18:33:17.440] [main] [info] [local-24ae0f40-abf5] -- Succeeded. Changing status to `remote`
21614 [2019-07-09 18:33:17.440] [main] [info] [local-a22c7860-859d] Running ChangeLabelsTask performLocal:
21614 [2019-07-09 18:33:17.444] [main] [info] [local-a22c7860-859d] -- Succeeded. Changing status to `remote`
21614 [2019-07-09 18:33:17.508] [foreground] [info] [local-e8f8300a-5605] -- Succeeded. Changing status to `complete`
21614 [2019-07-09 18:33:17.508] [foreground] [info] [local-51879a7f-93c1] Running ChangeLabelsTask performRemote:
21614 [2019-07-09 18:33:17.549] [foreground] [info] [local-51879a7f-93c1] -- Succeeded. Changing status to `complete`
21614 [2019-07-09 18:33:17.550] [foreground] [info] [local-ceed79dc-2b1d] Running ChangeLabelsTask performRemote:
21614 [2019-07-09 18:33:17.715] [foreground] [info] [local-ceed79dc-2b1d] -- Succeeded. Changing status to `complete`
21614 [2019-07-09 18:33:17.715] [foreground] [info] [local-bca5e448-0187] Running ChangeLabelsTask performRemote:
21614 [2019-07-09 18:33:17.781] [foreground] [info] [local-bca5e448-0187] -- Succeeded. Changing status to `complete`
21614 [2019-07-09 18:33:17.781] [foreground] [info] [local-0bd1fa41-93e7] Running ChangeLabelsTask performRemote:
21614 [2019-07-09 18:33:17.862] [foreground] [info] [local-0bd1fa41-93e7] -- Succeeded. Changing status to `complete`
21614 [2019-07-09 18:33:17.862] [foreground] [info] [local-73855f6b-2dd3] Running ChangeLabelsTask performRemote:
21614 [2019-07-09 18:33:17.896] [foreground] [info] [local-73855f6b-2dd3] -- Succeeded. Changing status to `complete`
21614 [2019-07-09 18:33:17.896] [foreground] [info] [local-411d59cc-c273] Running ChangeLabelsTask performRemote:
21614 [2019-07-09 18:33:17.951] [foreground] [info] [local-411d59cc-c273] -- Succeeded. Changing status to `complete`
21614 [2019-07-09 18:33:17.962] [foreground] [info] [local-44e539ae-6153] Running ChangeLabelsTask performRemote:
21614 [2019-07-09 18:33:18.063] [foreground] [info] [local-44e539ae-6153] -- Succeeded. Changing status to `complete`
21614 [2019-07-09 18:33:18.063] [foreground] [info] [local-94eb0362-8ba1] Running ChangeLabelsTask performRemote:
21614 [2019-07-09 18:33:18.105] [foreground] [info] [local-94eb0362-8ba1] -- Succeeded. Changing status to `complete`
21614 [2019-07-09 18:33:18.105] [foreground] [info] [local-d03d68c9-a6ea] Running ChangeLabelsTask performRemote:
21614 [2019-07-09 18:33:18.135] [foreground] [info] [local-d03d68c9-a6ea] -- Succeeded. Changing status to `complete`
21614 [2019-07-09 18:33:18.135] [foreground] [info] [local-caf495b8-0541] Running ChangeLabelsTask performRemote:
21614 [2019-07-09 18:33:18.185] [foreground] [info] [local-caf495b8-0541] -- Succeeded. Changing status to `complete`
21614 [2019-07-09 18:33:18.185] [foreground] [info] [local-288d0d52-3ffb] Running ChangeLabelsTask performRemote:
21614 [2019-07-09 18:33:18.222] [foreground] [info] [local-288d0d52-3ffb] -- Succeeded. Changing status to `complete`
21614 [2019-07-09 18:33:18.223] [foreground] [info] [local-d72c5631-9400] Running ChangeLabelsTask performRemote:
21614 [2019-07-09 18:33:18.248] [foreground] [info] [local-d72c5631-9400] -- Succeeded. Changing status to `complete`
21614 [2019-07-09 18:33:18.248] [foreground] [info] [local-da4f4769-26bf] Running ChangeLabelsTask performRemote:
21614 [2019-07-09 18:33:18.300] [foreground] [info] [local-da4f4769-26bf] -- Succeeded. Changing status to `complete`
21614 [2019-07-09 18:33:18.301] [foreground] [info] [local-eb1c503e-b4c1] Running ChangeLabelsTask performRemote:
21614 [2019-07-09 18:33:18.359] [foreground] [info] [local-eb1c503e-b4c1] -- Succeeded. Changing status to `complete`
21614 [2019-07-09 18:33:18.359] [foreground] [info] [local-ade140f2-d952] Running ChangeLabelsTask performRemote:
21614 [2019-07-09 18:33:18.407] [foreground] [info] [local-ade140f2-d952] -- Succeeded. Changing status to `complete`
21614 [2019-07-09 18:33:18.408] [foreground] [info] [local-d39b2fa9-3bdd] Running ChangeLabelsTask performRemote:
21614 [2019-07-09 18:33:18.441] [foreground] [info] [local-d39b2fa9-3bdd] -- Succeeded. Changing status to `complete`
21614 [2019-07-09 18:33:18.441] [foreground] [info] [local-24ae0f40-abf5] Running ChangeLabelsTask performRemote:
21614 [2019-07-09 18:33:18.523] [foreground] [info] [local-24ae0f40-abf5] -- Succeeded. Changing status to `complete`
21614 [2019-07-09 18:33:18.524] [foreground] [info] [local-a22c7860-859d] Running ChangeLabelsTask performRemote:
21614 [2019-07-09 18:33:18.635] [foreground] [info] [local-a22c7860-859d] -- Succeeded. Changing status to `complete`
21614 [2019-07-09 18:33:18.649] [foreground] [info] syncFolderChangesViaCondstore - [Gmail]/Tous les messages: modseq 567059 to 567059, uidnext 6168 to 6168
21614 [2019-07-09 18:33:19.510] [main] [info] [local-e42e0f93-44b7] Running ChangeLabelsTask performLocal:
21614 [2019-07-09 18:33:19.514] [main] [info] [local-e42e0f93-44b7] -- Succeeded. Changing status to `remote`
21614 [2019-07-09 18:33:19.514] [main] [info] [local-58f41915-7e51] Running ChangeLabelsTask performLocal:
21614 [2019-07-09 18:33:19.518] [main] [info] [local-58f41915-7e51] -- Succeeded. Changing status to `remote`
21614 [2019-07-09 18:33:20.060] [main] [info] [local-c1ee8867-d4a2] Running ChangeLabelsTask performLocal:
21614 [2019-07-09 18:33:20.125] [main] [info] [local-c1ee8867-d4a2] -- Succeeded. Changing status to `remote`
21614 [2019-07-09 18:33:20.127] [main] [info] [local-1969b1c3-7b47] Running ChangeLabelsTask performLocal:
21614 [2019-07-09 18:33:20.128] [main] [info] [local-1969b1c3-7b47] -- Succeeded. Changing status to `remote`
21614 [2019-07-09 18:33:20.676] [main] [info] [local-0a723508-c35f] Running ChangeLabelsTask performLocal:
21614 [2019-07-09 18:33:20.686] [main] [info] [local-0a723508-c35f] -- Succeeded. Changing status to `remote`
21614 [2019-07-09 18:33:21.016] [main] [info] [local-a4783fdb-f1d4] Running ChangeLabelsTask performLocal:
21614 [2019-07-09 18:33:21.030] [main] [info] [local-a4783fdb-f1d4] -- Succeeded. Changing status to `remote`
21614 [2019-07-09 18:33:21.030] [main] [info] [local-0bfe7b49-f45f] Running ChangeLabelsTask performLocal:
21614 [2019-07-09 18:33:21.032] [main] [info] [local-0bfe7b49-f45f] -- Succeeded. Changing status to `remote`
21614 [2019-07-09 18:33:21.032] [main] [info] [local-ec138d75-2aa8] Running ChangeLabelsTask performLocal:
21614 [2019-07-09 18:33:21.042] [main] [info] [local-ec138d75-2aa8] -- Succeeded. Changing status to `remote`
21614 [2019-07-09 18:33:21.042] [main] [info] [local-e67df808-88bd] Running ChangeLabelsTask performLocal:
21614 [2019-07-09 18:33:21.044] [main] [info] [local-e67df808-88bd] -- Succeeded. Changing status to `remote`
21614 [2019-07-09 18:33:21.574] [main] [info] [local-a442154d-aae6] Running ChangeLabelsTask performLocal:
21614 [2019-07-09 18:33:21.811] [main] [info] [local-a442154d-aae6] -- Succeeded. Changing status to `remote`
21614 [2019-07-09 18:33:21.846] [main] [info] [local-06592771-6b08] Running ChangeLabelsTask performLocal:
21614 [2019-07-09 18:33:21.863] [main] [info] [local-06592771-6b08] -- Succeeded. Changing status to `remote`
21614 [2019-07-09 18:33:21.864] [main] [info] [local-402c4446-9eb4] Running ChangeLabelsTask performLocal:
21614 [2019-07-09 18:33:21.867] [main] [info] [local-402c4446-9eb4] -- Succeeded. Changing status to `remote`
23505 [2019-07-09 18:34:46.632] [main] [info] Identity created at 1551184549 - using ID Schema 1
23505 [2019-07-09 18:34:46.634] [main] [info] ------------- Starting Sync (djaghiles@gmail.com) ---------------
23505 [2019-07-09 18:34:46.642] [background] [info] Fetching XOAuth2 access token from Gmail for 999ce76d
23505 [2019-07-09 18:34:46.646] [metadata] [info] Metadata delta stream starting...
23505 [2019-07-09 18:34:46.717] [background] [info] Marking all folders as `busy`
23505 [2019-07-09 18:34:46.718] [background] [info] Syncing folder list...
23505 [2019-07-09 18:34:46.896] [background] [info] Syncing folder list...
23505 [2019-07-09 18:34:46.946] [background] [info] syncFolderUIDRange for [Gmail]/Tous les messages, UIDs: 1 - 5418, Heavy: true
23505 [2019-07-09 18:34:47.271] [foreground] [info] [local-e67df808-88bd] Running ChangeLabelsTask performRemote:
23505 [2019-07-09 18:34:47.604] [foreground] [info] [local-e67df808-88bd] -- Succeeded. Changing status to `complete`
23505 [2019-07-09 18:34:47.605] [foreground] [info] [local-a442154d-aae6] Running ChangeLabelsTask performRemote:
23505 [2019-07-09 18:34:47.913] [foreground] [info] [local-a442154d-aae6] -- Succeeded. Changing status to `complete`
23505 [2019-07-09 18:34:47.913] [foreground] [info] [local-06592771-6b08] Running ChangeLabelsTask performRemote:
23505 [2019-07-09 18:34:48.137] [foreground] [info] [local-06592771-6b08] -- Succeeded. Changing status to `complete`
23505 [2019-07-09 18:34:48.138] [foreground] [info] [local-402c4446-9eb4] Running ChangeLabelsTask performRemote:
23505 [2019-07-09 18:34:48.356] [foreground] [info] [local-402c4446-9eb4] -- Succeeded. Changing status to `complete`
23505 [2019-07-09 18:34:48.357] [foreground] [info] [local-64fa0624-1c4e] Running ChangeLabelsTask performRemote:
23505 [2019-07-09 18:34:48.396] [foreground] [info] [local-64fa0624-1c4e] -- Succeeded. Changing status to `complete`
23505 [2019-07-09 18:34:48.397] [foreground] [info] [local-72f54a8f-0ec5] Running ChangeLabelsTask performRemote:
23505 [2019-07-09 18:34:48.566] [foreground] [info] [local-72f54a8f-0ec5] -- Succeeded. Changing status to `complete`
23505 [2019-07-09 18:34:48.566] [foreground] [info] [local-b7280fbc-aab8] Running ChangeLabelsTask performRemote:
23505 [2019-07-09 18:34:48.850] [foreground] [info] [local-b7280fbc-aab8] -- Succeeded. Changing status to `complete`
23505 [2019-07-09 18:34:48.850] [foreground] [info] [local-cc3e779f-210d] Running ChangeLabelsTask performRemote:
23505 [2019-07-09 18:34:48.920] [foreground] [info] [local-cc3e779f-210d] -- Succeeded. Changing status to `complete`
23505 [2019-07-09 18:34:48.920] [foreground] [info] [local-3705575a-6d92] Running ChangeLabelsTask performRemote:
23505 [2019-07-09 18:34:49.114] [foreground] [info] [local-3705575a-6d92] -- Succeeded. Changing status to `complete`
23505 [2019-07-09 18:34:49.134] [foreground] [info] syncFolderChangesViaCondstore - [Gmail]/Tous les messages: modseq 567059 to 567059, uidnext 6168 to 6168
23505 [2019-07-09 18:34:49.944] [main] [info] [local-454ffacc-5ce9] Running ChangeLabelsTask performLocal:
23505 [2019-07-09 18:34:49.950] [main] [info] [local-454ffacc-5ce9] -- Succeeded. Changing status to `remote`
23505 [2019-07-09 18:34:53.434] [main] [info] [local-7a192dc5-d439] Running ChangeLabelsTask performLocal:
23505 [2019-07-09 18:34:53.447] [main] [info] [local-7a192dc5-d439] -- Succeeded. Changing status to `remote`
23505 [2019-07-09 18:34:53.447] [main] [info] [local-2d67ae52-f12d] Running ChangeLabelsTask performLocal:
23505 [2019-07-09 18:34:53.453] [main] [info] [local-2d67ae52-f12d] -- Succeeded. Changing status to `remote`
23505 [2019-07-09 18:34:53.713] [main] [info] [local-f0217928-c970] Running ChangeLabelsTask performLocal:
23505 [2019-07-09 18:34:53.769] [main] [info] [local-f0217928-c970] -- Succeeded. Changing status to `remote`
23505 [2019-07-09 18:34:53.848] [main] [info] [local-f8352cd6-ab3a] Running ChangeLabelsTask performLocal:
23505 [2019-07-09 18:34:53.850] [main] [info] [local-f8352cd6-ab3a] -- Succeeded. Changing status to `remote`
23505 [2019-07-09 18:34:54.523] [main] [info] [local-9e52cab9-eb2d] Running ChangeLabelsTask performLocal:
23505 [2019-07-09 18:34:54.525] [main] [info] [local-9e52cab9-eb2d] -- Succeeded. Changing status to `remote`
23505 [2019-07-09 18:34:54.526] [main] [info] [local-9af503ce-753f] Running ChangeLabelsTask performLocal:
23505 [2019-07-09 18:34:54.527] [main] [info] [local-9af503ce-753f] -- Succeeded. Changing status to `remote`
23505 [2019-07-09 18:34:55.108] [main] [info] [local-f5e2caea-4cdb] Running ChangeLabelsTask performLocal:
23505 [2019-07-09 18:34:55.144] [main] [info] [local-f5e2caea-4cdb] -- Succeeded. Changing status to `remote`
23505 [2019-07-09 18:34:55.148] [main] [info] [local-8ff0c9d5-09aa] Running ChangeLabelsTask performLocal:
23505 [2019-07-09 18:34:55.150] [main] [info] [local-8ff0c9d5-09aa] -- Succeeded. Changing status to `remote`
23505 [2019-07-09 18:34:55.150] [main] [info] [local-bfcd33f4-7b34] Running ChangeLabelsTask performLocal:
23505 [2019-07-09 18:34:55.152] [main] [info] [local-bfcd33f4-7b34] -- Succeeded. Changing status to `remote`
23505 [2019-07-09 18:34:55.152] [main] [info] [local-0a477be4-719f] Running ChangeLabelsTask performLocal:
23505 [2019-07-09 18:34:55.155] [main] [info] [local-0a477be4-719f] -- Succeeded. Changing status to `remote`
23505 [2019-07-09 18:34:56.104] [background] [info] - remote=2219, local=1981
23505 [2019-07-09 18:34:56.531] [main] [info] [local-bc97d399-01b2] Running ChangeLabelsTask performLocal:
23505 [2019-07-09 18:34:56.567] [main] [info] [local-bc97d399-01b2] -- Succeeded. Changing status to `remote`
23505 [2019-07-09 18:34:56.569] [main] [info] [local-e0f6006f-d1e2] Running ChangeLabelsTask performLocal:
23505 [2019-07-09 18:34:56.571] [main] [info] [local-e0f6006f-d1e2] -- Succeeded. Changing status to `remote`
23505 [2019-07-09 18:34:56.575] [main] [info] [local-501cdf6a-848d] Running ChangeLabelsTask performLocal:
23505 [2019-07-09 18:34:56.580] [main] [info] [local-501cdf6a-848d] -- Succeeded. Changing status to `remote`
23505 [2019-07-09 18:34:56.600] [main] [info] [local-0e1b5f92-2128] Running ChangeLabelsTask performLocal:
23505 [2019-07-09 18:34:56.604] [main] [info] [local-0e1b5f92-2128] -- Succeeded. Changing status to `remote`
23505 [2019-07-09 18:34:57.133] [main] [info] [local-c9f5c921-85ac] Running ChangeLabelsTask performLocal:
23505 [2019-07-09 18:34:57.135] [main] [info] [local-c9f5c921-85ac] -- Succeeded. Changing status to `remote`
23505 [2019-07-09 18:34:57.676] [main] [info] [local-6875309c-f4ef] Running ChangeLabelsTask performLocal:
23505 [2019-07-09 18:34:57.680] [main] [info] [local-6875309c-f4ef] -- Succeeded. Changing status to `remote`
23505 [2019-07-09 18:34:57.680] [main] [info] [local-ef615f0f-5c88] Running ChangeLabelsTask performLocal:
23505 [2019-07-09 18:34:57.683] [main] [info] [local-ef615f0f-5c88] -- Succeeded. Changing status to `remote`
23505 [2019-07-09 18:34:57.708] [main] [info] [local-1283c951-cc5a] Running ChangeLabelsTask performLocal:
23505 [2019-07-09 18:34:57.714] [main] [info] [local-1283c951-cc5a] -- Succeeded. Changing status to `remote`
23505 [2019-07-09 18:34:57.714] [main] [info] [local-cde9163a-aee9] Running ChangeLabelsTask performLocal:
23505 [2019-07-09 18:34:57.771] [main] [info] [local-cde9163a-aee9] -- Succeeded. Changing status to `remote`
23505 [2019-07-09 18:34:58.208] [foreground] [info] [local-e67df808-88bd] Running ChangeLabelsTask performRemote:
23505 [2019-07-09 18:34:58.239] [foreground] [info] [local-e67df808-88bd] -- Succeeded. Changing status to `complete`
23505 [2019-07-09 18:34:58.239] [foreground] [info] [local-454ffacc-5ce9] Running ChangeLabelsTask performRemote:
23505 [2019-07-09 18:34:58.288] [foreground] [info] [local-454ffacc-5ce9] -- Succeeded. Changing status to `complete`
23505 [2019-07-09 18:34:58.292] [foreground] [info] [local-7a192dc5-d439] Running ChangeLabelsTask performRemote:
23505 [2019-07-09 18:34:58.326] [main] [info] [local-60d287f9-5f43] Running ChangeLabelsTask performLocal:
23505 [2019-07-09 18:34:58.330] [main] [info] [local-60d287f9-5f43] -- Succeeded. Changing status to `remote`
23505 [2019-07-09 18:34:58.330] [main] [info] [local-318ec278-34c0] Running ChangeLabelsTask performLocal:
23505 [2019-07-09 18:34:58.334] [main] [info] [local-318ec278-34c0] -- Succeeded. Changing status to `remote`
23505 [2019-07-09 18:34:58.388] [foreground] [info] [local-7a192dc5-d439] -- Succeeded. Changing status to `complete`
23505 [2019-07-09 18:34:58.388] [foreground] [info] [local-2d67ae52-f12d] Running ChangeLabelsTask performRemote:
23505 [2019-07-09 18:34:58.419] [foreground] [info] [local-2d67ae52-f12d] -- Succeeded. Changing status to `complete`
23505 [2019-07-09 18:34:58.419] [foreground] [info] [local-f0217928-c970] Running ChangeLabelsTask performRemote:
23505 [2019-07-09 18:34:58.525] [foreground] [info] [local-f0217928-c970] -- Succeeded. Changing status to `complete`
23505 [2019-07-09 18:34:58.559] [foreground] [info] [local-f8352cd6-ab3a] Running ChangeLabelsTask performRemote:
23505 [2019-07-09 18:34:58.643] [foreground] [info] [local-f8352cd6-ab3a] -- Succeeded. Changing status to `complete`
23505 [2019-07-09 18:34:58.643] [foreground] [info] [local-9e52cab9-eb2d] Running ChangeLabelsTask performRemote:
23505 [2019-07-09 18:34:58.757] [foreground] [info] [local-9e52cab9-eb2d] -- Succeeded. Changing status to `complete`
23505 [2019-07-09 18:34:58.757] [foreground] [info] [local-9af503ce-753f] Running ChangeLabelsTask performRemote:
23505 [2019-07-09 18:34:58.786] [background] [info] syncFolderUIDRange for [Gmail]/Tous les messages, UIDs: 5300 - 6168, Heavy: false
23505 [2019-07-09 18:34:58.787] [foreground] [info] [local-9af503ce-753f] -- Succeeded. Changing status to `complete`
23505 [2019-07-09 18:34:58.787] [foreground] [info] [local-f5e2caea-4cdb] Running ChangeLabelsTask performRemote:
23505 [2019-07-09 18:34:58.885] [foreground] [info] [local-f5e2caea-4cdb] -- Succeeded. Changing status to `complete`
23505 [2019-07-09 18:34:58.885] [foreground] [info] [local-8ff0c9d5-09aa] Running ChangeLabelsTask performRemote:
23505 [2019-07-09 18:34:59.013] [foreground] [info] [local-8ff0c9d5-09aa] -- Succeeded. Changing status to `complete`
23505 [2019-07-09 18:34:59.014] [foreground] [info] [local-bfcd33f4-7b34] Running ChangeLabelsTask performRemote:
23505 [2019-07-09 18:34:59.093] [background] [info] - remote=400, local=400
23505 [2019-07-09 18:34:59.139] [foreground] [info] [local-bfcd33f4-7b34] -- Succeeded. Changing status to `complete`
23505 [2019-07-09 18:34:59.139] [foreground] [info] [local-0a477be4-719f] Running ChangeLabelsTask performRemote:
23505 [2019-07-09 18:34:59.204] [foreground] [info] [local-0a477be4-719f] -- Succeeded. Changing status to `complete`
23505 [2019-07-09 18:34:59.205] [foreground] [info] [local-bc97d399-01b2] Running ChangeLabelsTask performRemote:
23505 [2019-07-09 18:34:59.348] [foreground] [info] [local-bc97d399-01b2] -- Succeeded. Changing status to `complete`
23505 [2019-07-09 18:34:59.349] [foreground] [info] [local-e0f6006f-d1e2] Running ChangeLabelsTask performRemote:
23505 [2019-07-09 18:34:59.377] [foreground] [info] [local-e0f6006f-d1e2] -- Succeeded. Changing status to `complete`
23505 [2019-07-09 18:34:59.378] [foreground] [info] [local-501cdf6a-848d] Running ChangeLabelsTask performRemote:
23505 [2019-07-09 18:34:59.388] [main] [info] [local-7ce071b2-ff0f] Running ChangeLabelsTask performLocal:
23505 [2019-07-09 18:34:59.393] [main] [info] [local-7ce071b2-ff0f] -- Succeeded. Changing status to `remote`
23505 [2019-07-09 18:34:59.402] [main] [info] [local-7150edf0-9052] Running ChangeLabelsTask performLocal:
23505 [2019-07-09 18:34:59.438] [main] [info] [local-7150edf0-9052] -- Succeeded. Changing status to `remote`
23505 [2019-07-09 18:34:59.461] [foreground] [info] [local-501cdf6a-848d] -- Succeeded. Changing status to `complete`
23505 [2019-07-09 18:34:59.461] [foreground] [info] [local-0e1b5f92-2128] Running ChangeLabelsTask performRemote:
23505 [2019-07-09 18:34:59.573] [foreground] [info] [local-0e1b5f92-2128] -- Succeeded. Changing status to `complete`
23505 [2019-07-09 18:34:59.573] [foreground] [info] [local-c9f5c921-85ac] Running ChangeLabelsTask performRemote:
23505 [2019-07-09 18:34:59.612] [foreground] [info] [local-c9f5c921-85ac] -- Succeeded. Changing status to `complete`
23505 [2019-07-09 18:34:59.613] [foreground] [info] [local-6875309c-f4ef] Running ChangeLabelsTask performRemote:
23505 [2019-07-09 18:34:59.671] [foreground] [info] [local-6875309c-f4ef] -- Succeeded. Changing status to `complete`
23505 [2019-07-09 18:34:59.671] [foreground] [info] [local-ef615f0f-5c88] Running ChangeLabelsTask performRemote:
23505 [2019-07-09 18:34:59.728] [foreground] [info] [local-ef615f0f-5c88] -- Succeeded. Changing status to `complete`
23505 [2019-07-09 18:34:59.729] [foreground] [info] [local-1283c951-cc5a] Running ChangeLabelsTask performRemote:
23505 [2019-07-09 18:34:59.829] [foreground] [info] [local-1283c951-cc5a] -- Succeeded. Changing status to `complete`
23505 [2019-07-09 18:34:59.830] [foreground] [info] [local-cde9163a-aee9] Running ChangeLabelsTask performRemote:
23505 [2019-07-09 18:34:59.868] [foreground] [info] [local-cde9163a-aee9] -- Succeeded. Changing status to `complete`
23505 [2019-07-09 18:34:59.871] [foreground] [info] [local-60d287f9-5f43] Running ChangeLabelsTask performRemote:
23505 [2019-07-09 18:34:59.953] [foreground] [info] [local-60d287f9-5f43] -- Succeeded. Changing status to `complete`
23505 [2019-07-09 18:34:59.953] [foreground] [info] [local-318ec278-34c0] Running ChangeLabelsTask performRemote:
23505 [2019-07-09 18:34:59.976] [main] [info] [local-34f1aee0-9696] Running ChangeLabelsTask performLocal:
23505 [2019-07-09 18:34:59.978] [main] [info] [local-34f1aee0-9696] -- Succeeded. Changing status to `remote`
23505 [2019-07-09 18:34:59.979] [main] [info] [local-2270af46-7bab] Running ChangeLabelsTask performLocal:
23505 [2019-07-09 18:34:59.981] [main] [info] [local-2270af46-7bab] -- Succeeded. Changing status to `remote`
23505 [2019-07-09 18:34:59.982] [main] [info] [local-d2810138-10cf] Running ChangeLabelsTask performLocal:
23505 [2019-07-09 18:34:59.984] [main] [info] [local-d2810138-10cf] -- Succeeded. Changing status to `remote`
23505 [2019-07-09 18:35:00.162] [foreground] [info] [local-318ec278-34c0] -- Succeeded. Changing status to `complete`
23505 [2019-07-09 18:35:00.162] [foreground] [info] [local-7ce071b2-ff0f] Running ChangeLabelsTask performRemote:
23505 [2019-07-09 18:35:00.326] [foreground] [info] [local-7ce071b2-ff0f] -- Succeeded. Changing status to `complete`
23505 [2019-07-09 18:35:00.326] [foreground] [info] [local-7150edf0-9052] Running ChangeLabelsTask performRemote:
23505 [2019-07-09 18:35:00.503] [main] [info] [local-5d6de78a-0306] Running ChangeLabelsTask performLocal:
23505 [2019-07-09 18:35:00.508] [main] [info] [local-5d6de78a-0306] -- Succeeded. Changing status to `remote`
23505 [2019-07-09 18:35:00.509] [main] [info] [local-f3b83d05-732d] Running ChangeLabelsTask performLocal:
23505 [2019-07-09 18:35:00.511] [main] [info] [local-f3b83d05-732d] -- Succeeded. Changing status to `remote`
23505 [2019-07-09 18:35:00.576] [foreground] [info] [local-7150edf0-9052] -- Succeeded. Changing status to `complete`
23505 [2019-07-09 18:35:00.577] [foreground] [info] [local-34f1aee0-9696] Running ChangeLabelsTask performRemote:
23505 [2019-07-09 18:35:00.736] [foreground] [info] [local-34f1aee0-9696] -- Succeeded. Changing status to `complete`
23505 [2019-07-09 18:35:00.737] [foreground] [info] [local-2270af46-7bab] Running ChangeLabelsTask performRemote:
23505 [2019-07-09 18:35:00.821] [foreground] [info] [local-2270af46-7bab] -- Succeeded. Changing status to `complete`
23505 [2019-07-09 18:35:00.821] [foreground] [info] [local-d2810138-10cf] Running ChangeLabelsTask performRemote:
23505 [2019-07-09 18:35:00.847] [foreground] [info] [local-d2810138-10cf] -- Succeeded. Changing status to `complete`
23505 [2019-07-09 18:35:00.847] [foreground] [info] [local-5d6de78a-0306] Running ChangeLabelsTask performRemote:
23505 [2019-07-09 18:35:00.896] [foreground] [info] [local-5d6de78a-0306] -- Succeeded. Changing status to `complete`
23505 [2019-07-09 18:35:00.897] [foreground] [info] [local-f3b83d05-732d] Running ChangeLabelsTask performRemote:
23505 [2019-07-09 18:35:00.934] [foreground] [info] [local-f3b83d05-732d] -- Succeeded. Changing status to `complete`
23505 [2019-07-09 18:35:00.947] [foreground] [info] [local-e67df808-88bd] Running ChangeLabelsTask performRemote:
23505 [2019-07-09 18:35:01.067] [foreground] [info] [local-e67df808-88bd] -- Succeeded. Changing status to `complete`
23505 [2019-07-09 18:35:01.077] [foreground] [info] syncFolderChangesViaCondstore - [Gmail]/Tous les messages: modseq 567059 to 567059, uidnext 6168 to 6168
23505 [2019-07-09 18:35:01.093] [main] [info] [local-aa8e018d-a278] Running ChangeLabelsTask performLocal:
23505 [2019-07-09 18:35:01.104] [main] [info] [local-aa8e018d-a278] -- Succeeded. Changing status to `remote`
23505 [2019-07-09 18:35:01.104] [main] [info] [local-a55e76c1-26a3] Running ChangeLabelsTask performLocal:
23505 [2019-07-09 18:35:01.106] [main] [info] [local-a55e76c1-26a3] -- Succeeded. Changing status to `remote`
23505 [2019-07-09 18:35:01.107] [main] [info] [local-e1a94db4-a63b] Running ChangeLabelsTask performLocal:
23505 [2019-07-09 18:35:01.109] [main] [info] [local-e1a94db4-a63b] -- Succeeded. Changing status to `remote`
23505 [2019-07-09 18:35:01.644] [metadataExpiration] [info] Scanning for expired metadata
23505 [2019-07-09 18:35:01.644] [metadataExpiration] [info] -- Will wake for next expiration in 7200sec
23505 [2019-07-09 18:35:01.689] [main] [info] [local-60890393-6eb7] Running ChangeLabelsTask performLocal:
23505 [2019-07-09 18:35:01.693] [main] [info] [local-60890393-6eb7] -- Succeeded. Changing status to `remote`
23505 [2019-07-09 18:35:01.693] [main] [info] [local-30c0d488-b191] Running ChangeLabelsTask performLocal:
23505 [2019-07-09 18:35:01.695] [main] [info] [local-30c0d488-b191] -- Succeeded. Changing status to `remote`
23505 [2019-07-09 18:35:01.695] [main] [info] [local-3afa7508-46e3] Running ChangeLabelsTask performLocal:
23505 [2019-07-09 18:35:01.697] [main] [info] [local-3afa7508-46e3] -- Succeeded. Changing status to `remote`
23505 [2019-07-09 18:35:01.698] [main] [info] [local-a61d2e50-e015] Running ChangeLabelsTask performLocal:
23505 [2019-07-09 18:35:01.703] [main] [info] [local-a61d2e50-e015] -- Succeeded. Changing status to `remote`
23505 [2019-07-09 18:35:01.703] [main] [info] [local-da62d7c4-3184] Running ChangeLabelsTask performLocal:
23505 [2019-07-09 18:35:01.706] [main] [info] [local-da62d7c4-3184] -- Succeeded. Changing status to `remote`
23505 [2019-07-09 18:35:01.706] [main] [info] [local-bba35e56-b5c4] Running ChangeLabelsTask performLocal:
23505 [2019-07-09 18:35:01.709] [main] [info] [local-bba35e56-b5c4] -- Succeeded. Changing status to `remote`
23505 [2019-07-09 18:35:01.709] [main] [info] [local-0befc0b8-84e6] Running ChangeLabelsTask performLocal:
23505 [2019-07-09 18:35:01.712] [main] [info] [local-0befc0b8-84e6] -- Succeeded. Changing status to `remote`
23505 [2019-07-09 18:35:01.712] [main] [info] [local-bc6356b1-1eb4] Running ChangeLabelsTask performLocal:
23505 [2019-07-09 18:35:01.714] [main] [info] [local-bc6356b1-1eb4] -- Succeeded. Changing status to `remote`
23505 [2019-07-09 18:35:01.726] [main] [info] [local-2cff19f9-0ca7] Running ChangeLabelsTask performLocal:
23505 [2019-07-09 18:35:01.762] [main] [info] [local-2cff19f9-0ca7] -- Succeeded. Changing status to `remote`
23505 [2019-07-09 18:35:01.768] [main] [info] [local-302f7342-5461] Running ChangeLabelsTask performLocal:
23505 [2019-07-09 18:35:01.771] [main] [info] [local-302f7342-5461] -- Succeeded. Changing status to `remote`
23505 [2019-07-09 18:35:02.297] [main] [info] [local-1d46872b-f1e1] Running ChangeLabelsTask performLocal:
23505 [2019-07-09 18:35:02.333] [main] [info] [local-1d46872b-f1e1] -- Succeeded. Changing status to `remote`
23505 [2019-07-09 18:35:02.351] [main] [info] [local-ddbdbf3e-eec1] Running ChangeLabelsTask performLocal:
23505 [2019-07-09 18:35:02.354] [main] [info] [local-ddbdbf3e-eec1] -- Succeeded. Changing status to `remote`
23505 [2019-07-09 18:35:03.021] [main] [info] [local-749c7bcd-7442] Running ChangeLabelsTask performLocal:
23505 [2019-07-09 18:35:03.024] [main] [info] [local-749c7bcd-7442] -- Succeeded. Changing status to `remote`
23505 [2019-07-09 18:35:03.025] [main] [info] [local-ab8ab1ff-b337] Running ChangeLabelsTask performLocal:
23505 [2019-07-09 18:35:03.027] [main] [info] [local-ab8ab1ff-b337] -- Succeeded. Changing status to `remote`
23505 [2019-07-09 18:35:03.027] [main] [info] [local-5eba77c3-950c] Running ChangeLabelsTask performLocal:
23505 [2019-07-09 18:35:03.029] [main] [info] [local-5eba77c3-950c] -- Succeeded. Changing status to `remote`
23505 [2019-07-09 18:35:03.031] [main] [info] [local-988e562c-7973] Running ChangeLabelsTask performLocal:
23505 [2019-07-09 18:35:03.034] [main] [info] [local-988e562c-7973] -- Succeeded. Changing status to `remote`
23505 [2019-07-09 18:35:03.034] [main] [info] [local-cc2593a7-cf9b] Running ChangeLabelsTask performLocal:
23505 [2019-07-09 18:35:03.037] [main] [info] [local-cc2593a7-cf9b] -- Succeeded. Changing status to `remote`
23505 [2019-07-09 18:35:03.038] [main] [info] [local-f4e07d99-3615] Running ChangeLabelsTask performLocal:
23505 [2019-07-09 18:35:03.040] [main] [info] [local-f4e07d99-3615] -- Succeeded. Changing status to `remote`
23505 [2019-07-09 18:35:03.040] [main] [info] [local-4c205e4f-9443] Running ChangeLabelsTask performLocal:
23505 [2019-07-09 18:35:03.042] [main] [info] [local-4c205e4f-9443] -- Succeeded. Changing status to `remote`
23505 [2019-07-09 18:35:03.042] [main] [info] [local-60eec9c0-2933] Running ChangeLabelsTask performLocal:
23505 [2019-07-09 18:35:03.044] [main] [info] [local-60eec9c0-2933] -- Succeeded. Changing status to `remote`
23505 [2019-07-09 18:35:03.045] [main] [info] [local-ab66faf6-52cb] Running ChangeLabelsTask performLocal:
23505 [2019-07-09 18:35:03.047] [main] [info] [local-ab66faf6-52cb] -- Succeeded. Changing status to `remote`
23505 [2019-07-09 18:35:03.358] [background] [info] Cleaning local cache and updating stats
23505 [2019-07-09 18:35:03.384] [background] [info] -- 0 message bodies deleted from local cache.
23505 [2019-07-09 18:35:03.420] [background] [info] syncFolderUIDRange for [Gmail]/Corbeille, UIDs: 1 - 1483, Heavy: false
23505 [2019-07-09 18:35:03.541] [background] [info] - remote=9, local=9
23505 [2019-07-09 18:35:03.556] [background] [info] syncFolderUIDRange for [Gmail]/Spam, UIDs: 1 - 2036, Heavy: false
23505 [2019-07-09 18:35:03.599] [background] [info] - remote=0, local=0
23505 [2019-07-09 18:35:03.637] [background] [info] Sync loop deleting unlinked messages with phase 2.
23505 [2019-07-09 18:35:03.639] [background] [info] Sync loop complete.
23505 [2019-07-09 18:35:03.639] [background] [info] Syncing folder list...
23505 [2019-07-09 18:35:03.647] [main] [info] [local-19fee61d-8de7] Running ChangeLabelsTask performLocal:
23505 [2019-07-09 18:35:03.650] [main] [info] [local-19fee61d-8de7] -- Succeeded. Changing status to `remote`
23505 [2019-07-09 18:35:03.650] [main] [info] [local-29dad3ec-2dd0] Running ChangeLabelsTask performLocal:
23505 [2019-07-09 18:35:03.675] [main] [info] [local-29dad3ec-2dd0] -- Succeeded. Changing status to `remote`
23505 [2019-07-09 18:35:03.678] [main] [info] [local-f79f7a04-5842] Running ChangeLabelsTask performLocal:
23505 [2019-07-09 18:35:03.681] [main] [info] [local-f79f7a04-5842] -- Succeeded. Changing status to `remote`
23505 [2019-07-09 18:35:03.682] [main] [info] [local-7f162bfc-9965] Running ChangeLabelsTask performLocal:
23505 [2019-07-09 18:35:03.694] [main] [info] [local-7f162bfc-9965] -- Succeeded. Changing status to `remote`
23505 [2019-07-09 18:35:03.694] [main] [info] [local-782ce597-24df] Running ChangeLabelsTask performLocal:
23505 [2019-07-09 18:35:03.696] [main] [info] [local-782ce597-24df] -- Succeeded. Changing status to `remote`
23505 [2019-07-09 18:35:03.696] [main] [info] [local-62db1e0d-6f30] Running ChangeLabelsTask performLocal:
23505 [2019-07-09 18:35:03.698] [main] [info] [local-62db1e0d-6f30] -- Succeeded. Changing status to `remote`
23505 [2019-07-09 18:35:03.699] [main] [info] [local-d4c9c374-7550] Running ChangeLabelsTask performLocal:
23505 [2019-07-09 18:35:03.701] [main] [info] [local-d4c9c374-7550] -- Succeeded. Changing status to `remote`
23505 [2019-07-09 18:35:03.709] [main] [info] [local-7a1bfb6a-3d4f] Running ChangeLabelsTask performLocal:
23505 [2019-07-09 18:35:03.711] [main] [info] [local-7a1bfb6a-3d4f] -- Succeeded. Changing status to `remote`
23505 [2019-07-09 18:35:03.829] [background] [info] syncFolderUIDRange for [Gmail]/Tous les messages, UIDs: 1 - 0, Heavy: false
23505 [2019-07-09 18:35:04.411] [main] [info] [local-1cffd4c9-869a] Running ChangeLabelsTask performLocal:
23505 [2019-07-09 18:35:04.415] [main] [info] [local-1cffd4c9-869a] -- Succeeded. Changing status to `remote`
23505 [2019-07-09 18:35:04.416] [main] [info] [local-d8b2eea6-65aa] Running ChangeLabelsTask performLocal:
23505 [2019-07-09 18:35:04.420] [main] [info] [local-d8b2eea6-65aa] -- Succeeded. Changing status to `remote`
23505 [2019-07-09 18:35:04.420] [main] [info] [local-f88eda39-6248] Running ChangeLabelsTask performLocal:
23505 [2019-07-09 18:35:04.423] [main] [info] [local-f88eda39-6248] -- Succeeded. Changing status to `remote`
23505 [2019-07-09 18:35:04.989] [main] [info] [local-e2740be8-cb4a] Running ChangeLabelsTask performLocal:
23505 [2019-07-09 18:35:04.991] [main] [info] [local-e2740be8-cb4a] -- Succeeded. Changing status to `remote`
23505 [2019-07-09 18:35:04.992] [main] [info] [local-df829a5f-b6be] Running ChangeLabelsTask performLocal:
23505 [2019-07-09 18:35:04.995] [main] [info] [local-df829a5f-b6be] -- Succeeded. Changing status to `remote`
23505 [2019-07-09 18:35:04.996] [main] [info] [local-2df22495-ac76] Running ChangeLabelsTask performLocal:
23505 [2019-07-09 18:35:04.999] [main] [info] [local-2df22495-ac76] -- Succeeded. Changing status to `remote`
23505 [2019-07-09 18:35:04.999] [main] [info] [local-0ff630b8-e59c] Running ChangeLabelsTask performLocal:
23505 [2019-07-09 18:35:05.011] [main] [info] [local-0ff630b8-e59c] -- Succeeded. Changing status to `remote`
23505 [2019-07-09 18:35:06.034] [main] [info] [local-540cfcb8-58bb] Running ChangeLabelsTask performLocal:
23505 [2019-07-09 18:35:06.036] [main] [info] [local-540cfcb8-58bb] -- Succeeded. Changing status to `remote`
23505 [2019-07-09 18:35:06.037] [main] [info] [local-6329c465-336c] Running ChangeLabelsTask performLocal:
23505 [2019-07-09 18:35:06.043] [main] [info] [local-6329c465-336c] -- Succeeded. Changing status to `remote`
23505 [2019-07-09 18:35:06.716] [main] [info] [local-745eebb8-36b5] Running ChangeLabelsTask performLocal:
23505 [2019-07-09 18:35:06.719] [main] [info] [local-745eebb8-36b5] -- Succeeded. Changing status to `remote`
23505 [2019-07-09 18:35:06.719] [main] [info] [local-71a85263-fdc3] Running ChangeLabelsTask performLocal:
23505 [2019-07-09 18:35:06.721] [main] [info] [local-71a85263-fdc3] -- Succeeded. Changing status to `remote`
23505 [2019-07-09 18:35:06.722] [main] [info] [local-365fecfe-83fb] Running ChangeLabelsTask performLocal:
23505 [2019-07-09 18:35:06.725] [main] [info] [local-365fecfe-83fb] -- Succeeded. Changing status to `remote`
23505 [2019-07-09 18:35:06.743] [foreground] [info] [local-e67df808-88bd] Running ChangeLabelsTask performRemote:
23505 [2019-07-09 18:35:06.945] [foreground] [info] [local-e67df808-88bd] -- Succeeded. Changing status to `complete`
23505 [2019-07-09 18:35:06.947] [foreground] [info] [local-aa8e018d-a278] Running ChangeLabelsTask performRemote:
23505 [2019-07-09 18:35:07.057] [foreground] [info] [local-aa8e018d-a278] -- Succeeded. Changing status to `complete`
23505 [2019-07-09 18:35:07.057] [foreground] [info] [local-a55e76c1-26a3] Running ChangeLabelsTask performRemote:
23505 [2019-07-09 18:35:07.173] [foreground] [info] [local-a55e76c1-26a3] -- Succeeded. Changing status to `complete`
23505 [2019-07-09 18:35:07.174] [foreground] [info] [local-e1a94db4-a63b] Running ChangeLabelsTask performRemote:
23505 [2019-07-09 18:35:07.304] [main] [info] [local-8d0b1ea9-af82] Running ChangeLabelsTask performLocal:
23505 [2019-07-09 18:35:07.307] [main] [info] [local-8d0b1ea9-af82] -- Succeeded. Changing status to `remote`
23505 [2019-07-09 18:35:07.330] [foreground] [info] [local-e1a94db4-a63b] -- Succeeded. Changing status to `complete`
23505 [2019-07-09 18:35:07.331] [foreground] [info] [local-60890393-6eb7] Running ChangeLabelsTask performRemote:
23505 [2019-07-09 18:35:07.338] [background] [info] - remote=2590, local=2590
23505 [2019-07-09 18:35:07.374] [foreground] [info] [local-60890393-6eb7] -- Succeeded. Changing status to `complete`
23505 [2019-07-09 18:35:07.374] [foreground] [info] [local-30c0d488-b191] Running ChangeLabelsTask performRemote:
23505 [2019-07-09 18:35:07.432] [foreground] [info] [local-30c0d488-b191] -- Succeeded. Changing status to `complete`
23505 [2019-07-09 18:35:07.433] [foreground] [info] [local-3afa7508-46e3] Running ChangeLabelsTask performRemote:
23505 [2019-07-09 18:35:07.546] [foreground] [info] [local-3afa7508-46e3] -- Succeeded. Changing status to `complete`
23505 [2019-07-09 18:35:07.546] [foreground] [info] [local-a61d2e50-e015] Running ChangeLabelsTask performRemote:
23505 [2019-07-09 18:35:07.587] [foreground] [info] [local-a61d2e50-e015] -- Succeeded. Changing status to `complete`
23505 [2019-07-09 18:35:07.588] [foreground] [info] [local-da62d7c4-3184] Running ChangeLabelsTask performRemote:
23505 [2019-07-09 18:35:07.695] [foreground] [info] [local-da62d7c4-3184] -- Succeeded. Changing status to `complete`
23505 [2019-07-09 18:35:07.698] [foreground] [info] [local-bba35e56-b5c4] Running ChangeLabelsTask performRemote:
23505 [2019-07-09 18:35:07.799] [foreground] [info] [local-bba35e56-b5c4] -- Succeeded. Changing status to `complete`
23505 [2019-07-09 18:35:07.799] [foreground] [info] [local-0befc0b8-84e6] Running ChangeLabelsTask performRemote:
23505 [2019-07-09 18:35:07.847] [main] [info] [local-0752fac3-cd0a] Running ChangeLabelsTask performLocal:
23505 [2019-07-09 18:35:07.849] [main] [info] [local-0752fac3-cd0a] -- Succeeded. Changing status to `remote`
23505 [2019-07-09 18:35:07.851] [main] [info] [local-e9f6c055-94c3] Running ChangeLabelsTask performLocal:
23505 [2019-07-09 18:35:07.854] [main] [info] [local-e9f6c055-94c3] -- Succeeded. Changing status to `remote`
23505 [2019-07-09 18:35:07.856] [main] [info] [local-a0c7586e-3ec6] Running ChangeLabelsTask performLocal:
23505 [2019-07-09 18:35:07.858] [main] [info] [local-a0c7586e-3ec6] -- Succeeded. Changing status to `remote`
23505 [2019-07-09 18:35:07.931] [foreground] [info] [local-0befc0b8-84e6] -- Succeeded. Changing status to `complete`
23505 [2019-07-09 18:35:07.931] [foreground] [info] [local-bc6356b1-1eb4] Running ChangeLabelsTask performRemote:
23505 [2019-07-09 18:35:08.038] [foreground] [info] [local-bc6356b1-1eb4] -- Succeeded. Changing status to `complete`
23505 [2019-07-09 18:35:08.038] [foreground] [info] [local-2cff19f9-0ca7] Running ChangeLabelsTask performRemote:
23505 [2019-07-09 18:35:08.075] [foreground] [info] [local-2cff19f9-0ca7] -- Succeeded. Changing status to `complete`
23505 [2019-07-09 18:35:08.075] [foreground] [info] [local-302f7342-5461] Running ChangeLabelsTask performRemote:
23505 [2019-07-09 18:35:08.182] [foreground] [info] [local-302f7342-5461] -- Succeeded. Changing status to `complete`
23505 [2019-07-09 18:35:08.182] [foreground] [info] [local-1d46872b-f1e1] Running ChangeLabelsTask performRemote:
23505 [2019-07-09 18:35:08.339] [foreground] [info] [local-1d46872b-f1e1] -- Succeeded. Changing status to `complete`
23505 [2019-07-09 18:35:08.339] [foreground] [info] [local-ddbdbf3e-eec1] Running ChangeLabelsTask performRemote:
23505 [2019-07-09 18:35:08.379] [main] [info] [local-e49a2c87-ac97] Running ChangeLabelsTask performLocal:
23505 [2019-07-09 18:35:08.382] [main] [info] [local-e49a2c87-ac97] -- Succeeded. Changing status to `remote`
23505 [2019-07-09 18:35:08.382] [main] [info] [local-49e92ba5-f258] Running ChangeLabelsTask performLocal:
23505 [2019-07-09 18:35:08.385] [main] [info] [local-49e92ba5-f258] -- Succeeded. Changing status to `remote`
23505 [2019-07-09 18:35:08.387] [foreground] [info] [local-ddbdbf3e-eec1] -- Succeeded. Changing status to `complete`
23505 [2019-07-09 18:35:08.387] [foreground] [info] [local-749c7bcd-7442] Running ChangeLabelsTask performRemote:
23505 [2019-07-09 18:35:08.451] [foreground] [info] [local-749c7bcd-7442] -- Succeeded. Changing status to `complete`
23505 [2019-07-09 18:35:08.452] [foreground] [info] [local-ab8ab1ff-b337] Running ChangeLabelsTask performRemote:
23505 [2019-07-09 18:35:08.522] [foreground] [info] [local-ab8ab1ff-b337] -- Succeeded. Changing status to `complete`
23505 [2019-07-09 18:35:08.522] [foreground] [info] [local-5eba77c3-950c] Running ChangeLabelsTask performRemote:
23505 [2019-07-09 18:35:08.554] [foreground] [info] [local-5eba77c3-950c] -- Succeeded. Changing status to `complete`
23505 [2019-07-09 18:35:08.555] [foreground] [info] [local-988e562c-7973] Running ChangeLabelsTask performRemote:
23505 [2019-07-09 18:35:08.803] [foreground] [info] [local-988e562c-7973] -- Succeeded. Changing status to `complete`
23505 [2019-07-09 18:35:08.804] [foreground] [info] [local-cc2593a7-cf9b] Running ChangeLabelsTask performRemote:
23505 [2019-07-09 18:35:08.917] [main] [info] [local-58529e1a-b162] Running ChangeLabelsTask performLocal:
23505 [2019-07-09 18:35:08.922] [main] [info] [local-58529e1a-b162] -- Succeeded. Changing status to `remote`
23505 [2019-07-09 18:35:08.925] [foreground] [info] [local-cc2593a7-cf9b] -- Succeeded. Changing status to `complete`
23505 [2019-07-09 18:35:08.926] [foreground] [info] [local-f4e07d99-3615] Running ChangeLabelsTask performRemote:
23505 [2019-07-09 18:35:08.932] [main] [info] [local-3e350d10-c2c1] Running ChangeLabelsTask performLocal:
23505 [2019-07-09 18:35:08.935] [main] [info] [local-3e350d10-c2c1] -- Succeeded. Changing status to `remote`
23505 [2019-07-09 18:35:08.935] [main] [info] [local-d906fe56-83c6] Running ChangeLabelsTask performLocal:
23505 [2019-07-09 18:35:08.939] [main] [info] [local-d906fe56-83c6] -- Succeeded. Changing status to `remote`
23505 [2019-07-09 18:35:08.940] [main] [info] [local-db402458-2cf4] Running ChangeLabelsTask performLocal:
23505 [2019-07-09 18:35:08.944] [main] [info] [local-db402458-2cf4] -- Succeeded. Changing status to `remote`
23505 [2019-07-09 18:35:09.053] [foreground] [info] [local-f4e07d99-3615] -- Succeeded. Changing status to `complete`
23505 [2019-07-09 18:35:09.055] [foreground] [info] [local-4c205e4f-9443] Running ChangeLabelsTask performRemote:
23505 [2019-07-09 18:35:09.114] [foreground] [info] [local-4c205e4f-9443] -- Succeeded. Changing status to `complete`
23505 [2019-07-09 18:35:09.115] [foreground] [info] [local-60eec9c0-2933] Running ChangeLabelsTask performRemote:
23505 [2019-07-09 18:35:09.166] [foreground] [info] [local-60eec9c0-2933] -- Succeeded. Changing status to `complete`
23505 [2019-07-09 18:35:09.167] [foreground] [info] [local-ab66faf6-52cb] Running ChangeLabelsTask performRemote:
23505 [2019-07-09 18:35:09.240] [foreground] [info] [local-ab66faf6-52cb] -- Succeeded. Changing status to `complete`
23505 [2019-07-09 18:35:09.240] [foreground] [info] [local-19fee61d-8de7] Running ChangeLabelsTask performRemote:
23505 [2019-07-09 18:35:09.354] [foreground] [info] [local-19fee61d-8de7] -- Succeeded. Changing status to `complete`
23505 [2019-07-09 18:35:09.356] [foreground] [info] [local-29dad3ec-2dd0] Running ChangeLabelsTask performRemote:
23505 [2019-07-09 18:35:09.512] [main] [info] [local-d9d9947b-6ab3] Running ChangeLabelsTask performLocal:
23505 [2019-07-09 18:35:09.524] [main] [info] [local-d9d9947b-6ab3] -- Succeeded. Changing status to `remote`
23505 [2019-07-09 18:35:09.524] [main] [info] [local-b4cf1978-300e] Running ChangeLabelsTask performLocal:
23505 [2019-07-09 18:35:09.527] [main] [info] [local-b4cf1978-300e] -- Succeeded. Changing status to `remote`
23505 [2019-07-09 18:35:09.906] [foreground] [info] [local-29dad3ec-2dd0] -- Succeeded. Changing status to `complete`
23505 [2019-07-09 18:35:09.907] [foreground] [info] [local-f79f7a04-5842] Running ChangeLabelsTask performRemote:
23505 [2019-07-09 18:35:10.001] [foreground] [info] [local-f79f7a04-5842] -- Succeeded. Changing status to `complete`
23505 [2019-07-09 18:35:10.004] [foreground] [info] [local-7f162bfc-9965] Running ChangeLabelsTask performRemote:
23505 [2019-07-09 18:35:10.163] [foreground] [info] [local-7f162bfc-9965] -- Succeeded. Changing status to `complete`
23505 [2019-07-09 18:35:10.163] [foreground] [info] [local-782ce597-24df] Running ChangeLabelsTask performRemote:
23505 [2019-07-09 18:35:10.222] [foreground] [info] [local-782ce597-24df] -- Succeeded. Changing status to `complete`
23505 [2019-07-09 18:35:10.223] [foreground] [info] [local-62db1e0d-6f30] Running ChangeLabelsTask performRemote:
23505 [2019-07-09 18:35:10.350] [foreground] [info] [local-62db1e0d-6f30] -- Succeeded. Changing status to `complete`
23505 [2019-07-09 18:35:10.352] [foreground] [info] [local-d4c9c374-7550] Running ChangeLabelsTask performRemote:
23505 [2019-07-09 18:35:10.394] [foreground] [info] [local-d4c9c374-7550] -- Succeeded. Changing status to `complete`
23505 [2019-07-09 18:35:10.395] [foreground] [info] [local-7a1bfb6a-3d4f] Running ChangeLabelsTask performRemote:
23505 [2019-07-09 18:35:10.439] [main] [info] [local-58cfff23-6596] Running ChangeLabelsTask performLocal:
23505 [2019-07-09 18:35:10.443] [main] [info] [local-58cfff23-6596] -- Succeeded. Changing status to `remote`
23505 [2019-07-09 18:35:10.443] [main] [info] [local-a7fe1ead-9c5c] Running ChangeLabelsTask performLocal:
23505 [2019-07-09 18:35:10.450] [main] [info] [local-a7fe1ead-9c5c] -- Succeeded. Changing status to `remote`
23505 [2019-07-09 18:35:11.002] [main] [info] [local-b0901790-32bd] Running ChangeLabelsTask performLocal:
23505 [2019-07-09 18:35:11.007] [main] [info] [local-b0901790-32bd] -- Succeeded. Changing status to `remote`
23505 [2019-07-09 18:35:11.349] [foreground] [info] [local-7a1bfb6a-3d4f] -- Succeeded. Changing status to `complete`
23505 [2019-07-09 18:35:11.350] [foreground] [info] [local-1cffd4c9-869a] Running ChangeLabelsTask performRemote:
23505 [2019-07-09 18:35:11.388] [foreground] [info] [local-1cffd4c9-869a] -- Succeeded. Changing status to `complete`
23505 [2019-07-09 18:35:11.389] [foreground] [info] [local-d8b2eea6-65aa] Running ChangeLabelsTask performRemote:
23505 [2019-07-09 18:35:11.451] [foreground] [info] [local-d8b2eea6-65aa] -- Succeeded. Changing status to `complete`
23505 [2019-07-09 18:35:11.452] [foreground] [info] [local-f88eda39-6248] Running ChangeLabelsTask performRemote:
23505 [2019-07-09 18:35:11.585] [foreground] [info] [local-f88eda39-6248] -- Succeeded. Changing status to `complete`
23505 [2019-07-09 18:35:11.586] [foreground] [info] [local-e2740be8-cb4a] Running ChangeLabelsTask performRemote:
23505 [2019-07-09 18:35:11.634] [foreground] [info] [local-e2740be8-cb4a] -- Succeeded. Changing status to `complete`
23505 [2019-07-09 18:35:11.634] [foreground] [info] [local-df829a5f-b6be] Running ChangeLabelsTask performRemote:
23505 [2019-07-09 18:35:11.696] [foreground] [info] [local-df829a5f-b6be] -- Succeeded. Changing status to `complete`
23505 [2019-07-09 18:35:11.696] [foreground] [info] [local-2df22495-ac76] Running ChangeLabelsTask performRemote:
23505 [2019-07-09 18:35:11.731] [foreground] [info] [local-2df22495-ac76] -- Succeeded. Changing status to `complete`
23505 [2019-07-09 18:35:11.731] [foreground] [info] [local-0ff630b8-e59c] Running ChangeLabelsTask performRemote:
23505 [2019-07-09 18:35:11.821] [foreground] [info] [local-0ff630b8-e59c] -- Succeeded. Changing status to `complete`
23505 [2019-07-09 18:35:11.825] [foreground] [info] [local-540cfcb8-58bb] Running ChangeLabelsTask performRemote:
23505 [2019-07-09 18:35:11.867] [main] [info] [local-a3ffb0bd-e873] Running ChangeLabelsTask performLocal:
23505 [2019-07-09 18:35:11.869] [main] [info] [local-a3ffb0bd-e873] -- Succeeded. Changing status to `remote`
23505 [2019-07-09 18:35:11.870] [main] [info] [local-914311b5-c96e] Running ChangeLabelsTask performLocal:
23505 [2019-07-09 18:35:11.872] [main] [info] [local-914311b5-c96e] -- Succeeded. Changing status to `remote`
23505 [2019-07-09 18:35:11.872] [main] [info] [local-3bfab9a3-d8b1] Running ChangeLabelsTask performLocal:
23505 [2019-07-09 18:35:11.875] [main] [info] [local-3bfab9a3-d8b1] -- Succeeded. Changing status to `remote`
23505 [2019-07-09 18:35:11.875] [main] [info] [local-0d5e72a5-6a3e] Running ChangeLabelsTask performLocal:
23505 [2019-07-09 18:35:11.877] [main] [info] [local-0d5e72a5-6a3e] -- Succeeded. Changing status to `remote`
23505 [2019-07-09 18:35:11.878] [main] [info] [local-ec94e44a-2a21] Running ChangeLabelsTask performLocal:
23505 [2019-07-09 18:35:11.884] [main] [info] [local-ec94e44a-2a21] -- Succeeded. Changing status to `remote`
23505 [2019-07-09 18:35:11.900] [foreground] [info] [local-540cfcb8-58bb] -- Succeeded. Changing status to `complete`
23505 [2019-07-09 18:35:11.900] [foreground] [info] [local-6329c465-336c] Running ChangeLabelsTask performRemote:
23505 [2019-07-09 18:35:12.203] [foreground] [info] [local-6329c465-336c] -- Succeeded. Changing status to `complete`
23505 [2019-07-09 18:35:12.204] [foreground] [info] [local-745eebb8-36b5] Running ChangeLabelsTask performRemote:
23505 [2019-07-09 18:35:12.421] [main] [info] [local-90bfb2bb-3e2e] Running ChangeLabelsTask performLocal:
23505 [2019-07-09 18:35:12.424] [foreground] [info] [local-745eebb8-36b5] -- Succeeded. Changing status to `complete`
23505 [2019-07-09 18:35:12.425] [foreground] [info] [local-71a85263-fdc3] Running ChangeLabelsTask performRemote:
23505 [2019-07-09 18:35:12.433] [main] [info] [local-90bfb2bb-3e2e] -- Succeeded. Changing status to `remote`
23505 [2019-07-09 18:35:12.946] [main] [info] [local-5707eaa5-00d2] Running ChangeLabelsTask performLocal:
23505 [2019-07-09 18:35:12.960] [main] [info] [local-5707eaa5-00d2] -- Succeeded. Changing status to `remote`
23505 [2019-07-09 18:35:13.020] [foreground] [info] [local-71a85263-fdc3] -- Succeeded. Changing status to `complete`
23505 [2019-07-09 18:35:13.021] [foreground] [info] [local-365fecfe-83fb] Running ChangeLabelsTask performRemote:
23505 [2019-07-09 18:35:13.057] [foreground] [info] [local-365fecfe-83fb] -- Succeeded. Changing status to `complete`
23505 [2019-07-09 18:35:13.060] [foreground] [info] [local-8d0b1ea9-af82] Running ChangeLabelsTask performRemote:
23505 [2019-07-09 18:35:13.411] [foreground] [info] [local-8d0b1ea9-af82] -- Succeeded. Changing status to `complete`
23505 [2019-07-09 18:35:13.413] [foreground] [info] [local-0752fac3-cd0a] Running ChangeLabelsTask performRemote:
23505 [2019-07-09 18:35:13.466] [foreground] [info] [local-0752fac3-cd0a] -- Succeeded. Changing status to `complete`
23505 [2019-07-09 18:35:13.467] [foreground] [info] [local-e9f6c055-94c3] Running ChangeLabelsTask performRemote:
23505 [2019-07-09 18:35:13.530] [main] [info] [local-e62dfaac-978b] Running ChangeLabelsTask performLocal:
23505 [2019-07-09 18:35:13.535] [main] [info] [local-e62dfaac-978b] -- Succeeded. Changing status to `remote`
23505 [2019-07-09 18:35:13.606] [foreground] [info] [local-e9f6c055-94c3] -- Succeeded. Changing status to `complete`
23505 [2019-07-09 18:35:13.607] [foreground] [info] [local-a0c7586e-3ec6] Running ChangeLabelsTask performRemote:
23505 [2019-07-09 18:35:13.660] [background] [info] syncFolderUIDRange for [Gmail]/Corbeille, UIDs: 1 - 0, Heavy: false
23505 [2019-07-09 18:35:13.661] [foreground] [info] [local-a0c7586e-3ec6] -- Succeeded. Changing status to `complete`
23505 [2019-07-09 18:35:13.661] [foreground] [info] [local-e49a2c87-ac97] Running ChangeLabelsTask performRemote:
23505 [2019-07-09 18:35:13.763] [foreground] [info] [local-e49a2c87-ac97] -- Succeeded. Changing status to `complete`
23505 [2019-07-09 18:35:13.764] [foreground] [info] [local-49e92ba5-f258] Running ChangeLabelsTask performRemote:
23505 [2019-07-09 18:35:13.892] [background] [info] - remote=9, local=9
23505 [2019-07-09 18:35:13.915] [background] [info] syncFolderUIDRange for [Gmail]/Spam, UIDs: 1 - 0, Heavy: false
23505 [2019-07-09 18:35:13.924] [foreground] [info] [local-49e92ba5-f258] -- Succeeded. Changing status to `complete`
23505 [2019-07-09 18:35:13.925] [foreground] [info] [local-58529e1a-b162] Running ChangeLabelsTask performRemote:
23505 [2019-07-09 18:35:13.979] [foreground] [info] [local-58529e1a-b162] -- Succeeded. Changing status to `complete`
23505 [2019-07-09 18:35:13.980] [foreground] [info] [local-3e350d10-c2c1] Running ChangeLabelsTask performRemote:
23505 [2019-07-09 18:35:13.985] [background] [info] - remote=0, local=0
23505 [2019-07-09 18:35:13.985] [background] [info] Sync loop deleting unlinked messages with phase 1.
23505 [2019-07-09 18:35:13.988] [background] [info] Sync loop complete.
23505 [2019-07-09 18:35:13.988] [background] [info] Syncing folder list...
23505 [2019-07-09 18:35:14.146] [main] [info] [local-2d778127-b7d0] Running ChangeLabelsTask performLocal:
23505 [2019-07-09 18:35:14.150] [main] [info] [local-2d778127-b7d0] -- Succeeded. Changing status to `remote`
23505 [2019-07-09 18:35:14.303] [background] [info] syncFolderUIDRange for [Gmail]/Tous les messages, UIDs: 1 - 5418, Heavy: true
23505 [2019-07-09 18:35:14.308] [foreground] [info] [local-3e350d10-c2c1] -- Succeeded. Changing status to `complete`
23505 [2019-07-09 18:35:14.309] [foreground] [info] [local-d906fe56-83c6] Running ChangeLabelsTask performRemote:
23505 [2019-07-09 18:35:14.341] [foreground] [info] [local-d906fe56-83c6] -- Succeeded. Changing status to `complete`
23505 [2019-07-09 18:35:14.341] [foreground] [info] [local-db402458-2cf4] Running ChangeLabelsTask performRemote:
23505 [2019-07-09 18:35:14.390] [foreground] [info] [local-db402458-2cf4] -- Succeeded. Changing status to `complete`
23505 [2019-07-09 18:35:14.391] [foreground] [info] [local-d9d9947b-6ab3] Running ChangeLabelsTask performRemote:
23505 [2019-07-09 18:35:14.567] [foreground] [info] [local-d9d9947b-6ab3] -- Succeeded. Changing status to `complete`
23505 [2019-07-09 18:35:14.569] [foreground] [info] [local-b4cf1978-300e] Running ChangeLabelsTask performRemote:
23505 [2019-07-09 18:35:14.831] [foreground] [info] [local-b4cf1978-300e] -- Succeeded. Changing status to `complete`
23505 [2019-07-09 18:35:14.832] [foreground] [info] [local-58cfff23-6596] Running ChangeLabelsTask performRemote:
23505 [2019-07-09 18:35:14.875] [foreground] [info] [local-58cfff23-6596] -- Succeeded. Changing status to `complete`
23505 [2019-07-09 18:35:14.875] [foreground] [info] [local-a7fe1ead-9c5c] Running ChangeLabelsTask performRemote:
23505 [2019-07-09 18:35:15.014] [foreground] [info] [local-a7fe1ead-9c5c] -- Succeeded. Changing status to `complete`
23505 [2019-07-09 18:35:15.015] [foreground] [info] [local-b0901790-32bd] Running ChangeLabelsTask performRemote:
23505 [2019-07-09 18:35:15.493] [foreground] [info] [local-b0901790-32bd] -- Succeeded. Changing status to `complete`
23505 [2019-07-09 18:35:15.494] [foreground] [info] [local-a3ffb0bd-e873] Running ChangeLabelsTask performRemote:
23505 [2019-07-09 18:35:16.163] [foreground] [info] [local-a3ffb0bd-e873] -- Succeeded. Changing status to `complete`
23505 [2019-07-09 18:35:16.164] [foreground] [info] [local-914311b5-c96e] Running ChangeLabelsTask performRemote:
23505 [2019-07-09 18:35:16.942] [foreground] [info] [local-914311b5-c96e] -- Succeeded. Changing status to `complete`
23505 [2019-07-09 18:35:16.945] [foreground] [info] [local-3bfab9a3-d8b1] Running ChangeLabelsTask performRemote:
23505 [2019-07-09 18:35:17.005] [foreground] [info] [local-3bfab9a3-d8b1] -- Succeeded. Changing status to `complete`
23505 [2019-07-09 18:35:17.006] [foreground] [info] [local-0d5e72a5-6a3e] Running ChangeLabelsTask performRemote:
23505 [2019-07-09 18:35:17.793] [foreground] [info] [local-0d5e72a5-6a3e] -- Succeeded. Changing status to `complete`
23505 [2019-07-09 18:35:17.795] [foreground] [info] [local-ec94e44a-2a21] Running ChangeLabelsTask performRemote:
23505 [2019-07-09 18:35:18.507] [foreground] [info] [local-ec94e44a-2a21] -- Succeeded. Changing status to `complete`
23505 [2019-07-09 18:35:18.507] [foreground] [info] [local-90bfb2bb-3e2e] Running ChangeLabelsTask performRemote:
23505 [2019-07-09 18:35:18.878] [foreground] [info] [local-90bfb2bb-3e2e] -- Succeeded. Changing status to `complete`
23505 [2019-07-09 18:35:18.880] [foreground] [info] [local-5707eaa5-00d2] Running ChangeLabelsTask performRemote:
23505 [2019-07-09 18:35:19.047] [foreground] [info] [local-5707eaa5-00d2] -- Succeeded. Changing status to `complete`
23505 [2019-07-09 18:35:19.050] [foreground] [info] [local-e62dfaac-978b] Running ChangeLabelsTask performRemote:
23505 [2019-07-09 18:35:19.102] [foreground] [info] [local-e62dfaac-978b] -- Succeeded. Changing status to `complete`
23505 [2019-07-09 18:35:19.104] [foreground] [info] [local-2d778127-b7d0] Running ChangeLabelsTask performRemote:
23505 [2019-07-09 18:35:19.226] [foreground] [info] [local-2d778127-b7d0] -- Succeeded. Changing status to `complete`
23505 [2019-07-09 18:35:19.253] [foreground] [critical] 
 ***
 *** A C++ exception occurred during program execution: 
 *** database disk image is malformed
 ***

23505 [2019-07-09 18:35:19.262] [foreground] [critical]  *** Stack trace:
 ***   clone
 ***

24009 [2019-07-09 18:35:19.300] [main] [info] Identity created at 1551184549 - using ID Schema 1
24009 [2019-07-09 18:35:19.304] [main] [info] ------------- Starting Sync (djaghiles@gmail.com) ---------------
24009 [2019-07-09 18:35:19.313] [background] [info] Fetching XOAuth2 access token from Gmail for 999ce76d
24009 [2019-07-09 18:35:19.314] [metadata] [info] Metadata delta stream starting...
24009 [2019-07-09 18:35:19.392] [background] [info] Marking all folders as `busy`
24009 [2019-07-09 18:35:19.393] [background] [info] Syncing folder list...
24009 [2019-07-09 18:35:19.579] [background] [info] Syncing folder list...
24009 [2019-07-09 18:35:19.625] [background] [info] syncFolderUIDRange for [Gmail]/Tous les messages, UIDs: 1 - 5418, Heavy: true
24009 [2019-07-09 18:35:19.686] [foreground] [critical] 
 ***
 *** A C++ exception occurred during program execution: 
 *** database disk image is malformed
 ***

24009 [2019-07-09 18:35:19.694] [foreground] [critical]  *** Stack trace:
 ***   clone
 ***

24025 [2019-07-09 18:35:19.719] [main] [info] Identity created at 1551184549 - using ID Schema 1
24025 [2019-07-09 18:35:19.721] [main] [info] ------------- Starting Sync (djaghiles@gmail.com) ---------------
24025 [2019-07-09 18:35:19.726] [background] [info] Fetching XOAuth2 access token from Gmail for 999ce76d
24025 [2019-07-09 18:35:19.727] [metadata] [info] Metadata delta stream starting...
24025 [2019-07-09 18:35:19.804] [background] [info] Marking all folders as `busy`
24025 [2019-07-09 18:35:19.806] [background] [info] Syncing folder list...
24025 [2019-07-09 18:35:19.952] [background] [info] Syncing folder list...
24025 [2019-07-09 18:35:19.995] [background] [info] syncFolderUIDRange for [Gmail]/Tous les messages, UIDs: 1 - 5418, Heavy: true
24025 [2019-07-09 18:35:20.062] [foreground] [critical] 
 ***
 *** A C++ exception occurred during program execution: 
 *** database disk image is malformed
 ***

24025 [2019-07-09 18:35:20.066] [foreground] [critical]  *** Stack trace:
 ***   clone
 ***

24042 [2019-07-09 18:35:20.087] [main] [info] Identity created at 1551184549 - using ID Schema 1
24042 [2019-07-09 18:35:20.088] [main] [info] ------------- Starting Sync (djaghiles@gmail.com) ---------------
24042 [2019-07-09 18:35:20.092] [background] [info] Fetching XOAuth2 access token from Gmail for 999ce76d
24042 [2019-07-09 18:35:20.093] [metadata] [info] Metadata delta stream starting...
24042 [2019-07-09 18:35:20.153] [background] [info] Marking all folders as `busy`
24042 [2019-07-09 18:35:20.164] [background] [info] Syncing folder list...
24042 [2019-07-09 18:35:20.324] [background] [info] Syncing folder list...
24042 [2019-07-09 18:35:20.365] [background] [info] syncFolderUIDRange for [Gmail]/Tous les messages, UIDs: 1 - 5418, Heavy: true
24042 [2019-07-09 18:35:20.537] [foreground] [critical] 
 ***
 *** A C++ exception occurred during program execution: 
 *** database disk image is malformed
 ***

24042 [2019-07-09 18:35:20.562] [foreground] [critical]  *** Stack trace:
 ***   clone
 ***

24059 [2019-07-09 18:35:20.606] [main] [info] Identity created at 1551184549 - using ID Schema 1
24059 [2019-07-09 18:35:20.609] [main] [info] ------------- Starting Sync (djaghiles@gmail.com) ---------------
24059 [2019-07-09 18:35:20.613] [background] [info] Fetching XOAuth2 access token from Gmail for 999ce76d
24059 [2019-07-09 18:35:20.614] [metadata] [info] Metadata delta stream starting...
24059 [2019-07-09 18:35:20.787] [main] [info] [local-171c82a0-b1cf] Running ChangeFolderTask performLocal:
24059 [2019-07-09 18:35:20.796] [main] [info] [local-171c82a0-b1cf] -- Succeeded. Changing status to `remote`
24059 [2019-07-09 18:35:25.701] [background] [info] Marking all folders as `busy`
24059 [2019-07-09 18:35:25.704] [background] [info] Syncing folder list...
24059 [2019-07-09 18:35:25.865] [background] [info] Syncing folder list...
24059 [2019-07-09 18:35:25.905] [background] [info] syncFolderUIDRange for [Gmail]/Tous les messages, UIDs: 1 - 5418, Heavy: true
24059 [2019-07-09 18:35:25.976] [foreground] [critical] 
 ***
 *** A C++ exception occurred during program execution: 
 *** database disk image is malformed
 ***

24059 [2019-07-09 18:35:25.982] [foreground] [critical]  *** Stack trace:
 ***   clone
 ***

