7015 [2019-07-09 21:18:07.431] [main] [info] Identity created at 1551184549 - using ID Schema 1
7015 [2019-07-09 21:18:07.433] [main] [info] ------------- Starting Sync (adjoudi@inseec-edu.com) ---------------
7015 [2019-07-09 21:18:07.442] [background] [info] Marking all folders as `busy`
7015 [2019-07-09 21:18:07.442] [background] [info] Syncing folder list...
7015 [2019-07-09 21:18:08.474] [metadata] [info] Received metadata V1 for (message - ew8mHJ7z3CDzYwJjtGbxM87GcKerzPNw6JsxPqJJX)
7015 [2019-07-09 21:18:08.474] [metadata] [info]  -- Local model is not present. Saving to waiting table.
7015 [2019-07-09 21:18:08.474] [metadata] [info] Received metadata V1 for (message - kd2pUeY879snw8Uyz2bNNeWQqRgnUzDhM7SjhPvno)
7015 [2019-07-09 21:18:08.474] [metadata] [info]  -- Local model is not present. Saving to waiting table.
7015 [2019-07-09 21:18:08.475] [metadata] [info] Received metadata V1 for (message - kd2pUeY879snw8Uyz2bNNeWQqRgnUzDhM7SjhPvno)
7015 [2019-07-09 21:18:08.475] [metadata] [info]  -- Local model is not present. Saving to waiting table.
7015 [2019-07-09 21:18:08.475] [metadata] [info] Received metadata V1 for (message - kd2pUeY879snw8Uyz2bNNeWQqRgnUzDhM7SjhPvno)
7015 [2019-07-09 21:18:08.475] [metadata] [info]  -- Local model is not present. Saving to waiting table.
7015 [2019-07-09 21:18:08.475] [metadata] [info] Received metadata V1 for (message - dkEeo364UCCWtmhxXjyGVe6MY4BXPqigYn7eFWgJB)
7015 [2019-07-09 21:18:08.475] [metadata] [info]  -- Local model is not present. Saving to waiting table.
7015 [2019-07-09 21:18:08.475] [metadata] [info] Received metadata V1 for (message - 99Z3fYJ4sgCpg6JZupWMZKwkA1stDZ1S2HHT2rSYa)
7015 [2019-07-09 21:18:08.475] [metadata] [info]  -- Local model is not present. Saving to waiting table.
7015 [2019-07-09 21:18:08.475] [metadata] [info] Received metadata V1 for (message - SbRb5jFkmhzB2peKe1DLYd16934k8Aeag9LLqU8gU)
7015 [2019-07-09 21:18:08.475] [metadata] [info]  -- Local model is not present. Saving to waiting table.
7015 [2019-07-09 21:18:08.475] [metadata] [info] Received metadata V1 for (message - 4zANzKkHW5N6B7tNjGuqZpzqaXR242a1PCKLrtufG)
7015 [2019-07-09 21:18:08.475] [metadata] [info]  -- Local model is not present. Saving to waiting table.
7015 [2019-07-09 21:18:08.476] [metadata] [info] Received metadata V1 for (message - 49RthNHKE9p1DCGCgDEnYpFBpkjjEmvL7aH1YmLwV)
7015 [2019-07-09 21:18:08.476] [metadata] [info]  -- Local model is not present. Saving to waiting table.
7015 [2019-07-09 21:18:08.476] [metadata] [info] Received metadata V1 for (message - 49RthNHKE9p1DCGCgDEnYpFBpkjjEmvL7aH1YmLwV)
7015 [2019-07-09 21:18:08.476] [metadata] [info]  -- Local model is not present. Saving to waiting table.
7015 [2019-07-09 21:18:08.476] [metadata] [info] Received metadata V1 for (message - 49RthNHKE9p1DCGCgDEnYpFBpkjjEmvL7aH1YmLwV)
7015 [2019-07-09 21:18:08.476] [metadata] [info]  -- Local model is not present. Saving to waiting table.
7015 [2019-07-09 21:18:08.476] [metadata] [info] Received metadata V1 for (message - cRqGEXSbgxVQGvP4XK1aGApbWqVxPeETDjecRV3fV)
7015 [2019-07-09 21:18:08.476] [metadata] [info]  -- Local model is not present. Saving to waiting table.
7015 [2019-07-09 21:18:08.476] [metadata] [info] Received metadata V1 for (message - cRqGEXSbgxVQGvP4XK1aGApbWqVxPeETDjecRV3fV)
7015 [2019-07-09 21:18:08.476] [metadata] [info]  -- Local model is not present. Saving to waiting table.
7015 [2019-07-09 21:18:08.476] [metadata] [info] Received metadata V1 for (message - cRqGEXSbgxVQGvP4XK1aGApbWqVxPeETDjecRV3fV)
7015 [2019-07-09 21:18:08.476] [metadata] [info]  -- Local model is not present. Saving to waiting table.
7015 [2019-07-09 21:18:08.477] [metadata] [info] Received metadata V1 for (message - HHgquwCB9JcaXnmUxaeQdWEa15nZHD42YXVdtvYYW)
7015 [2019-07-09 21:18:08.477] [metadata] [info]  -- Local model is not present. Saving to waiting table.
7015 [2019-07-09 21:18:08.477] [metadata] [info] Received metadata V1 for (message - hgxQKbSGpEvoY1HCbPNmgfjNwvFoEwWmyJwRKmLnw)
7015 [2019-07-09 21:18:08.477] [metadata] [info]  -- Local model is not present. Saving to waiting table.
7015 [2019-07-09 21:18:08.477] [metadata] [info] Received metadata V1 for (message - LKX39n4nNByxw8DMDnvjBzf27WNtKHd12Yo4BLJb)
7015 [2019-07-09 21:18:08.477] [metadata] [info]  -- Local model is not present. Saving to waiting table.
7015 [2019-07-09 21:18:08.477] [metadata] [info] Received metadata V1 for (message - rKr7kRsfQKSMwc76Yebs5oCmuVmGgNXiATHt1RA69)
7015 [2019-07-09 21:18:08.477] [metadata] [info]  -- Local model is not present. Saving to waiting table.
7015 [2019-07-09 21:18:08.477] [metadata] [info] Received metadata V1 for (message - PZKAecXqmg8yW95Kig488Mrm7XrMtWoB11pwL23ed)
7015 [2019-07-09 21:18:08.477] [metadata] [info]  -- Local model is not present. Saving to waiting table.
7015 [2019-07-09 21:18:08.477] [metadata] [info] Received metadata V1 for (message - TGR8SyHxNrKaJBwnLtLfLCYuLvm1mqDjJTg4qTBGx)
7015 [2019-07-09 21:18:08.477] [metadata] [info]  -- Local model is not present. Saving to waiting table.
7015 [2019-07-09 21:18:08.478] [metadata] [info] Received metadata V4 for (message - TGR8SyHxNrKaJBwnLtLfLCYuLvm1mqDjJTg4qTBGx)
7015 [2019-07-09 21:18:08.478] [metadata] [info]  -- Local model is not present. Saving to waiting table.
7015 [2019-07-09 21:18:08.478] [metadata] [info] Received metadata V1 for (message - TGR8SyHxNrKaJBwnLtLfLCYuLvm1mqDjJTg4qTBGx)
7015 [2019-07-09 21:18:08.478] [metadata] [info]  -- Local model is not present. Saving to waiting table.
7015 [2019-07-09 21:18:08.478] [metadata] [info] Received metadata V1 for (message - mEpNHLgq96gsxG47vvgDs9xZNVXeVGeVgQn81vLtE)
7015 [2019-07-09 21:18:08.478] [metadata] [info]  -- Local model is not present. Saving to waiting table.
7015 [2019-07-09 21:18:08.478] [metadata] [info] Received metadata V1 for (message - MRU95A5ERFnA7yGKToCztmpZEYCXC6is8NauCSDE4)
7015 [2019-07-09 21:18:08.478] [metadata] [info]  -- Local model is not present. Saving to waiting table.
7015 [2019-07-09 21:18:08.478] [metadata] [info] Received metadata V1 for (message - doRKTfFKFSzh3sRgRpXXPAfZWCRk37ZGfow6tRkzF)
7015 [2019-07-09 21:18:08.478] [metadata] [info]  -- Local model is not present. Saving to waiting table.
7015 [2019-07-09 21:18:08.478] [metadata] [info] Received metadata V1 for (message - doRKTfFKFSzh3sRgRpXXPAfZWCRk37ZGfow6tRkzF)
7015 [2019-07-09 21:18:08.478] [metadata] [info]  -- Local model is not present. Saving to waiting table.
7015 [2019-07-09 21:18:08.479] [metadata] [info] Received metadata V3 for (thread - t:PZKAecXqmg8yW95Kig488Mrm7XrMtWoB11pwL23ed)
7015 [2019-07-09 21:18:08.479] [metadata] [info]  -- Local model is not present. Saving to waiting table.
7015 [2019-07-09 21:18:08.479] [metadata] [info] Received metadata V1 for (message - FGJRU1BjHBVqMBXX7ffJPZtLrWiMQ8gGn9hySJ5oW)
7015 [2019-07-09 21:18:08.479] [metadata] [info]  -- Local model is not present. Saving to waiting table.
7015 [2019-07-09 21:18:08.479] [metadata] [info] Received metadata V1 for (message - d21QwHLyrDdChDVVRQxpf8aEP28Nh7di8PaUPAFSX)
7015 [2019-07-09 21:18:08.479] [metadata] [info]  -- Local model is not present. Saving to waiting table.
7015 [2019-07-09 21:18:08.479] [metadata] [info] Received metadata V1 for (message - eLqZa4ajFsj648C82jT1yHysBFHhqPdxsowEpjuex)
7015 [2019-07-09 21:18:08.479] [metadata] [info]  -- Local model is not present. Saving to waiting table.
7015 [2019-07-09 21:18:08.479] [metadata] [info] Received metadata V1 for (message - mCrAuECLwvsuA2FdDorwKZ7xrEqtACk7WEhz5CMdA)
7015 [2019-07-09 21:18:08.479] [metadata] [info]  -- Local model is not present. Saving to waiting table.
7015 [2019-07-09 21:18:08.480] [metadata] [info] Received metadata V1 for (message - MWMjhgTPksikDj45LcY358hVBuAiQmnwvqfbT7qT5)
7015 [2019-07-09 21:18:08.480] [metadata] [info]  -- Local model is not present. Saving to waiting table.
7015 [2019-07-09 21:18:08.480] [metadata] [info] Received metadata V1 for (message - 4rMsaWxdi9RSKkysbiJL5K6Re2Jx6MEafVHtajrBs)
7015 [2019-07-09 21:18:08.480] [metadata] [info]  -- Local model is not present. Saving to waiting table.
7015 [2019-07-09 21:18:08.480] [metadata] [info] Received metadata V1 for (message - Hr782wdaW6qVWLZe34sJ12MyUFjRriAqwmFgYXoKM)
7015 [2019-07-09 21:18:08.480] [metadata] [info]  -- Local model is not present. Saving to waiting table.
7015 [2019-07-09 21:18:08.480] [metadata] [info] Received metadata V1 for (message - TeYBter3zQQdVkW6HqkrppshHV3y1gVtWWcF4rDGK)
7015 [2019-07-09 21:18:08.480] [metadata] [info]  -- Local model is not present. Saving to waiting table.
7015 [2019-07-09 21:18:08.480] [metadata] [info] Received metadata V2 for (thread - t:K1tLWNT6QqARpRU1v2TzCR5uWVczKUHXFBDPn2eDz)
7015 [2019-07-09 21:18:08.480] [metadata] [info]  -- Local model is not present. Saving to waiting table.
7015 [2019-07-09 21:18:08.480] [metadata] [info] Received metadata V1 for (message - KAD4GJhZTLRdYMV1nAcmKncskt6c2CmBwswe91UoR)
7015 [2019-07-09 21:18:08.480] [metadata] [info]  -- Local model is not present. Saving to waiting table.
7015 [2019-07-09 21:18:08.481] [metadata] [info] Received metadata V1 for (message - pXTB7jPiLbWGE2NV3BTMamG1zmiRMvJTitweMyGhE)
7015 [2019-07-09 21:18:08.481] [metadata] [info]  -- Local model is not present. Saving to waiting table.
7015 [2019-07-09 21:18:08.481] [metadata] [info] Received metadata V1 for (message - g1kdtUSRuEDi2Wguk6HkeheAiDpUfMD2HX6kNL47K)
7015 [2019-07-09 21:18:08.481] [metadata] [info]  -- Local model is not present. Saving to waiting table.
7015 [2019-07-09 21:18:08.481] [metadata] [info] Received metadata V1 for (message - BWCBc7zh3PV6QZ2tvhkMc4fUBAJBNZKMTCynZgkL7)
7015 [2019-07-09 21:18:08.481] [metadata] [info]  -- Local model is not present. Saving to waiting table.
7015 [2019-07-09 21:18:08.481] [metadata] [info] Received metadata V1 for (message - Kz9k5RiLQYqMVFajAp3viSHPHDY9LDRcFuj7p4keM)
7015 [2019-07-09 21:18:08.481] [metadata] [info]  -- Local model is not present. Saving to waiting table.
7015 [2019-07-09 21:18:08.481] [metadata] [info] Received metadata V1 for (message - sEUEAHkhSihBmRKxxXmVepyH1qbHAPXbMFVfCqnCZ)
7015 [2019-07-09 21:18:08.481] [metadata] [info]  -- Local model is not present. Saving to waiting table.
7015 [2019-07-09 21:18:08.481] [metadata] [info] Received metadata V1 for (message - FFJZvbEj8gR2wQJc2wz1DA8F3WmGPyCVVXy7jYxtB)
7015 [2019-07-09 21:18:08.481] [metadata] [info]  -- Local model is not present. Saving to waiting table.
7015 [2019-07-09 21:18:08.481] [metadata] [info] Received metadata V1 for (message - ZHTXQ9xuqvGE9dM9N39yJN6g6KotunNpTvxiN48CW)
7015 [2019-07-09 21:18:08.481] [metadata] [info]  -- Local model is not present. Saving to waiting table.
7015 [2019-07-09 21:18:08.482] [metadata] [info] Received metadata V1 for (message - GtXKhKJcjMb9wZccs2tRZ81KmC4erJwtjAV9U3ZTJ)
7015 [2019-07-09 21:18:08.482] [metadata] [info]  -- Local model is not present. Saving to waiting table.
7015 [2019-07-09 21:18:08.482] [metadata] [info] Received metadata V1 for (message - 4iNijFFCCPzGXjWshhmg3GyiGMz26xnwBDCq5vyMp)
7015 [2019-07-09 21:18:08.482] [metadata] [info]  -- Local model is not present. Saving to waiting table.
7015 [2019-07-09 21:18:08.482] [metadata] [info] Received metadata V1 for (message - VoiGR6N2qbg66TM8D9sjEMvtM4w9WS5yyy8Y8wCkm)
7015 [2019-07-09 21:18:08.482] [metadata] [info]  -- Local model is not present. Saving to waiting table.
7015 [2019-07-09 21:18:08.482] [metadata] [info] Received metadata V1 for (message - YYKqaNVFPuUCsPZ8gkTMiSmJiMzAiffNjsBbbqYKZ)
7015 [2019-07-09 21:18:08.482] [metadata] [info]  -- Local model is not present. Saving to waiting table.
7015 [2019-07-09 21:18:08.482] [metadata] [info] Received metadata V1 for (message - WiUV1tc3hLbbcBFjfin7FUy2zxLNN6Za4bKV13dsK)
7015 [2019-07-09 21:18:08.482] [metadata] [info]  -- Local model is not present. Saving to waiting table.
7015 [2019-07-09 21:18:08.482] [metadata] [info] Received metadata V1 for (message - mbQAJ2qF6TWBNWAhSsnJu6qFGfs4Cz5gPBe5P6EGk)
7015 [2019-07-09 21:18:08.482] [metadata] [info]  -- Local model is not present. Saving to waiting table.
7015 [2019-07-09 21:18:08.483] [metadata] [info] Metadata delta stream starting...
7015 [2019-07-09 21:18:08.723] [background] [info] Syncing folder list...
7015 [2019-07-09 21:18:08.784] [background] [info] syncFolderUIDRange for INBOX, UIDs: 1 - 722, Heavy: true
7015 [2019-07-09 21:18:09.038] [foreground] [info] Idling on folder INBOX
7015 [2019-07-09 21:18:09.629] [background] [info] - remote=105, local=0
7015 [2019-07-09 21:18:11.277] [background] [info] syncFolderUIDRange for INBOX, UIDs: 1 - 722, Heavy: false
7015 [2019-07-09 21:18:11.307] [background] [info] - remote=105, local=105
7015 [2019-07-09 21:18:15.578] [background] [info] Cleaning local cache and updating stats
7015 [2019-07-09 21:18:15.591] [background] [info] -- 0 message bodies deleted from local cache.
7015 [2019-07-09 21:18:15.620] [background] [info] syncFolderUIDRange for Sent Items, UIDs: 1 - 186, Heavy: true
7015 [2019-07-09 21:18:15.960] [background] [info] - remote=74, local=0
7015 [2019-07-09 21:18:15.973] [background] [info] -- Attaching waiting metadata for send-later
7015 [2019-07-09 21:18:15.985] [background] [info] - Updating message mbQAJ2qF6TWBNWAhSsnJu6qFGfs4Cz5gPBe5P6EGk
7015 [2019-07-09 21:18:15.985] [background] [info] -- UID (183 to 180)
7015 [2019-07-09 21:18:15.990] [background] [info] -- Attaching waiting metadata for send-later
7015 [2019-07-09 21:18:15.997] [background] [info] - Updating message WiUV1tc3hLbbcBFjfin7FUy2zxLNN6Za4bKV13dsK
7015 [2019-07-09 21:18:15.997] [background] [info] -- UID (179 to 175)
7015 [2019-07-09 21:18:16.002] [background] [info] -- Attaching waiting metadata for send-later
7015 [2019-07-09 21:18:16.008] [background] [info] - Updating message YYKqaNVFPuUCsPZ8gkTMiSmJiMzAiffNjsBbbqYKZ
7015 [2019-07-09 21:18:16.008] [background] [info] -- UID (174 to 171)
7015 [2019-07-09 21:18:16.012] [background] [info] -- Attaching waiting metadata for send-later
7015 [2019-07-09 21:18:16.019] [background] [info] - Updating message VoiGR6N2qbg66TM8D9sjEMvtM4w9WS5yyy8Y8wCkm
7015 [2019-07-09 21:18:16.019] [background] [info] -- UID (168 to 167)
7015 [2019-07-09 21:18:16.024] [background] [info] -- Attaching waiting metadata for send-later
7015 [2019-07-09 21:18:16.031] [background] [info] - Updating message 4iNijFFCCPzGXjWshhmg3GyiGMz26xnwBDCq5vyMp
7015 [2019-07-09 21:18:16.031] [background] [info] -- UID (166 to 163)
7015 [2019-07-09 21:18:16.035] [background] [info] -- Attaching waiting metadata for send-later
7015 [2019-07-09 21:18:16.041] [background] [info] - Updating message GtXKhKJcjMb9wZccs2tRZ81KmC4erJwtjAV9U3ZTJ
7015 [2019-07-09 21:18:16.041] [background] [info] -- UID (160 to 158)
7015 [2019-07-09 21:18:16.044] [background] [info] -- Attaching waiting metadata for send-later
7015 [2019-07-09 21:18:16.050] [background] [info] - Updating message ZHTXQ9xuqvGE9dM9N39yJN6g6KotunNpTvxiN48CW
7015 [2019-07-09 21:18:16.050] [background] [info] -- UID (157 to 154)
7015 [2019-07-09 21:18:16.056] [background] [info] -- Attaching waiting metadata for send-later
7015 [2019-07-09 21:18:16.070] [background] [info] - Updating message FFJZvbEj8gR2wQJc2wz1DA8F3WmGPyCVVXy7jYxtB
7015 [2019-07-09 21:18:16.070] [background] [info] -- UID (153 to 150)
7015 [2019-07-09 21:18:16.074] [background] [info] -- Attaching waiting metadata for send-later
7015 [2019-07-09 21:18:16.080] [background] [info] - Updating message sEUEAHkhSihBmRKxxXmVepyH1qbHAPXbMFVfCqnCZ
7015 [2019-07-09 21:18:16.080] [background] [info] -- UID (148 to 145)
7015 [2019-07-09 21:18:16.084] [background] [info] -- Attaching waiting metadata for send-later
7015 [2019-07-09 21:18:16.089] [background] [info] - Updating message BWCBc7zh3PV6QZ2tvhkMc4fUBAJBNZKMTCynZgkL7
7015 [2019-07-09 21:18:16.089] [background] [info] -- UID (142 to 140)
7015 [2019-07-09 21:18:16.093] [background] [info] -- Attaching waiting metadata for send-later
7015 [2019-07-09 21:18:16.098] [background] [info] - Updating message g1kdtUSRuEDi2Wguk6HkeheAiDpUfMD2HX6kNL47K
7015 [2019-07-09 21:18:16.098] [background] [info] -- UID (139 to 136)
7015 [2019-07-09 21:18:16.102] [background] [info] -- Attaching waiting metadata for send-later
7015 [2019-07-09 21:18:16.157] [background] [info] - Updating message pXTB7jPiLbWGE2NV3BTMamG1zmiRMvJTitweMyGhE
7015 [2019-07-09 21:18:16.157] [background] [info] -- UID (135 to 132)
7015 [2019-07-09 21:18:16.170] [background] [info] -- Attaching waiting metadata for send-later
7015 [2019-07-09 21:18:16.179] [background] [info] - Updating message KAD4GJhZTLRdYMV1nAcmKncskt6c2CmBwswe91UoR
7015 [2019-07-09 21:18:16.179] [background] [info] -- UID (131 to 128)
7015 [2019-07-09 21:18:16.189] [background] [info] - Updating message UwXJ8bkMUs2ehRZz2SSJp7JDEjQti8atXfxpmhCT9
7015 [2019-07-09 21:18:16.190] [background] [info] -- UID (127 to 124)
7015 [2019-07-09 21:18:16.194] [background] [info] -- Attaching waiting metadata for send-later
7015 [2019-07-09 21:18:16.199] [background] [info] - Updating message TeYBter3zQQdVkW6HqkrppshHV3y1gVtWWcF4rDGK
7015 [2019-07-09 21:18:16.199] [background] [info] -- UID (123 to 120)
7015 [2019-07-09 21:18:16.203] [background] [info] -- Attaching waiting metadata for send-later
7015 [2019-07-09 21:18:16.209] [background] [info] - Updating message Hr782wdaW6qVWLZe34sJ12MyUFjRriAqwmFgYXoKM
7015 [2019-07-09 21:18:16.209] [background] [info] -- UID (119 to 116)
7015 [2019-07-09 21:18:16.213] [background] [info] -- Attaching waiting metadata for send-later
7015 [2019-07-09 21:18:16.219] [background] [info] - Updating message 4rMsaWxdi9RSKkysbiJL5K6Re2Jx6MEafVHtajrBs
7015 [2019-07-09 21:18:16.219] [background] [info] -- UID (115 to 112)
7015 [2019-07-09 21:18:16.223] [background] [info] -- Attaching waiting metadata for send-later
7015 [2019-07-09 21:18:16.227] [background] [info] - Updating message MWMjhgTPksikDj45LcY358hVBuAiQmnwvqfbT7qT5
7015 [2019-07-09 21:18:16.227] [background] [info] -- UID (111 to 108)
7015 [2019-07-09 21:18:16.231] [background] [info] -- Attaching waiting metadata for send-later
7015 [2019-07-09 21:18:16.236] [background] [info] - Updating message mCrAuECLwvsuA2FdDorwKZ7xrEqtACk7WEhz5CMdA
7015 [2019-07-09 21:18:16.236] [background] [info] -- UID (107 to 104)
7015 [2019-07-09 21:18:16.240] [background] [info] -- Attaching waiting metadata for send-later
7015 [2019-07-09 21:18:16.244] [background] [info] - Updating message eLqZa4ajFsj648C82jT1yHysBFHhqPdxsowEpjuex
7015 [2019-07-09 21:18:16.244] [background] [info] -- UID (103 to 100)
7015 [2019-07-09 21:18:16.248] [background] [info] -- Attaching waiting metadata for send-later
7015 [2019-07-09 21:18:16.253] [background] [info] - Updating message d21QwHLyrDdChDVVRQxpf8aEP28Nh7di8PaUPAFSX
7015 [2019-07-09 21:18:16.253] [background] [info] -- UID (99 to 96)
7015 [2019-07-09 21:18:16.257] [background] [info] -- Attaching waiting metadata for send-later
7015 [2019-07-09 21:18:16.261] [background] [info] - Updating message FGJRU1BjHBVqMBXX7ffJPZtLrWiMQ8gGn9hySJ5oW
7015 [2019-07-09 21:18:16.261] [background] [info] -- UID (94 to 91)
7015 [2019-07-09 21:18:16.269] [background] [info] -- Attaching waiting metadata for send-later
7015 [2019-07-09 21:18:16.269] [background] [info] -- Attaching waiting metadata for send-reminders
7015 [2019-07-09 21:18:16.269] [background] [info] Metadata expiration 1556293635 is further in future than wake time 0
7015 [2019-07-09 21:18:16.273] [background] [info] -- Attaching waiting metadata for send-later
7015 [2019-07-09 21:18:16.277] [background] [info] -- Attaching waiting metadata for send-later
7015 [2019-07-09 21:18:16.281] [background] [info] -- Attaching waiting metadata for link-tracking
7015 [2019-07-09 21:18:16.281] [background] [info] -- Attaching waiting metadata for open-tracking
7015 [2019-07-09 21:18:16.281] [background] [info] -- Attaching waiting metadata for send-later
7015 [2019-07-09 21:18:16.285] [background] [info] -- Attaching waiting metadata for send-later
7015 [2019-07-09 21:18:16.289] [background] [info] -- Attaching waiting metadata for send-later
7015 [2019-07-09 21:18:16.294] [background] [info] -- Attaching waiting metadata for send-later
7015 [2019-07-09 21:18:16.299] [background] [info] - Updating message LKX39n4nNByxw8DMDnvjBzf27WNtKHd12Yo4BLJb
7015 [2019-07-09 21:18:16.299] [background] [info] -- UID (62 to 59)
7015 [2019-07-09 21:18:16.303] [background] [info] -- Attaching waiting metadata for send-later
7015 [2019-07-09 21:18:16.308] [background] [info] - Updating message hgxQKbSGpEvoY1HCbPNmgfjNwvFoEwWmyJwRKmLnw
7015 [2019-07-09 21:18:16.308] [background] [info] -- UID (58 to 55)
7015 [2019-07-09 21:18:16.311] [background] [info] -- Attaching waiting metadata for send-later
7015 [2019-07-09 21:18:16.316] [background] [info] - Updating message HHgquwCB9JcaXnmUxaeQdWEa15nZHD42YXVdtvYYW
7015 [2019-07-09 21:18:16.316] [background] [info] -- UID (54 to 51)
7015 [2019-07-09 21:18:16.324] [background] [info] -- Attaching waiting metadata for link-tracking
7015 [2019-07-09 21:18:16.324] [background] [info] -- Attaching waiting metadata for open-tracking
7015 [2019-07-09 21:18:16.324] [background] [info] -- Attaching waiting metadata for send-later
7015 [2019-07-09 21:18:16.338] [background] [info] - Updating message cRqGEXSbgxVQGvP4XK1aGApbWqVxPeETDjecRV3fV
7015 [2019-07-09 21:18:16.338] [background] [info] -- UID (50 to 47)
7015 [2019-07-09 21:18:16.342] [background] [info] -- Attaching waiting metadata for link-tracking
7015 [2019-07-09 21:18:16.342] [background] [info] -- Attaching waiting metadata for open-tracking
7015 [2019-07-09 21:18:16.342] [background] [info] -- Attaching waiting metadata for send-later
7015 [2019-07-09 21:18:16.378] [background] [info] - Updating message 49RthNHKE9p1DCGCgDEnYpFBpkjjEmvL7aH1YmLwV
7015 [2019-07-09 21:18:16.378] [background] [info] -- UID (45 to 44)
7015 [2019-07-09 21:18:16.384] [background] [info] -- Attaching waiting metadata for send-later
7015 [2019-07-09 21:18:16.389] [background] [info] - Updating message SbRb5jFkmhzB2peKe1DLYd16934k8Aeag9LLqU8gU
7015 [2019-07-09 21:18:16.389] [background] [info] -- UID (39 to 35)
7015 [2019-07-09 21:18:16.393] [background] [info] -- Attaching waiting metadata for send-later
7015 [2019-07-09 21:18:16.399] [background] [info] - Updating message 99Z3fYJ4sgCpg6JZupWMZKwkA1stDZ1S2HHT2rSYa
7015 [2019-07-09 21:18:16.399] [background] [info] -- UID (31 to 29)
7015 [2019-07-09 21:18:16.403] [background] [info] -- Attaching waiting metadata for send-later
7015 [2019-07-09 21:18:16.408] [background] [info] - Updating message dkEeo364UCCWtmhxXjyGVe6MY4BXPqigYn7eFWgJB
7015 [2019-07-09 21:18:16.409] [background] [info] -- UID (28 to 24)
7015 [2019-07-09 21:18:16.412] [background] [info] -- Attaching waiting metadata for link-tracking
7015 [2019-07-09 21:18:16.412] [background] [info] -- Attaching waiting metadata for open-tracking
7015 [2019-07-09 21:18:16.412] [background] [info] -- Attaching waiting metadata for send-later
7015 [2019-07-09 21:18:16.418] [background] [info] - Updating message kd2pUeY879snw8Uyz2bNNeWQqRgnUzDhM7SjhPvno
7015 [2019-07-09 21:18:16.418] [background] [info] -- UID (23 to 19)
7015 [2019-07-09 21:18:16.456] [background] [info] -- Attaching waiting metadata for send-later
7015 [2019-07-09 21:18:16.461] [background] [info] - Updating message ew8mHJ7z3CDzYwJjtGbxM87GcKerzPNw6JsxPqJJX
7015 [2019-07-09 21:18:16.461] [background] [info] -- UID (18 to 14)
7015 [2019-07-09 21:18:16.479] [background] [info] syncFolderUIDRange for Sent Items, UIDs: 1 - 186, Heavy: false
7015 [2019-07-09 21:18:16.509] [background] [info] - remote=74, local=42
7015 [2019-07-09 21:18:16.509] [background] [info] - Fetching full headers for 32 (of 32 needed)
7015 [2019-07-09 21:18:16.681] [background] [info] - Updating message mbQAJ2qF6TWBNWAhSsnJu6qFGfs4Cz5gPBe5P6EGk
7015 [2019-07-09 21:18:16.681] [background] [info] -- UID (180 to 183)
7015 [2019-07-09 21:18:16.686] [background] [info] - Updating message WiUV1tc3hLbbcBFjfin7FUy2zxLNN6Za4bKV13dsK
7015 [2019-07-09 21:18:16.686] [background] [info] -- UID (175 to 179)
7015 [2019-07-09 21:18:16.692] [background] [info] - Updating message YYKqaNVFPuUCsPZ8gkTMiSmJiMzAiffNjsBbbqYKZ
7015 [2019-07-09 21:18:16.692] [background] [info] -- UID (171 to 174)
7015 [2019-07-09 21:18:16.697] [background] [info] - Updating message VoiGR6N2qbg66TM8D9sjEMvtM4w9WS5yyy8Y8wCkm
7015 [2019-07-09 21:18:16.697] [background] [info] -- UID (167 to 168)
7015 [2019-07-09 21:18:16.703] [background] [info] - Updating message 4iNijFFCCPzGXjWshhmg3GyiGMz26xnwBDCq5vyMp
7015 [2019-07-09 21:18:16.703] [background] [info] -- UID (163 to 166)
7015 [2019-07-09 21:18:16.708] [background] [info] - Updating message GtXKhKJcjMb9wZccs2tRZ81KmC4erJwtjAV9U3ZTJ
7015 [2019-07-09 21:18:16.708] [background] [info] -- UID (158 to 160)
7015 [2019-07-09 21:18:16.712] [background] [info] - Updating message ZHTXQ9xuqvGE9dM9N39yJN6g6KotunNpTvxiN48CW
7015 [2019-07-09 21:18:16.712] [background] [info] -- UID (154 to 157)
7015 [2019-07-09 21:18:16.723] [background] [info] - Updating message FFJZvbEj8gR2wQJc2wz1DA8F3WmGPyCVVXy7jYxtB
7015 [2019-07-09 21:18:16.723] [background] [info] -- UID (150 to 153)
7015 [2019-07-09 21:18:16.728] [background] [info] - Updating message sEUEAHkhSihBmRKxxXmVepyH1qbHAPXbMFVfCqnCZ
7015 [2019-07-09 21:18:16.728] [background] [info] -- UID (145 to 148)
7015 [2019-07-09 21:18:16.733] [background] [info] - Updating message BWCBc7zh3PV6QZ2tvhkMc4fUBAJBNZKMTCynZgkL7
7015 [2019-07-09 21:18:16.733] [background] [info] -- UID (140 to 142)
7015 [2019-07-09 21:18:16.737] [background] [info] - Updating message g1kdtUSRuEDi2Wguk6HkeheAiDpUfMD2HX6kNL47K
7015 [2019-07-09 21:18:16.737] [background] [info] -- UID (136 to 139)
7015 [2019-07-09 21:18:16.741] [background] [info] - Updating message pXTB7jPiLbWGE2NV3BTMamG1zmiRMvJTitweMyGhE
7015 [2019-07-09 21:18:16.741] [background] [info] -- UID (132 to 135)
7015 [2019-07-09 21:18:16.746] [background] [info] - Updating message KAD4GJhZTLRdYMV1nAcmKncskt6c2CmBwswe91UoR
7015 [2019-07-09 21:18:16.746] [background] [info] -- UID (128 to 131)
7015 [2019-07-09 21:18:16.751] [background] [info] - Updating message UwXJ8bkMUs2ehRZz2SSJp7JDEjQti8atXfxpmhCT9
7015 [2019-07-09 21:18:16.751] [background] [info] -- UID (124 to 127)
7015 [2019-07-09 21:18:16.755] [background] [info] - Updating message TeYBter3zQQdVkW6HqkrppshHV3y1gVtWWcF4rDGK
7015 [2019-07-09 21:18:16.755] [background] [info] -- UID (120 to 123)
7015 [2019-07-09 21:18:16.759] [background] [info] - Updating message Hr782wdaW6qVWLZe34sJ12MyUFjRriAqwmFgYXoKM
7015 [2019-07-09 21:18:16.759] [background] [info] -- UID (116 to 119)
7015 [2019-07-09 21:18:16.764] [background] [info] - Updating message 4rMsaWxdi9RSKkysbiJL5K6Re2Jx6MEafVHtajrBs
7015 [2019-07-09 21:18:16.764] [background] [info] -- UID (112 to 115)
7015 [2019-07-09 21:18:16.768] [background] [info] - Updating message MWMjhgTPksikDj45LcY358hVBuAiQmnwvqfbT7qT5
7015 [2019-07-09 21:18:16.768] [background] [info] -- UID (108 to 111)
7015 [2019-07-09 21:18:16.772] [background] [info] - Updating message mCrAuECLwvsuA2FdDorwKZ7xrEqtACk7WEhz5CMdA
7015 [2019-07-09 21:18:16.772] [background] [info] -- UID (104 to 107)
7015 [2019-07-09 21:18:16.776] [background] [info] - Updating message eLqZa4ajFsj648C82jT1yHysBFHhqPdxsowEpjuex
7015 [2019-07-09 21:18:16.776] [background] [info] -- UID (100 to 103)
7015 [2019-07-09 21:18:16.781] [background] [info] - Updating message d21QwHLyrDdChDVVRQxpf8aEP28Nh7di8PaUPAFSX
7015 [2019-07-09 21:18:16.781] [background] [info] -- UID (96 to 99)
7015 [2019-07-09 21:18:16.785] [background] [info] - Updating message FGJRU1BjHBVqMBXX7ffJPZtLrWiMQ8gGn9hySJ5oW
7015 [2019-07-09 21:18:16.785] [background] [info] -- UID (91 to 94)
7015 [2019-07-09 21:18:16.789] [background] [info] - Updating message LKX39n4nNByxw8DMDnvjBzf27WNtKHd12Yo4BLJb
7015 [2019-07-09 21:18:16.789] [background] [info] -- UID (59 to 62)
7015 [2019-07-09 21:18:16.793] [background] [info] - Updating message hgxQKbSGpEvoY1HCbPNmgfjNwvFoEwWmyJwRKmLnw
7015 [2019-07-09 21:18:16.793] [background] [info] -- UID (55 to 58)
7015 [2019-07-09 21:18:16.797] [background] [info] - Updating message HHgquwCB9JcaXnmUxaeQdWEa15nZHD42YXVdtvYYW
7015 [2019-07-09 21:18:16.797] [background] [info] -- UID (51 to 54)
7015 [2019-07-09 21:18:16.802] [background] [info] - Updating message cRqGEXSbgxVQGvP4XK1aGApbWqVxPeETDjecRV3fV
7015 [2019-07-09 21:18:16.802] [background] [info] -- UID (47 to 50)
7015 [2019-07-09 21:18:16.806] [background] [info] - Updating message 49RthNHKE9p1DCGCgDEnYpFBpkjjEmvL7aH1YmLwV
7015 [2019-07-09 21:18:16.806] [background] [info] -- UID (44 to 45)
7015 [2019-07-09 21:18:16.810] [background] [info] - Updating message SbRb5jFkmhzB2peKe1DLYd16934k8Aeag9LLqU8gU
7015 [2019-07-09 21:18:16.810] [background] [info] -- UID (35 to 39)
7015 [2019-07-09 21:18:16.814] [background] [info] - Updating message 99Z3fYJ4sgCpg6JZupWMZKwkA1stDZ1S2HHT2rSYa
7015 [2019-07-09 21:18:16.814] [background] [info] -- UID (29 to 31)
7015 [2019-07-09 21:18:16.819] [background] [info] - Updating message dkEeo364UCCWtmhxXjyGVe6MY4BXPqigYn7eFWgJB
7015 [2019-07-09 21:18:16.819] [background] [info] -- UID (24 to 28)
7015 [2019-07-09 21:18:16.823] [background] [info] - Updating message kd2pUeY879snw8Uyz2bNNeWQqRgnUzDhM7SjhPvno
7015 [2019-07-09 21:18:16.823] [background] [info] -- UID (19 to 23)
7015 [2019-07-09 21:18:16.827] [background] [info] - Updating message ew8mHJ7z3CDzYwJjtGbxM87GcKerzPNw6JsxPqJJX
7015 [2019-07-09 21:18:16.827] [background] [info] -- UID (14 to 18)
7015 [2019-07-09 21:18:22.443] [metadataExpiration] [info] Scanning for expired metadata
7015 [2019-07-09 21:18:22.445] [metadataExpiration] [info] -- Sending expiration event for Message doRKTfFKFSzh3sRgRpXXPAfZWCRk37ZGfow6tRkzF
7015 [2019-07-09 21:18:22.446] [metadataExpiration] [info] -- Will wake for next expiration in 7200sec
7015 [2019-07-09 21:18:25.187] [background] [info] Cleaning local cache and updating stats
7015 [2019-07-09 21:18:25.201] [background] [info] -- 0 message bodies deleted from local cache.
7015 [2019-07-09 21:18:25.239] [background] [info] syncFolderUIDRange for Drafts, UIDs: 1 - 3, Heavy: true
7015 [2019-07-09 21:18:25.280] [background] [info] - remote=0, local=0
7015 [2019-07-09 21:18:25.280] [background] [info] syncFolderUIDRange for Drafts, UIDs: 1 - 3, Heavy: false
7015 [2019-07-09 21:18:25.299] [background] [info] - remote=0, local=0
7015 [2019-07-09 21:18:25.300] [background] [info] Cleaning local cache and updating stats
7015 [2019-07-09 21:18:25.310] [background] [info] -- 0 message bodies deleted from local cache.
7015 [2019-07-09 21:18:25.342] [background] [info] syncFolderUIDRange for Archive, UIDs: 1 - 1, Heavy: false
7015 [2019-07-09 21:18:25.387] [background] [info] - remote=0, local=0
7015 [2019-07-09 21:18:25.405] [background] [info] Cleaning local cache and updating stats
7015 [2019-07-09 21:18:25.416] [background] [info] -- 0 message bodies deleted from local cache.
7015 [2019-07-09 21:18:25.443] [background] [info] syncFolderUIDRange for Deleted Items, UIDs: 1 - 12, Heavy: true
7015 [2019-07-09 21:18:25.483] [background] [info] - remote=0, local=0
7015 [2019-07-09 21:18:25.483] [background] [info] syncFolderUIDRange for Deleted Items, UIDs: 1 - 12, Heavy: false
7015 [2019-07-09 21:18:25.500] [background] [info] - remote=0, local=0
7015 [2019-07-09 21:18:25.500] [background] [info] Cleaning local cache and updating stats
7015 [2019-07-09 21:18:25.513] [background] [info] -- 0 message bodies deleted from local cache.
7015 [2019-07-09 21:18:25.545] [background] [info] syncFolderUIDRange for Junk Email, UIDs: 1 - 1, Heavy: false
7015 [2019-07-09 21:18:25.590] [background] [info] - remote=0, local=0
7015 [2019-07-09 21:18:25.590] [background] [info] Cleaning local cache and updating stats
7015 [2019-07-09 21:18:25.638] [background] [info] -- 0 message bodies deleted from local cache.
7015 [2019-07-09 21:18:25.694] [background] [info] syncFolderUIDRange for Journal, UIDs: 1 - 1, Heavy: false
7015 [2019-07-09 21:18:25.810] [background] [info] - remote=0, local=0
7015 [2019-07-09 21:18:25.819] [background] [info] Cleaning local cache and updating stats
7015 [2019-07-09 21:18:25.832] [background] [info] -- 0 message bodies deleted from local cache.
7015 [2019-07-09 21:18:25.924] [background] [info] syncFolderUIDRange for Trash, UIDs: 1 - 1, Heavy: false
7015 [2019-07-09 21:18:26.042] [background] [info] - remote=0, local=0
7015 [2019-07-09 21:18:26.061] [background] [info] Cleaning local cache and updating stats
7015 [2019-07-09 21:18:26.072] [background] [info] -- 0 message bodies deleted from local cache.
7015 [2019-07-09 21:18:26.136] [background] [info] syncFolderUIDRange for Tasks, UIDs: 1 - 1, Heavy: false
7015 [2019-07-09 21:18:26.204] [background] [info] - remote=0, local=0
7015 [2019-07-09 21:18:26.259] [background] [info] Cleaning local cache and updating stats
7015 [2019-07-09 21:18:26.271] [background] [info] -- 0 message bodies deleted from local cache.
7015 [2019-07-09 21:18:26.348] [background] [info] syncFolderUIDRange for Sent, UIDs: 1 - 4, Heavy: true
7015 [2019-07-09 21:18:26.520] [background] [info] - remote=3, local=0
7015 [2019-07-09 21:18:26.525] [background] [info] - Updating message puKfxiwopgbknNgDFC4RujWLZKTV3Q3eeq4oNE8Vw
7015 [2019-07-09 21:18:26.525] [background] [info] -- UID (10 to 3)
7015 [2019-07-09 21:18:26.525] [background] [info] -- FolderID (MiHP2DCLiqFVZ9WCmj2LgE9qvwW2P7HCBZDYHnGo3 to 2Qm14TjgUka6ZyWw6Jbaeb1ZRMyiC5BaYA34r1WUP)
7015 [2019-07-09 21:18:26.539] [background] [info] - Updating message WS52P2Y1QJh25WXNFkJ9M6xdoGi5RtJgyzGaQNqG5
7015 [2019-07-09 21:18:26.539] [background] [info] -- UID (5 to 2)
7015 [2019-07-09 21:18:26.539] [background] [info] -- FolderID (MiHP2DCLiqFVZ9WCmj2LgE9qvwW2P7HCBZDYHnGo3 to 2Qm14TjgUka6ZyWw6Jbaeb1ZRMyiC5BaYA34r1WUP)
7015 [2019-07-09 21:18:26.544] [background] [info] - Updating message g9MUxuwu3Bc7nxYYvNT1pAuft5xcsdDHbxvGNA7QX
7015 [2019-07-09 21:18:26.544] [background] [info] -- FolderID (MiHP2DCLiqFVZ9WCmj2LgE9qvwW2P7HCBZDYHnGo3 to 2Qm14TjgUka6ZyWw6Jbaeb1ZRMyiC5BaYA34r1WUP)
7015 [2019-07-09 21:18:26.552] [background] [info] syncFolderUIDRange for Sent, UIDs: 1 - 4, Heavy: false
7015 [2019-07-09 21:18:26.726] [background] [info] - remote=3, local=3
7015 [2019-07-09 21:18:26.727] [background] [info] Cleaning local cache and updating stats
7015 [2019-07-09 21:18:26.742] [background] [info] -- 0 message bodies deleted from local cache.
7015 [2019-07-09 21:18:27.414] [background] [info] syncFolderUIDRange for Outbox, UIDs: 1 - 87, Heavy: true
7015 [2019-07-09 21:18:27.507] [background] [info] - remote=0, local=0
7015 [2019-07-09 21:18:27.507] [background] [info] syncFolderUIDRange for Outbox, UIDs: 1 - 87, Heavy: false
7015 [2019-07-09 21:18:27.555] [background] [info] - remote=0, local=0
7015 [2019-07-09 21:18:27.556] [background] [info] Cleaning local cache and updating stats
7015 [2019-07-09 21:18:27.569] [background] [info] -- 0 message bodies deleted from local cache.
7015 [2019-07-09 21:18:27.722] [background] [info] syncFolderUIDRange for Notes, UIDs: 1 - 1, Heavy: false
7015 [2019-07-09 21:18:27.836] [background] [info] - remote=0, local=0
7015 [2019-07-09 21:18:27.837] [background] [info] Cleaning local cache and updating stats
7015 [2019-07-09 21:18:27.851] [background] [info] -- 0 message bodies deleted from local cache.
7015 [2019-07-09 21:18:28.095] [background] [info] syncFolderUIDRange for Mailspring/Snoozed, UIDs: 1 - 2, Heavy: true
7015 [2019-07-09 21:18:28.265] [background] [info] - remote=0, local=0
7015 [2019-07-09 21:18:28.265] [background] [info] syncFolderUIDRange for Mailspring/Snoozed, UIDs: 1 - 2, Heavy: false
7015 [2019-07-09 21:18:28.314] [background] [info] - remote=0, local=0
7015 [2019-07-09 21:18:28.315] [background] [info] Cleaning local cache and updating stats
7015 [2019-07-09 21:18:28.326] [background] [info] -- 0 message bodies deleted from local cache.
7015 [2019-07-09 21:18:28.374] [background] [info] syncFolderUIDRange for Mailspring, UIDs: 1 - 1, Heavy: false
7015 [2019-07-09 21:18:28.422] [background] [info] - remote=0, local=0
7015 [2019-07-09 21:18:28.423] [background] [info] Cleaning local cache and updating stats
7015 [2019-07-09 21:18:28.435] [background] [info] -- 0 message bodies deleted from local cache.
7015 [2019-07-09 21:18:28.472] [background] [info] syncFolderUIDRange for Conversation History, UIDs: 1 - 1, Heavy: false
7015 [2019-07-09 21:18:28.569] [background] [info] - remote=0, local=0
7015 [2019-07-09 21:18:28.603] [background] [info] Cleaning local cache and updating stats
7015 [2019-07-09 21:18:28.615] [background] [info] -- 0 message bodies deleted from local cache.
7015 [2019-07-09 21:18:28.672] [background] [info] syncFolderUIDRange for Contacts, UIDs: 1 - 1, Heavy: false
7015 [2019-07-09 21:18:28.773] [background] [info] - remote=0, local=0
7015 [2019-07-09 21:18:28.807] [background] [info] Cleaning local cache and updating stats
7015 [2019-07-09 21:18:28.819] [background] [info] -- 0 message bodies deleted from local cache.
7015 [2019-07-09 21:18:28.863] [background] [info] syncFolderUIDRange for Calendar/United States holidays, UIDs: 1 - 194, Heavy: true
7015 [2019-07-09 21:18:29.785] [background] [info] - remote=192, local=0
7015 [2019-07-09 21:18:31.017] [background] [info] syncFolderUIDRange for Calendar/United States holidays, UIDs: 1 - 194, Heavy: false
7015 [2019-07-09 21:18:31.050] [background] [info] - remote=192, local=192
7015 [2019-07-09 21:18:31.059] [background] [info] Cleaning local cache and updating stats
7015 [2019-07-09 21:18:31.082] [background] [info] -- 0 message bodies deleted from local cache.
7015 [2019-07-09 21:18:31.115] [background] [info] syncFolderUIDRange for Calendar/Birthdays, UIDs: 1 - 1, Heavy: false
7015 [2019-07-09 21:18:31.185] [background] [info] - remote=0, local=0
7015 [2019-07-09 21:18:31.185] [background] [info] Cleaning local cache and updating stats
7015 [2019-07-09 21:18:31.206] [background] [info] -- 0 message bodies deleted from local cache.
7015 [2019-07-09 21:18:31.247] [background] [info] syncFolderUIDRange for Calendar, UIDs: 1 - 57, Heavy: true
7015 [2019-07-09 21:18:31.359] [background] [info] - remote=1, local=0
7015 [2019-07-09 21:18:31.396] [background] [info] syncFolderUIDRange for Calendar, UIDs: 1 - 57, Heavy: false
7015 [2019-07-09 21:18:31.495] [background] [info] - remote=1, local=1
7015 [2019-07-09 21:18:31.495] [background] [info] Cleaning local cache and updating stats
7015 [2019-07-09 21:18:31.508] [background] [info] -- 0 message bodies deleted from local cache.
7015 [2019-07-09 21:18:31.551] [background] [info] Sync loop deleting unlinked messages with phase 2.
7015 [2019-07-09 21:18:31.551] [background] [info] Sync loop complete.
7015 [2019-07-09 21:18:31.551] [background] [info] Syncing folder list...
7015 [2019-07-09 21:18:31.738] [background] [info] syncFolderUIDRange for INBOX, UIDs: 1 - 0, Heavy: false
7015 [2019-07-09 21:18:31.908] [background] [info] - remote=105, local=105
7015 [2019-07-09 21:18:38.306] [background] [info] syncFolderUIDRange for Sent Items, UIDs: 1 - 0, Heavy: false
7015 [2019-07-09 21:18:38.401] [background] [info] - remote=74, local=39
7015 [2019-07-09 21:18:38.401] [background] [info] - Fetching full headers for 35 (of 35 needed)
7015 [2019-07-09 21:18:38.585] [background] [info] - Updating message mbQAJ2qF6TWBNWAhSsnJu6qFGfs4Cz5gPBe5P6EGk
7015 [2019-07-09 21:18:38.585] [background] [info] -- UID (183 to 180)
7015 [2019-07-09 21:18:38.590] [background] [info] - Updating message WiUV1tc3hLbbcBFjfin7FUy2zxLNN6Za4bKV13dsK
7015 [2019-07-09 21:18:38.590] [background] [info] -- UID (179 to 175)
7015 [2019-07-09 21:18:38.596] [background] [info] - Updating message YYKqaNVFPuUCsPZ8gkTMiSmJiMzAiffNjsBbbqYKZ
7015 [2019-07-09 21:18:38.596] [background] [info] -- UID (174 to 171)
7015 [2019-07-09 21:18:38.601] [background] [info] - Updating message VoiGR6N2qbg66TM8D9sjEMvtM4w9WS5yyy8Y8wCkm
7015 [2019-07-09 21:18:38.601] [background] [info] -- UID (168 to 167)
7015 [2019-07-09 21:18:38.606] [background] [info] - Updating message 4iNijFFCCPzGXjWshhmg3GyiGMz26xnwBDCq5vyMp
7015 [2019-07-09 21:18:38.606] [background] [info] -- UID (166 to 163)
7015 [2019-07-09 21:18:38.611] [background] [info] - Updating message GtXKhKJcjMb9wZccs2tRZ81KmC4erJwtjAV9U3ZTJ
7015 [2019-07-09 21:18:38.611] [background] [info] -- UID (160 to 158)
7015 [2019-07-09 21:18:38.616] [background] [info] - Updating message ZHTXQ9xuqvGE9dM9N39yJN6g6KotunNpTvxiN48CW
7015 [2019-07-09 21:18:38.616] [background] [info] -- UID (157 to 154)
7015 [2019-07-09 21:18:38.624] [background] [info] - Updating message FFJZvbEj8gR2wQJc2wz1DA8F3WmGPyCVVXy7jYxtB
7015 [2019-07-09 21:18:38.624] [background] [info] -- UID (153 to 150)
7015 [2019-07-09 21:18:38.629] [background] [info] - Updating message sEUEAHkhSihBmRKxxXmVepyH1qbHAPXbMFVfCqnCZ
7015 [2019-07-09 21:18:38.629] [background] [info] -- UID (148 to 145)
7015 [2019-07-09 21:18:38.634] [background] [info] - Updating message BWCBc7zh3PV6QZ2tvhkMc4fUBAJBNZKMTCynZgkL7
7015 [2019-07-09 21:18:38.634] [background] [info] -- UID (142 to 140)
7015 [2019-07-09 21:18:38.639] [background] [info] - Updating message g1kdtUSRuEDi2Wguk6HkeheAiDpUfMD2HX6kNL47K
7015 [2019-07-09 21:18:38.639] [background] [info] -- UID (139 to 136)
7015 [2019-07-09 21:18:38.644] [background] [info] - Updating message pXTB7jPiLbWGE2NV3BTMamG1zmiRMvJTitweMyGhE
7015 [2019-07-09 21:18:38.644] [background] [info] -- UID (135 to 132)
7015 [2019-07-09 21:18:38.650] [background] [info] - Updating message KAD4GJhZTLRdYMV1nAcmKncskt6c2CmBwswe91UoR
7015 [2019-07-09 21:18:38.650] [background] [info] -- UID (131 to 128)
7015 [2019-07-09 21:18:38.655] [background] [info] - Updating message UwXJ8bkMUs2ehRZz2SSJp7JDEjQti8atXfxpmhCT9
7015 [2019-07-09 21:18:38.655] [background] [info] -- UID (127 to 124)
7015 [2019-07-09 21:18:38.660] [background] [info] - Updating message TeYBter3zQQdVkW6HqkrppshHV3y1gVtWWcF4rDGK
7015 [2019-07-09 21:18:38.660] [background] [info] -- UID (123 to 120)
7015 [2019-07-09 21:18:38.665] [background] [info] - Updating message Hr782wdaW6qVWLZe34sJ12MyUFjRriAqwmFgYXoKM
7015 [2019-07-09 21:18:38.665] [background] [info] -- UID (119 to 116)
7015 [2019-07-09 21:18:38.669] [background] [info] - Updating message 4rMsaWxdi9RSKkysbiJL5K6Re2Jx6MEafVHtajrBs
7015 [2019-07-09 21:18:38.669] [background] [info] -- UID (115 to 112)
7015 [2019-07-09 21:18:38.674] [background] [info] - Updating message MWMjhgTPksikDj45LcY358hVBuAiQmnwvqfbT7qT5
7015 [2019-07-09 21:18:38.674] [background] [info] -- UID (111 to 108)
7015 [2019-07-09 21:18:38.678] [background] [info] - Updating message mCrAuECLwvsuA2FdDorwKZ7xrEqtACk7WEhz5CMdA
7015 [2019-07-09 21:18:38.679] [background] [info] -- UID (107 to 104)
7015 [2019-07-09 21:18:38.683] [background] [info] - Updating message eLqZa4ajFsj648C82jT1yHysBFHhqPdxsowEpjuex
7015 [2019-07-09 21:18:38.683] [background] [info] -- UID (103 to 100)
7015 [2019-07-09 21:18:38.688] [background] [info] - Updating message d21QwHLyrDdChDVVRQxpf8aEP28Nh7di8PaUPAFSX
7015 [2019-07-09 21:18:38.688] [background] [info] -- UID (99 to 96)
7015 [2019-07-09 21:18:38.694] [background] [info] - Updating message FGJRU1BjHBVqMBXX7ffJPZtLrWiMQ8gGn9hySJ5oW
7015 [2019-07-09 21:18:38.694] [background] [info] -- UID (94 to 91)
7015 [2019-07-09 21:18:38.699] [background] [info] - Updating message LKX39n4nNByxw8DMDnvjBzf27WNtKHd12Yo4BLJb
7015 [2019-07-09 21:18:38.699] [background] [info] -- UID (62 to 59)
7015 [2019-07-09 21:18:38.707] [background] [info] - Updating message hgxQKbSGpEvoY1HCbPNmgfjNwvFoEwWmyJwRKmLnw
7015 [2019-07-09 21:18:38.707] [background] [info] -- UID (58 to 55)
7015 [2019-07-09 21:18:38.711] [background] [info] - Updating message HHgquwCB9JcaXnmUxaeQdWEa15nZHD42YXVdtvYYW
7015 [2019-07-09 21:18:38.711] [background] [info] -- UID (54 to 51)
7015 [2019-07-09 21:18:38.716] [background] [info] - Updating message cRqGEXSbgxVQGvP4XK1aGApbWqVxPeETDjecRV3fV
7015 [2019-07-09 21:18:38.716] [background] [info] -- UID (50 to 47)
7015 [2019-07-09 21:18:38.720] [background] [info] - Updating message 49RthNHKE9p1DCGCgDEnYpFBpkjjEmvL7aH1YmLwV
7015 [2019-07-09 21:18:38.720] [background] [info] -- UID (45 to 44)
7015 [2019-07-09 21:18:38.724] [background] [info] - Updating message SbRb5jFkmhzB2peKe1DLYd16934k8Aeag9LLqU8gU
7015 [2019-07-09 21:18:38.724] [background] [info] -- UID (39 to 35)
7015 [2019-07-09 21:18:38.728] [background] [info] - Updating message 99Z3fYJ4sgCpg6JZupWMZKwkA1stDZ1S2HHT2rSYa
7015 [2019-07-09 21:18:38.728] [background] [info] -- UID (31 to 29)
7015 [2019-07-09 21:18:38.732] [background] [info] - Updating message dkEeo364UCCWtmhxXjyGVe6MY4BXPqigYn7eFWgJB
7015 [2019-07-09 21:18:38.732] [background] [info] -- UID (28 to 24)
7015 [2019-07-09 21:18:38.737] [background] [info] - Updating message kd2pUeY879snw8Uyz2bNNeWQqRgnUzDhM7SjhPvno
7015 [2019-07-09 21:18:38.737] [background] [info] -- UID (23 to 19)
7015 [2019-07-09 21:18:38.740] [background] [info] - Updating message ew8mHJ7z3CDzYwJjtGbxM87GcKerzPNw6JsxPqJJX
7015 [2019-07-09 21:18:38.740] [background] [info] -- UID (18 to 14)
7015 [2019-07-09 21:18:38.745] [background] [info] - Updating message puKfxiwopgbknNgDFC4RujWLZKTV3Q3eeq4oNE8Vw
7015 [2019-07-09 21:18:38.745] [background] [info] -- UID (3 to 10)
7015 [2019-07-09 21:18:38.745] [background] [info] -- FolderID (2Qm14TjgUka6ZyWw6Jbaeb1ZRMyiC5BaYA34r1WUP to MiHP2DCLiqFVZ9WCmj2LgE9qvwW2P7HCBZDYHnGo3)
7015 [2019-07-09 21:18:38.750] [background] [info] - Updating message WS52P2Y1QJh25WXNFkJ9M6xdoGi5RtJgyzGaQNqG5
7015 [2019-07-09 21:18:38.750] [background] [info] -- UID (2 to 5)
7015 [2019-07-09 21:18:38.750] [background] [info] -- FolderID (2Qm14TjgUka6ZyWw6Jbaeb1ZRMyiC5BaYA34r1WUP to MiHP2DCLiqFVZ9WCmj2LgE9qvwW2P7HCBZDYHnGo3)
7015 [2019-07-09 21:18:38.754] [background] [info] - Updating message g9MUxuwu3Bc7nxYYvNT1pAuft5xcsdDHbxvGNA7QX
7015 [2019-07-09 21:18:38.754] [background] [info] -- FolderID (2Qm14TjgUka6ZyWw6Jbaeb1ZRMyiC5BaYA34r1WUP to MiHP2DCLiqFVZ9WCmj2LgE9qvwW2P7HCBZDYHnGo3)
7015 [2019-07-09 21:18:39.025] [background] [info] syncFolderUIDRange for Drafts, UIDs: 1 - 0, Heavy: false
7015 [2019-07-09 21:18:39.096] [background] [info] - remote=0, local=0
7015 [2019-07-09 21:18:39.155] [background] [info] syncFolderUIDRange for Archive, UIDs: 1 - 0, Heavy: false
7015 [2019-07-09 21:18:39.201] [background] [info] - remote=0, local=0
7015 [2019-07-09 21:18:39.226] [background] [info] syncFolderUIDRange for Deleted Items, UIDs: 1 - 0, Heavy: false
7015 [2019-07-09 21:18:39.280] [background] [info] - remote=0, local=0
7015 [2019-07-09 21:18:39.304] [background] [info] syncFolderUIDRange for Junk Email, UIDs: 1 - 0, Heavy: false
7015 [2019-07-09 21:18:39.343] [background] [info] - remote=0, local=0
7015 [2019-07-09 21:18:39.366] [background] [info] syncFolderUIDRange for Journal, UIDs: 1 - 0, Heavy: false
7015 [2019-07-09 21:18:39.407] [background] [info] - remote=0, local=0
7015 [2019-07-09 21:18:39.432] [background] [info] syncFolderUIDRange for Trash, UIDs: 1 - 0, Heavy: false
7015 [2019-07-09 21:18:39.477] [background] [info] - remote=0, local=0
7015 [2019-07-09 21:18:39.500] [background] [info] syncFolderUIDRange for Tasks, UIDs: 1 - 0, Heavy: false
7015 [2019-07-09 21:18:39.541] [background] [info] - remote=0, local=0
7015 [2019-07-09 21:18:39.564] [background] [info] syncFolderUIDRange for Sent, UIDs: 1 - 0, Heavy: false
7015 [2019-07-09 21:18:39.656] [background] [info] - remote=3, local=0
7015 [2019-07-09 21:18:39.656] [background] [info] - Fetching full headers for 3 (of 3 needed)
7015 [2019-07-09 21:18:39.760] [background] [info] - Updating message puKfxiwopgbknNgDFC4RujWLZKTV3Q3eeq4oNE8Vw
7015 [2019-07-09 21:18:39.760] [background] [info] -- UID (10 to 3)
7015 [2019-07-09 21:18:39.760] [background] [info] -- FolderID (MiHP2DCLiqFVZ9WCmj2LgE9qvwW2P7HCBZDYHnGo3 to 2Qm14TjgUka6ZyWw6Jbaeb1ZRMyiC5BaYA34r1WUP)
7015 [2019-07-09 21:18:39.770] [background] [info] - Updating message WS52P2Y1QJh25WXNFkJ9M6xdoGi5RtJgyzGaQNqG5
7015 [2019-07-09 21:18:39.770] [background] [info] -- UID (5 to 2)
7015 [2019-07-09 21:18:39.770] [background] [info] -- FolderID (MiHP2DCLiqFVZ9WCmj2LgE9qvwW2P7HCBZDYHnGo3 to 2Qm14TjgUka6ZyWw6Jbaeb1ZRMyiC5BaYA34r1WUP)
7015 [2019-07-09 21:18:39.776] [background] [info] - Updating message g9MUxuwu3Bc7nxYYvNT1pAuft5xcsdDHbxvGNA7QX
7015 [2019-07-09 21:18:39.776] [background] [info] -- FolderID (MiHP2DCLiqFVZ9WCmj2LgE9qvwW2P7HCBZDYHnGo3 to 2Qm14TjgUka6ZyWw6Jbaeb1ZRMyiC5BaYA34r1WUP)
7015 [2019-07-09 21:18:39.804] [background] [info] syncFolderUIDRange for Outbox, UIDs: 1 - 0, Heavy: false
7015 [2019-07-09 21:18:39.849] [background] [info] - remote=0, local=0
7015 [2019-07-09 21:18:39.871] [background] [info] syncFolderUIDRange for Notes, UIDs: 1 - 0, Heavy: false
7015 [2019-07-09 21:18:39.912] [background] [info] - remote=0, local=0
7015 [2019-07-09 21:18:39.955] [background] [info] syncFolderUIDRange for Mailspring/Snoozed, UIDs: 1 - 0, Heavy: false
7015 [2019-07-09 21:18:40.022] [background] [info] - remote=0, local=0
7015 [2019-07-09 21:18:40.051] [background] [info] syncFolderUIDRange for Mailspring, UIDs: 1 - 0, Heavy: false
7015 [2019-07-09 21:18:40.098] [background] [info] - remote=0, local=0
7015 [2019-07-09 21:18:40.124] [background] [info] syncFolderUIDRange for Conversation History, UIDs: 1 - 0, Heavy: false
7015 [2019-07-09 21:18:40.165] [background] [info] - remote=0, local=0
7015 [2019-07-09 21:18:40.225] [background] [info] syncFolderUIDRange for Contacts, UIDs: 1 - 0, Heavy: false
7015 [2019-07-09 21:18:40.267] [background] [info] - remote=0, local=0
7015 [2019-07-09 21:18:40.292] [background] [info] syncFolderUIDRange for Calendar/United States holidays, UIDs: 1 - 0, Heavy: false
7015 [2019-07-09 21:18:40.364] [background] [info] - remote=192, local=192
7015 [2019-07-09 21:18:40.417] [background] [info] syncFolderUIDRange for Calendar/Birthdays, UIDs: 1 - 0, Heavy: false
7015 [2019-07-09 21:18:40.462] [background] [info] - remote=0, local=0
7015 [2019-07-09 21:18:40.490] [background] [info] syncFolderUIDRange for Calendar, UIDs: 1 - 0, Heavy: false
7015 [2019-07-09 21:18:40.595] [background] [info] - remote=1, local=1
7015 [2019-07-09 21:18:40.598] [background] [info] Sync loop deleting unlinked messages with phase 1.
7015 [2019-07-09 21:18:40.599] [background] [info] Sync loop complete.
7015 [2019-07-09 21:18:40.599] [background] [info] Syncing folder list...
7015 [2019-07-09 21:18:50.587] [background] [info] Sync loop deleting unlinked messages with phase 2.
7015 [2019-07-09 21:18:50.641] [background] [info] Sync loop complete.
7015 [2019-07-09 21:18:50.641] [background] [info] Syncing folder list...
7015 [2019-07-09 21:18:52.012] [background] [info] Sync loop deleting unlinked messages with phase 1.
7015 [2019-07-09 21:18:52.031] [background] [info] Sync loop complete.
7015 [2019-07-09 21:20:52.031] [background] [info] Syncing folder list...
7015 [2019-07-09 21:20:52.084] [background] [info] syncFolderUIDRange for INBOX, UIDs: 1 - 722, Heavy: false
7015 [2019-07-09 21:20:52.115] [background] [info] - remote=105, local=105
7015 [2019-07-09 21:20:52.137] [background] [info] syncFolderUIDRange for Sent Items, UIDs: 1 - 186, Heavy: false
7015 [2019-07-09 21:20:52.190] [background] [info] - remote=74, local=39
7015 [2019-07-09 21:20:52.191] [background] [info] - Fetching full headers for 35 (of 35 needed)
7015 [2019-07-09 21:20:52.342] [background] [info] - Updating message mbQAJ2qF6TWBNWAhSsnJu6qFGfs4Cz5gPBe5P6EGk
7015 [2019-07-09 21:20:52.342] [background] [info] -- UID (180 to 183)
7015 [2019-07-09 21:20:52.347] [background] [info] - Updating message WiUV1tc3hLbbcBFjfin7FUy2zxLNN6Za4bKV13dsK
7015 [2019-07-09 21:20:52.347] [background] [info] -- UID (175 to 179)
7015 [2019-07-09 21:20:52.352] [background] [info] - Updating message YYKqaNVFPuUCsPZ8gkTMiSmJiMzAiffNjsBbbqYKZ
7015 [2019-07-09 21:20:52.352] [background] [info] -- UID (171 to 174)
7015 [2019-07-09 21:20:52.357] [background] [info] - Updating message VoiGR6N2qbg66TM8D9sjEMvtM4w9WS5yyy8Y8wCkm
7015 [2019-07-09 21:20:52.357] [background] [info] -- UID (167 to 168)
7015 [2019-07-09 21:20:52.363] [background] [info] - Updating message 4iNijFFCCPzGXjWshhmg3GyiGMz26xnwBDCq5vyMp
7015 [2019-07-09 21:20:52.363] [background] [info] -- UID (163 to 166)
7015 [2019-07-09 21:20:52.368] [background] [info] - Updating message GtXKhKJcjMb9wZccs2tRZ81KmC4erJwtjAV9U3ZTJ
7015 [2019-07-09 21:20:52.368] [background] [info] -- UID (158 to 160)
7015 [2019-07-09 21:20:52.373] [background] [info] - Updating message ZHTXQ9xuqvGE9dM9N39yJN6g6KotunNpTvxiN48CW
7015 [2019-07-09 21:20:52.373] [background] [info] -- UID (154 to 157)
7015 [2019-07-09 21:20:52.382] [background] [info] - Updating message FFJZvbEj8gR2wQJc2wz1DA8F3WmGPyCVVXy7jYxtB
7015 [2019-07-09 21:20:52.382] [background] [info] -- UID (150 to 153)
7015 [2019-07-09 21:20:52.387] [background] [info] - Updating message sEUEAHkhSihBmRKxxXmVepyH1qbHAPXbMFVfCqnCZ
7015 [2019-07-09 21:20:52.387] [background] [info] -- UID (145 to 148)
7015 [2019-07-09 21:20:52.392] [background] [info] - Updating message BWCBc7zh3PV6QZ2tvhkMc4fUBAJBNZKMTCynZgkL7
7015 [2019-07-09 21:20:52.392] [background] [info] -- UID (140 to 142)
7015 [2019-07-09 21:20:52.397] [background] [info] - Updating message g1kdtUSRuEDi2Wguk6HkeheAiDpUfMD2HX6kNL47K
7015 [2019-07-09 21:20:52.397] [background] [info] -- UID (136 to 139)
7015 [2019-07-09 21:20:52.401] [background] [info] - Updating message pXTB7jPiLbWGE2NV3BTMamG1zmiRMvJTitweMyGhE
7015 [2019-07-09 21:20:52.401] [background] [info] -- UID (132 to 135)
7015 [2019-07-09 21:20:52.407] [background] [info] - Updating message KAD4GJhZTLRdYMV1nAcmKncskt6c2CmBwswe91UoR
7015 [2019-07-09 21:20:52.407] [background] [info] -- UID (128 to 131)
7015 [2019-07-09 21:20:52.414] [background] [info] - Updating message UwXJ8bkMUs2ehRZz2SSJp7JDEjQti8atXfxpmhCT9
7015 [2019-07-09 21:20:52.414] [background] [info] -- UID (124 to 127)
7015 [2019-07-09 21:20:52.419] [background] [info] - Updating message TeYBter3zQQdVkW6HqkrppshHV3y1gVtWWcF4rDGK
7015 [2019-07-09 21:20:52.419] [background] [info] -- UID (120 to 123)
7015 [2019-07-09 21:20:52.424] [background] [info] - Updating message Hr782wdaW6qVWLZe34sJ12MyUFjRriAqwmFgYXoKM
7015 [2019-07-09 21:20:52.425] [background] [info] -- UID (116 to 119)
7015 [2019-07-09 21:20:52.430] [background] [info] - Updating message 4rMsaWxdi9RSKkysbiJL5K6Re2Jx6MEafVHtajrBs
7015 [2019-07-09 21:20:52.430] [background] [info] -- UID (112 to 115)
7015 [2019-07-09 21:20:52.436] [background] [info] - Updating message MWMjhgTPksikDj45LcY358hVBuAiQmnwvqfbT7qT5
7015 [2019-07-09 21:20:52.436] [background] [info] -- UID (108 to 111)
7015 [2019-07-09 21:20:52.442] [background] [info] - Updating message mCrAuECLwvsuA2FdDorwKZ7xrEqtACk7WEhz5CMdA
7015 [2019-07-09 21:20:52.443] [background] [info] -- UID (104 to 107)
7015 [2019-07-09 21:20:52.448] [background] [info] - Updating message eLqZa4ajFsj648C82jT1yHysBFHhqPdxsowEpjuex
7015 [2019-07-09 21:20:52.448] [background] [info] -- UID (100 to 103)
7015 [2019-07-09 21:20:52.454] [background] [info] - Updating message d21QwHLyrDdChDVVRQxpf8aEP28Nh7di8PaUPAFSX
7015 [2019-07-09 21:20:52.454] [background] [info] -- UID (96 to 99)
7015 [2019-07-09 21:20:52.460] [background] [info] - Updating message FGJRU1BjHBVqMBXX7ffJPZtLrWiMQ8gGn9hySJ5oW
7015 [2019-07-09 21:20:52.460] [background] [info] -- UID (91 to 94)
7015 [2019-07-09 21:20:52.466] [background] [info] - Updating message LKX39n4nNByxw8DMDnvjBzf27WNtKHd12Yo4BLJb
7015 [2019-07-09 21:20:52.466] [background] [info] -- UID (59 to 62)
7015 [2019-07-09 21:20:52.471] [background] [info] - Updating message hgxQKbSGpEvoY1HCbPNmgfjNwvFoEwWmyJwRKmLnw
7015 [2019-07-09 21:20:52.471] [background] [info] -- UID (55 to 58)
7015 [2019-07-09 21:20:52.476] [background] [info] - Updating message HHgquwCB9JcaXnmUxaeQdWEa15nZHD42YXVdtvYYW
7015 [2019-07-09 21:20:52.476] [background] [info] -- UID (51 to 54)
7015 [2019-07-09 21:20:52.481] [background] [info] - Updating message cRqGEXSbgxVQGvP4XK1aGApbWqVxPeETDjecRV3fV
7015 [2019-07-09 21:20:52.481] [background] [info] -- UID (47 to 50)
7015 [2019-07-09 21:20:52.485] [background] [info] - Updating message 49RthNHKE9p1DCGCgDEnYpFBpkjjEmvL7aH1YmLwV
7015 [2019-07-09 21:20:52.485] [background] [info] -- UID (44 to 45)
7015 [2019-07-09 21:20:52.489] [background] [info] - Updating message SbRb5jFkmhzB2peKe1DLYd16934k8Aeag9LLqU8gU
7015 [2019-07-09 21:20:52.489] [background] [info] -- UID (35 to 39)
7015 [2019-07-09 21:20:52.493] [background] [info] - Updating message 99Z3fYJ4sgCpg6JZupWMZKwkA1stDZ1S2HHT2rSYa
7015 [2019-07-09 21:20:52.493] [background] [info] -- UID (29 to 31)
7015 [2019-07-09 21:20:52.498] [background] [info] - Updating message dkEeo364UCCWtmhxXjyGVe6MY4BXPqigYn7eFWgJB
7015 [2019-07-09 21:20:52.498] [background] [info] -- UID (24 to 28)
7015 [2019-07-09 21:20:52.501] [background] [info] - Updating message kd2pUeY879snw8Uyz2bNNeWQqRgnUzDhM7SjhPvno
7015 [2019-07-09 21:20:52.501] [background] [info] -- UID (19 to 23)
7015 [2019-07-09 21:20:52.505] [background] [info] - Updating message ew8mHJ7z3CDzYwJjtGbxM87GcKerzPNw6JsxPqJJX
7015 [2019-07-09 21:20:52.505] [background] [info] -- UID (14 to 18)
7015 [2019-07-09 21:20:52.510] [background] [info] - Updating message puKfxiwopgbknNgDFC4RujWLZKTV3Q3eeq4oNE8Vw
7015 [2019-07-09 21:20:52.510] [background] [info] -- UID (3 to 10)
7015 [2019-07-09 21:20:52.510] [background] [info] -- FolderID (2Qm14TjgUka6ZyWw6Jbaeb1ZRMyiC5BaYA34r1WUP to MiHP2DCLiqFVZ9WCmj2LgE9qvwW2P7HCBZDYHnGo3)
7015 [2019-07-09 21:20:52.515] [background] [info] - Updating message WS52P2Y1QJh25WXNFkJ9M6xdoGi5RtJgyzGaQNqG5
7015 [2019-07-09 21:20:52.515] [background] [info] -- UID (2 to 5)
7015 [2019-07-09 21:20:52.515] [background] [info] -- FolderID (2Qm14TjgUka6ZyWw6Jbaeb1ZRMyiC5BaYA34r1WUP to MiHP2DCLiqFVZ9WCmj2LgE9qvwW2P7HCBZDYHnGo3)
7015 [2019-07-09 21:20:52.519] [background] [info] - Updating message g9MUxuwu3Bc7nxYYvNT1pAuft5xcsdDHbxvGNA7QX
7015 [2019-07-09 21:20:52.519] [background] [info] -- FolderID (2Qm14TjgUka6ZyWw6Jbaeb1ZRMyiC5BaYA34r1WUP to MiHP2DCLiqFVZ9WCmj2LgE9qvwW2P7HCBZDYHnGo3)
7015 [2019-07-09 21:20:52.546] [background] [info] syncFolderUIDRange for Drafts, UIDs: 1 - 3, Heavy: false
7015 [2019-07-09 21:20:52.585] [background] [info] - remote=0, local=0
7015 [2019-07-09 21:20:52.605] [background] [info] syncFolderUIDRange for Archive, UIDs: 1 - 1, Heavy: false
7015 [2019-07-09 21:20:52.644] [background] [info] - remote=0, local=0
7015 [2019-07-09 21:20:52.665] [background] [info] syncFolderUIDRange for Deleted Items, UIDs: 1 - 12, Heavy: false
7015 [2019-07-09 21:20:52.703] [background] [info] - remote=0, local=0
7015 [2019-07-09 21:20:52.723] [background] [info] syncFolderUIDRange for Junk Email, UIDs: 1 - 1, Heavy: false
7015 [2019-07-09 21:20:52.761] [background] [info] - remote=0, local=0
7015 [2019-07-09 21:20:52.781] [background] [info] syncFolderUIDRange for Journal, UIDs: 1 - 1, Heavy: false
7015 [2019-07-09 21:20:52.820] [background] [info] - remote=0, local=0
7015 [2019-07-09 21:20:52.840] [background] [info] syncFolderUIDRange for Trash, UIDs: 1 - 1, Heavy: false
7015 [2019-07-09 21:20:52.880] [background] [info] - remote=0, local=0
7015 [2019-07-09 21:20:52.900] [background] [info] syncFolderUIDRange for Tasks, UIDs: 1 - 1, Heavy: false
7015 [2019-07-09 21:20:52.939] [background] [info] - remote=0, local=0
7015 [2019-07-09 21:20:52.960] [background] [info] syncFolderUIDRange for Sent, UIDs: 1 - 4, Heavy: false
7015 [2019-07-09 21:20:53.060] [background] [info] - remote=3, local=0
7015 [2019-07-09 21:20:53.060] [background] [info] - Fetching full headers for 3 (of 3 needed)
7015 [2019-07-09 21:20:53.152] [background] [info] - Updating message puKfxiwopgbknNgDFC4RujWLZKTV3Q3eeq4oNE8Vw
7015 [2019-07-09 21:20:53.152] [background] [info] -- UID (10 to 3)
7015 [2019-07-09 21:20:53.152] [background] [info] -- FolderID (MiHP2DCLiqFVZ9WCmj2LgE9qvwW2P7HCBZDYHnGo3 to 2Qm14TjgUka6ZyWw6Jbaeb1ZRMyiC5BaYA34r1WUP)
7015 [2019-07-09 21:20:53.158] [background] [info] - Updating message WS52P2Y1QJh25WXNFkJ9M6xdoGi5RtJgyzGaQNqG5
7015 [2019-07-09 21:20:53.158] [background] [info] -- UID (5 to 2)
7015 [2019-07-09 21:20:53.158] [background] [info] -- FolderID (MiHP2DCLiqFVZ9WCmj2LgE9qvwW2P7HCBZDYHnGo3 to 2Qm14TjgUka6ZyWw6Jbaeb1ZRMyiC5BaYA34r1WUP)
7015 [2019-07-09 21:20:53.188] [background] [info] - Updating message g9MUxuwu3Bc7nxYYvNT1pAuft5xcsdDHbxvGNA7QX
7015 [2019-07-09 21:20:53.188] [background] [info] -- FolderID (MiHP2DCLiqFVZ9WCmj2LgE9qvwW2P7HCBZDYHnGo3 to 2Qm14TjgUka6ZyWw6Jbaeb1ZRMyiC5BaYA34r1WUP)
7015 [2019-07-09 21:20:53.219] [background] [info] syncFolderUIDRange for Outbox, UIDs: 1 - 87, Heavy: false
7015 [2019-07-09 21:20:53.277] [background] [info] - remote=0, local=0
7015 [2019-07-09 21:20:53.299] [background] [info] syncFolderUIDRange for Notes, UIDs: 1 - 1, Heavy: false
7015 [2019-07-09 21:20:53.339] [background] [info] - remote=0, local=0
7015 [2019-07-09 21:20:53.359] [background] [info] syncFolderUIDRange for Mailspring/Snoozed, UIDs: 1 - 2, Heavy: false
7015 [2019-07-09 21:20:53.401] [background] [info] - remote=0, local=0
7015 [2019-07-09 21:20:53.421] [background] [info] syncFolderUIDRange for Mailspring, UIDs: 1 - 1, Heavy: false
7015 [2019-07-09 21:20:53.460] [background] [info] - remote=0, local=0
7015 [2019-07-09 21:20:53.480] [background] [info] syncFolderUIDRange for Conversation History, UIDs: 1 - 1, Heavy: false
7015 [2019-07-09 21:20:53.520] [background] [info] - remote=0, local=0
7015 [2019-07-09 21:20:53.540] [background] [info] syncFolderUIDRange for Contacts, UIDs: 1 - 1, Heavy: false
7015 [2019-07-09 21:20:53.580] [background] [info] - remote=0, local=0
7015 [2019-07-09 21:20:53.604] [background] [info] syncFolderUIDRange for Calendar/United States holidays, UIDs: 1 - 194, Heavy: false
7015 [2019-07-09 21:20:53.673] [background] [info] - remote=192, local=192
7015 [2019-07-09 21:20:53.703] [background] [info] syncFolderUIDRange for Calendar/Birthdays, UIDs: 1 - 1, Heavy: false
7015 [2019-07-09 21:20:53.748] [background] [info] - remote=0, local=0
7015 [2019-07-09 21:20:53.768] [background] [info] syncFolderUIDRange for Calendar, UIDs: 1 - 57, Heavy: false
7015 [2019-07-09 21:20:53.859] [background] [info] - remote=1, local=1
7015 [2019-07-09 21:20:53.863] [background] [info] Sync loop deleting unlinked messages with phase 2.
7015 [2019-07-09 21:20:53.865] [background] [info] Sync loop complete.
7015 [2019-07-09 21:22:53.865] [background] [info] Syncing folder list...
7015 [2019-07-09 21:22:53.926] [background] [info] syncFolderUIDRange for INBOX, UIDs: 1 - 722, Heavy: false
7015 [2019-07-09 21:22:53.999] [background] [info] - remote=105, local=105
7015 [2019-07-09 21:22:54.026] [background] [info] syncFolderUIDRange for Sent Items, UIDs: 1 - 186, Heavy: false
7015 [2019-07-09 21:22:54.092] [background] [info] - remote=74, local=39
7015 [2019-07-09 21:22:54.094] [background] [info] - Fetching full headers for 35 (of 35 needed)
7015 [2019-07-09 21:22:54.307] [background] [info] - Updating message mbQAJ2qF6TWBNWAhSsnJu6qFGfs4Cz5gPBe5P6EGk
7015 [2019-07-09 21:22:54.307] [background] [info] -- UID (183 to 180)
7015 [2019-07-09 21:22:54.316] [background] [info] - Updating message WiUV1tc3hLbbcBFjfin7FUy2zxLNN6Za4bKV13dsK
7015 [2019-07-09 21:22:54.316] [background] [info] -- UID (179 to 175)
7015 [2019-07-09 21:22:54.322] [background] [info] - Updating message YYKqaNVFPuUCsPZ8gkTMiSmJiMzAiffNjsBbbqYKZ
7015 [2019-07-09 21:22:54.322] [background] [info] -- UID (174 to 171)
7015 [2019-07-09 21:22:54.327] [background] [info] - Updating message VoiGR6N2qbg66TM8D9sjEMvtM4w9WS5yyy8Y8wCkm
7015 [2019-07-09 21:22:54.327] [background] [info] -- UID (168 to 167)
7015 [2019-07-09 21:22:54.333] [background] [info] - Updating message 4iNijFFCCPzGXjWshhmg3GyiGMz26xnwBDCq5vyMp
7015 [2019-07-09 21:22:54.333] [background] [info] -- UID (166 to 163)
7015 [2019-07-09 21:22:54.341] [background] [info] - Updating message GtXKhKJcjMb9wZccs2tRZ81KmC4erJwtjAV9U3ZTJ
7015 [2019-07-09 21:22:54.341] [background] [info] -- UID (160 to 158)
7015 [2019-07-09 21:22:54.346] [background] [info] - Updating message ZHTXQ9xuqvGE9dM9N39yJN6g6KotunNpTvxiN48CW
7015 [2019-07-09 21:22:54.346] [background] [info] -- UID (157 to 154)
7015 [2019-07-09 21:22:54.353] [background] [info] - Updating message FFJZvbEj8gR2wQJc2wz1DA8F3WmGPyCVVXy7jYxtB
7015 [2019-07-09 21:22:54.353] [background] [info] -- UID (153 to 150)
7015 [2019-07-09 21:22:54.359] [background] [info] - Updating message sEUEAHkhSihBmRKxxXmVepyH1qbHAPXbMFVfCqnCZ
7015 [2019-07-09 21:22:54.359] [background] [info] -- UID (148 to 145)
7015 [2019-07-09 21:22:54.363] [background] [info] - Updating message BWCBc7zh3PV6QZ2tvhkMc4fUBAJBNZKMTCynZgkL7
7015 [2019-07-09 21:22:54.363] [background] [info] -- UID (142 to 140)
7015 [2019-07-09 21:22:54.368] [background] [info] - Updating message g1kdtUSRuEDi2Wguk6HkeheAiDpUfMD2HX6kNL47K
7015 [2019-07-09 21:22:54.368] [background] [info] -- UID (139 to 136)
7015 [2019-07-09 21:22:54.373] [background] [info] - Updating message pXTB7jPiLbWGE2NV3BTMamG1zmiRMvJTitweMyGhE
7015 [2019-07-09 21:22:54.373] [background] [info] -- UID (135 to 132)
7015 [2019-07-09 21:22:54.379] [background] [info] - Updating message KAD4GJhZTLRdYMV1nAcmKncskt6c2CmBwswe91UoR
7015 [2019-07-09 21:22:54.379] [background] [info] -- UID (131 to 128)
7015 [2019-07-09 21:22:54.386] [background] [info] - Updating message UwXJ8bkMUs2ehRZz2SSJp7JDEjQti8atXfxpmhCT9
7015 [2019-07-09 21:22:54.386] [background] [info] -- UID (127 to 124)
7015 [2019-07-09 21:22:54.392] [background] [info] - Updating message TeYBter3zQQdVkW6HqkrppshHV3y1gVtWWcF4rDGK
7015 [2019-07-09 21:22:54.392] [background] [info] -- UID (123 to 120)
7015 [2019-07-09 21:22:54.396] [background] [info] - Updating message Hr782wdaW6qVWLZe34sJ12MyUFjRriAqwmFgYXoKM
7015 [2019-07-09 21:22:54.396] [background] [info] -- UID (119 to 116)
7015 [2019-07-09 21:22:54.401] [background] [info] - Updating message 4rMsaWxdi9RSKkysbiJL5K6Re2Jx6MEafVHtajrBs
7015 [2019-07-09 21:22:54.401] [background] [info] -- UID (115 to 112)
7015 [2019-07-09 21:22:54.405] [background] [info] - Updating message MWMjhgTPksikDj45LcY358hVBuAiQmnwvqfbT7qT5
7015 [2019-07-09 21:22:54.405] [background] [info] -- UID (111 to 108)
7015 [2019-07-09 21:22:54.409] [background] [info] - Updating message mCrAuECLwvsuA2FdDorwKZ7xrEqtACk7WEhz5CMdA
7015 [2019-07-09 21:22:54.409] [background] [info] -- UID (107 to 104)
7015 [2019-07-09 21:22:54.414] [background] [info] - Updating message eLqZa4ajFsj648C82jT1yHysBFHhqPdxsowEpjuex
7015 [2019-07-09 21:22:54.414] [background] [info] -- UID (103 to 100)
7015 [2019-07-09 21:22:54.419] [background] [info] - Updating message d21QwHLyrDdChDVVRQxpf8aEP28Nh7di8PaUPAFSX
7015 [2019-07-09 21:22:54.419] [background] [info] -- UID (99 to 96)
7015 [2019-07-09 21:22:54.423] [background] [info] - Updating message FGJRU1BjHBVqMBXX7ffJPZtLrWiMQ8gGn9hySJ5oW
7015 [2019-07-09 21:22:54.423] [background] [info] -- UID (94 to 91)
7015 [2019-07-09 21:22:54.427] [background] [info] - Updating message LKX39n4nNByxw8DMDnvjBzf27WNtKHd12Yo4BLJb
7015 [2019-07-09 21:22:54.427] [background] [info] -- UID (62 to 59)
7015 [2019-07-09 21:22:54.431] [background] [info] - Updating message hgxQKbSGpEvoY1HCbPNmgfjNwvFoEwWmyJwRKmLnw
7015 [2019-07-09 21:22:54.431] [background] [info] -- UID (58 to 55)
7015 [2019-07-09 21:22:54.436] [background] [info] - Updating message HHgquwCB9JcaXnmUxaeQdWEa15nZHD42YXVdtvYYW
7015 [2019-07-09 21:22:54.436] [background] [info] -- UID (54 to 51)
7015 [2019-07-09 21:22:54.440] [background] [info] - Updating message cRqGEXSbgxVQGvP4XK1aGApbWqVxPeETDjecRV3fV
7015 [2019-07-09 21:22:54.440] [background] [info] -- UID (50 to 47)
7015 [2019-07-09 21:22:54.444] [background] [info] - Updating message 49RthNHKE9p1DCGCgDEnYpFBpkjjEmvL7aH1YmLwV
7015 [2019-07-09 21:22:54.444] [background] [info] -- UID (45 to 44)
7015 [2019-07-09 21:22:54.448] [background] [info] - Updating message SbRb5jFkmhzB2peKe1DLYd16934k8Aeag9LLqU8gU
7015 [2019-07-09 21:22:54.448] [background] [info] -- UID (39 to 35)
7015 [2019-07-09 21:22:54.452] [background] [info] - Updating message 99Z3fYJ4sgCpg6JZupWMZKwkA1stDZ1S2HHT2rSYa
7015 [2019-07-09 21:22:54.452] [background] [info] -- UID (31 to 29)
7015 [2019-07-09 21:22:54.456] [background] [info] - Updating message dkEeo364UCCWtmhxXjyGVe6MY4BXPqigYn7eFWgJB
7015 [2019-07-09 21:22:54.456] [background] [info] -- UID (28 to 24)
7015 [2019-07-09 21:22:54.460] [background] [info] - Updating message kd2pUeY879snw8Uyz2bNNeWQqRgnUzDhM7SjhPvno
7015 [2019-07-09 21:22:54.460] [background] [info] -- UID (23 to 19)
7015 [2019-07-09 21:22:54.464] [background] [info] - Updating message ew8mHJ7z3CDzYwJjtGbxM87GcKerzPNw6JsxPqJJX
7015 [2019-07-09 21:22:54.464] [background] [info] -- UID (18 to 14)
7015 [2019-07-09 21:22:54.468] [background] [info] - Updating message puKfxiwopgbknNgDFC4RujWLZKTV3Q3eeq4oNE8Vw
7015 [2019-07-09 21:22:54.468] [background] [info] -- UID (3 to 10)
7015 [2019-07-09 21:22:54.468] [background] [info] -- FolderID (2Qm14TjgUka6ZyWw6Jbaeb1ZRMyiC5BaYA34r1WUP to MiHP2DCLiqFVZ9WCmj2LgE9qvwW2P7HCBZDYHnGo3)
7015 [2019-07-09 21:22:54.526] [background] [info] - Updating message WS52P2Y1QJh25WXNFkJ9M6xdoGi5RtJgyzGaQNqG5
7015 [2019-07-09 21:22:54.526] [background] [info] -- UID (2 to 5)
7015 [2019-07-09 21:22:54.526] [background] [info] -- FolderID (2Qm14TjgUka6ZyWw6Jbaeb1ZRMyiC5BaYA34r1WUP to MiHP2DCLiqFVZ9WCmj2LgE9qvwW2P7HCBZDYHnGo3)
7015 [2019-07-09 21:22:54.549] [background] [info] - Updating message g9MUxuwu3Bc7nxYYvNT1pAuft5xcsdDHbxvGNA7QX
7015 [2019-07-09 21:22:54.549] [background] [info] -- FolderID (2Qm14TjgUka6ZyWw6Jbaeb1ZRMyiC5BaYA34r1WUP to MiHP2DCLiqFVZ9WCmj2LgE9qvwW2P7HCBZDYHnGo3)
7015 [2019-07-09 21:22:54.575] [background] [info] syncFolderUIDRange for Drafts, UIDs: 1 - 3, Heavy: false
7015 [2019-07-09 21:22:54.619] [background] [info] - remote=0, local=0
7015 [2019-07-09 21:22:54.640] [background] [info] syncFolderUIDRange for Archive, UIDs: 1 - 1, Heavy: false
7015 [2019-07-09 21:22:54.709] [background] [info] - remote=0, local=0
7015 [2019-07-09 21:22:54.733] [background] [info] syncFolderUIDRange for Deleted Items, UIDs: 1 - 12, Heavy: false
7015 [2019-07-09 21:22:54.787] [background] [info] - remote=0, local=0
7015 [2019-07-09 21:22:54.807] [background] [info] syncFolderUIDRange for Junk Email, UIDs: 1 - 1, Heavy: false
7015 [2019-07-09 21:22:54.847] [background] [info] - remote=0, local=0
7015 [2019-07-09 21:22:54.868] [background] [info] syncFolderUIDRange for Journal, UIDs: 1 - 1, Heavy: false
7015 [2019-07-09 21:22:54.920] [background] [info] - remote=0, local=0
7015 [2019-07-09 21:22:54.944] [background] [info] syncFolderUIDRange for Trash, UIDs: 1 - 1, Heavy: false
7015 [2019-07-09 21:22:55.011] [background] [info] - remote=0, local=0
7015 [2019-07-09 21:22:55.040] [background] [info] syncFolderUIDRange for Tasks, UIDs: 1 - 1, Heavy: false
7015 [2019-07-09 21:22:55.080] [background] [info] - remote=0, local=0
7015 [2019-07-09 21:22:55.126] [background] [info] syncFolderUIDRange for Sent, UIDs: 1 - 4, Heavy: false
7015 [2019-07-09 21:22:55.350] [background] [info] - remote=3, local=0
7015 [2019-07-09 21:22:55.350] [background] [info] - Fetching full headers for 3 (of 3 needed)
7015 [2019-07-09 21:22:55.452] [background] [info] - Updating message puKfxiwopgbknNgDFC4RujWLZKTV3Q3eeq4oNE8Vw
7015 [2019-07-09 21:22:55.452] [background] [info] -- UID (10 to 3)
7015 [2019-07-09 21:22:55.452] [background] [info] -- FolderID (MiHP2DCLiqFVZ9WCmj2LgE9qvwW2P7HCBZDYHnGo3 to 2Qm14TjgUka6ZyWw6Jbaeb1ZRMyiC5BaYA34r1WUP)
7015 [2019-07-09 21:22:55.463] [background] [info] - Updating message WS52P2Y1QJh25WXNFkJ9M6xdoGi5RtJgyzGaQNqG5
7015 [2019-07-09 21:22:55.463] [background] [info] -- UID (5 to 2)
7015 [2019-07-09 21:22:55.463] [background] [info] -- FolderID (MiHP2DCLiqFVZ9WCmj2LgE9qvwW2P7HCBZDYHnGo3 to 2Qm14TjgUka6ZyWw6Jbaeb1ZRMyiC5BaYA34r1WUP)
7015 [2019-07-09 21:22:55.471] [background] [info] - Updating message g9MUxuwu3Bc7nxYYvNT1pAuft5xcsdDHbxvGNA7QX
7015 [2019-07-09 21:22:55.471] [background] [info] -- FolderID (MiHP2DCLiqFVZ9WCmj2LgE9qvwW2P7HCBZDYHnGo3 to 2Qm14TjgUka6ZyWw6Jbaeb1ZRMyiC5BaYA34r1WUP)
7015 [2019-07-09 21:22:55.493] [background] [info] syncFolderUIDRange for Outbox, UIDs: 1 - 87, Heavy: false
7015 [2019-07-09 21:22:55.539] [background] [info] - remote=0, local=0
7015 [2019-07-09 21:22:55.562] [background] [info] syncFolderUIDRange for Notes, UIDs: 1 - 1, Heavy: false
7015 [2019-07-09 21:22:55.604] [background] [info] - remote=0, local=0
7015 [2019-07-09 21:22:55.626] [background] [info] syncFolderUIDRange for Mailspring/Snoozed, UIDs: 1 - 2, Heavy: false
7015 [2019-07-09 21:22:55.667] [background] [info] - remote=0, local=0
7015 [2019-07-09 21:22:55.689] [background] [info] syncFolderUIDRange for Mailspring, UIDs: 1 - 1, Heavy: false
7015 [2019-07-09 21:22:55.731] [background] [info] - remote=0, local=0
7015 [2019-07-09 21:22:55.753] [background] [info] syncFolderUIDRange for Conversation History, UIDs: 1 - 1, Heavy: false
7015 [2019-07-09 21:22:55.793] [background] [info] - remote=0, local=0
7015 [2019-07-09 21:22:55.814] [background] [info] syncFolderUIDRange for Contacts, UIDs: 1 - 1, Heavy: false
7015 [2019-07-09 21:22:55.858] [background] [info] - remote=0, local=0
7015 [2019-07-09 21:22:55.887] [background] [info] syncFolderUIDRange for Calendar/United States holidays, UIDs: 1 - 194, Heavy: false
7015 [2019-07-09 21:22:55.957] [background] [info] - remote=192, local=192
7015 [2019-07-09 21:22:55.979] [background] [info] syncFolderUIDRange for Calendar/Birthdays, UIDs: 1 - 1, Heavy: false
7015 [2019-07-09 21:22:56.019] [background] [info] - remote=0, local=0
7015 [2019-07-09 21:22:56.041] [background] [info] syncFolderUIDRange for Calendar, UIDs: 1 - 57, Heavy: false
7015 [2019-07-09 21:22:56.134] [background] [info] - remote=1, local=1
7015 [2019-07-09 21:22:56.136] [background] [info] Sync loop deleting unlinked messages with phase 1.
7015 [2019-07-09 21:22:56.136] [background] [info] Sync loop complete.
7015 [2019-07-09 21:24:56.137] [background] [info] Syncing folder list...
7015 [2019-07-09 21:24:56.197] [background] [info] syncFolderUIDRange for INBOX, UIDs: 1 - 722, Heavy: false
7015 [2019-07-09 21:24:56.260] [background] [info] - remote=105, local=105
7015 [2019-07-09 21:24:56.283] [background] [info] syncFolderUIDRange for Sent Items, UIDs: 1 - 186, Heavy: false
7015 [2019-07-09 21:24:56.340] [background] [info] - remote=74, local=39
7015 [2019-07-09 21:24:56.341] [background] [info] - Fetching full headers for 35 (of 35 needed)
7015 [2019-07-09 21:24:56.511] [background] [info] - Updating message mbQAJ2qF6TWBNWAhSsnJu6qFGfs4Cz5gPBe5P6EGk
7015 [2019-07-09 21:24:56.511] [background] [info] -- UID (180 to 183)
7015 [2019-07-09 21:24:56.524] [background] [info] - Updating message WiUV1tc3hLbbcBFjfin7FUy2zxLNN6Za4bKV13dsK
7015 [2019-07-09 21:24:56.524] [background] [info] -- UID (175 to 179)
7015 [2019-07-09 21:24:56.531] [background] [info] - Updating message YYKqaNVFPuUCsPZ8gkTMiSmJiMzAiffNjsBbbqYKZ
7015 [2019-07-09 21:24:56.531] [background] [info] -- UID (171 to 174)
7015 [2019-07-09 21:24:56.537] [background] [info] - Updating message VoiGR6N2qbg66TM8D9sjEMvtM4w9WS5yyy8Y8wCkm
7015 [2019-07-09 21:24:56.537] [background] [info] -- UID (167 to 168)
7015 [2019-07-09 21:24:56.543] [background] [info] - Updating message 4iNijFFCCPzGXjWshhmg3GyiGMz26xnwBDCq5vyMp
7015 [2019-07-09 21:24:56.543] [background] [info] -- UID (163 to 166)
7015 [2019-07-09 21:24:56.546] [background] [info] - Updating message GtXKhKJcjMb9wZccs2tRZ81KmC4erJwtjAV9U3ZTJ
7015 [2019-07-09 21:24:56.547] [background] [info] -- UID (158 to 160)
7015 [2019-07-09 21:24:56.551] [background] [info] - Updating message ZHTXQ9xuqvGE9dM9N39yJN6g6KotunNpTvxiN48CW
7015 [2019-07-09 21:24:56.551] [background] [info] -- UID (154 to 157)
7015 [2019-07-09 21:24:56.559] [background] [info] - Updating message FFJZvbEj8gR2wQJc2wz1DA8F3WmGPyCVVXy7jYxtB
7015 [2019-07-09 21:24:56.559] [background] [info] -- UID (150 to 153)
7015 [2019-07-09 21:24:56.564] [background] [info] - Updating message sEUEAHkhSihBmRKxxXmVepyH1qbHAPXbMFVfCqnCZ
7015 [2019-07-09 21:24:56.564] [background] [info] -- UID (145 to 148)
7015 [2019-07-09 21:24:56.571] [background] [info] - Updating message BWCBc7zh3PV6QZ2tvhkMc4fUBAJBNZKMTCynZgkL7
7015 [2019-07-09 21:24:56.571] [background] [info] -- UID (140 to 142)
7015 [2019-07-09 21:24:56.577] [background] [info] - Updating message g1kdtUSRuEDi2Wguk6HkeheAiDpUfMD2HX6kNL47K
7015 [2019-07-09 21:24:56.577] [background] [info] -- UID (136 to 139)
7015 [2019-07-09 21:24:56.581] [background] [info] - Updating message pXTB7jPiLbWGE2NV3BTMamG1zmiRMvJTitweMyGhE
7015 [2019-07-09 21:24:56.581] [background] [info] -- UID (132 to 135)
7015 [2019-07-09 21:24:56.587] [background] [info] - Updating message KAD4GJhZTLRdYMV1nAcmKncskt6c2CmBwswe91UoR
7015 [2019-07-09 21:24:56.587] [background] [info] -- UID (128 to 131)
7015 [2019-07-09 21:24:56.592] [background] [info] - Updating message UwXJ8bkMUs2ehRZz2SSJp7JDEjQti8atXfxpmhCT9
7015 [2019-07-09 21:24:56.592] [background] [info] -- UID (124 to 127)
7015 [2019-07-09 21:24:56.596] [background] [info] - Updating message TeYBter3zQQdVkW6HqkrppshHV3y1gVtWWcF4rDGK
7015 [2019-07-09 21:24:56.596] [background] [info] -- UID (120 to 123)
7015 [2019-07-09 21:24:56.600] [background] [info] - Updating message Hr782wdaW6qVWLZe34sJ12MyUFjRriAqwmFgYXoKM
7015 [2019-07-09 21:24:56.600] [background] [info] -- UID (116 to 119)
7015 [2019-07-09 21:24:56.604] [background] [info] - Updating message 4rMsaWxdi9RSKkysbiJL5K6Re2Jx6MEafVHtajrBs
7015 [2019-07-09 21:24:56.604] [background] [info] -- UID (112 to 115)
7015 [2019-07-09 21:24:56.608] [background] [info] - Updating message MWMjhgTPksikDj45LcY358hVBuAiQmnwvqfbT7qT5
7015 [2019-07-09 21:24:56.608] [background] [info] -- UID (108 to 111)
7015 [2019-07-09 21:24:56.612] [background] [info] - Updating message mCrAuECLwvsuA2FdDorwKZ7xrEqtACk7WEhz5CMdA
7015 [2019-07-09 21:24:56.612] [background] [info] -- UID (104 to 107)
7015 [2019-07-09 21:24:56.616] [background] [info] - Updating message eLqZa4ajFsj648C82jT1yHysBFHhqPdxsowEpjuex
7015 [2019-07-09 21:24:56.616] [background] [info] -- UID (100 to 103)
7015 [2019-07-09 21:24:56.619] [background] [info] - Updating message d21QwHLyrDdChDVVRQxpf8aEP28Nh7di8PaUPAFSX
7015 [2019-07-09 21:24:56.619] [background] [info] -- UID (96 to 99)
7015 [2019-07-09 21:24:56.623] [background] [info] - Updating message FGJRU1BjHBVqMBXX7ffJPZtLrWiMQ8gGn9hySJ5oW
7015 [2019-07-09 21:24:56.623] [background] [info] -- UID (91 to 94)
7015 [2019-07-09 21:24:56.627] [background] [info] - Updating message LKX39n4nNByxw8DMDnvjBzf27WNtKHd12Yo4BLJb
7015 [2019-07-09 21:24:56.627] [background] [info] -- UID (59 to 62)
7015 [2019-07-09 21:24:56.631] [background] [info] - Updating message hgxQKbSGpEvoY1HCbPNmgfjNwvFoEwWmyJwRKmLnw
7015 [2019-07-09 21:24:56.631] [background] [info] -- UID (55 to 58)
7015 [2019-07-09 21:24:56.634] [background] [info] - Updating message HHgquwCB9JcaXnmUxaeQdWEa15nZHD42YXVdtvYYW
7015 [2019-07-09 21:24:56.634] [background] [info] -- UID (51 to 54)
7015 [2019-07-09 21:24:56.638] [background] [info] - Updating message cRqGEXSbgxVQGvP4XK1aGApbWqVxPeETDjecRV3fV
7015 [2019-07-09 21:24:56.638] [background] [info] -- UID (47 to 50)
7015 [2019-07-09 21:24:56.642] [background] [info] - Updating message 49RthNHKE9p1DCGCgDEnYpFBpkjjEmvL7aH1YmLwV
7015 [2019-07-09 21:24:56.642] [background] [info] -- UID (44 to 45)
7015 [2019-07-09 21:24:56.645] [background] [info] - Updating message SbRb5jFkmhzB2peKe1DLYd16934k8Aeag9LLqU8gU
7015 [2019-07-09 21:24:56.645] [background] [info] -- UID (35 to 39)
7015 [2019-07-09 21:24:56.649] [background] [info] - Updating message 99Z3fYJ4sgCpg6JZupWMZKwkA1stDZ1S2HHT2rSYa
7015 [2019-07-09 21:24:56.649] [background] [info] -- UID (29 to 31)
7015 [2019-07-09 21:24:56.652] [background] [info] - Updating message dkEeo364UCCWtmhxXjyGVe6MY4BXPqigYn7eFWgJB
7015 [2019-07-09 21:24:56.652] [background] [info] -- UID (24 to 28)
7015 [2019-07-09 21:24:56.655] [background] [info] - Updating message kd2pUeY879snw8Uyz2bNNeWQqRgnUzDhM7SjhPvno
7015 [2019-07-09 21:24:56.655] [background] [info] -- UID (19 to 23)
7015 [2019-07-09 21:24:56.659] [background] [info] - Updating message ew8mHJ7z3CDzYwJjtGbxM87GcKerzPNw6JsxPqJJX
7015 [2019-07-09 21:24:56.659] [background] [info] -- UID (14 to 18)
7015 [2019-07-09 21:24:56.662] [background] [info] - Updating message puKfxiwopgbknNgDFC4RujWLZKTV3Q3eeq4oNE8Vw
7015 [2019-07-09 21:24:56.662] [background] [info] -- UID (3 to 10)
7015 [2019-07-09 21:24:56.662] [background] [info] -- FolderID (2Qm14TjgUka6ZyWw6Jbaeb1ZRMyiC5BaYA34r1WUP to MiHP2DCLiqFVZ9WCmj2LgE9qvwW2P7HCBZDYHnGo3)
7015 [2019-07-09 21:24:56.666] [background] [info] - Updating message WS52P2Y1QJh25WXNFkJ9M6xdoGi5RtJgyzGaQNqG5
7015 [2019-07-09 21:24:56.666] [background] [info] -- UID (2 to 5)
7015 [2019-07-09 21:24:56.666] [background] [info] -- FolderID (2Qm14TjgUka6ZyWw6Jbaeb1ZRMyiC5BaYA34r1WUP to MiHP2DCLiqFVZ9WCmj2LgE9qvwW2P7HCBZDYHnGo3)
7015 [2019-07-09 21:24:56.670] [background] [info] - Updating message g9MUxuwu3Bc7nxYYvNT1pAuft5xcsdDHbxvGNA7QX
7015 [2019-07-09 21:24:56.670] [background] [info] -- FolderID (2Qm14TjgUka6ZyWw6Jbaeb1ZRMyiC5BaYA34r1WUP to MiHP2DCLiqFVZ9WCmj2LgE9qvwW2P7HCBZDYHnGo3)
7015 [2019-07-09 21:24:56.695] [background] [info] syncFolderUIDRange for Drafts, UIDs: 1 - 3, Heavy: false
7015 [2019-07-09 21:24:56.734] [background] [info] - remote=0, local=0
7015 [2019-07-09 21:24:56.756] [background] [info] syncFolderUIDRange for Archive, UIDs: 1 - 1, Heavy: false
7015 [2019-07-09 21:24:56.803] [background] [info] - remote=0, local=0
7015 [2019-07-09 21:24:56.825] [background] [info] syncFolderUIDRange for Deleted Items, UIDs: 1 - 12, Heavy: false
7015 [2019-07-09 21:24:56.865] [background] [info] - remote=0, local=0
7015 [2019-07-09 21:24:56.886] [background] [info] syncFolderUIDRange for Junk Email, UIDs: 1 - 1, Heavy: false
7015 [2019-07-09 21:24:56.927] [background] [info] - remote=0, local=0
7015 [2019-07-09 21:24:56.950] [background] [info] syncFolderUIDRange for Journal, UIDs: 1 - 1, Heavy: false
7015 [2019-07-09 21:24:56.998] [background] [info] - remote=0, local=0
7015 [2019-07-09 21:24:57.030] [background] [info] syncFolderUIDRange for Trash, UIDs: 1 - 1, Heavy: false
7015 [2019-07-09 21:24:57.072] [background] [info] - remote=0, local=0
7015 [2019-07-09 21:24:57.096] [background] [info] syncFolderUIDRange for Tasks, UIDs: 1 - 1, Heavy: false
7015 [2019-07-09 21:24:57.139] [background] [info] - remote=0, local=0
7015 [2019-07-09 21:24:57.164] [background] [info] syncFolderUIDRange for Sent, UIDs: 1 - 4, Heavy: false
7015 [2019-07-09 21:24:57.262] [background] [info] - remote=3, local=0
7015 [2019-07-09 21:24:57.262] [background] [info] - Fetching full headers for 3 (of 3 needed)
7015 [2019-07-09 21:24:57.349] [background] [info] - Updating message puKfxiwopgbknNgDFC4RujWLZKTV3Q3eeq4oNE8Vw
7015 [2019-07-09 21:24:57.349] [background] [info] -- UID (10 to 3)
7015 [2019-07-09 21:24:57.349] [background] [info] -- FolderID (MiHP2DCLiqFVZ9WCmj2LgE9qvwW2P7HCBZDYHnGo3 to 2Qm14TjgUka6ZyWw6Jbaeb1ZRMyiC5BaYA34r1WUP)
7015 [2019-07-09 21:24:57.355] [background] [info] - Updating message WS52P2Y1QJh25WXNFkJ9M6xdoGi5RtJgyzGaQNqG5
7015 [2019-07-09 21:24:57.355] [background] [info] -- UID (5 to 2)
7015 [2019-07-09 21:24:57.355] [background] [info] -- FolderID (MiHP2DCLiqFVZ9WCmj2LgE9qvwW2P7HCBZDYHnGo3 to 2Qm14TjgUka6ZyWw6Jbaeb1ZRMyiC5BaYA34r1WUP)
7015 [2019-07-09 21:24:57.377] [background] [info] - Updating message g9MUxuwu3Bc7nxYYvNT1pAuft5xcsdDHbxvGNA7QX
7015 [2019-07-09 21:24:57.377] [background] [info] -- FolderID (MiHP2DCLiqFVZ9WCmj2LgE9qvwW2P7HCBZDYHnGo3 to 2Qm14TjgUka6ZyWw6Jbaeb1ZRMyiC5BaYA34r1WUP)
7015 [2019-07-09 21:24:57.407] [background] [info] syncFolderUIDRange for Outbox, UIDs: 1 - 87, Heavy: false
7015 [2019-07-09 21:24:57.450] [background] [info] - remote=0, local=0
7015 [2019-07-09 21:24:57.476] [background] [info] syncFolderUIDRange for Notes, UIDs: 1 - 1, Heavy: false
7015 [2019-07-09 21:24:57.517] [background] [info] - remote=0, local=0
7015 [2019-07-09 21:24:57.541] [background] [info] syncFolderUIDRange for Mailspring/Snoozed, UIDs: 1 - 2, Heavy: false
7015 [2019-07-09 21:24:57.584] [background] [info] - remote=0, local=0
7015 [2019-07-09 21:24:57.606] [background] [info] syncFolderUIDRange for Mailspring, UIDs: 1 - 1, Heavy: false
7015 [2019-07-09 21:24:57.652] [background] [info] - remote=0, local=0
7015 [2019-07-09 21:24:57.674] [background] [info] syncFolderUIDRange for Conversation History, UIDs: 1 - 1, Heavy: false
7015 [2019-07-09 21:24:57.718] [background] [info] - remote=0, local=0
7015 [2019-07-09 21:24:57.742] [background] [info] syncFolderUIDRange for Contacts, UIDs: 1 - 1, Heavy: false
7015 [2019-07-09 21:24:57.786] [background] [info] - remote=0, local=0
7015 [2019-07-09 21:24:57.816] [background] [info] syncFolderUIDRange for Calendar/United States holidays, UIDs: 1 - 194, Heavy: false
7015 [2019-07-09 21:24:57.877] [background] [info] - remote=192, local=192
7015 [2019-07-09 21:24:57.901] [background] [info] syncFolderUIDRange for Calendar/Birthdays, UIDs: 1 - 1, Heavy: false
7015 [2019-07-09 21:24:57.944] [background] [info] - remote=0, local=0
7015 [2019-07-09 21:24:57.965] [background] [info] syncFolderUIDRange for Calendar, UIDs: 1 - 57, Heavy: false
7015 [2019-07-09 21:24:58.059] [background] [info] - remote=1, local=1
7015 [2019-07-09 21:24:58.060] [background] [info] Sync loop deleting unlinked messages with phase 2.
7015 [2019-07-09 21:24:58.060] [background] [info] Sync loop complete.
7015 [2019-07-09 21:26:58.061] [background] [info] Syncing folder list...
7015 [2019-07-09 21:26:58.119] [background] [info] syncFolderUIDRange for INBOX, UIDs: 1 - 722, Heavy: false
7015 [2019-07-09 21:26:58.178] [background] [info] - remote=105, local=105
7015 [2019-07-09 21:26:58.205] [background] [info] syncFolderUIDRange for Sent Items, UIDs: 1 - 186, Heavy: false
7015 [2019-07-09 21:26:58.261] [background] [info] - remote=74, local=39
7015 [2019-07-09 21:26:58.262] [background] [info] - Fetching full headers for 35 (of 35 needed)
7015 [2019-07-09 21:26:58.458] [background] [info] - Updating message mbQAJ2qF6TWBNWAhSsnJu6qFGfs4Cz5gPBe5P6EGk
7015 [2019-07-09 21:26:58.458] [background] [info] -- UID (183 to 180)
7015 [2019-07-09 21:26:58.469] [background] [info] - Updating message WiUV1tc3hLbbcBFjfin7FUy2zxLNN6Za4bKV13dsK
7015 [2019-07-09 21:26:58.469] [background] [info] -- UID (179 to 175)
7015 [2019-07-09 21:26:58.476] [background] [info] - Updating message YYKqaNVFPuUCsPZ8gkTMiSmJiMzAiffNjsBbbqYKZ
7015 [2019-07-09 21:26:58.476] [background] [info] -- UID (174 to 171)
7015 [2019-07-09 21:26:58.481] [background] [info] - Updating message VoiGR6N2qbg66TM8D9sjEMvtM4w9WS5yyy8Y8wCkm
7015 [2019-07-09 21:26:58.481] [background] [info] -- UID (168 to 167)
7015 [2019-07-09 21:26:58.487] [background] [info] - Updating message 4iNijFFCCPzGXjWshhmg3GyiGMz26xnwBDCq5vyMp
7015 [2019-07-09 21:26:58.487] [background] [info] -- UID (166 to 163)
7015 [2019-07-09 21:26:58.491] [background] [info] - Updating message GtXKhKJcjMb9wZccs2tRZ81KmC4erJwtjAV9U3ZTJ
7015 [2019-07-09 21:26:58.491] [background] [info] -- UID (160 to 158)
7015 [2019-07-09 21:26:58.495] [background] [info] - Updating message ZHTXQ9xuqvGE9dM9N39yJN6g6KotunNpTvxiN48CW
7015 [2019-07-09 21:26:58.495] [background] [info] -- UID (157 to 154)
7015 [2019-07-09 21:26:58.501] [background] [info] - Updating message FFJZvbEj8gR2wQJc2wz1DA8F3WmGPyCVVXy7jYxtB
7015 [2019-07-09 21:26:58.501] [background] [info] -- UID (153 to 150)
7015 [2019-07-09 21:26:58.505] [background] [info] - Updating message sEUEAHkhSihBmRKxxXmVepyH1qbHAPXbMFVfCqnCZ
7015 [2019-07-09 21:26:58.505] [background] [info] -- UID (148 to 145)
7015 [2019-07-09 21:26:58.509] [background] [info] - Updating message BWCBc7zh3PV6QZ2tvhkMc4fUBAJBNZKMTCynZgkL7
7015 [2019-07-09 21:26:58.509] [background] [info] -- UID (142 to 140)
7015 [2019-07-09 21:26:58.512] [background] [info] - Updating message g1kdtUSRuEDi2Wguk6HkeheAiDpUfMD2HX6kNL47K
7015 [2019-07-09 21:26:58.512] [background] [info] -- UID (139 to 136)
7015 [2019-07-09 21:26:58.516] [background] [info] - Updating message pXTB7jPiLbWGE2NV3BTMamG1zmiRMvJTitweMyGhE
7015 [2019-07-09 21:26:58.516] [background] [info] -- UID (135 to 132)
7015 [2019-07-09 21:26:58.521] [background] [info] - Updating message KAD4GJhZTLRdYMV1nAcmKncskt6c2CmBwswe91UoR
7015 [2019-07-09 21:26:58.521] [background] [info] -- UID (131 to 128)
7015 [2019-07-09 21:26:58.525] [background] [info] - Updating message UwXJ8bkMUs2ehRZz2SSJp7JDEjQti8atXfxpmhCT9
7015 [2019-07-09 21:26:58.525] [background] [info] -- UID (127 to 124)
7015 [2019-07-09 21:26:58.529] [background] [info] - Updating message TeYBter3zQQdVkW6HqkrppshHV3y1gVtWWcF4rDGK
7015 [2019-07-09 21:26:58.529] [background] [info] -- UID (123 to 120)
7015 [2019-07-09 21:26:58.532] [background] [info] - Updating message Hr782wdaW6qVWLZe34sJ12MyUFjRriAqwmFgYXoKM
7015 [2019-07-09 21:26:58.532] [background] [info] -- UID (119 to 116)
7015 [2019-07-09 21:26:58.536] [background] [info] - Updating message 4rMsaWxdi9RSKkysbiJL5K6Re2Jx6MEafVHtajrBs
7015 [2019-07-09 21:26:58.536] [background] [info] -- UID (115 to 112)
7015 [2019-07-09 21:26:58.540] [background] [info] - Updating message MWMjhgTPksikDj45LcY358hVBuAiQmnwvqfbT7qT5
7015 [2019-07-09 21:26:58.540] [background] [info] -- UID (111 to 108)
7015 [2019-07-09 21:26:58.544] [background] [info] - Updating message mCrAuECLwvsuA2FdDorwKZ7xrEqtACk7WEhz5CMdA
7015 [2019-07-09 21:26:58.544] [background] [info] -- UID (107 to 104)
7015 [2019-07-09 21:26:58.548] [background] [info] - Updating message eLqZa4ajFsj648C82jT1yHysBFHhqPdxsowEpjuex
7015 [2019-07-09 21:26:58.548] [background] [info] -- UID (103 to 100)
7015 [2019-07-09 21:26:58.552] [background] [info] - Updating message d21QwHLyrDdChDVVRQxpf8aEP28Nh7di8PaUPAFSX
7015 [2019-07-09 21:26:58.552] [background] [info] -- UID (99 to 96)
7015 [2019-07-09 21:26:58.556] [background] [info] - Updating message FGJRU1BjHBVqMBXX7ffJPZtLrWiMQ8gGn9hySJ5oW
7015 [2019-07-09 21:26:58.556] [background] [info] -- UID (94 to 91)
7015 [2019-07-09 21:26:58.560] [background] [info] - Updating message LKX39n4nNByxw8DMDnvjBzf27WNtKHd12Yo4BLJb
7015 [2019-07-09 21:26:58.560] [background] [info] -- UID (62 to 59)
7015 [2019-07-09 21:26:58.563] [background] [info] - Updating message hgxQKbSGpEvoY1HCbPNmgfjNwvFoEwWmyJwRKmLnw
7015 [2019-07-09 21:26:58.563] [background] [info] -- UID (58 to 55)
7015 [2019-07-09 21:26:58.567] [background] [info] - Updating message HHgquwCB9JcaXnmUxaeQdWEa15nZHD42YXVdtvYYW
7015 [2019-07-09 21:26:58.567] [background] [info] -- UID (54 to 51)
7015 [2019-07-09 21:26:58.571] [background] [info] - Updating message cRqGEXSbgxVQGvP4XK1aGApbWqVxPeETDjecRV3fV
7015 [2019-07-09 21:26:58.571] [background] [info] -- UID (50 to 47)
7015 [2019-07-09 21:26:58.574] [background] [info] - Updating message 49RthNHKE9p1DCGCgDEnYpFBpkjjEmvL7aH1YmLwV
7015 [2019-07-09 21:26:58.574] [background] [info] -- UID (45 to 44)
7015 [2019-07-09 21:26:58.578] [background] [info] - Updating message SbRb5jFkmhzB2peKe1DLYd16934k8Aeag9LLqU8gU
7015 [2019-07-09 21:26:58.578] [background] [info] -- UID (39 to 35)
7015 [2019-07-09 21:26:58.581] [background] [info] - Updating message 99Z3fYJ4sgCpg6JZupWMZKwkA1stDZ1S2HHT2rSYa
7015 [2019-07-09 21:26:58.581] [background] [info] -- UID (31 to 29)
7015 [2019-07-09 21:26:58.585] [background] [info] - Updating message dkEeo364UCCWtmhxXjyGVe6MY4BXPqigYn7eFWgJB
7015 [2019-07-09 21:26:58.585] [background] [info] -- UID (28 to 24)
7015 [2019-07-09 21:26:58.588] [background] [info] - Updating message kd2pUeY879snw8Uyz2bNNeWQqRgnUzDhM7SjhPvno
7015 [2019-07-09 21:26:58.588] [background] [info] -- UID (23 to 19)
7015 [2019-07-09 21:26:58.592] [background] [info] - Updating message ew8mHJ7z3CDzYwJjtGbxM87GcKerzPNw6JsxPqJJX
7015 [2019-07-09 21:26:58.592] [background] [info] -- UID (18 to 14)
7015 [2019-07-09 21:26:58.595] [background] [info] - Updating message puKfxiwopgbknNgDFC4RujWLZKTV3Q3eeq4oNE8Vw
7015 [2019-07-09 21:26:58.595] [background] [info] -- UID (3 to 10)
7015 [2019-07-09 21:26:58.595] [background] [info] -- FolderID (2Qm14TjgUka6ZyWw6Jbaeb1ZRMyiC5BaYA34r1WUP to MiHP2DCLiqFVZ9WCmj2LgE9qvwW2P7HCBZDYHnGo3)
7015 [2019-07-09 21:26:58.600] [background] [info] - Updating message WS52P2Y1QJh25WXNFkJ9M6xdoGi5RtJgyzGaQNqG5
7015 [2019-07-09 21:26:58.600] [background] [info] -- UID (2 to 5)
7015 [2019-07-09 21:26:58.600] [background] [info] -- FolderID (2Qm14TjgUka6ZyWw6Jbaeb1ZRMyiC5BaYA34r1WUP to MiHP2DCLiqFVZ9WCmj2LgE9qvwW2P7HCBZDYHnGo3)
7015 [2019-07-09 21:26:58.603] [background] [info] - Updating message g9MUxuwu3Bc7nxYYvNT1pAuft5xcsdDHbxvGNA7QX
7015 [2019-07-09 21:26:58.603] [background] [info] -- FolderID (2Qm14TjgUka6ZyWw6Jbaeb1ZRMyiC5BaYA34r1WUP to MiHP2DCLiqFVZ9WCmj2LgE9qvwW2P7HCBZDYHnGo3)
7015 [2019-07-09 21:26:58.626] [background] [info] syncFolderUIDRange for Drafts, UIDs: 1 - 3, Heavy: false
7015 [2019-07-09 21:26:58.664] [background] [info] - remote=0, local=0
7015 [2019-07-09 21:26:58.686] [background] [info] syncFolderUIDRange for Archive, UIDs: 1 - 1, Heavy: false
7015 [2019-07-09 21:26:58.729] [background] [info] - remote=0, local=0
7015 [2019-07-09 21:26:58.750] [background] [info] syncFolderUIDRange for Deleted Items, UIDs: 1 - 12, Heavy: false
7015 [2019-07-09 21:26:58.789] [background] [info] - remote=0, local=0
7015 [2019-07-09 21:26:58.809] [background] [info] syncFolderUIDRange for Junk Email, UIDs: 1 - 1, Heavy: false
7015 [2019-07-09 21:26:58.849] [background] [info] - remote=0, local=0
7015 [2019-07-09 21:26:58.870] [background] [info] syncFolderUIDRange for Journal, UIDs: 1 - 1, Heavy: false
7015 [2019-07-09 21:26:58.928] [background] [info] - remote=0, local=0
7015 [2019-07-09 21:26:58.959] [background] [info] syncFolderUIDRange for Trash, UIDs: 1 - 1, Heavy: false
7015 [2019-07-09 21:26:58.999] [background] [info] - remote=0, local=0
7015 [2019-07-09 21:26:59.021] [background] [info] syncFolderUIDRange for Tasks, UIDs: 1 - 1, Heavy: false
7015 [2019-07-09 21:26:59.060] [background] [info] - remote=0, local=0
7015 [2019-07-09 21:26:59.084] [background] [info] syncFolderUIDRange for Sent, UIDs: 1 - 4, Heavy: false
7015 [2019-07-09 21:26:59.182] [background] [info] - remote=3, local=0
7015 [2019-07-09 21:26:59.183] [background] [info] - Fetching full headers for 3 (of 3 needed)
7015 [2019-07-09 21:26:59.269] [background] [info] - Updating message puKfxiwopgbknNgDFC4RujWLZKTV3Q3eeq4oNE8Vw
7015 [2019-07-09 21:26:59.269] [background] [info] -- UID (10 to 3)
7015 [2019-07-09 21:26:59.269] [background] [info] -- FolderID (MiHP2DCLiqFVZ9WCmj2LgE9qvwW2P7HCBZDYHnGo3 to 2Qm14TjgUka6ZyWw6Jbaeb1ZRMyiC5BaYA34r1WUP)
7015 [2019-07-09 21:26:59.278] [background] [info] - Updating message WS52P2Y1QJh25WXNFkJ9M6xdoGi5RtJgyzGaQNqG5
7015 [2019-07-09 21:26:59.278] [background] [info] -- UID (5 to 2)
7015 [2019-07-09 21:26:59.278] [background] [info] -- FolderID (MiHP2DCLiqFVZ9WCmj2LgE9qvwW2P7HCBZDYHnGo3 to 2Qm14TjgUka6ZyWw6Jbaeb1ZRMyiC5BaYA34r1WUP)
7015 [2019-07-09 21:26:59.284] [background] [info] - Updating message g9MUxuwu3Bc7nxYYvNT1pAuft5xcsdDHbxvGNA7QX
7015 [2019-07-09 21:26:59.284] [background] [info] -- FolderID (MiHP2DCLiqFVZ9WCmj2LgE9qvwW2P7HCBZDYHnGo3 to 2Qm14TjgUka6ZyWw6Jbaeb1ZRMyiC5BaYA34r1WUP)
7015 [2019-07-09 21:26:59.306] [background] [info] syncFolderUIDRange for Outbox, UIDs: 1 - 87, Heavy: false
7015 [2019-07-09 21:26:59.344] [background] [info] - remote=0, local=0
7015 [2019-07-09 21:26:59.364] [background] [info] syncFolderUIDRange for Notes, UIDs: 1 - 1, Heavy: false
7015 [2019-07-09 21:26:59.403] [background] [info] - remote=0, local=0
7015 [2019-07-09 21:26:59.430] [background] [info] syncFolderUIDRange for Mailspring/Snoozed, UIDs: 1 - 2, Heavy: false
7015 [2019-07-09 21:26:59.470] [background] [info] - remote=0, local=0
7015 [2019-07-09 21:26:59.493] [background] [info] syncFolderUIDRange for Mailspring, UIDs: 1 - 1, Heavy: false
7015 [2019-07-09 21:26:59.541] [background] [info] - remote=0, local=0
7015 [2019-07-09 21:26:59.563] [background] [info] syncFolderUIDRange for Conversation History, UIDs: 1 - 1, Heavy: false
7015 [2019-07-09 21:26:59.603] [background] [info] - remote=0, local=0
7015 [2019-07-09 21:26:59.625] [background] [info] syncFolderUIDRange for Contacts, UIDs: 1 - 1, Heavy: false
7015 [2019-07-09 21:26:59.673] [background] [info] - remote=0, local=0
7015 [2019-07-09 21:26:59.695] [background] [info] syncFolderUIDRange for Calendar/United States holidays, UIDs: 1 - 194, Heavy: false
7015 [2019-07-09 21:26:59.784] [background] [info] - remote=192, local=192
7015 [2019-07-09 21:26:59.814] [background] [info] syncFolderUIDRange for Calendar/Birthdays, UIDs: 1 - 1, Heavy: false
7015 [2019-07-09 21:26:59.858] [background] [info] - remote=0, local=0
7015 [2019-07-09 21:26:59.880] [background] [info] syncFolderUIDRange for Calendar, UIDs: 1 - 57, Heavy: false
7015 [2019-07-09 21:26:59.972] [background] [info] - remote=1, local=1
7015 [2019-07-09 21:26:59.976] [background] [info] Sync loop deleting unlinked messages with phase 1.
7015 [2019-07-09 21:26:59.977] [background] [info] Sync loop complete.
